This is pdfTeX, Version 3.1415926-1.40.11 (TeX Live 2010) (format=latex 2011.2.17)  21 AUG 2011 06:22
entering extended mode
 restricted \write18 enabled.
 %&-line parsing enabled.
**barcode_notes
(./barcode_notes.tex
LaTeX2e <2009/09/24>
Babel <v3.8l> and hyphenation patterns for english, dumylang, nohyphenation, ge
rman-x-2009-06-19, ngerman-x-2009-06-19, afrikaans, ancientgreek, ibycus, arabi
c, armenian, basque, bulgarian, catalan, pinyin, coptic, croatian, czech, danis
h, dutch, esperanto, estonian, ethiopic, farsi, finnish, french, galician, germ
an, ngerman, swissgerman, monogreek, greek, hungarian, icelandic, assamese, ben
gali, gujarati, hindi, kannada, malayalam, marathi, oriya, panjabi, tamil, telu
gu, indonesian, interlingua, irish, italian, kurmanji, lao, latin, latvian, lit
huanian, mongolian, mongolianlmc, bokmal, nynorsk, polish, portuguese, romanian
, russian, sanskrit, serbian, slovak, slovenian, spanish, swedish, turkish, ukr
ainian, uppersorbian, welsh, loaded.
(/usr/local/texlive/2010/texmf-dist/tex/latex/base/article.cls
Document Class: article 2007/10/19 v1.4h Standard LaTeX document class
(/usr/local/texlive/2010/texmf-dist/tex/latex/base/size12.clo
File: size12.clo 2007/10/19 v1.4h Standard LaTeX file (size option)
)
\c@part=\count79
\c@section=\count80
\c@subsection=\count81
\c@subsubsection=\count82
\c@paragraph=\count83
\c@subparagraph=\count84
\c@figure=\count85
\c@table=\count86
\abovecaptionskip=\skip41
\belowcaptionskip=\skip42
\bibindent=\dimen102
)
(/usr/local/texlive/2010/texmf-dist/tex/latex/graphics/graphics.sty
Package: graphics 2009/02/05 v1.0o Standard LaTeX Graphics (DPC,SPQR)

(/usr/local/texlive/2010/texmf-dist/tex/latex/graphics/trig.sty
Package: trig 1999/03/16 v1.09 sin cos tan (DPC)
)
(/usr/local/texlive/2010/texmf-dist/tex/latex/latexconfig/graphics.cfg
File: graphics.cfg 2010/04/23 v1.9 graphics configuration of TeX Live
)
Package graphics Info: Driver file: dvips.def on input line 91.

(/usr/local/texlive/2010/texmf-dist/tex/latex/graphics/dvips.def
File: dvips.def 1999/02/16 v3.0i Driver-dependant file (DPC,SPQR)
))
(/usr/local/texlive/2010/texmf-dist/tex/latex/graphics/graphicx.sty
Package: graphicx 1999/02/16 v1.0f Enhanced LaTeX Graphics (DPC,SPQR)

(/usr/local/texlive/2010/texmf-dist/tex/latex/graphics/keyval.sty
Package: keyval 1999/03/16 v1.13 key=value parser (DPC)
\KV@toks@=\toks14
)
\Gin@req@height=\dimen103
\Gin@req@width=\dimen104
)
(/usr/local/texlive/2010/texmf-dist/tex/latex/base/graphpap.sty
Package: graphpap 1994/08/09 v1.0c Standard LaTeX graphpap package (LL)
)
(/usr/local/texlive/2010/texmf-dist/tex/latex/amsmath/amsmath.sty
Package: amsmath 2000/07/18 v2.13 AMS math features
\@mathmargin=\skip43

For additional information on amsmath, use the `?' option.
(/usr/local/texlive/2010/texmf-dist/tex/latex/amsmath/amstext.sty
Package: amstext 2000/06/29 v2.01

(/usr/local/texlive/2010/texmf-dist/tex/latex/amsmath/amsgen.sty
File: amsgen.sty 1999/11/30 v2.0
\@emptytoks=\toks15
\ex@=\dimen105
))
(/usr/local/texlive/2010/texmf-dist/tex/latex/amsmath/amsbsy.sty
Package: amsbsy 1999/11/29 v1.2d
\pmbraise@=\dimen106
)
(/usr/local/texlive/2010/texmf-dist/tex/latex/amsmath/amsopn.sty
Package: amsopn 1999/12/14 v2.01 operator names
)
\inf@bad=\count87
LaTeX Info: Redefining \frac on input line 211.
\uproot@=\count88
\leftroot@=\count89
LaTeX Info: Redefining \overline on input line 307.
\classnum@=\count90
\DOTSCASE@=\count91
LaTeX Info: Redefining \ldots on input line 379.
LaTeX Info: Redefining \dots on input line 382.
LaTeX Info: Redefining \cdots on input line 467.
\Mathstrutbox@=\box26
\strutbox@=\box27
\big@size=\dimen107
LaTeX Font Info:    Redeclaring font encoding OML on input line 567.
LaTeX Font Info:    Redeclaring font encoding OMS on input line 568.
\macc@depth=\count92
\c@MaxMatrixCols=\count93
\dotsspace@=\muskip10
\c@parentequation=\count94
\dspbrk@lvl=\count95
\tag@help=\toks16
\row@=\count96
\column@=\count97
\maxfields@=\count98
\andhelp@=\toks17
\eqnshift@=\dimen108
\alignsep@=\dimen109
\tagshift@=\dimen110
\tagwidth@=\dimen111
\totwidth@=\dimen112
\lineht@=\dimen113
\@envbody=\toks18
\multlinegap=\skip44
\multlinetaggap=\skip45
\mathdisplay@stack=\toks19
LaTeX Info: Redefining \[ on input line 2666.
LaTeX Info: Redefining \] on input line 2667.
)
(/usr/local/texlive/2010/texmf-dist/tex/latex/multirow/multirow.sty
\bigstrutjot=\dimen114
)
(/usr/local/texlive/2010/../texmf-local/tex/latex/local/tonis/row_stake_margins
.sty) (./barcode_notes.aux)
\openout1 = `barcode_notes.aux'.

LaTeX Font Info:    Checking defaults for OML/cmm/m/it on input line 7.
LaTeX Font Info:    ... okay on input line 7.
LaTeX Font Info:    Checking defaults for T1/cmr/m/n on input line 7.
LaTeX Font Info:    ... okay on input line 7.
LaTeX Font Info:    Checking defaults for OT1/cmr/m/n on input line 7.
LaTeX Font Info:    ... okay on input line 7.
LaTeX Font Info:    Checking defaults for OMS/cmsy/m/n on input line 7.
LaTeX Font Info:    ... okay on input line 7.
LaTeX Font Info:    Checking defaults for OMX/cmex/m/n on input line 7.
LaTeX Font Info:    ... okay on input line 7.
LaTeX Font Info:    Checking defaults for U/cmr/m/n on input line 7.
LaTeX Font Info:    ... okay on input line 7.
File: ../../barcodes/notes/great_phe.eps Graphic file (type eps)
 <../../barcodes/notes/great_phe.eps>
File: ../../barcodes/notes/good_phe.eps Graphic file (type eps)

<../../barcodes/notes/good_phe.eps>
File: ../../barcodes/notes/poor_phe.eps Graphic file (type eps)
 <../../barcodes/notes/poor_phe.eps>
File: ../../barcodes/notes/no_phe.eps Graphic file (type eps)

<../../barcodes/notes/no_phe.eps>
File: ../../barcodes/notes/expvar.eps Graphic file (type eps)
 <../../barcodes/notes/expvar.eps>
File: ../../barcodes/notes/discuss_gerry.eps Graphic file (type eps)

<../../barcodes/notes/discuss_gerry.eps>
File: ../../barcodes/notes/guri_scoring.eps Graphic file (type eps)

<../../barcodes/notes/guri_scoring.eps>
File: ../../barcodes/notes/greenhouse.eps Graphic file (type eps)
 <../../barcodes/notes/greenhouse.eps>
File: ../../barcodes/notes/hawaii.eps Graphic file (type eps)

<../../barcodes/notes/hawaii.eps>
File: ../../barcodes/notes/replant.eps Graphic file (type eps)
 <../../barcodes/notes/replant.eps>
File: ../../barcodes/notes/noneed.eps Graphic file (type eps)

<../../barcodes/notes/noneed.eps>
File: ../../barcodes/notes/replant_only.eps Graphic file (type eps)
 <../../barcodes/notes/replant_only.eps>
File: ../../barcodes/notes/first_planting.eps Graphic file (type eps)

<../../barcodes/notes/first_planting.eps>
File: ../../barcodes/notes/replant_pedigree.eps Graphic file (type eps)

<../../barcodes/notes/replant_pedigree.eps>
File: ../../barcodes/notes/very_fast.eps Graphic file (type eps)

<../../barcodes/notes/very_fast.eps>
File: ../../barcodes/notes/full_row.eps Graphic file (type eps)
 <../../barcodes/notes/full_row.eps>
File: ../../barcodes/notes/abandon.eps Graphic file (type eps)

<../../barcodes/notes/abandon.eps>
File: ../../barcodes/notes/get_again.eps Graphic file (type eps)
 <../../barcodes/notes/get_again.eps>
Overfull \hbox (15.21356pt too wide) in paragraph at lines 17--61
[][] 
 []

[1

]
File: ../../barcodes/notes/true.eps Graphic file (type eps)
 <../../barcodes/notes/true.eps>
File: ../../barcodes/notes/false.eps Graphic file (type eps)
 <../../barcodes/notes/false.eps>
File: ../../barcodes/notes/17_7_11.eps Graphic file (type eps)

<../../barcodes/notes/17_7_11.eps>
File: ../../barcodes/notes/18_7_11.eps Graphic file (type eps)
 <../../barcodes/notes/18_7_11.eps>
File: ../../barcodes/notes/19_7_11.eps Graphic file (type eps)

<../../barcodes/notes/19_7_11.eps>
File: ../../barcodes/notes/20_7_11.eps Graphic file (type eps)
 <../../barcodes/notes/20_7_11.eps>
File: ../../barcodes/notes/21_7_11.eps Graphic file (type eps)

<../../barcodes/notes/21_7_11.eps>
File: ../../barcodes/notes/23_7_11.eps Graphic file (type eps)
 <../../barcodes/notes/23_7_11.eps>
File: ../../barcodes/notes/24_7_11.eps Graphic file (type eps)

<../../barcodes/notes/24_7_11.eps>
File: ../../barcodes/notes/25_7_11.eps Graphic file (type eps)
 <../../barcodes/notes/25_7_11.eps>
File: ../../barcodes/notes/26_7_11.eps Graphic file (type eps)

<../../barcodes/notes/26_7_11.eps>
File: ../../barcodes/notes/27_7_11.eps Graphic file (type eps)
 <../../barcodes/notes/27_7_11.eps>
File: ../../barcodes/notes/28_7_11.eps Graphic file (type eps)

<../../barcodes/notes/28_7_11.eps>
File: ../../barcodes/notes/29_7_11.eps Graphic file (type eps)
 <../../barcodes/notes/29_7_11.eps>
File: ../../barcodes/notes/1_8_11.eps Graphic file (type eps)

<../../barcodes/notes/1_8_11.eps>
File: ../../barcodes/notes/2_8_11.eps Graphic file (type eps)
 <../../barcodes/notes/2_8_11.eps>
File: ../../barcodes/notes/4_8_11.eps Graphic file (type eps)

<../../barcodes/notes/4_8_11.eps>
File: ../../barcodes/notes/6_8_11.eps Graphic file (type eps)
 <../../barcodes/notes/6_8_11.eps>
File: ../../barcodes/notes/7_8_11.eps Graphic file (type eps)

<../../barcodes/notes/7_8_11.eps>
File: ../../barcodes/notes/8_8_11.eps Graphic file (type eps)
 <../../barcodes/notes/8_8_11.eps>
File: ../../barcodes/notes/9_8_11.eps Graphic file (type eps)

<../../barcodes/notes/9_8_11.eps>
File: ../../barcodes/notes/10_8_11.eps Graphic file (type eps)
 <../../barcodes/notes/10_8_11.eps>
File: ../../barcodes/notes/11_8_11.eps Graphic file (type eps)

<../../barcodes/notes/11_8_11.eps>
File: ../../barcodes/notes/today.eps Graphic file (type eps)
 <../../barcodes/notes/today.eps>
Overfull \hbox (15.21356pt too wide) in paragraph at lines 69--117
[][] 
 []

[2]
File: ../../barcodes/notes/les.eps Graphic file (type eps)
 <../../barcodes/notes/les.eps>
File: ../../barcodes/notes/semicolon.eps Graphic file (type eps)
 <../../barcodes/notes/semicolon.eps>
File: ../../barcodes/notes/lesns.eps Graphic file (type eps)

<../../barcodes/notes/lesns.eps>
File: ../../barcodes/notes/chl.eps Graphic file (type eps)
 <../../barcodes/notes/chl.eps>
File: ../../barcodes/notes/nec.eps Graphic file (type eps)

<../../barcodes/notes/nec.eps>
File: ../../barcodes/notes/necrs.eps Graphic file (type eps)
 <../../barcodes/notes/necrs.eps>
File: ../../barcodes/notes/sectg.eps Graphic file (type eps)

<../../barcodes/notes/sectg.eps>
File: ../../barcodes/notes/mxd.eps Graphic file (type eps)
 <../../barcodes/notes/mxd.eps>
File: ../../barcodes/notes/sl.eps Graphic file (type eps)

<../../barcodes/notes/sl.eps>
File: ../../barcodes/notes/n.eps Graphic file (type eps)
 <../../barcodes/notes/n.eps>
File: ../../barcodes/notes/se.eps Graphic file (type eps)

<../../barcodes/notes/se.eps>
File: ../../barcodes/notes/re.eps Graphic file (type eps)
 <../../barcodes/notes/re.eps>
File: ../../barcodes/notes/ne.eps Graphic file (type eps)

<../../barcodes/notes/ne.eps>
File: ../../barcodes/notes/ft.eps Graphic file (type eps)
 <../../barcodes/notes/ft.eps>
File: ../../barcodes/notes/pt.eps Graphic file (type eps)

<../../barcodes/notes/pt.eps>
File: ../../barcodes/notes/rt.eps Graphic file (type eps)
 <../../barcodes/notes/rt.eps>
File: ../../barcodes/notes/bt.eps Graphic file (type eps)

<../../barcodes/notes/bt.eps>
File: ../../barcodes/notes/nt.eps Graphic file (type eps)
 <../../barcodes/notes/nt.eps>
File: ../../barcodes/notes/ldg.eps Graphic file (type eps)

<../../barcodes/notes/ldg.eps>
File: ../../barcodes/notes/sa.eps Graphic file (type eps)
 <../../barcodes/notes/sa.eps>
File: ../../barcodes/notes/s2.eps Graphic file (type eps)

<../../barcodes/notes/s2.eps>
File: ../../barcodes/notes/s3.eps Graphic file (type eps)
 <../../barcodes/notes/s3.eps>
File: ../../barcodes/notes/s4.eps Graphic file (type eps)

<../../barcodes/notes/s4.eps>
File: ../../barcodes/notes/s5.eps Graphic file (type eps)
 <../../barcodes/notes/s5.eps>
Overfull \hbox (15.21356pt too wide) in paragraph at lines 123--165
[][] 
 []

[3]
File: ../../barcodes/notes/s6.eps Graphic file (type eps)
 <../../barcodes/notes/s6.eps>
File: ../../barcodes/notes/s7.eps Graphic file (type eps)
 <../../barcodes/notes/s7.eps>
File: ../../barcodes/notes/antho.eps Graphic file (type eps)

<../../barcodes/notes/antho.eps>
File: ../../barcodes/notes/sm.eps Graphic file (type eps)
 <../../barcodes/notes/sm.eps>
File: ../../barcodes/notes/expvar.eps Graphic file (type eps)

<../../barcodes/notes/expvar.eps>
File: ../../barcodes/notes/segrg.eps Graphic file (type eps)
 <../../barcodes/notes/segrg.eps>
File: ../../barcodes/notes/wt.eps Graphic file (type eps)

<../../barcodes/notes/wt.eps>
File: ../../barcodes/notes/p.eps Graphic file (type eps)
 <../../barcodes/notes/p.eps>
File: ../../barcodes/notes/blk.eps Graphic file (type eps)

<../../barcodes/notes/blk.eps>
File: ../../barcodes/notes/brz.eps Graphic file (type eps)
 <../../barcodes/notes/brz.eps>
File: ../../barcodes/notes/w.eps Graphic file (type eps)

<../../barcodes/notes/w.eps>
File: ../../barcodes/notes/albino.eps Graphic file (type eps)
 <../../barcodes/notes/albino.eps>
File: ../../barcodes/notes/y.eps Graphic file (type eps)

<../../barcodes/notes/y.eps>
File: ../../barcodes/notes/yg.eps Graphic file (type eps)
 <../../barcodes/notes/yg.eps>
File: ../../barcodes/notes/yblk.eps Graphic file (type eps)

<../../barcodes/notes/yblk.eps>
File: ../../barcodes/notes/ywpspot.eps Graphic file (type eps)
 <../../barcodes/notes/ywpspot.eps>
File: ../../barcodes/notes/ly.eps Graphic file (type eps)

<../../barcodes/notes/ly.eps>
File: ../../barcodes/notes/r.eps Graphic file (type eps)
 <../../barcodes/notes/r.eps>
File: ../../barcodes/notes/pk.eps Graphic file (type eps)

<../../barcodes/notes/pk.eps>
File: ../../barcodes/notes/silv.eps Graphic file (type eps)
 <../../barcodes/notes/silv.eps>
File: ../../barcodes/notes/spckl.eps Graphic file (type eps)

<../../barcodes/notes/spckl.eps>
File: ../../barcodes/notes/sectg.eps Graphic file (type eps)
 <../../barcodes/notes/sectg.eps>
File: ../../barcodes/notes/rech.eps Graphic file (type eps)

<../../barcodes/notes/rech.eps>
File: ../../barcodes/notes/ag.eps Graphic file (type eps)
 <../../barcodes/notes/ag.eps>
Overfull \hbox (15.21356pt too wide) in paragraph at lines 174--218
[][] 
 []

[4]
File: ../../barcodes/notes/ntg.eps Graphic file (type eps)
 <../../barcodes/notes/ntg.eps>
File: ../../barcodes/notes/we.eps Graphic file (type eps)
 <../../barcodes/notes/we.eps>
File: ../../barcodes/notes/he.eps Graphic file (type eps)

<../../barcodes/notes/he.eps>
File: ../../barcodes/notes/qe.eps Graphic file (type eps)
 <../../barcodes/notes/qe.eps>
File: ../../barcodes/notes/ee.eps Graphic file (type eps)

<../../barcodes/notes/ee.eps>
File: ../../barcodes/notes/xe.eps Graphic file (type eps)
 <../../barcodes/notes/xe.eps>
File: ../../barcodes/notes/tqe.eps Graphic file (type eps)

<../../barcodes/notes/tqe.eps>
File: ../../barcodes/notes/fun.eps Graphic file (type eps)
 <../../barcodes/notes/fun.eps>
File: ../../barcodes/notes/ew.eps Graphic file (type eps)

<../../barcodes/notes/ew.eps>
File: ../../barcodes/notes/dis.eps Graphic file (type eps)
 <../../barcodes/notes/dis.eps>
File: ../../barcodes/notes/bd.eps Graphic file (type eps)

<../../barcodes/notes/bd.eps>
File: ../../barcodes/notes/comp.eps Graphic file (type eps)
 <../../barcodes/notes/comp.eps>
File: ../../barcodes/notes/sig.eps Graphic file (type eps)

<../../barcodes/notes/sig.eps>
File: ../../barcodes/notes/ext.eps Graphic file (type eps)
 <../../barcodes/notes/ext.eps>
File: ../../barcodes/notes/extsn.eps Graphic file (type eps)

<../../barcodes/notes/extsn.eps>
File: ../../barcodes/notes/sbae.eps Graphic file (type eps)
 <../../barcodes/notes/sbae.eps>
File: ../../barcodes/notes/earexp.eps Graphic file (type eps)

<../../barcodes/notes/earexp.eps>
File: ../../barcodes/notes/unfcl.eps Graphic file (type eps)
 <../../barcodes/notes/unfcl.eps>
File: ../../barcodes/notes/pikdcl.eps Graphic file (type eps)

<../../barcodes/notes/pikdcl.eps>
File: ../../barcodes/notes/germ.eps Graphic file (type eps)
 <../../barcodes/notes/germ.eps>
File: ../../barcodes/notes/cl.eps Graphic file (type eps)

<../../barcodes/notes/cl.eps>
File: ../../barcodes/notes/dip.eps Graphic file (type eps)
 <../../barcodes/notes/dip.eps>
File: ../../barcodes/notes/disc.eps Graphic file (type eps)

<../../barcodes/notes/disc.eps>
File: ../../barcodes/notes/poss.eps Graphic file (type eps)
 <../../barcodes/notes/poss.eps>
File: ../../barcodes/notes/nn.eps Graphic file (type eps)

<../../barcodes/notes/nn.eps>
File: ../../barcodes/notes/wrn.eps Graphic file (type eps)
 <../../barcodes/notes/wrn.eps>
File: ../../barcodes/notes/cheXr.eps Graphic file (type eps)

<../../barcodes/notes/cheXr.eps>
Overfull \hbox (15.21356pt too wide) in paragraph at lines 225--273
[][] 
 []

[5]
File: ../../barcodes/notes/use.eps Graphic file (type eps)
 <../../barcodes/notes/use.eps>
File: ../../barcodes/notes/viv.eps Graphic file (type eps)
 <../../barcodes/notes/viv.eps>
File: ../../barcodes/notes/svi.eps Graphic file (type eps)

<../../barcodes/notes/svi.eps>
Overfull \hbox (15.21356pt too wide) in paragraph at lines 279--285
[][] 
 []

File: ../../barcodes/notes/ls.eps Graphic file (type eps)
<../../barcodes/notes/ls.eps>
File: ../../barcodes/notes/fs.eps Graphic file (type eps)
 <../../barcodes/notes/fs.eps>
File: ../../barcodes/notes/ss.eps Graphic file (type eps)

<../../barcodes/notes/ss.eps>
File: ../../barcodes/notes/rs.eps Graphic file (type eps)
 <../../barcodes/notes/rs.eps>
File: ../../barcodes/notes/ws.eps Graphic file (type eps)

<../../barcodes/notes/ws.eps>
File: ../../barcodes/notes/lp.eps Graphic file (type eps)
 <../../barcodes/notes/lp.eps>
File: ../../barcodes/notes/np.eps Graphic file (type eps)

<../../barcodes/notes/np.eps>
File: ../../barcodes/notes/dd.eps Graphic file (type eps)
 <../../barcodes/notes/dd.eps>
File: ../../barcodes/notes/de.eps Graphic file (type eps)

<../../barcodes/notes/de.eps>
File: ../../barcodes/notes/pe.eps Graphic file (type eps)
 <../../barcodes/notes/pe.eps>
File: ../../barcodes/notes/ue.eps Graphic file (type eps)

<../../barcodes/notes/ue.eps>
File: ../../barcodes/notes/lce.eps Graphic file (type eps)
 <../../barcodes/notes/lce.eps>
File: ../../barcodes/notes/popt.eps Graphic file (type eps)

<../../barcodes/notes/popt.eps>
File: ../../barcodes/notes/ct.eps Graphic file (type eps)
 <../../barcodes/notes/ct.eps>
File: ../../barcodes/notes/glas.eps Graphic file (type eps)

<../../barcodes/notes/glas.eps>
File: ../../barcodes/notes/unk.eps Graphic file (type eps)
 <../../barcodes/notes/unk.eps>
File: ../../barcodes/notes/fp.eps Graphic file (type eps)

<../../barcodes/notes/fp.eps>
File: ../../barcodes/notes/pp.eps Graphic file (type eps)
 <../../barcodes/notes/pp.eps>
Overfull \hbox (15.21356pt too wide) in paragraph at lines 289--320
[][] 
 []

[6]
File: ../../barcodes/notes/aleph.eps Graphic file (type eps)
 <../../barcodes/notes/aleph.eps>
File: ../../barcodes/notes/bet.eps Graphic file (type eps)
 <../../barcodes/notes/bet.eps>
File: ../../barcodes/notes/gimmel.eps Graphic file (type eps)

<../../barcodes/notes/gimmel.eps>
File: ../../barcodes/notes/e0.eps Graphic file (type eps)
 <../../barcodes/notes/e0.eps>
File: ../../barcodes/notes/e1.eps Graphic file (type eps)

<../../barcodes/notes/e1.eps>
File: ../../barcodes/notes/e2.eps Graphic file (type eps)
 <../../barcodes/notes/e2.eps>
File: ../../barcodes/notes/e3.eps Graphic file (type eps)

<../../barcodes/notes/e3.eps>
File: ../../barcodes/notes/e4.eps Graphic file (type eps)
 <../../barcodes/notes/e4.eps>
File: ../../barcodes/notes/e5.eps Graphic file (type eps)

<../../barcodes/notes/e5.eps>
File: ../../barcodes/notes/e6.eps Graphic file (type eps)
 <../../barcodes/notes/e6.eps>
File: ../../barcodes/notes/e7.eps Graphic file (type eps)

<../../barcodes/notes/e7.eps>
File: ../../barcodes/notes/e8.eps Graphic file (type eps)
 <../../barcodes/notes/e8.eps>
File: ../../barcodes/notes/e-1.eps Graphic file (type eps)

<../../barcodes/notes/e-1.eps>
File: ../../barcodes/notes/e-2.eps Graphic file (type eps)
 <../../barcodes/notes/e-2.eps>
File: ../../barcodes/notes/e-3.eps Graphic file (type eps)

<../../barcodes/notes/e-3.eps>
File: ../../barcodes/notes/e-4.eps Graphic file (type eps)
 <../../barcodes/notes/e-4.eps>
File: ../../barcodes/notes/e-5.eps Graphic file (type eps)

<../../barcodes/notes/e-5.eps>
File: ../../barcodes/notes/e-6.eps Graphic file (type eps)
 <../../barcodes/notes/e-6.eps>
File: ../../barcodes/notes/e-7.eps Graphic file (type eps)

<../../barcodes/notes/e-7.eps>
File: ../../barcodes/notes/e-8.eps Graphic file (type eps)
 <../../barcodes/notes/e-8.eps>
File: ../../barcodes/notes/t0.eps Graphic file (type eps)

<../../barcodes/notes/t0.eps>
File: ../../barcodes/notes/t-1.eps Graphic file (type eps)
 <../../barcodes/notes/t-1.eps>
File: ../../barcodes/notes/t-2.eps Graphic file (type eps)

<../../barcodes/notes/t-2.eps>
File: ../../barcodes/notes/t-3.eps Graphic file (type eps)
 <../../barcodes/notes/t-3.eps>
Overfull \hbox (15.21356pt too wide) in paragraph at lines 327--368
[][] 
 []

[7]
File: ../../barcodes/notes/t-4.eps Graphic file (type eps)
 <../../barcodes/notes/t-4.eps>
File: ../../barcodes/notes/t-5.eps Graphic file (type eps)
 <../../barcodes/notes/t-5.eps>
File: ../../barcodes/notes/t-6.eps Graphic file (type eps)

<../../barcodes/notes/t-6.eps>
File: ../../barcodes/notes/t-7.eps Graphic file (type eps)
 <../../barcodes/notes/t-7.eps>
File: ../../barcodes/notes/t-8.eps Graphic file (type eps)

<../../barcodes/notes/t-8.eps>
File: ../../barcodes/notes/tip.eps Graphic file (type eps)
 <../../barcodes/notes/tip.eps>
File: ../../barcodes/notes/middle.eps Graphic file (type eps)

<../../barcodes/notes/middle.eps>
File: ../../barcodes/notes/stem.eps Graphic file (type eps)
 <../../barcodes/notes/stem.eps>
File: ../../barcodes/notes/whole.eps Graphic file (type eps)

<../../barcodes/notes/whole.eps>
File: ../../barcodes/notes/stem1.eps Graphic file (type eps)
 <../../barcodes/notes/stem1.eps>
File: ../../barcodes/notes/stem2.eps Graphic file (type eps)

<../../barcodes/notes/stem2.eps>
File: ../../barcodes/notes/close-up.eps Graphic file (type eps)
 <../../barcodes/notes/close-up.eps>
File: ../../barcodes/notes/ambient.eps Graphic file (type eps)

<../../barcodes/notes/ambient.eps>
File: ../../barcodes/notes/transmitted.eps Graphic file (type eps)
 <../../barcodes/notes/transmitted.eps>
File: ../../barcodes/notes/600W_jig.eps Graphic file (type eps)

<../../barcodes/notes/600W_jig.eps>
File: ../../barcodes/notes/diffused_flash.eps Graphic file (type eps)
 <../../barcodes/notes/diffused_flash.eps>
File: ../../barcodes/notes/fluorescent_shed.eps Graphic file (type eps)

<../../barcodes/notes/fluorescent_shed.eps>
Overfull \hbox (15.21356pt too wide) in paragraph at lines 374--405
[][] 
 []

[8] (./barcode_notes.aux) ) 
Here is how much of TeX's memory you used:
 1496 strings out of 493814
 20674 string characters out of 3146553
 70886 words of memory out of 3000000
 4656 multiletter control sequences out of 15000+200000
 5609 words of font info for 21 fonts, out of 3000000 for 9000
 693 hyphenation exceptions out of 8191
 27i,10n,20p,235b,274s stack positions out of 5000i,500n,10000p,200000b,50000s

Output written on barcode_notes.dvi (8 pages, 55960 bytes).
