This is pdfTeX, Version 3.1415926-2.4-1.40.13 (TeX Live 2012) (format=latex 2012.9.14)  15 MAY 2015 14:36
entering extended mode
 %&-line parsing enabled.
**14r_tags_to_replace
(./14r_tags_to_replace.tex
LaTeX2e <2011/06/27>
Babel <v3.8m> and hyphenation patterns for english, dumylang, nohyphenation, ge
rman-x-2012-05-30, ngerman-x-2012-05-30, afrikaans, ancientgreek, ibycus, armen
ian, basque, bulgarian, catalan, coptic, croatian, czech, danish, dutch, ukengl
ish, usenglishmax, esperanto, estonian, finnish, french, friulan, galician, ger
man, ngerman, swissgerman, monogreek, greek, icelandic, assamese, bengali, guja
rati, hindi, kannada, malayalam, marathi, oriya, panjabi, tamil, telugu, indone
sian, interlingua, irish, italian, kurmanji, latin, bokmal, nynorsk, polish, po
rtuguese, romanian, romansh, russian, sanskrit, serbian, serbianc, slovak, slov
enian, spanish, swedish, turkish, ukrainian, uppersorbian, welsh, loaded.
(/usr/local/texlive/2012/texmf-dist/tex/latex/base/article.cls
Document Class: article 2007/10/19 v1.4h Standard LaTeX document class
(/usr/local/texlive/2012/texmf-dist/tex/latex/base/size12.clo
File: size12.clo 2007/10/19 v1.4h Standard LaTeX file (size option)
)
\c@part=\count79
\c@section=\count80
\c@subsection=\count81
\c@subsubsection=\count82
\c@paragraph=\count83
\c@subparagraph=\count84
\c@figure=\count85
\c@table=\count86
\abovecaptionskip=\skip41
\belowcaptionskip=\skip42
\bibindent=\dimen102
)
(/usr/local/texlive/2012/texmf-dist/tex/latex/graphics/graphics.sty
Package: graphics 2009/02/05 v1.0o Standard LaTeX Graphics (DPC,SPQR)

(/usr/local/texlive/2012/texmf-dist/tex/latex/graphics/trig.sty
Package: trig 1999/03/16 v1.09 sin cos tan (DPC)
)
(/usr/local/texlive/2012/texmf-dist/tex/latex/latexconfig/graphics.cfg
File: graphics.cfg 2010/04/23 v1.9 graphics configuration of TeX Live
)
Package graphics Info: Driver file: dvips.def on input line 91.

(/usr/local/texlive/2012/texmf-dist/tex/latex/graphics/dvips.def
File: dvips.def 1999/02/16 v3.0i Driver-dependant file (DPC,SPQR)
))
(/usr/local/texlive/2012/texmf-dist/tex/latex/graphics/graphicx.sty
Package: graphicx 1999/02/16 v1.0f Enhanced LaTeX Graphics (DPC,SPQR)

(/usr/local/texlive/2012/texmf-dist/tex/latex/graphics/keyval.sty
Package: keyval 1999/03/16 v1.13 key=value parser (DPC)
\KV@toks@=\toks14
)
\Gin@req@height=\dimen103
\Gin@req@width=\dimen104
)
(/usr/local/texlive/2012/texmf-dist/tex/latex/base/graphpap.sty
Package: graphpap 1994/08/09 v1.0c Standard LaTeX graphpap package (LL)
)
(/usr/local/texlive/2012/texmf-dist/tex/latex/amsmath/amsmath.sty
Package: amsmath 2000/07/18 v2.13 AMS math features
\@mathmargin=\skip43

For additional information on amsmath, use the `?' option.
(/usr/local/texlive/2012/texmf-dist/tex/latex/amsmath/amstext.sty
Package: amstext 2000/06/29 v2.01

(/usr/local/texlive/2012/texmf-dist/tex/latex/amsmath/amsgen.sty
File: amsgen.sty 1999/11/30 v2.0
\@emptytoks=\toks15
\ex@=\dimen105
))
(/usr/local/texlive/2012/texmf-dist/tex/latex/amsmath/amsbsy.sty
Package: amsbsy 1999/11/29 v1.2d
\pmbraise@=\dimen106
)
(/usr/local/texlive/2012/texmf-dist/tex/latex/amsmath/amsopn.sty
Package: amsopn 1999/12/14 v2.01 operator names
)
\inf@bad=\count87
LaTeX Info: Redefining \frac on input line 211.
\uproot@=\count88
\leftroot@=\count89
LaTeX Info: Redefining \overline on input line 307.
\classnum@=\count90
\DOTSCASE@=\count91
LaTeX Info: Redefining \ldots on input line 379.
LaTeX Info: Redefining \dots on input line 382.
LaTeX Info: Redefining \cdots on input line 467.
\Mathstrutbox@=\box26
\strutbox@=\box27
\big@size=\dimen107
LaTeX Font Info:    Redeclaring font encoding OML on input line 567.
LaTeX Font Info:    Redeclaring font encoding OMS on input line 568.
\macc@depth=\count92
\c@MaxMatrixCols=\count93
\dotsspace@=\muskip10
\c@parentequation=\count94
\dspbrk@lvl=\count95
\tag@help=\toks16
\row@=\count96
\column@=\count97
\maxfields@=\count98
\andhelp@=\toks17
\eqnshift@=\dimen108
\alignsep@=\dimen109
\tagshift@=\dimen110
\tagwidth@=\dimen111
\totwidth@=\dimen112
\lineht@=\dimen113
\@envbody=\toks18
\multlinegap=\skip44
\multlinetaggap=\skip45
\mathdisplay@stack=\toks19
LaTeX Info: Redefining \[ on input line 2666.
LaTeX Info: Redefining \] on input line 2667.
)
(/usr/local/texlive/2012/texmf-dist/tex/latex/multirow/multirow.sty
\bigstrutjot=\dimen114
)
(/usr/local/texlive/2012/../texmf-local/tex/latex/local/tonis/row_stake_margins
.sty) (./14r_tags_to_replace.aux)
\openout1 = `14r_tags_to_replace.aux'.

LaTeX Font Info:    Checking defaults for OML/cmm/m/it on input line 7.
LaTeX Font Info:    ... okay on input line 7.
LaTeX Font Info:    Checking defaults for T1/cmr/m/n on input line 7.
LaTeX Font Info:    ... okay on input line 7.
LaTeX Font Info:    Checking defaults for OT1/cmr/m/n on input line 7.
LaTeX Font Info:    ... okay on input line 7.
LaTeX Font Info:    Checking defaults for OMS/cmsy/m/n on input line 7.
LaTeX Font Info:    ... okay on input line 7.
LaTeX Font Info:    Checking defaults for OMX/cmex/m/n on input line 7.
LaTeX Font Info:    ... okay on input line 7.
LaTeX Font Info:    Checking defaults for U/cmr/m/n on input line 7.
LaTeX Font Info:    ... okay on input line 7.
File: ../../../barcodes/inventory/14R3966:0011502.eps Graphic file (type eps)

<../../../barcodes/inventory/14R3966:0011502.eps>
File: ../../../barcodes/inventory/14R3966:0011503.eps Graphic file (type eps)

<../../../barcodes/inventory/14R3966:0011503.eps>

LaTeX Font Warning: Font shape `OT1/cmr/m/n' in size <30> not available
(Font)              size <24.88> substituted on input line 33.


LaTeX Font Warning: Font shape `OT1/cmr/m/n' in size <13> not available
(Font)              size <12> substituted on input line 33.


LaTeX Font Warning: Font shape `OML/cmm/m/it' in size <30> not available
(Font)              size <24.88> substituted on input line 33.


LaTeX Font Warning: Font shape `OML/cmm/m/it' in size <13> not available
(Font)              size <12> substituted on input line 33.


LaTeX Font Warning: Font shape `OMS/cmsy/m/n' in size <30> not available
(Font)              size <24.88> substituted on input line 33.


LaTeX Font Warning: Font shape `OMS/cmsy/m/n' in size <13> not available
(Font)              size <12> substituted on input line 33.


LaTeX Font Warning: Font shape `OMX/cmex/m/n' in size <30> not available
(Font)              size <24.88> substituted on input line 33.


LaTeX Font Warning: Font shape `OMX/cmex/m/n' in size <13> not available
(Font)              size <12> substituted on input line 33.

File: ../../../barcodes/inventory/14R4089:0011609.eps Graphic file (type eps)
<../../../barcodes/inventory/14R4089:0011609.eps>
File: ../../../barcodes/inventory/14R4089:0011616.eps Graphic file (type eps)

<../../../barcodes/inventory/14R4089:0011616.eps>
File: ../../../barcodes/inventory/14R4089:0011612.eps Graphic file (type eps)

<../../../barcodes/inventory/14R4089:0011612.eps>
File: ../../../barcodes/inventory/14R4089:0011616.eps Graphic file (type eps)

<../../../barcodes/inventory/14R4089:0011616.eps>
File: ../../../barcodes/inventory/14R4090:0011714.eps Graphic file (type eps)

<../../../barcodes/inventory/14R4090:0011714.eps>
File: ../../../barcodes/inventory/14R4090:0011711.eps Graphic file (type eps)

<../../../barcodes/inventory/14R4090:0011711.eps>
File: ../../../barcodes/inventory/14R4090:0011714.eps Graphic file (type eps)

<../../../barcodes/inventory/14R4090:0011714.eps>
File: ../../../barcodes/inventory/14R4090:0011717.eps Graphic file (type eps)

<../../../barcodes/inventory/14R4090:0011717.eps>
File: ../../../barcodes/inventory/14R3980:0012007.eps Graphic file (type eps)

<../../../barcodes/inventory/14R3980:0012007.eps>
File: ../../../barcodes/inventory/14R3980:0012011.eps Graphic file (type eps)

<../../../barcodes/inventory/14R3980:0012011.eps>
File: ../../../barcodes/inventory/14R3980:0012014.eps Graphic file (type eps)

<../../../barcodes/inventory/14R3980:0012014.eps>
File: ../../../barcodes/inventory/14R3980:0012011.eps Graphic file (type eps)

<../../../barcodes/inventory/14R3980:0012011.eps>
File: ../../../barcodes/inventory/14R3983:0012116.eps Graphic file (type eps)

<../../../barcodes/inventory/14R3983:0012116.eps>
File: ../../../barcodes/inventory/14R3983:0012115.eps Graphic file (type eps)

<../../../barcodes/inventory/14R3983:0012115.eps>
File: ../../../barcodes/inventory/14R3616:0012318.eps Graphic file (type eps)

<../../../barcodes/inventory/14R3616:0012318.eps>
File: ../../../barcodes/inventory/14R3616:0012311.eps Graphic file (type eps)

<../../../barcodes/inventory/14R3616:0012311.eps>
File: ../../../barcodes/inventory/14R4261:0012416.eps Graphic file (type eps)

<../../../barcodes/inventory/14R4261:0012416.eps>
File: ../../../barcodes/inventory/14R4261:0012412.eps Graphic file (type eps)

<../../../barcodes/inventory/14R4261:0012412.eps>
Overfull \hbox (17.62177pt too wide) in paragraph at lines 80--81
[][] 
 []

[1

]
File: ../../../barcodes/inventory/14R4261:0012418.eps Graphic file (type eps)
 <../../../barcodes/inventory/14R4261:0012418.eps>
File: ../../../barcodes/inventory/14R4261:0012412.eps Graphic file (type eps)

<../../../barcodes/inventory/14R4261:0012412.eps>
File: ../../../barcodes/inventory/14R4094:0012603.eps Graphic file (type eps)

<../../../barcodes/inventory/14R4094:0012603.eps>
File: ../../../barcodes/inventory/14R4094:0012606.eps Graphic file (type eps)

<../../../barcodes/inventory/14R4094:0012606.eps>
File: ../../../barcodes/inventory/14R4094:0012605.eps Graphic file (type eps)

<../../../barcodes/inventory/14R4094:0012605.eps>
File: ../../../barcodes/inventory/14R4094:0012606.eps Graphic file (type eps)

<../../../barcodes/inventory/14R4094:0012606.eps>
File: ../../../barcodes/inventory/14R4094:0012606.eps Graphic file (type eps)

<../../../barcodes/inventory/14R4094:0012606.eps>
File: ../../../barcodes/inventory/14R4094:0012606.eps Graphic file (type eps)

<../../../barcodes/inventory/14R4094:0012606.eps>
File: ../../../barcodes/inventory/14R3995:0012707.eps Graphic file (type eps)

<../../../barcodes/inventory/14R3995:0012707.eps>
File: ../../../barcodes/inventory/14R3995:0012708.eps Graphic file (type eps)

<../../../barcodes/inventory/14R3995:0012708.eps>
File: ../../../barcodes/inventory/14R4263:0012816.eps Graphic file (type eps)

<../../../barcodes/inventory/14R4263:0012816.eps>
File: ../../../barcodes/inventory/14R4263:0012810.eps Graphic file (type eps)

<../../../barcodes/inventory/14R4263:0012810.eps>
File: ../../../barcodes/inventory/14R4097:0013709.eps Graphic file (type eps)

<../../../barcodes/inventory/14R4097:0013709.eps>
File: ../../../barcodes/inventory/14R4097:0013705.eps Graphic file (type eps)

<../../../barcodes/inventory/14R4097:0013705.eps>
File: ../../../barcodes/inventory/14R4023:0014011.eps Graphic file (type eps)

<../../../barcodes/inventory/14R4023:0014011.eps>
File: ../../../barcodes/inventory/14R4023:0014009.eps Graphic file (type eps)

<../../../barcodes/inventory/14R4023:0014009.eps>
File: ../../../barcodes/inventory/14R4023:0014016.eps Graphic file (type eps)

<../../../barcodes/inventory/14R4023:0014016.eps>
File: ../../../barcodes/inventory/14R4023:0014009.eps Graphic file (type eps)

<../../../barcodes/inventory/14R4023:0014009.eps>
File: ../../../barcodes/inventory/14R3460:0014110.eps Graphic file (type eps)

<../../../barcodes/inventory/14R3460:0014110.eps>
File: ../../../barcodes/inventory/14R3460:0014103.eps Graphic file (type eps)

<../../../barcodes/inventory/14R3460:0014103.eps>
Overfull \hbox (17.62177pt too wide) in paragraph at lines 154--155
[][] 
 []

[2]
File: ../../../barcodes/inventory/14R3460:0014114.eps Graphic file (type eps)
 <../../../barcodes/inventory/14R3460:0014114.eps>
File: ../../../barcodes/inventory/14R3460:0014103.eps Graphic file (type eps)

<../../../barcodes/inventory/14R3460:0014103.eps>
File: ../../../barcodes/inventory/14R3460:0014115.eps Graphic file (type eps)

<../../../barcodes/inventory/14R3460:0014115.eps>
File: ../../../barcodes/inventory/14R3460:0014103.eps Graphic file (type eps)

<../../../barcodes/inventory/14R3460:0014103.eps>
File: ../../../barcodes/inventory/14R4100:0014217.eps Graphic file (type eps)

<../../../barcodes/inventory/14R4100:0014217.eps>
File: ../../../barcodes/inventory/14R4100:0014210.eps Graphic file (type eps)

<../../../barcodes/inventory/14R4100:0014210.eps>
File: ../../../barcodes/inventory/14R3647:0014302.eps Graphic file (type eps)

<../../../barcodes/inventory/14R3647:0014302.eps>
File: ../../../barcodes/inventory/14R3647:0014316.eps Graphic file (type eps)

<../../../barcodes/inventory/14R3647:0014316.eps>
File: ../../../barcodes/inventory/14R3647:0014312.eps Graphic file (type eps)

<../../../barcodes/inventory/14R3647:0014312.eps>
File: ../../../barcodes/inventory/14R3647:0014316.eps Graphic file (type eps)

<../../../barcodes/inventory/14R3647:0014316.eps>
File: ../../../barcodes/inventory/14R3647:0014317.eps Graphic file (type eps)

<../../../barcodes/inventory/14R3647:0014317.eps>
File: ../../../barcodes/inventory/14R3647:0014316.eps Graphic file (type eps)

<../../../barcodes/inventory/14R3647:0014316.eps>
File: ../../../barcodes/inventory/14R4036:0014401.eps Graphic file (type eps)

<../../../barcodes/inventory/14R4036:0014401.eps>
File: ../../../barcodes/inventory/14R4036:0014408.eps Graphic file (type eps)

<../../../barcodes/inventory/14R4036:0014408.eps>
File: ../../../barcodes/inventory/14R4036:0014409.eps Graphic file (type eps)

<../../../barcodes/inventory/14R4036:0014409.eps>
File: ../../../barcodes/inventory/14R4036:0014408.eps Graphic file (type eps)

<../../../barcodes/inventory/14R4036:0014408.eps>
File: ../../../barcodes/inventory/14R4267:0014614.eps Graphic file (type eps)

<../../../barcodes/inventory/14R4267:0014614.eps>
File: ../../../barcodes/inventory/14R4267:0014611.eps Graphic file (type eps)

<../../../barcodes/inventory/14R4267:0014611.eps>
File: ../../../barcodes/inventory/14R4038:0014705.eps Graphic file (type eps)

<../../../barcodes/inventory/14R4038:0014705.eps>
File: ../../../barcodes/inventory/14R4038:0014713.eps Graphic file (type eps)

<../../../barcodes/inventory/14R4038:0014713.eps>
Overfull \hbox (17.62177pt too wide) in paragraph at lines 228--229
[][] 
 []

[3]
File: ../../../barcodes/inventory/14R4038:0014713.eps Graphic file (type eps)
 <../../../barcodes/inventory/14R4038:0014713.eps>
File: ../../../barcodes/inventory/14R4038:0014713.eps Graphic file (type eps)

<../../../barcodes/inventory/14R4038:0014713.eps>
File: ../../../barcodes/inventory/14R4038:0014715.eps Graphic file (type eps)

<../../../barcodes/inventory/14R4038:0014715.eps>
File: ../../../barcodes/inventory/14R4038:0014713.eps Graphic file (type eps)

<../../../barcodes/inventory/14R4038:0014713.eps>
File: ../../../barcodes/inventory/14R3656:0014802.eps Graphic file (type eps)

<../../../barcodes/inventory/14R3656:0014802.eps>
File: ../../../barcodes/inventory/14R3656:0014806.eps Graphic file (type eps)

<../../../barcodes/inventory/14R3656:0014806.eps>
File: ../../../barcodes/inventory/14R3656:0014813.eps Graphic file (type eps)

<../../../barcodes/inventory/14R3656:0014813.eps>
File: ../../../barcodes/inventory/14R3656:0014806.eps Graphic file (type eps)

<../../../barcodes/inventory/14R3656:0014806.eps>
File: ../../../barcodes/inventory/14R3656:0014817.eps Graphic file (type eps)

<../../../barcodes/inventory/14R3656:0014817.eps>
File: ../../../barcodes/inventory/14R3656:0014806.eps Graphic file (type eps)

<../../../barcodes/inventory/14R3656:0014806.eps>
File: ../../../barcodes/inventory/14R3656:0014818.eps Graphic file (type eps)

<../../../barcodes/inventory/14R3656:0014818.eps>
File: ../../../barcodes/inventory/14R3656:0014806.eps Graphic file (type eps)

<../../../barcodes/inventory/14R3656:0014806.eps>
File: ../../../barcodes/inventory/14R3656:0014819.eps Graphic file (type eps)

<../../../barcodes/inventory/14R3656:0014819.eps>
File: ../../../barcodes/inventory/14R3656:0014806.eps Graphic file (type eps)

<../../../barcodes/inventory/14R3656:0014806.eps>
File: ../../../barcodes/inventory/14R4269:0015009.eps Graphic file (type eps)

<../../../barcodes/inventory/14R4269:0015009.eps>
File: ../../../barcodes/inventory/14R4269:0015007.eps Graphic file (type eps)

<../../../barcodes/inventory/14R4269:0015007.eps>
File: ../../../barcodes/inventory/14R4269:0015013.eps Graphic file (type eps)

<../../../barcodes/inventory/14R4269:0015013.eps>
File: ../../../barcodes/inventory/14R4269:0015007.eps Graphic file (type eps)

<../../../barcodes/inventory/14R4269:0015007.eps>
File: ../../../barcodes/inventory/14R4269:0015015.eps Graphic file (type eps)

<../../../barcodes/inventory/14R4269:0015015.eps>
File: ../../../barcodes/inventory/14R4269:0015007.eps Graphic file (type eps)

<../../../barcodes/inventory/14R4269:0015007.eps>
Overfull \hbox (17.62177pt too wide) in paragraph at lines 302--303
[][] 
 []

[4]
File: ../../../barcodes/inventory/14R4269:0015018.eps Graphic file (type eps)
 <../../../barcodes/inventory/14R4269:0015018.eps>
File: ../../../barcodes/inventory/14R4269:0015007.eps Graphic file (type eps)

<../../../barcodes/inventory/14R4269:0015007.eps>
File: ../../../barcodes/inventory/14R4269:0015018.eps Graphic file (type eps)

<../../../barcodes/inventory/14R4269:0015018.eps>
File: ../../../barcodes/inventory/14R4269:0015018.eps Graphic file (type eps)

<../../../barcodes/inventory/14R4269:0015018.eps>
File: ../../../barcodes/inventory/14R4270:0015104.eps Graphic file (type eps)

<../../../barcodes/inventory/14R4270:0015104.eps>
File: ../../../barcodes/inventory/14R4270:0015106.eps Graphic file (type eps)

<../../../barcodes/inventory/14R4270:0015106.eps>
File: ../../../barcodes/inventory/14R4270:0015107.eps Graphic file (type eps)

<../../../barcodes/inventory/14R4270:0015107.eps>
File: ../../../barcodes/inventory/14R4270:0015106.eps Graphic file (type eps)

<../../../barcodes/inventory/14R4270:0015106.eps>
File: ../../../barcodes/inventory/14R4270:0015116.eps Graphic file (type eps)

<../../../barcodes/inventory/14R4270:0015116.eps>
File: ../../../barcodes/inventory/14R4270:0015106.eps Graphic file (type eps)

<../../../barcodes/inventory/14R4270:0015106.eps>
File: ../../../barcodes/inventory/14R3701:0015203.eps Graphic file (type eps)

<../../../barcodes/inventory/14R3701:0015203.eps>
File: ../../../barcodes/inventory/14R3701:0015209.eps Graphic file (type eps)

<../../../barcodes/inventory/14R3701:0015209.eps>
File: ../../../barcodes/inventory/14R3701:0015214.eps Graphic file (type eps)

<../../../barcodes/inventory/14R3701:0015214.eps>
File: ../../../barcodes/inventory/14R3701:0015209.eps Graphic file (type eps)

<../../../barcodes/inventory/14R3701:0015209.eps>
File: ../../../barcodes/inventory/14R3701:0015217.eps Graphic file (type eps)

<../../../barcodes/inventory/14R3701:0015217.eps>
File: ../../../barcodes/inventory/14R3701:0015209.eps Graphic file (type eps)

<../../../barcodes/inventory/14R3701:0015209.eps>
File: ../../../barcodes/inventory/14R4102:0015301.eps Graphic file (type eps)

<../../../barcodes/inventory/14R4102:0015301.eps>
File: ../../../barcodes/inventory/14R4102:0015305.eps Graphic file (type eps)

<../../../barcodes/inventory/14R4102:0015305.eps>
File: ../../../barcodes/inventory/14R4102:0015303.eps Graphic file (type eps)

<../../../barcodes/inventory/14R4102:0015303.eps>
File: ../../../barcodes/inventory/14R4102:0015305.eps Graphic file (type eps)

<../../../barcodes/inventory/14R4102:0015305.eps>
Overfull \hbox (17.62177pt too wide) in paragraph at lines 376--377
[][] 
 []

[5]
File: ../../../barcodes/inventory/14R4102:0015307.eps Graphic file (type eps)
 <../../../barcodes/inventory/14R4102:0015307.eps>
File: ../../../barcodes/inventory/14R4102:0015305.eps Graphic file (type eps)

<../../../barcodes/inventory/14R4102:0015305.eps>
File: ../../../barcodes/inventory/14R4197:0015402.eps Graphic file (type eps)

<../../../barcodes/inventory/14R4197:0015402.eps>
File: ../../../barcodes/inventory/14R4197:0015402.eps Graphic file (type eps)

<../../../barcodes/inventory/14R4197:0015402.eps>
File: ../../../barcodes/inventory/14R4197:0015404.eps Graphic file (type eps)

<../../../barcodes/inventory/14R4197:0015404.eps>
File: ../../../barcodes/inventory/14R4197:0015404.eps Graphic file (type eps)

<../../../barcodes/inventory/14R4197:0015404.eps>
File: ../../../barcodes/inventory/14R4197:0015408.eps Graphic file (type eps)

<../../../barcodes/inventory/14R4197:0015408.eps>
File: ../../../barcodes/inventory/14R4197:0015408.eps Graphic file (type eps)

<../../../barcodes/inventory/14R4197:0015408.eps>
File: ../../../barcodes/inventory/14R1312:0015606.eps Graphic file (type eps)

<../../../barcodes/inventory/14R1312:0015606.eps>
File: ../../../barcodes/inventory/14R1312:0015606.eps Graphic file (type eps)

<../../../barcodes/inventory/14R1312:0015606.eps>
File: ../../../barcodes/inventory/14R1312:0015610.eps Graphic file (type eps)

<../../../barcodes/inventory/14R1312:0015610.eps>
File: ../../../barcodes/inventory/14R1312:0015610.eps Graphic file (type eps)

<../../../barcodes/inventory/14R1312:0015610.eps>
File: ../../../barcodes/inventory/14R1312:0015612.eps Graphic file (type eps)

<../../../barcodes/inventory/14R1312:0015612.eps>
File: ../../../barcodes/inventory/14R1312:0015612.eps Graphic file (type eps)

<../../../barcodes/inventory/14R1312:0015612.eps>
File: ../../../barcodes/inventory/14R1666:0015702.eps Graphic file (type eps)

<../../../barcodes/inventory/14R1666:0015702.eps>
File: ../../../barcodes/inventory/14R1666:0015702.eps Graphic file (type eps)

<../../../barcodes/inventory/14R1666:0015702.eps>
File: ../../../barcodes/inventory/14R1395:0015908.eps Graphic file (type eps)

<../../../barcodes/inventory/14R1395:0015908.eps>
File: ../../../barcodes/inventory/14R1395:0015908.eps Graphic file (type eps)

<../../../barcodes/inventory/14R1395:0015908.eps>
File: ../../../barcodes/inventory/14R1731:0016010.eps Graphic file (type eps)

<../../../barcodes/inventory/14R1731:0016010.eps>
File: ../../../barcodes/inventory/14R1731:0016010.eps Graphic file (type eps)

<../../../barcodes/inventory/14R1731:0016010.eps>
Overfull \hbox (17.62177pt too wide) in paragraph at lines 450--451
[][] 
 []

[6]
File: ../../../barcodes/inventory/14R4201:0016407.eps Graphic file (type eps)
 <../../../barcodes/inventory/14R4201:0016407.eps>
File: ../../../barcodes/inventory/14R4201:0016407.eps Graphic file (type eps)

<../../../barcodes/inventory/14R4201:0016407.eps>
File: ../../../barcodes/inventory/14R0193:0027905.eps Graphic file (type eps)

<../../../barcodes/inventory/14R0193:0027905.eps>
File: ../../../barcodes/inventory/14R0193:0027905.eps Graphic file (type eps)

<../../../barcodes/inventory/14R0193:0027905.eps>
File: ../../../barcodes/inventory/14R205:S0000205.eps Graphic file (type eps)

<../../../barcodes/inventory/14R205:S0000205.eps>
File: ../../../barcodes/inventory/14R3722:0026805.eps Graphic file (type eps)

<../../../barcodes/inventory/14R3722:0026805.eps>
File: ../../../barcodes/inventory/14R205:S0000207.eps Graphic file (type eps)

<../../../barcodes/inventory/14R205:S0000207.eps>
File: ../../../barcodes/inventory/14R3722:0026805.eps Graphic file (type eps)

<../../../barcodes/inventory/14R3722:0026805.eps>
File: ../../../barcodes/inventory/14R205:S0000209.eps Graphic file (type eps)

<../../../barcodes/inventory/14R205:S0000209.eps>
File: ../../../barcodes/inventory/14R4308:0026010.eps Graphic file (type eps)

<../../../barcodes/inventory/14R4308:0026010.eps>
File: ../../../barcodes/inventory/14R205:S0000219.eps Graphic file (type eps)

<../../../barcodes/inventory/14R205:S0000219.eps>
File: ../../../barcodes/inventory/14R4275:0020311.eps Graphic file (type eps)

<../../../barcodes/inventory/14R4275:0020311.eps>
File: ../../../barcodes/inventory/14R205:S0000303.eps Graphic file (type eps)

<../../../barcodes/inventory/14R205:S0000303.eps>
File: ../../../barcodes/inventory/14R4287:0022003.eps Graphic file (type eps)

<../../../barcodes/inventory/14R4287:0022003.eps>
File: ../../../barcodes/inventory/14R205:S0000305.eps Graphic file (type eps)

<../../../barcodes/inventory/14R205:S0000305.eps>
File: ../../../barcodes/inventory/14R4209:0005418.eps Graphic file (type eps)

<../../../barcodes/inventory/14R4209:0005418.eps>
File: ../../../barcodes/inventory/14R205:S0000309.eps Graphic file (type eps)

<../../../barcodes/inventory/14R205:S0000309.eps>
File: ../../../barcodes/inventory/14R4209:0005418.eps Graphic file (type eps)

<../../../barcodes/inventory/14R4209:0005418.eps>
File: ../../../barcodes/inventory/14R205:S0000403.eps Graphic file (type eps)

<../../../barcodes/inventory/14R205:S0000403.eps>
File: ../../../barcodes/inventory/14R4303:0024904.eps Graphic file (type eps)

<../../../barcodes/inventory/14R4303:0024904.eps>
Overfull \hbox (17.62177pt too wide) in paragraph at lines 524--525
[][] 
 []

[7]
File: ../../../barcodes/inventory/14R205:S0000406.eps Graphic file (type eps)
 <../../../barcodes/inventory/14R205:S0000406.eps>
File: ../../../barcodes/inventory/14R4303:0024902.eps Graphic file (type eps)

<../../../barcodes/inventory/14R4303:0024902.eps>
File: ../../../barcodes/inventory/14R205:S0000413.eps Graphic file (type eps)

<../../../barcodes/inventory/14R205:S0000413.eps>
File: ../../../barcodes/inventory/14R4159:0021806.eps Graphic file (type eps)

<../../../barcodes/inventory/14R4159:0021806.eps>
File: ../../../barcodes/inventory/14R205:S0000418.eps Graphic file (type eps)

<../../../barcodes/inventory/14R205:S0000418.eps>
File: ../../../barcodes/inventory/14R4236:0017202.eps Graphic file (type eps)

<../../../barcodes/inventory/14R4236:0017202.eps>
File: ../../../barcodes/inventory/14R205:S0000419.eps Graphic file (type eps)

<../../../barcodes/inventory/14R205:S0000419.eps>
File: ../../../barcodes/inventory/14R4007:0023204.eps Graphic file (type eps)

<../../../barcodes/inventory/14R4007:0023204.eps>
File: ../../../barcodes/inventory/14R205:S0000504.eps Graphic file (type eps)

<../../../barcodes/inventory/14R205:S0000504.eps>
File: ../../../barcodes/inventory/14R3722:0026809.eps Graphic file (type eps)

<../../../barcodes/inventory/14R3722:0026809.eps>
File: ../../../barcodes/inventory/14R205:S0000507.eps Graphic file (type eps)

<../../../barcodes/inventory/14R205:S0000507.eps>
File: ../../../barcodes/inventory/14R4209:0005425.eps Graphic file (type eps)

<../../../barcodes/inventory/14R4209:0005425.eps>
File: ../../../barcodes/inventory/14R205:S0000509.eps Graphic file (type eps)

<../../../barcodes/inventory/14R205:S0000509.eps>
File: ../../../barcodes/inventory/14R4144:0019805.eps Graphic file (type eps)

<../../../barcodes/inventory/14R4144:0019805.eps>
File: ../../../barcodes/inventory/14R205:S0000512.eps Graphic file (type eps)

<../../../barcodes/inventory/14R205:S0000512.eps>
File: ../../../barcodes/inventory/14R4309:0026303.eps Graphic file (type eps)

<../../../barcodes/inventory/14R4309:0026303.eps>
File: ../../../barcodes/inventory/14R205:S0000518.eps Graphic file (type eps)

<../../../barcodes/inventory/14R205:S0000518.eps>
File: ../../../barcodes/inventory/14R4309:0026310.eps Graphic file (type eps)

<../../../barcodes/inventory/14R4309:0026310.eps>
File: ../../../barcodes/inventory/14R205:S0000601.eps Graphic file (type eps)

<../../../barcodes/inventory/14R205:S0000601.eps>
File: ../../../barcodes/inventory/14R4291:0022711.eps Graphic file (type eps)

<../../../barcodes/inventory/14R4291:0022711.eps>
Overfull \hbox (17.62177pt too wide) in paragraph at lines 598--599
[][] 
 []

[8]
File: ../../../barcodes/inventory/14R205:S0000607.eps Graphic file (type eps)
 <../../../barcodes/inventory/14R205:S0000607.eps>
File: ../../../barcodes/inventory/14R4275:0020306.eps Graphic file (type eps)

<../../../barcodes/inventory/14R4275:0020306.eps>
File: ../../../barcodes/inventory/14R205:S0000609.eps Graphic file (type eps)

<../../../barcodes/inventory/14R205:S0000609.eps>
File: ../../../barcodes/inventory/14R4088:0011401.eps Graphic file (type eps)

<../../../barcodes/inventory/14R4088:0011401.eps>
File: ../../../barcodes/inventory/14R205:S0000612.eps Graphic file (type eps)

<../../../barcodes/inventory/14R205:S0000612.eps>
File: ../../../barcodes/inventory/14R4088:0011401.eps Graphic file (type eps)

<../../../barcodes/inventory/14R4088:0011401.eps>
File: ../../../barcodes/inventory/14R205:S0000614.eps Graphic file (type eps)

<../../../barcodes/inventory/14R205:S0000614.eps>
File: ../../../barcodes/inventory/14R4126:0017701.eps Graphic file (type eps)

<../../../barcodes/inventory/14R4126:0017701.eps>
File: ../../../barcodes/inventory/14R205:S0000615.eps Graphic file (type eps)

<../../../barcodes/inventory/14R205:S0000615.eps>
File: ../../../barcodes/inventory/14R4126:0017701.eps Graphic file (type eps)

<../../../barcodes/inventory/14R4126:0017701.eps>
File: ../../../barcodes/inventory/14R205:S0000616.eps Graphic file (type eps)

<../../../barcodes/inventory/14R205:S0000616.eps>
File: ../../../barcodes/inventory/14R4275:0020306.eps Graphic file (type eps)

<../../../barcodes/inventory/14R4275:0020306.eps>
File: ../../../barcodes/inventory/14R205:S0000616.eps Graphic file (type eps)

<../../../barcodes/inventory/14R205:S0000616.eps>
File: ../../../barcodes/inventory/14R4126:0017701.eps Graphic file (type eps)

<../../../barcodes/inventory/14R4126:0017701.eps>
File: ../../../barcodes/inventory/14R205:S0000616.eps Graphic file (type eps)

<../../../barcodes/inventory/14R205:S0000616.eps>
File: ../../../barcodes/inventory/14R4126:0017701.eps Graphic file (type eps)

<../../../barcodes/inventory/14R4126:0017701.eps>
File: ../../../barcodes/inventory/14R205:S0002616.eps Graphic file (type eps)

<../../../barcodes/inventory/14R205:S0002616.eps>
File: ../../../barcodes/inventory/14R4190:0027607.eps Graphic file (type eps)

<../../../barcodes/inventory/14R4190:0027607.eps>
File: ../../../barcodes/inventory/14R305:W0000705.eps Graphic file (type eps)

<../../../barcodes/inventory/14R305:W0000705.eps>
File: ../../../barcodes/inventory/14R4137:0004215.eps Graphic file (type eps)

<../../../barcodes/inventory/14R4137:0004215.eps>
Overfull \hbox (17.62177pt too wide) in paragraph at lines 672--673
[][] 
 []

[9]
File: ../../../barcodes/inventory/14R305:W0000706.eps Graphic file (type eps)
 <../../../barcodes/inventory/14R305:W0000706.eps>
File: ../../../barcodes/inventory/14R4310:0026401.eps Graphic file (type eps)

<../../../barcodes/inventory/14R4310:0026401.eps>
File: ../../../barcodes/inventory/14R305:W0000716.eps Graphic file (type eps)

<../../../barcodes/inventory/14R305:W0000716.eps>
File: ../../../barcodes/inventory/14R4137:0004215.eps Graphic file (type eps)

<../../../barcodes/inventory/14R4137:0004215.eps>
File: ../../../barcodes/inventory/14R305:W0000902.eps Graphic file (type eps)

<../../../barcodes/inventory/14R305:W0000902.eps>
File: ../../../barcodes/inventory/14R4249:0018605.eps Graphic file (type eps)

<../../../barcodes/inventory/14R4249:0018605.eps>
File: ../../../barcodes/inventory/14R305:W0000906.eps Graphic file (type eps)

<../../../barcodes/inventory/14R305:W0000906.eps>
File: ../../../barcodes/inventory/14R4273:0020103.eps Graphic file (type eps)

<../../../barcodes/inventory/14R4273:0020103.eps>
File: ../../../barcodes/inventory/14R305:W0000907.eps Graphic file (type eps)

<../../../barcodes/inventory/14R305:W0000907.eps>
File: ../../../barcodes/inventory/14R4249:0018605.eps Graphic file (type eps)

<../../../barcodes/inventory/14R4249:0018605.eps>
File: ../../../barcodes/inventory/14R305:W0000908.eps Graphic file (type eps)

<../../../barcodes/inventory/14R305:W0000908.eps>
File: ../../../barcodes/inventory/14R4249:0018609.eps Graphic file (type eps)

<../../../barcodes/inventory/14R4249:0018609.eps>
File: ../../../barcodes/inventory/14R305:W0000909.eps Graphic file (type eps)

<../../../barcodes/inventory/14R305:W0000909.eps>
File: ../../../barcodes/inventory/14R4294:0023515.eps Graphic file (type eps)

<../../../barcodes/inventory/14R4294:0023515.eps>
File: ../../../barcodes/inventory/14R305:W0000911.eps Graphic file (type eps)

<../../../barcodes/inventory/14R305:W0000911.eps>
File: ../../../barcodes/inventory/14R4254:0019102.eps Graphic file (type eps)

<../../../barcodes/inventory/14R4254:0019102.eps>
File: ../../../barcodes/inventory/14R305:W0000912.eps Graphic file (type eps)

<../../../barcodes/inventory/14R305:W0000912.eps>
File: ../../../barcodes/inventory/14R3937:0020403.eps Graphic file (type eps)

<../../../barcodes/inventory/14R3937:0020403.eps>
File: ../../../barcodes/inventory/14R305:W0000913.eps Graphic file (type eps)

<../../../barcodes/inventory/14R305:W0000913.eps>
File: ../../../barcodes/inventory/14R4294:0023508.eps Graphic file (type eps)

<../../../barcodes/inventory/14R4294:0023508.eps>
Overfull \hbox (17.62177pt too wide) in paragraph at lines 746--747
[][] 
 []

[10]
File: ../../../barcodes/inventory/14R305:W0000914.eps Graphic file (type eps)
 <../../../barcodes/inventory/14R305:W0000914.eps>
File: ../../../barcodes/inventory/14R4243:0018003.eps Graphic file (type eps)

<../../../barcodes/inventory/14R4243:0018003.eps>
File: ../../../barcodes/inventory/14R305:W0000918.eps Graphic file (type eps)

<../../../barcodes/inventory/14R305:W0000918.eps>
File: ../../../barcodes/inventory/14R4276:0020506.eps Graphic file (type eps)

<../../../barcodes/inventory/14R4276:0020506.eps>
File: ../../../barcodes/inventory/14R305:W0001001.eps Graphic file (type eps)

<../../../barcodes/inventory/14R305:W0001001.eps>
File: ../../../barcodes/inventory/14R3958:0010412.eps Graphic file (type eps)

<../../../barcodes/inventory/14R3958:0010412.eps>
File: ../../../barcodes/inventory/14R305:W0001005.eps Graphic file (type eps)

<../../../barcodes/inventory/14R305:W0001005.eps>
File: ../../../barcodes/inventory/14R3937:0020406.eps Graphic file (type eps)

<../../../barcodes/inventory/14R3937:0020406.eps>
File: ../../../barcodes/inventory/14R305:W0001006.eps Graphic file (type eps)

<../../../barcodes/inventory/14R305:W0001006.eps>
File: ../../../barcodes/inventory/14R4299:0024502.eps Graphic file (type eps)

<../../../barcodes/inventory/14R4299:0024502.eps>
File: ../../../barcodes/inventory/14R305:W0001008.eps Graphic file (type eps)

<../../../barcodes/inventory/14R305:W0001008.eps>
File: ../../../barcodes/inventory/14R4272:0019902.eps Graphic file (type eps)

<../../../barcodes/inventory/14R4272:0019902.eps>
File: ../../../barcodes/inventory/14R305:W0001009.eps Graphic file (type eps)

<../../../barcodes/inventory/14R305:W0001009.eps>
File: ../../../barcodes/inventory/14R4220:0006811.eps Graphic file (type eps)

<../../../barcodes/inventory/14R4220:0006811.eps>
File: ../../../barcodes/inventory/14R305:W0001010.eps Graphic file (type eps)

<../../../barcodes/inventory/14R305:W0001010.eps>
File: ../../../barcodes/inventory/14R4220:0006812.eps Graphic file (type eps)

<../../../barcodes/inventory/14R4220:0006812.eps>
File: ../../../barcodes/inventory/14R305:W0001015.eps Graphic file (type eps)

<../../../barcodes/inventory/14R305:W0001015.eps>
File: ../../../barcodes/inventory/14R4271:0019503.eps Graphic file (type eps)

<../../../barcodes/inventory/14R4271:0019503.eps>
File: ../../../barcodes/inventory/14R305:W0001016.eps Graphic file (type eps)

<../../../barcodes/inventory/14R305:W0001016.eps>
File: ../../../barcodes/inventory/14R4271:0019503.eps Graphic file (type eps)

<../../../barcodes/inventory/14R4271:0019503.eps>
Overfull \hbox (17.62177pt too wide) in paragraph at lines 820--821
[][] 
 []

[11]
File: ../../../barcodes/inventory/14R305:W0002901.eps Graphic file (type eps)
 <../../../barcodes/inventory/14R305:W0002901.eps>
File: ../../../barcodes/inventory/14R4191:0027703.eps Graphic file (type eps)

<../../../barcodes/inventory/14R4191:0027703.eps>
File: ../../../barcodes/inventory/14R305:W0002902.eps Graphic file (type eps)

<../../../barcodes/inventory/14R305:W0002902.eps>
File: ../../../barcodes/inventory/14R4191:0027703.eps Graphic file (type eps)

<../../../barcodes/inventory/14R4191:0027703.eps>
File: ../../../barcodes/inventory/14R305:W0003104.eps Graphic file (type eps)

<../../../barcodes/inventory/14R305:W0003104.eps>
File: ../../../barcodes/inventory/14R4311:0026603.eps Graphic file (type eps)

<../../../barcodes/inventory/14R4311:0026603.eps>
File: ../../../barcodes/inventory/14R305:W0003108.eps Graphic file (type eps)

<../../../barcodes/inventory/14R305:W0003108.eps>
File: ../../../barcodes/inventory/14R4191:0027703.eps Graphic file (type eps)

<../../../barcodes/inventory/14R4191:0027703.eps>
File: ../../../barcodes/inventory/14R305:W0003714.eps Graphic file (type eps)

<../../../barcodes/inventory/14R305:W0003714.eps>
File: ../../../barcodes/inventory/14R4294:0023518.eps Graphic file (type eps)

<../../../barcodes/inventory/14R4294:0023518.eps>
File: ../../../barcodes/inventory/14R305:W0003717.eps Graphic file (type eps)

<../../../barcodes/inventory/14R305:W0003717.eps>
File: ../../../barcodes/inventory/14R4294:0023518.eps Graphic file (type eps)

<../../../barcodes/inventory/14R4294:0023518.eps>
File: ../../../barcodes/inventory/14R305:W0003808.eps Graphic file (type eps)

<../../../barcodes/inventory/14R305:W0003808.eps>
File: ../../../barcodes/inventory/14R4276:0020508.eps Graphic file (type eps)

<../../../barcodes/inventory/14R4276:0020508.eps>
File: ../../../barcodes/inventory/14R405:M0001101.eps Graphic file (type eps)

<../../../barcodes/inventory/14R405:M0001101.eps>
File: ../../../barcodes/inventory/14R4278:0020905.eps Graphic file (type eps)

<../../../barcodes/inventory/14R4278:0020905.eps>
File: ../../../barcodes/inventory/14R405:M0001107.eps Graphic file (type eps)

<../../../barcodes/inventory/14R405:M0001107.eps>
File: ../../../barcodes/inventory/14R3279:0027501.eps Graphic file (type eps)

<../../../barcodes/inventory/14R3279:0027501.eps>
File: ../../../barcodes/inventory/14R405:M0001110.eps Graphic file (type eps)

<../../../barcodes/inventory/14R405:M0001110.eps>
File: ../../../barcodes/inventory/14R3279:0027501.eps Graphic file (type eps)

<../../../barcodes/inventory/14R3279:0027501.eps>
Overfull \hbox (17.62177pt too wide) in paragraph at lines 894--895
[][] 
 []

[12]
File: ../../../barcodes/inventory/14R405:M0001113.eps Graphic file (type eps)
 <../../../barcodes/inventory/14R405:M0001113.eps>
File: ../../../barcodes/inventory/14R4278:0020905.eps Graphic file (type eps)

<../../../barcodes/inventory/14R4278:0020905.eps>
File: ../../../barcodes/inventory/14R405:M0001210.eps Graphic file (type eps)

<../../../barcodes/inventory/14R405:M0001210.eps>
File: ../../../barcodes/inventory/14R4282:0021303.eps Graphic file (type eps)

<../../../barcodes/inventory/14R4282:0021303.eps>
File: ../../../barcodes/inventory/14R405:M0001211.eps Graphic file (type eps)

<../../../barcodes/inventory/14R405:M0001211.eps>
File: ../../../barcodes/inventory/14R4282:0021308.eps Graphic file (type eps)

<../../../barcodes/inventory/14R4282:0021308.eps>
File: ../../../barcodes/inventory/14R405:M0001302.eps Graphic file (type eps)

<../../../barcodes/inventory/14R405:M0001302.eps>
File: ../../../barcodes/inventory/14R4251:0018805.eps Graphic file (type eps)

<../../../barcodes/inventory/14R4251:0018805.eps>
File: ../../../barcodes/inventory/14R405:M0001308.eps Graphic file (type eps)

<../../../barcodes/inventory/14R405:M0001308.eps>
File: ../../../barcodes/inventory/14R4286:0021905.eps Graphic file (type eps)

<../../../barcodes/inventory/14R4286:0021905.eps>
File: ../../../barcodes/inventory/14R405:M0001311.eps Graphic file (type eps)

<../../../barcodes/inventory/14R405:M0001311.eps>
File: ../../../barcodes/inventory/14R4245:0018210.eps Graphic file (type eps)

<../../../barcodes/inventory/14R4245:0018210.eps>
File: ../../../barcodes/inventory/14R405:M0001405.eps Graphic file (type eps)

<../../../barcodes/inventory/14R405:M0001405.eps>
File: ../../../barcodes/inventory/14R4307:0025301.eps Graphic file (type eps)

<../../../barcodes/inventory/14R4307:0025301.eps>
File: ../../../barcodes/inventory/14R405:M0001412.eps Graphic file (type eps)

<../../../barcodes/inventory/14R405:M0001412.eps>
File: ../../../barcodes/inventory/14R4166:0023701.eps Graphic file (type eps)

<../../../barcodes/inventory/14R4166:0023701.eps>
File: ../../../barcodes/inventory/14R405:M0001413.eps Graphic file (type eps)

<../../../barcodes/inventory/14R405:M0001413.eps>
File: ../../../barcodes/inventory/14R4283:0021409.eps Graphic file (type eps)

<../../../barcodes/inventory/14R4283:0021409.eps>
File: ../../../barcodes/inventory/14R405:M0001415.eps Graphic file (type eps)

<../../../barcodes/inventory/14R405:M0001415.eps>
File: ../../../barcodes/inventory/14R4166:0023701.eps Graphic file (type eps)

<../../../barcodes/inventory/14R4166:0023701.eps>
Overfull \hbox (17.62177pt too wide) in paragraph at lines 968--969
[][] 
 []

[13]
File: ../../../barcodes/inventory/14R405:M0001505.eps Graphic file (type eps)
 <../../../barcodes/inventory/14R405:M0001505.eps>
File: ../../../barcodes/inventory/14R4240:0017605.eps Graphic file (type eps)

<../../../barcodes/inventory/14R4240:0017605.eps>
File: ../../../barcodes/inventory/14R405:M0001506.eps Graphic file (type eps)

<../../../barcodes/inventory/14R405:M0001506.eps>
File: ../../../barcodes/inventory/14R4278:0020905.eps Graphic file (type eps)

<../../../barcodes/inventory/14R4278:0020905.eps>
File: ../../../barcodes/inventory/14R405:M0001508.eps Graphic file (type eps)

<../../../barcodes/inventory/14R405:M0001508.eps>
File: ../../../barcodes/inventory/14R4315:0027208.eps Graphic file (type eps)

<../../../barcodes/inventory/14R4315:0027208.eps>
File: ../../../barcodes/inventory/14R405:M0001509.eps Graphic file (type eps)

<../../../barcodes/inventory/14R405:M0001509.eps>
File: ../../../barcodes/inventory/14R4313:0027007.eps Graphic file (type eps)

<../../../barcodes/inventory/14R4313:0027007.eps>
File: ../../../barcodes/inventory/14R405:M0001510.eps Graphic file (type eps)

<../../../barcodes/inventory/14R405:M0001510.eps>
File: ../../../barcodes/inventory/14R4313:0027007.eps Graphic file (type eps)

<../../../barcodes/inventory/14R4313:0027007.eps>
File: ../../../barcodes/inventory/14R405:M0001511.eps Graphic file (type eps)

<../../../barcodes/inventory/14R405:M0001511.eps>
File: ../../../barcodes/inventory/14R4315:0027203.eps Graphic file (type eps)

<../../../barcodes/inventory/14R4315:0027203.eps>
File: ../../../barcodes/inventory/14R405:M0001512.eps Graphic file (type eps)

<../../../barcodes/inventory/14R405:M0001512.eps>
File: ../../../barcodes/inventory/14R4315:0027205.eps Graphic file (type eps)

<../../../barcodes/inventory/14R4315:0027205.eps>
File: ../../../barcodes/inventory/14R405:M0001513.eps Graphic file (type eps)

<../../../barcodes/inventory/14R405:M0001513.eps>
File: ../../../barcodes/inventory/14R4124:0016907.eps Graphic file (type eps)

<../../../barcodes/inventory/14R4124:0016907.eps>
File: ../../../barcodes/inventory/14R405:M0001514.eps Graphic file (type eps)

<../../../barcodes/inventory/14R405:M0001514.eps>
File: ../../../barcodes/inventory/14R4124:0016907.eps Graphic file (type eps)

<../../../barcodes/inventory/14R4124:0016907.eps>
File: ../../../barcodes/inventory/14R405:M0001516.eps Graphic file (type eps)

<../../../barcodes/inventory/14R405:M0001516.eps>
File: ../../../barcodes/inventory/14R4282:0021304.eps Graphic file (type eps)

<../../../barcodes/inventory/14R4282:0021304.eps>
Overfull \hbox (17.62177pt too wide) in paragraph at lines 1042--1043
[][] 
 []

[14]
File: ../../../barcodes/inventory/14R405:M0001517.eps Graphic file (type eps)
 <../../../barcodes/inventory/14R405:M0001517.eps>
File: ../../../barcodes/inventory/14R4283:0021409.eps Graphic file (type eps)

<../../../barcodes/inventory/14R4283:0021409.eps>
File: ../../../barcodes/inventory/14R405:M0001601.eps Graphic file (type eps)

<../../../barcodes/inventory/14R405:M0001601.eps>
File: ../../../barcodes/inventory/14R4077:0007405.eps Graphic file (type eps)

<../../../barcodes/inventory/14R4077:0007405.eps>
File: ../../../barcodes/inventory/14R405:M0001603.eps Graphic file (type eps)

<../../../barcodes/inventory/14R405:M0001603.eps>
File: ../../../barcodes/inventory/14R4304:0025007.eps Graphic file (type eps)

<../../../barcodes/inventory/14R4304:0025007.eps>
File: ../../../barcodes/inventory/14R405:M0001604.eps Graphic file (type eps)

<../../../barcodes/inventory/14R405:M0001604.eps>
File: ../../../barcodes/inventory/14R4304:0025007.eps Graphic file (type eps)

<../../../barcodes/inventory/14R4304:0025007.eps>
File: ../../../barcodes/inventory/14R405:M0001605.eps Graphic file (type eps)

<../../../barcodes/inventory/14R405:M0001605.eps>
File: ../../../barcodes/inventory/14R4304:0025007.eps Graphic file (type eps)

<../../../barcodes/inventory/14R4304:0025007.eps>
File: ../../../barcodes/inventory/14R405:M0001606.eps Graphic file (type eps)

<../../../barcodes/inventory/14R405:M0001606.eps>
File: ../../../barcodes/inventory/14R4166:0023709.eps Graphic file (type eps)

<../../../barcodes/inventory/14R4166:0023709.eps>
File: ../../../barcodes/inventory/14R405:M0001702.eps Graphic file (type eps)

<../../../barcodes/inventory/14R405:M0001702.eps>
File: ../../../barcodes/inventory/14R4286:0021911.eps Graphic file (type eps)

<../../../barcodes/inventory/14R4286:0021911.eps>
File: ../../../barcodes/inventory/14R405:M0001704.eps Graphic file (type eps)

<../../../barcodes/inventory/14R405:M0001704.eps>
File: ../../../barcodes/inventory/14R4271:0019513.eps Graphic file (type eps)

<../../../barcodes/inventory/14R4271:0019513.eps>
File: ../../../barcodes/inventory/14R405:M0001710.eps Graphic file (type eps)

<../../../barcodes/inventory/14R405:M0001710.eps>
File: ../../../barcodes/inventory/14R4286:0021909.eps Graphic file (type eps)

<../../../barcodes/inventory/14R4286:0021909.eps>
File: ../../../barcodes/inventory/14R405:M0001711.eps Graphic file (type eps)

<../../../barcodes/inventory/14R405:M0001711.eps>
File: ../../../barcodes/inventory/14R4271:0019507.eps Graphic file (type eps)

<../../../barcodes/inventory/14R4271:0019507.eps>
Overfull \hbox (17.62177pt too wide) in paragraph at lines 1116--1117
[][] 
 []

[15]
File: ../../../barcodes/inventory/14R405:M0001808.eps Graphic file (type eps)
 <../../../barcodes/inventory/14R405:M0001808.eps>
File: ../../../barcodes/inventory/14R4296:0024014.eps Graphic file (type eps)

<../../../barcodes/inventory/14R4296:0024014.eps>
File: ../../../barcodes/inventory/14R405:M0001815.eps Graphic file (type eps)

<../../../barcodes/inventory/14R405:M0001815.eps>
File: ../../../barcodes/inventory/14R4313:0027007.eps Graphic file (type eps)

<../../../barcodes/inventory/14R4313:0027007.eps>
File: ../../../barcodes/inventory/14R405:M0003305.eps Graphic file (type eps)

<../../../barcodes/inventory/14R405:M0003305.eps>
File: ../../../barcodes/inventory/14R4302:0024808.eps Graphic file (type eps)

<../../../barcodes/inventory/14R4302:0024808.eps>
File: ../../../barcodes/inventory/14R405:M0003306.eps Graphic file (type eps)

<../../../barcodes/inventory/14R405:M0003306.eps>
File: ../../../barcodes/inventory/14R4285:0021608.eps Graphic file (type eps)

<../../../barcodes/inventory/14R4285:0021608.eps>
File: ../../../barcodes/inventory/14R405:M0003405.eps Graphic file (type eps)

<../../../barcodes/inventory/14R405:M0003405.eps>
File: ../../../barcodes/inventory/14R4285:0021608.eps Graphic file (type eps)

<../../../barcodes/inventory/14R4285:0021608.eps>
File: ../../../barcodes/inventory/14R405:M0003903.eps Graphic file (type eps)

<../../../barcodes/inventory/14R405:M0003903.eps>
File: ../../../barcodes/inventory/14R4162:0022908.eps Graphic file (type eps)

<../../../barcodes/inventory/14R4162:0022908.eps>
File: ../../../barcodes/inventory/14R405:M0004006.eps Graphic file (type eps)

<../../../barcodes/inventory/14R405:M0004006.eps>
File: ../../../barcodes/inventory/14R3742:0004917.eps Graphic file (type eps)

<../../../barcodes/inventory/14R3742:0004917.eps>
File: ../../../barcodes/inventory/14R505:B0001901.eps Graphic file (type eps)

<../../../barcodes/inventory/14R505:B0001901.eps>
File: ../../../barcodes/inventory/14R4258:0010901.eps Graphic file (type eps)

<../../../barcodes/inventory/14R4258:0010901.eps>
File: ../../../barcodes/inventory/14R505:B0002002.eps Graphic file (type eps)

<../../../barcodes/inventory/14R505:B0002002.eps>
File: ../../../barcodes/inventory/14R4038:0014713.eps Graphic file (type eps)

<../../../barcodes/inventory/14R4038:0014713.eps>
File: ../../../barcodes/inventory/14R505:B0002005.eps Graphic file (type eps)

<../../../barcodes/inventory/14R505:B0002005.eps>
File: ../../../barcodes/inventory/14R3995:0012708.eps Graphic file (type eps)

<../../../barcodes/inventory/14R3995:0012708.eps>
Overfull \hbox (17.62177pt too wide) in paragraph at lines 1190--1191
[][] 
 []

[16]
File: ../../../barcodes/inventory/14R505:B0002006.eps Graphic file (type eps)
 <../../../barcodes/inventory/14R505:B0002006.eps>
File: ../../../barcodes/inventory/14R4095:0013111.eps Graphic file (type eps)

<../../../barcodes/inventory/14R4095:0013111.eps>
File: ../../../barcodes/inventory/14R505:B0002013.eps Graphic file (type eps)

<../../../barcodes/inventory/14R505:B0002013.eps>
File: ../../../barcodes/inventory/14R4227:0009211.eps Graphic file (type eps)

<../../../barcodes/inventory/14R4227:0009211.eps>
File: ../../../barcodes/inventory/14R505:B0002014.eps Graphic file (type eps)

<../../../barcodes/inventory/14R505:B0002014.eps>
File: ../../../barcodes/inventory/14R4259:0011001.eps Graphic file (type eps)

<../../../barcodes/inventory/14R4259:0011001.eps>
File: ../../../barcodes/inventory/14R505:B0002109.eps Graphic file (type eps)

<../../../barcodes/inventory/14R505:B0002109.eps>
File: ../../../barcodes/inventory/14R4078:0007502.eps Graphic file (type eps)

<../../../barcodes/inventory/14R4078:0007502.eps>
File: ../../../barcodes/inventory/14R505:B0002110.eps Graphic file (type eps)

<../../../barcodes/inventory/14R505:B0002110.eps>
File: ../../../barcodes/inventory/14R4269:0015007.eps Graphic file (type eps)

<../../../barcodes/inventory/14R4269:0015007.eps>
File: ../../../barcodes/inventory/14R505:B0002111.eps Graphic file (type eps)

<../../../barcodes/inventory/14R505:B0002111.eps>
File: ../../../barcodes/inventory/14R4267:0014611.eps Graphic file (type eps)

<../../../barcodes/inventory/14R4267:0014611.eps>
File: ../../../barcodes/inventory/14R505:B0002114.eps Graphic file (type eps)

<../../../barcodes/inventory/14R505:B0002114.eps>
File: ../../../barcodes/inventory/14R4270:0015106.eps Graphic file (type eps)

<../../../barcodes/inventory/14R4270:0015106.eps>
File: ../../../barcodes/inventory/14R505:B0002202.eps Graphic file (type eps)

<../../../barcodes/inventory/14R505:B0002202.eps>
File: ../../../barcodes/inventory/14R4267:0014611.eps Graphic file (type eps)

<../../../barcodes/inventory/14R4267:0014611.eps>
File: ../../../barcodes/inventory/14R505:B0002203.eps Graphic file (type eps)

<../../../barcodes/inventory/14R505:B0002203.eps>
File: ../../../barcodes/inventory/14R4270:0015106.eps Graphic file (type eps)

<../../../barcodes/inventory/14R4270:0015106.eps>
File: ../../../barcodes/inventory/14R505:B0002214.eps Graphic file (type eps)

<../../../barcodes/inventory/14R505:B0002214.eps>
File: ../../../barcodes/inventory/14R4268:0014905.eps Graphic file (type eps)

<../../../barcodes/inventory/14R4268:0014905.eps>
Overfull \hbox (17.62177pt too wide) in paragraph at lines 1264--1265
[][] 
 []

[17]
File: ../../../barcodes/inventory/14R505:B0002215.eps Graphic file (type eps)
 <../../../barcodes/inventory/14R505:B0002215.eps>
File: ../../../barcodes/inventory/14R4268:0014905.eps Graphic file (type eps)

<../../../barcodes/inventory/14R4268:0014905.eps>
File: ../../../barcodes/inventory/14R505:B0002302.eps Graphic file (type eps)

<../../../barcodes/inventory/14R505:B0002302.eps>
File: ../../../barcodes/inventory/14R4090:0011711.eps Graphic file (type eps)

<../../../barcodes/inventory/14R4090:0011711.eps>
File: ../../../barcodes/inventory/14R505:B0002314.eps Graphic file (type eps)

<../../../barcodes/inventory/14R505:B0002314.eps>
File: ../../../barcodes/inventory/14R4080:0008505.eps Graphic file (type eps)

<../../../barcodes/inventory/14R4080:0008505.eps>
File: ../../../barcodes/inventory/14R505:B0002417.eps Graphic file (type eps)

<../../../barcodes/inventory/14R505:B0002417.eps>
File: ../../../barcodes/inventory/14R4074:0006611.eps Graphic file (type eps)

<../../../barcodes/inventory/14R4074:0006611.eps>
File: ../../../barcodes/inventory/14R505:B0002505.eps Graphic file (type eps)

<../../../barcodes/inventory/14R505:B0002505.eps>
File: ../../../barcodes/inventory/14R4264:0013209.eps Graphic file (type eps)

<../../../barcodes/inventory/14R4264:0013209.eps>
File: ../../../barcodes/inventory/14R505:B0002506.eps Graphic file (type eps)

<../../../barcodes/inventory/14R505:B0002506.eps>
File: ../../../barcodes/inventory/14R4264:0013209.eps Graphic file (type eps)

<../../../barcodes/inventory/14R4264:0013209.eps>
File: ../../../barcodes/inventory/14R505:B0002507.eps Graphic file (type eps)

<../../../barcodes/inventory/14R505:B0002507.eps>
File: ../../../barcodes/inventory/14R4264:0013209.eps Graphic file (type eps)

<../../../barcodes/inventory/14R4264:0013209.eps>
File: ../../../barcodes/inventory/14R505:B0002508.eps Graphic file (type eps)

<../../../barcodes/inventory/14R505:B0002508.eps>
File: ../../../barcodes/inventory/14R4000:0012902.eps Graphic file (type eps)

<../../../barcodes/inventory/14R4000:0012902.eps>
File: ../../../barcodes/inventory/14R505:B0002512.eps Graphic file (type eps)

<../../../barcodes/inventory/14R505:B0002512.eps>
File: ../../../barcodes/inventory/14R3656:0014806.eps Graphic file (type eps)

<../../../barcodes/inventory/14R3656:0014806.eps>
File: ../../../barcodes/inventory/14R505:B0002516.eps Graphic file (type eps)

<../../../barcodes/inventory/14R505:B0002516.eps>
File: ../../../barcodes/inventory/14R4095:0013111.eps Graphic file (type eps)

<../../../barcodes/inventory/14R4095:0013111.eps>
Overfull \hbox (17.62177pt too wide) in paragraph at lines 1338--1339
[][] 
 []

[18]
File: ../../../barcodes/inventory/14R505:B0002518.eps Graphic file (type eps)
 <../../../barcodes/inventory/14R505:B0002518.eps>
File: ../../../barcodes/inventory/14R4095:0013111.eps Graphic file (type eps)

<../../../barcodes/inventory/14R4095:0013111.eps>

! LaTeX Error: \begin{picture} on input line 1342 ended by \end{document}.

See the LaTeX manual or LaTeX Companion for explanation.
Type  H <return>  for immediate help.
 ...                                              
                                                  
l.1366 \end{document}
                     
? r
OK, entering \nonstopmode...
! Missing } inserted.
<inserted text> 
                }
l.1366 \end{document}
                     
I've inserted something that you may have forgotten.
(See the <inserted text> above.)
With luck, this will get me unwedged. But if you
really didn't forget anything, try typing `2' now; then
my insertion and my current dilemma will both disappear.

! Missing } inserted.
<inserted text> 
                }
l.1366 \end{document}
                     
I've inserted something that you may have forgotten.
(See the <inserted text> above.)
With luck, this will get me unwedged. But if you
really didn't forget anything, try typing `2' now; then
my insertion and my current dilemma will both disappear.


Underfull \hbox (badness 10000) detected at line 1366
 []
 []

(./14r_tags_to_replace.aux)

LaTeX Font Warning: Size substitutions with differences
(Font)              up to 5.12pt have occurred.

 )
(\end occurred inside a group at level 1)

### semi simple group (level 1) entered at line 1342 (\begingroup)
### bottom level 
Here is how much of TeX's memory you used:
 1731 strings out of 493572
 32805 string characters out of 3145774
 81413 words of memory out of 3000000
 4771 multiletter control sequences out of 15000+200000
 7657 words of font info for 28 fonts, out of 3000000 for 9000
 957 hyphenation exceptions out of 8191
 27i,10n,22p,241b,214s stack positions out of 5000i,500n,10000p,200000b,50000s

Output written on 14r_tags_to_replace.dvi (18 pages, 327816 bytes).
