This is pdfTeX, Version 3.1415926-2.4-1.40.13 (TeX Live 2012) (format=latex 2012.12.21)  21 MAY 2017 15:29
entering extended mode
 restricted \write18 enabled.
 %&-line parsing enabled.
**16r_tags_to_replace
(./16r_tags_to_replace.tex
LaTeX2e <2011/06/27>
Babel <v3.8m> and hyphenation patterns for english, dumylang, nohyphenation, ge
rman-x-2012-05-30, ngerman-x-2012-05-30, ancientgreek, ibycus, basque, catalan,
 croatian, danish, dutch, ukenglish, usenglishmax, french, galician, german, ng
erman, swissgerman, monogreek, greek, italian, latin, bokmal, nynorsk, spanish,
 swedish, loaded.
(/usr/local/texlive/2012/texmf-dist/tex/latex/base/article.cls
Document Class: article 2007/10/19 v1.4h Standard LaTeX document class
(/usr/local/texlive/2012/texmf-dist/tex/latex/base/size12.clo
File: size12.clo 2007/10/19 v1.4h Standard LaTeX file (size option)
)
\c@part=\count79
\c@section=\count80
\c@subsection=\count81
\c@subsubsection=\count82
\c@paragraph=\count83
\c@subparagraph=\count84
\c@figure=\count85
\c@table=\count86
\abovecaptionskip=\skip41
\belowcaptionskip=\skip42
\bibindent=\dimen102
)
(/usr/local/texlive/2012/texmf-dist/tex/latex/graphics/graphics.sty
Package: graphics 2009/02/05 v1.0o Standard LaTeX Graphics (DPC,SPQR)

(/usr/local/texlive/2012/texmf-dist/tex/latex/graphics/trig.sty
Package: trig 1999/03/16 v1.09 sin cos tan (DPC)
)
(/usr/local/texlive/2012/texmf-dist/tex/latex/latexconfig/graphics.cfg
File: graphics.cfg 2010/04/23 v1.9 graphics configuration of TeX Live
)
Package graphics Info: Driver file: dvips.def on input line 91.

(/usr/local/texlive/2012/texmf-dist/tex/latex/graphics/dvips.def
File: dvips.def 1999/02/16 v3.0i Driver-dependant file (DPC,SPQR)
))
(/usr/local/texlive/2012/texmf-dist/tex/latex/graphics/graphicx.sty
Package: graphicx 1999/02/16 v1.0f Enhanced LaTeX Graphics (DPC,SPQR)

(/usr/local/texlive/2012/texmf-dist/tex/latex/graphics/keyval.sty
Package: keyval 1999/03/16 v1.13 key=value parser (DPC)
\KV@toks@=\toks14
)
\Gin@req@height=\dimen103
\Gin@req@width=\dimen104
)
(/usr/local/texlive/2012/texmf-dist/tex/latex/base/graphpap.sty
Package: graphpap 1994/08/09 v1.0c Standard LaTeX graphpap package (LL)
)
(/usr/local/texlive/2012/texmf-dist/tex/latex/amsmath/amsmath.sty
Package: amsmath 2000/07/18 v2.13 AMS math features
\@mathmargin=\skip43

For additional information on amsmath, use the `?' option.
(/usr/local/texlive/2012/texmf-dist/tex/latex/amsmath/amstext.sty
Package: amstext 2000/06/29 v2.01

(/usr/local/texlive/2012/texmf-dist/tex/latex/amsmath/amsgen.sty
File: amsgen.sty 1999/11/30 v2.0
\@emptytoks=\toks15
\ex@=\dimen105
))
(/usr/local/texlive/2012/texmf-dist/tex/latex/amsmath/amsbsy.sty
Package: amsbsy 1999/11/29 v1.2d
\pmbraise@=\dimen106
)
(/usr/local/texlive/2012/texmf-dist/tex/latex/amsmath/amsopn.sty
Package: amsopn 1999/12/14 v2.01 operator names
)
\inf@bad=\count87
LaTeX Info: Redefining \frac on input line 211.
\uproot@=\count88
\leftroot@=\count89
LaTeX Info: Redefining \overline on input line 307.
\classnum@=\count90
\DOTSCASE@=\count91
LaTeX Info: Redefining \ldots on input line 379.
LaTeX Info: Redefining \dots on input line 382.
LaTeX Info: Redefining \cdots on input line 467.
\Mathstrutbox@=\box26
\strutbox@=\box27
\big@size=\dimen107
LaTeX Font Info:    Redeclaring font encoding OML on input line 567.
LaTeX Font Info:    Redeclaring font encoding OMS on input line 568.
\macc@depth=\count92
\c@MaxMatrixCols=\count93
\dotsspace@=\muskip10
\c@parentequation=\count94
\dspbrk@lvl=\count95
\tag@help=\toks16
\row@=\count96
\column@=\count97
\maxfields@=\count98
\andhelp@=\toks17
\eqnshift@=\dimen108
\alignsep@=\dimen109
\tagshift@=\dimen110
\tagwidth@=\dimen111
\totwidth@=\dimen112
\lineht@=\dimen113
\@envbody=\toks18
\multlinegap=\skip44
\multlinetaggap=\skip45
\mathdisplay@stack=\toks19
LaTeX Info: Redefining \[ on input line 2666.
LaTeX Info: Redefining \] on input line 2667.
)
(/usr/local/texlive/2012/texmf-dist/tex/latex/multirow/multirow.sty
\bigstrutjot=\dimen114
)
(/usr/local/texlive/2012/../texmf-local/tex/latex/local/tonis/row_stake_margins
.sty) (./16r_tags_to_replace.aux)
\openout1 = `16r_tags_to_replace.aux'.

LaTeX Font Info:    Checking defaults for OML/cmm/m/it on input line 7.
LaTeX Font Info:    ... okay on input line 7.
LaTeX Font Info:    Checking defaults for T1/cmr/m/n on input line 7.
LaTeX Font Info:    ... okay on input line 7.
LaTeX Font Info:    Checking defaults for OT1/cmr/m/n on input line 7.
LaTeX Font Info:    ... okay on input line 7.
LaTeX Font Info:    Checking defaults for OMS/cmsy/m/n on input line 7.
LaTeX Font Info:    ... okay on input line 7.
LaTeX Font Info:    Checking defaults for OMX/cmex/m/n on input line 7.
LaTeX Font Info:    ... okay on input line 7.
LaTeX Font Info:    Checking defaults for U/cmr/m/n on input line 7.
LaTeX Font Info:    ... okay on input line 7.
File: ../../../barcodes/inventory/11N305:W0030810.eps Graphic file (type eps)

<../../../barcodes/inventory/11N305:W0030810.eps>
File: ../../../barcodes/inventory/11N3192:0013803.eps Graphic file (type eps)

<../../../barcodes/inventory/11N3192:0013803.eps>

LaTeX Font Warning: Font shape `OT1/cmr/m/n' in size <30> not available
(Font)              size <24.88> substituted on input line 34.


LaTeX Font Warning: Font shape `OT1/cmr/m/n' in size <13> not available
(Font)              size <12> substituted on input line 34.


LaTeX Font Warning: Font shape `OML/cmm/m/it' in size <30> not available
(Font)              size <24.88> substituted on input line 34.


LaTeX Font Warning: Font shape `OML/cmm/m/it' in size <13> not available
(Font)              size <12> substituted on input line 34.


LaTeX Font Warning: Font shape `OMS/cmsy/m/n' in size <30> not available
(Font)              size <24.88> substituted on input line 34.


LaTeX Font Warning: Font shape `OMS/cmsy/m/n' in size <13> not available
(Font)              size <12> substituted on input line 34.


LaTeX Font Warning: Font shape `OMX/cmex/m/n' in size <30> not available
(Font)              size <24.88> substituted on input line 34.


LaTeX Font Warning: Font shape `OMX/cmex/m/n' in size <13> not available
(Font)              size <12> substituted on input line 34.

File: ../../../barcodes/inventory/11N305:W0039501.eps Graphic file (type eps)
<../../../barcodes/inventory/11N305:W0039501.eps>
File: ../../../barcodes/inventory/11N3192:0013810.eps Graphic file (type eps)

<../../../barcodes/inventory/11N3192:0013810.eps>
File: ../../../barcodes/inventory/12R405:M0008203.eps Graphic file (type eps)

<../../../barcodes/inventory/12R405:M0008203.eps>
File: ../../../barcodes/inventory/12R3645:0030503.eps Graphic file (type eps)

<../../../barcodes/inventory/12R3645:0030503.eps>
File: ../../../barcodes/inventory/12R405:M0010820.eps Graphic file (type eps)

<../../../barcodes/inventory/12R405:M0010820.eps>
File: ../../../barcodes/inventory/12R3242:0030209.eps Graphic file (type eps)

<../../../barcodes/inventory/12R3242:0030209.eps>
File: ../../../barcodes/inventory/14R205:S0000215.eps Graphic file (type eps)

<../../../barcodes/inventory/14R205:S0000215.eps>
File: ../../../barcodes/inventory/14R4229:0009701.eps Graphic file (type eps)

<../../../barcodes/inventory/14R4229:0009701.eps>
File: ../../../barcodes/inventory/15R4340:0006601.eps Graphic file (type eps)

<../../../barcodes/inventory/15R4340:0006601.eps>
File: ../../../barcodes/inventory/15R4340:0006601.eps Graphic file (type eps)

<../../../barcodes/inventory/15R4340:0006601.eps>
File: ../../../barcodes/inventory/15R4370:0006703.eps Graphic file (type eps)

<../../../barcodes/inventory/15R4370:0006703.eps>
File: ../../../barcodes/inventory/15R4370:0006703.eps Graphic file (type eps)

<../../../barcodes/inventory/15R4370:0006703.eps>
File: ../../../barcodes/inventory/15R205:S0002306.eps Graphic file (type eps)

<../../../barcodes/inventory/15R205:S0002306.eps>
File: ../../../barcodes/inventory/15R4403:0015507.eps Graphic file (type eps)

<../../../barcodes/inventory/15R4403:0015507.eps>
File: ../../../barcodes/inventory/15R305:W0000701.eps Graphic file (type eps)

<../../../barcodes/inventory/15R305:W0000701.eps>
File: ../../../barcodes/inventory/15R4363:0017408.eps Graphic file (type eps)

<../../../barcodes/inventory/15R4363:0017408.eps>
File: ../../../barcodes/inventory/15R305:W0000704.eps Graphic file (type eps)

<../../../barcodes/inventory/15R305:W0000704.eps>
File: ../../../barcodes/inventory/15R4363:0017408.eps Graphic file (type eps)

<../../../barcodes/inventory/15R4363:0017408.eps>
Overfull \hbox (17.62177pt too wide) in paragraph at lines 90--91
[][] 
 []

[1

]
File: ../../../barcodes/inventory/15R305:W0000906.eps Graphic file (type eps)
 <../../../barcodes/inventory/15R305:W0000906.eps>
File: ../../../barcodes/inventory/15R4351:0010005.eps Graphic file (type eps)

<../../../barcodes/inventory/15R4351:0010005.eps>
File: ../../../barcodes/inventory/15R305:W0003003.eps Graphic file (type eps)

<../../../barcodes/inventory/15R305:W0003003.eps>
File: ../../../barcodes/inventory/15R4402:0015101.eps Graphic file (type eps)

<../../../barcodes/inventory/15R4402:0015101.eps>
File: ../../../barcodes/inventory/15R405:M0001101.eps Graphic file (type eps)

<../../../barcodes/inventory/15R405:M0001101.eps>
File: ../../../barcodes/inventory/15R4353:0011002.eps Graphic file (type eps)

<../../../barcodes/inventory/15R4353:0011002.eps>
File: ../../../barcodes/inventory/15R405:M0001101.eps Graphic file (type eps)

<../../../barcodes/inventory/15R405:M0001101.eps>
File: ../../../barcodes/inventory/15R4353:0011002.eps Graphic file (type eps)

<../../../barcodes/inventory/15R4353:0011002.eps>
File: ../../../barcodes/inventory/15R405:M0001310.eps Graphic file (type eps)

<../../../barcodes/inventory/15R405:M0001310.eps>
File: ../../../barcodes/inventory/15R4401:0014902.eps Graphic file (type eps)

<../../../barcodes/inventory/15R4401:0014902.eps>
File: ../../../barcodes/inventory/15R405:M0001619.eps Graphic file (type eps)

<../../../barcodes/inventory/15R405:M0001619.eps>
File: ../../../barcodes/inventory/15R1715:0015202.eps Graphic file (type eps)

<../../../barcodes/inventory/15R1715:0015202.eps>
File: ../../../barcodes/inventory/15R405:M0003307.eps Graphic file (type eps)

<../../../barcodes/inventory/15R405:M0003307.eps>
File: ../../../barcodes/inventory/15R2931:0016704.eps Graphic file (type eps)

<../../../barcodes/inventory/15R2931:0016704.eps>
File: ../../../barcodes/inventory/15R405:M0003505.eps Graphic file (type eps)

<../../../barcodes/inventory/15R405:M0003505.eps>
File: ../../../barcodes/inventory/15R0685:0009103.eps Graphic file (type eps)

<../../../barcodes/inventory/15R0685:0009103.eps>
File: ../../../barcodes/inventory/15R405:M0003507.eps Graphic file (type eps)

<../../../barcodes/inventory/15R405:M0003507.eps>
File: ../../../barcodes/inventory/15R0685:0009107.eps Graphic file (type eps)

<../../../barcodes/inventory/15R0685:0009107.eps>
File: ../../../barcodes/inventory/16R4466:0004206.eps Graphic file (type eps)

<../../../barcodes/inventory/16R4466:0004206.eps>
File: ../../../barcodes/inventory/16R4466:0004206.eps Graphic file (type eps)

<../../../barcodes/inventory/16R4466:0004206.eps>
Overfull \hbox (17.62177pt too wide) in paragraph at lines 174--175
[][] 
 []

[2]
File: ../../../barcodes/inventory/16R4466:0004207.eps Graphic file (type eps)
 <../../../barcodes/inventory/16R4466:0004207.eps>
File: ../../../barcodes/inventory/16R4466:0004207.eps Graphic file (type eps)

<../../../barcodes/inventory/16R4466:0004207.eps>
File: ../../../barcodes/inventory/16R4466:0004213.eps Graphic file (type eps)

<../../../barcodes/inventory/16R4466:0004213.eps>
File: ../../../barcodes/inventory/16R4466:0004213.eps Graphic file (type eps)

<../../../barcodes/inventory/16R4466:0004213.eps>
File: ../../../barcodes/inventory/16R4484:0006011.eps Graphic file (type eps)

<../../../barcodes/inventory/16R4484:0006011.eps>
File: ../../../barcodes/inventory/16R4484:0006011.eps Graphic file (type eps)

<../../../barcodes/inventory/16R4484:0006011.eps>
File: ../../../barcodes/inventory/16R4484:0006012.eps Graphic file (type eps)

<../../../barcodes/inventory/16R4484:0006012.eps>
File: ../../../barcodes/inventory/16R4484:0006012.eps Graphic file (type eps)

<../../../barcodes/inventory/16R4484:0006012.eps>
File: ../../../barcodes/inventory/16R4488:0006401.eps Graphic file (type eps)

<../../../barcodes/inventory/16R4488:0006401.eps>
File: ../../../barcodes/inventory/16R4488:0006401.eps Graphic file (type eps)

<../../../barcodes/inventory/16R4488:0006401.eps>
File: ../../../barcodes/inventory/16R4488:0006403.eps Graphic file (type eps)

<../../../barcodes/inventory/16R4488:0006403.eps>
File: ../../../barcodes/inventory/16R4488:0006403.eps Graphic file (type eps)

<../../../barcodes/inventory/16R4488:0006403.eps>
File: ../../../barcodes/inventory/16R4488:0006404.eps Graphic file (type eps)

<../../../barcodes/inventory/16R4488:0006404.eps>
File: ../../../barcodes/inventory/16R4488:0006404.eps Graphic file (type eps)

<../../../barcodes/inventory/16R4488:0006404.eps>
File: ../../../barcodes/inventory/16R4488:0006409.eps Graphic file (type eps)

<../../../barcodes/inventory/16R4488:0006409.eps>
File: ../../../barcodes/inventory/16R4488:0006409.eps Graphic file (type eps)

<../../../barcodes/inventory/16R4488:0006409.eps>
File: ../../../barcodes/inventory/16R4488:0006414.eps Graphic file (type eps)

<../../../barcodes/inventory/16R4488:0006414.eps>
File: ../../../barcodes/inventory/16R4488:0006414.eps Graphic file (type eps)

<../../../barcodes/inventory/16R4488:0006414.eps>
File: ../../../barcodes/inventory/16R4086:0007611.eps Graphic file (type eps)

<../../../barcodes/inventory/16R4086:0007611.eps>
File: ../../../barcodes/inventory/16R4086:0007610.eps Graphic file (type eps)

<../../../barcodes/inventory/16R4086:0007610.eps>
Overfull \hbox (17.62177pt too wide) in paragraph at lines 258--259
[][] 
 []

[3]
File: ../../../barcodes/inventory/16R6880:0014805.eps Graphic file (type eps)
 <../../../barcodes/inventory/16R6880:0014805.eps>
File: ../../../barcodes/inventory/16R6880:0014805.eps Graphic file (type eps)

<../../../barcodes/inventory/16R6880:0014805.eps>
File: ../../../barcodes/inventory/16R6880:0014805.eps Graphic file (type eps)

<../../../barcodes/inventory/16R6880:0014805.eps>
File: ../../../barcodes/inventory/16R6880:0014805.eps Graphic file (type eps)

<../../../barcodes/inventory/16R6880:0014805.eps>
File: ../../../barcodes/inventory/16R6890:0014910.eps Graphic file (type eps)

<../../../barcodes/inventory/16R6890:0014910.eps>
File: ../../../barcodes/inventory/16R6890:0014910.eps Graphic file (type eps)

<../../../barcodes/inventory/16R6890:0014910.eps>
File: ../../../barcodes/inventory/16R6890:0014913.eps Graphic file (type eps)

<../../../barcodes/inventory/16R6890:0014913.eps>
File: ../../../barcodes/inventory/16R6890:0014913.eps Graphic file (type eps)

<../../../barcodes/inventory/16R6890:0014913.eps>
File: ../../../barcodes/inventory/16R6910:0015109.eps Graphic file (type eps)

<../../../barcodes/inventory/16R6910:0015109.eps>
File: ../../../barcodes/inventory/16R6910:0015109.eps Graphic file (type eps)

<../../../barcodes/inventory/16R6910:0015109.eps>
File: ../../../barcodes/inventory/16R205:S0001102.eps Graphic file (type eps)

<../../../barcodes/inventory/16R205:S0001102.eps>
File: ../../../barcodes/inventory/16R4507:0010903.eps Graphic file (type eps)

<../../../barcodes/inventory/16R4507:0010903.eps>
File: ../../../barcodes/inventory/16R205:S0001103.eps Graphic file (type eps)

<../../../barcodes/inventory/16R205:S0001103.eps>
File: ../../../barcodes/inventory/16R6970:0015710.eps Graphic file (type eps)

<../../../barcodes/inventory/16R6970:0015710.eps>
File: ../../../barcodes/inventory/16R205:S0001105.eps Graphic file (type eps)

<../../../barcodes/inventory/16R205:S0001105.eps>
File: ../../../barcodes/inventory/16R4507:0010905.eps Graphic file (type eps)

<../../../barcodes/inventory/16R4507:0010905.eps>
File: ../../../barcodes/inventory/16R205:S0001301.eps Graphic file (type eps)

<../../../barcodes/inventory/16R205:S0001301.eps>
File: ../../../barcodes/inventory/16R4390:0010611.eps Graphic file (type eps)

<../../../barcodes/inventory/16R4390:0010611.eps>
File: ../../../barcodes/inventory/16R205:S0001314.eps Graphic file (type eps)

<../../../barcodes/inventory/16R205:S0001314.eps>
File: ../../../barcodes/inventory/16R4478:0005401.eps Graphic file (type eps)

<../../../barcodes/inventory/16R4478:0005401.eps>
Overfull \hbox (17.62177pt too wide) in paragraph at lines 342--343
[][] 
 []

[4]
File: ../../../barcodes/inventory/16R205:S0002612.eps Graphic file (type eps)
 <../../../barcodes/inventory/16R205:S0002612.eps>
File: ../../../barcodes/inventory/16R6930:0015304.eps Graphic file (type eps)

<../../../barcodes/inventory/16R6930:0015304.eps>
File: ../../../barcodes/inventory/16R205:S0002715.eps Graphic file (type eps)

<../../../barcodes/inventory/16R205:S0002715.eps>
File: ../../../barcodes/inventory/16R4519:0012802.eps Graphic file (type eps)

<../../../barcodes/inventory/16R4519:0012802.eps>
File: ../../../barcodes/inventory/16R305:W0001405.eps Graphic file (type eps)

<../../../barcodes/inventory/16R305:W0001405.eps>
File: ../../../barcodes/inventory/16R4467:0004307.eps Graphic file (type eps)

<../../../barcodes/inventory/16R4467:0004307.eps>
File: ../../../barcodes/inventory/16R305:W0001408.eps Graphic file (type eps)

<../../../barcodes/inventory/16R305:W0001408.eps>
File: ../../../barcodes/inventory/16R4470:0004603.eps Graphic file (type eps)

<../../../barcodes/inventory/16R4470:0004603.eps>
File: ../../../barcodes/inventory/16R305:W0001411.eps Graphic file (type eps)

<../../../barcodes/inventory/16R305:W0001411.eps>
File: ../../../barcodes/inventory/16R4393:0009910.eps Graphic file (type eps)

<../../../barcodes/inventory/16R4393:0009910.eps>
File: ../../../barcodes/inventory/16R305:W0001412.eps Graphic file (type eps)

<../../../barcodes/inventory/16R305:W0001412.eps>
File: ../../../barcodes/inventory/16R4393:0009908.eps Graphic file (type eps)

<../../../barcodes/inventory/16R4393:0009908.eps>
File: ../../../barcodes/inventory/16R305:W0001414.eps Graphic file (type eps)

<../../../barcodes/inventory/16R305:W0001414.eps>
File: ../../../barcodes/inventory/16R4393:0009904.eps Graphic file (type eps)

<../../../barcodes/inventory/16R4393:0009904.eps>
File: ../../../barcodes/inventory/16R305:W0001506.eps Graphic file (type eps)

<../../../barcodes/inventory/16R305:W0001506.eps>
File: ../../../barcodes/inventory/16R4473:0004904.eps Graphic file (type eps)

<../../../barcodes/inventory/16R4473:0004904.eps>
File: ../../../barcodes/inventory/16R305:W0001509.eps Graphic file (type eps)

<../../../barcodes/inventory/16R305:W0001509.eps>
File: ../../../barcodes/inventory/16R4473:0004904.eps Graphic file (type eps)

<../../../barcodes/inventory/16R4473:0004904.eps>
File: ../../../barcodes/inventory/16R305:W0001510.eps Graphic file (type eps)

<../../../barcodes/inventory/16R305:W0001510.eps>
File: ../../../barcodes/inventory/16R4468:0004403.eps Graphic file (type eps)

<../../../barcodes/inventory/16R4468:0004403.eps>
Overfull \hbox (17.62177pt too wide) in paragraph at lines 426--427
[][] 
 []

[5]
File: ../../../barcodes/inventory/16R305:W0001511.eps Graphic file (type eps)
 <../../../barcodes/inventory/16R305:W0001511.eps>
File: ../../../barcodes/inventory/16R4473:0004903.eps Graphic file (type eps)

<../../../barcodes/inventory/16R4473:0004903.eps>
File: ../../../barcodes/inventory/16R305:W0001611.eps Graphic file (type eps)

<../../../barcodes/inventory/16R305:W0001611.eps>
File: ../../../barcodes/inventory/16R4477:0005310.eps Graphic file (type eps)

<../../../barcodes/inventory/16R4477:0005310.eps>
File: ../../../barcodes/inventory/16R305:W0001612.eps Graphic file (type eps)

<../../../barcodes/inventory/16R305:W0001612.eps>
File: ../../../barcodes/inventory/16R4477:0005303.eps Graphic file (type eps)

<../../../barcodes/inventory/16R4477:0005303.eps>
File: ../../../barcodes/inventory/16R305:W0002906.eps Graphic file (type eps)

<../../../barcodes/inventory/16R305:W0002906.eps>
File: ../../../barcodes/inventory/16R4499:0009614.eps Graphic file (type eps)

<../../../barcodes/inventory/16R4499:0009614.eps>
File: ../../../barcodes/inventory/16R305:W0002911.eps Graphic file (type eps)

<../../../barcodes/inventory/16R305:W0002911.eps>
File: ../../../barcodes/inventory/16R4499:0009614.eps Graphic file (type eps)

<../../../barcodes/inventory/16R4499:0009614.eps>
File: ../../../barcodes/inventory/16R305:W0003002.eps Graphic file (type eps)

<../../../barcodes/inventory/16R305:W0003002.eps>
File: ../../../barcodes/inventory/16R4499:0009607.eps Graphic file (type eps)

<../../../barcodes/inventory/16R4499:0009607.eps>
File: ../../../barcodes/inventory/16R305:W0003004.eps Graphic file (type eps)

<../../../barcodes/inventory/16R305:W0003004.eps>
File: ../../../barcodes/inventory/16R4520:0012909.eps Graphic file (type eps)

<../../../barcodes/inventory/16R4520:0012909.eps>
File: ../../../barcodes/inventory/16R305:W0003006.eps Graphic file (type eps)

<../../../barcodes/inventory/16R305:W0003006.eps>
File: ../../../barcodes/inventory/16R4520:0012908.eps Graphic file (type eps)

<../../../barcodes/inventory/16R4520:0012908.eps>
File: ../../../barcodes/inventory/16R305:W0003008.eps Graphic file (type eps)

<../../../barcodes/inventory/16R305:W0003008.eps>
File: ../../../barcodes/inventory/16R4520:0012908.eps Graphic file (type eps)

<../../../barcodes/inventory/16R4520:0012908.eps>
File: ../../../barcodes/inventory/16R305:W0003012.eps Graphic file (type eps)

<../../../barcodes/inventory/16R305:W0003012.eps>
File: ../../../barcodes/inventory/16R4526:0013504.eps Graphic file (type eps)

<../../../barcodes/inventory/16R4526:0013504.eps>
Overfull \hbox (17.62177pt too wide) in paragraph at lines 510--511
[][] 
 []

[6]
File: ../../../barcodes/inventory/16R305:W0003018.eps Graphic file (type eps)
 <../../../barcodes/inventory/16R305:W0003018.eps>
File: ../../../barcodes/inventory/16R4526:0013508.eps Graphic file (type eps)

<../../../barcodes/inventory/16R4526:0013508.eps>
File: ../../../barcodes/inventory/16R405:M0000808.eps Graphic file (type eps)

<../../../barcodes/inventory/16R405:M0000808.eps>
File: ../../../barcodes/inventory/16R4298:0012403.eps Graphic file (type eps)

<../../../barcodes/inventory/16R4298:0012403.eps>
File: ../../../barcodes/inventory/16R405:M0000812.eps Graphic file (type eps)

<../../../barcodes/inventory/16R405:M0000812.eps>
File: ../../../barcodes/inventory/16R4027:0012203.eps Graphic file (type eps)

<../../../barcodes/inventory/16R4027:0012203.eps>
File: ../../../barcodes/inventory/16R405:M0001704.eps Graphic file (type eps)

<../../../barcodes/inventory/16R405:M0001704.eps>
File: ../../../barcodes/inventory/16R4477:0005305.eps Graphic file (type eps)

<../../../barcodes/inventory/16R4477:0005305.eps>
File: ../../../barcodes/inventory/16R405:M0001705.eps Graphic file (type eps)

<../../../barcodes/inventory/16R405:M0001705.eps>
File: ../../../barcodes/inventory/16R4468:0004411.eps Graphic file (type eps)

<../../../barcodes/inventory/16R4468:0004411.eps>
File: ../../../barcodes/inventory/16R405:M0001706.eps Graphic file (type eps)

<../../../barcodes/inventory/16R405:M0001706.eps>
File: ../../../barcodes/inventory/16R4468:0004411.eps Graphic file (type eps)

<../../../barcodes/inventory/16R4468:0004411.eps>
File: ../../../barcodes/inventory/16R405:M0001708.eps Graphic file (type eps)

<../../../barcodes/inventory/16R405:M0001708.eps>
File: ../../../barcodes/inventory/16R4477:0005303.eps Graphic file (type eps)

<../../../barcodes/inventory/16R4477:0005303.eps>
File: ../../../barcodes/inventory/16R405:M0001711.eps Graphic file (type eps)

<../../../barcodes/inventory/16R405:M0001711.eps>
File: ../../../barcodes/inventory/16R4477:0005309.eps Graphic file (type eps)

<../../../barcodes/inventory/16R4477:0005309.eps>
File: ../../../barcodes/inventory/16R405:M0001712.eps Graphic file (type eps)

<../../../barcodes/inventory/16R405:M0001712.eps>
File: ../../../barcodes/inventory/16R4515:0011903.eps Graphic file (type eps)

<../../../barcodes/inventory/16R4515:0011903.eps>
File: ../../../barcodes/inventory/16R405:M0001713.eps Graphic file (type eps)

<../../../barcodes/inventory/16R405:M0001713.eps>
File: ../../../barcodes/inventory/16R4477:0005310.eps Graphic file (type eps)

<../../../barcodes/inventory/16R4477:0005310.eps>
Overfull \hbox (17.62177pt too wide) in paragraph at lines 594--595
[][] 
 []

[7]
File: ../../../barcodes/inventory/16R405:M0001802.eps Graphic file (type eps)
 <../../../barcodes/inventory/16R405:M0001802.eps>
File: ../../../barcodes/inventory/16R4515:0011904.eps Graphic file (type eps)

<../../../barcodes/inventory/16R4515:0011904.eps>
File: ../../../barcodes/inventory/16R405:M0001804.eps Graphic file (type eps)

<../../../barcodes/inventory/16R405:M0001804.eps>
File: ../../../barcodes/inventory/16R4516:0012008.eps Graphic file (type eps)

<../../../barcodes/inventory/16R4516:0012008.eps>
File: ../../../barcodes/inventory/16R405:M0001807.eps Graphic file (type eps)

<../../../barcodes/inventory/16R405:M0001807.eps>
File: ../../../barcodes/inventory/16R4515:0011901.eps Graphic file (type eps)

<../../../barcodes/inventory/16R4515:0011901.eps>
File: ../../../barcodes/inventory/16R405:M0001811.eps Graphic file (type eps)

<../../../barcodes/inventory/16R405:M0001811.eps>
File: ../../../barcodes/inventory/16R4356:0010005.eps Graphic file (type eps)

<../../../barcodes/inventory/16R4356:0010005.eps>
File: ../../../barcodes/inventory/16R405:M0002006.eps Graphic file (type eps)

<../../../barcodes/inventory/16R405:M0002006.eps>
File: ../../../barcodes/inventory/16R4516:0012008.eps Graphic file (type eps)

<../../../barcodes/inventory/16R4516:0012008.eps>
File: ../../../barcodes/inventory/16R405:M0002103.eps Graphic file (type eps)

<../../../barcodes/inventory/16R405:M0002103.eps>
File: ../../../barcodes/inventory/16R4516:0012007.eps Graphic file (type eps)

<../../../barcodes/inventory/16R4516:0012007.eps>
File: ../../../barcodes/inventory/16R405:M0002105.eps Graphic file (type eps)

<../../../barcodes/inventory/16R405:M0002105.eps>
File: ../../../barcodes/inventory/16R4516:0012007.eps Graphic file (type eps)

<../../../barcodes/inventory/16R4516:0012007.eps>
File: ../../../barcodes/inventory/16R405:M0002213.eps Graphic file (type eps)

<../../../barcodes/inventory/16R405:M0002213.eps>
File: ../../../barcodes/inventory/16R4496:0009201.eps Graphic file (type eps)

<../../../barcodes/inventory/16R4496:0009201.eps>
File: ../../../barcodes/inventory/16R405:M0003105.eps Graphic file (type eps)

<../../../barcodes/inventory/16R405:M0003105.eps>
File: ../../../barcodes/inventory/16R4483:0005906.eps Graphic file (type eps)

<../../../barcodes/inventory/16R4483:0005906.eps>
File: ../../../barcodes/inventory/16R405:M0003204.eps Graphic file (type eps)

<../../../barcodes/inventory/16R405:M0003204.eps>
File: ../../../barcodes/inventory/16R4531:0014008.eps Graphic file (type eps)

<../../../barcodes/inventory/16R4531:0014008.eps>
Overfull \hbox (17.62177pt too wide) in paragraph at lines 678--679
[][] 
 []

[8]
File: ../../../barcodes/inventory/16R405:M0003306.eps Graphic file (type eps)
 <../../../barcodes/inventory/16R405:M0003306.eps>
File: ../../../barcodes/inventory/16R4399:0012502.eps Graphic file (type eps)

<../../../barcodes/inventory/16R4399:0012502.eps>
File: ../../../barcodes/inventory/16R505:B0002408.eps Graphic file (type eps)

<../../../barcodes/inventory/16R505:B0002408.eps>
File: ../../../barcodes/inventory/16R4227:0006601.eps Graphic file (type eps)

<../../../barcodes/inventory/16R4227:0006601.eps>
File: ../../../barcodes/inventory/16R0687:0014701.eps Graphic file (type eps)

<../../../barcodes/inventory/16R0687:0014701.eps>
File: ../../../barcodes/inventory/16R0687:0014701.eps Graphic file (type eps)

<../../../barcodes/inventory/16R0687:0014701.eps>
File: ../../../barcodes/inventory/16R0688:0014804.eps Graphic file (type eps)

<../../../barcodes/inventory/16R0688:0014804.eps>
File: ../../../barcodes/inventory/16R0688:0014804.eps Graphic file (type eps)

<../../../barcodes/inventory/16R0688:0014804.eps>
File: ../../../barcodes/inventory/16R0688:0014805.eps Graphic file (type eps)

<../../../barcodes/inventory/16R0688:0014805.eps>
File: ../../../barcodes/inventory/16R0688:0014805.eps Graphic file (type eps)

<../../../barcodes/inventory/16R0688:0014805.eps>
File: ../../../barcodes/inventory/16R0688:0014805.eps Graphic file (type eps)

<../../../barcodes/inventory/16R0688:0014805.eps>
File: ../../../barcodes/inventory/16R0688:0014805.eps Graphic file (type eps)

<../../../barcodes/inventory/16R0688:0014805.eps>
File: ../../../barcodes/inventory/16R0689:0014903.eps Graphic file (type eps)

<../../../barcodes/inventory/16R0689:0014903.eps>
File: ../../../barcodes/inventory/16R0689:0014903.eps Graphic file (type eps)

<../../../barcodes/inventory/16R0689:0014903.eps>
File: ../../../barcodes/inventory/16R0689:0014910.eps Graphic file (type eps)

<../../../barcodes/inventory/16R0689:0014910.eps>
File: ../../../barcodes/inventory/16R0689:0014910.eps Graphic file (type eps)

<../../../barcodes/inventory/16R0689:0014910.eps>
File: ../../../barcodes/inventory/16R0689:0014913.eps Graphic file (type eps)

<../../../barcodes/inventory/16R0689:0014913.eps>
File: ../../../barcodes/inventory/16R0689:0014913.eps Graphic file (type eps)

<../../../barcodes/inventory/16R0689:0014913.eps>
File: ../../../barcodes/inventory/16R0691:0015107.eps Graphic file (type eps)

<../../../barcodes/inventory/16R0691:0015107.eps>
File: ../../../barcodes/inventory/16R0691:0015107.eps Graphic file (type eps)

<../../../barcodes/inventory/16R0691:0015107.eps>
Overfull \hbox (17.62177pt too wide) in paragraph at lines 762--763
[][] 
 []

[9]
File: ../../../barcodes/inventory/16R0691:0015109.eps Graphic file (type eps)
 <../../../barcodes/inventory/16R0691:0015109.eps>
File: ../../../barcodes/inventory/16R0691:0015109.eps Graphic file (type eps)

<../../../barcodes/inventory/16R0691:0015109.eps>
File: ../../../barcodes/inventory/16R0693:0015303.eps Graphic file (type eps)

<../../../barcodes/inventory/16R0693:0015303.eps>
File: ../../../barcodes/inventory/16R0693:0015303.eps Graphic file (type eps)

<../../../barcodes/inventory/16R0693:0015303.eps>
File: ../../../barcodes/inventory/16R0693:0015304.eps Graphic file (type eps)

<../../../barcodes/inventory/16R0693:0015304.eps>
File: ../../../barcodes/inventory/16R0693:0015304.eps Graphic file (type eps)

<../../../barcodes/inventory/16R0693:0015304.eps>
File: ../../../barcodes/inventory/16R0693:0015306.eps Graphic file (type eps)

<../../../barcodes/inventory/16R0693:0015306.eps>
File: ../../../barcodes/inventory/16R0693:0015306.eps Graphic file (type eps)

<../../../barcodes/inventory/16R0693:0015306.eps>
File: ../../../barcodes/inventory/16R0693:0015309.eps Graphic file (type eps)

<../../../barcodes/inventory/16R0693:0015309.eps>
File: ../../../barcodes/inventory/16R0693:0015309.eps Graphic file (type eps)

<../../../barcodes/inventory/16R0693:0015309.eps>
File: ../../../barcodes/inventory/16R0698:0015804.eps Graphic file (type eps)

<../../../barcodes/inventory/16R0698:0015804.eps>
File: ../../../barcodes/inventory/16R0698:0015804.eps Graphic file (type eps)

<../../../barcodes/inventory/16R0698:0015804.eps>
File: ../../../barcodes/inventory/16R0698:0015811.eps Graphic file (type eps)

<../../../barcodes/inventory/16R0698:0015811.eps>
File: ../../../barcodes/inventory/16R0698:0015811.eps Graphic file (type eps)

<../../../barcodes/inventory/16R0698:0015811.eps>
File: ../../../barcodes/inventory/16R0699:0015908.eps Graphic file (type eps)

<../../../barcodes/inventory/16R0699:0015908.eps>
File: ../../../barcodes/inventory/16R0699:0015908.eps Graphic file (type eps)

<../../../barcodes/inventory/16R0699:0015908.eps>
File: ../../../barcodes/inventory/16R0699:0015909.eps Graphic file (type eps)

<../../../barcodes/inventory/16R0699:0015909.eps>
File: ../../../barcodes/inventory/16R0699:0015909.eps Graphic file (type eps)

<../../../barcodes/inventory/16R0699:0015909.eps>
File: ../../../barcodes/inventory/16R0702:0016201.eps Graphic file (type eps)

<../../../barcodes/inventory/16R0702:0016201.eps>
File: ../../../barcodes/inventory/16R0702:0016201.eps Graphic file (type eps)

<../../../barcodes/inventory/16R0702:0016201.eps>
Overfull \hbox (17.62177pt too wide) in paragraph at lines 846--847
[][] 
 []

[10]
File: ../../../barcodes/inventory/16R205:S0000603.eps Graphic file (type eps)
 <../../../barcodes/inventory/16R205:S0000603.eps>
File: ../../../barcodes/inventory/16R0691:0015106.eps Graphic file (type eps)

<../../../barcodes/inventory/16R0691:0015106.eps>
File: ../../../barcodes/inventory/16R205:S0000606.eps Graphic file (type eps)

<../../../barcodes/inventory/16R205:S0000606.eps>
File: ../../../barcodes/inventory/16R0687:0014701.eps Graphic file (type eps)

<../../../barcodes/inventory/16R0687:0014701.eps>
File: ../../../barcodes/inventory/16R205:S0001103.eps Graphic file (type eps)

<../../../barcodes/inventory/16R205:S0001103.eps>
File: ../../../barcodes/inventory/16R0697:0015710.eps Graphic file (type eps)

<../../../barcodes/inventory/16R0697:0015710.eps>
File: ../../../barcodes/inventory/16R205:S0001111.eps Graphic file (type eps)

<../../../barcodes/inventory/16R205:S0001111.eps>
File: ../../../barcodes/inventory/16R0698:0015802.eps Graphic file (type eps)

<../../../barcodes/inventory/16R0698:0015802.eps>
File: ../../../barcodes/inventory/16R205:S0001113.eps Graphic file (type eps)

<../../../barcodes/inventory/16R205:S0001113.eps>
File: ../../../barcodes/inventory/16R0698:0015801.eps Graphic file (type eps)

<../../../barcodes/inventory/16R0698:0015801.eps>
File: ../../../barcodes/inventory/16R205:S0001306.eps Graphic file (type eps)

<../../../barcodes/inventory/16R205:S0001306.eps>
File: ../../../barcodes/inventory/16R0697:0015711.eps Graphic file (type eps)

<../../../barcodes/inventory/16R0697:0015711.eps>
File: ../../../barcodes/inventory/16R205:S0002602.eps Graphic file (type eps)

<../../../barcodes/inventory/16R205:S0002602.eps>
File: ../../../barcodes/inventory/16R0697:0015711.eps Graphic file (type eps)

<../../../barcodes/inventory/16R0697:0015711.eps>
File: ../../../barcodes/inventory/16R205:S0002603.eps Graphic file (type eps)

<../../../barcodes/inventory/16R205:S0002603.eps>
File: ../../../barcodes/inventory/16R0697:0015711.eps Graphic file (type eps)

<../../../barcodes/inventory/16R0697:0015711.eps>
File: ../../../barcodes/inventory/16R205:S0002604.eps Graphic file (type eps)

<../../../barcodes/inventory/16R205:S0002604.eps>
File: ../../../barcodes/inventory/16R0687:0014708.eps Graphic file (type eps)

<../../../barcodes/inventory/16R0687:0014708.eps>
File: ../../../barcodes/inventory/16R205:S0002606.eps Graphic file (type eps)

<../../../barcodes/inventory/16R205:S0002606.eps>
File: ../../../barcodes/inventory/16R0687:0014708.eps Graphic file (type eps)

<../../../barcodes/inventory/16R0687:0014708.eps>
Overfull \hbox (17.62177pt too wide) in paragraph at lines 930--931
[][] 
 []

[11]
File: ../../../barcodes/inventory/16R205:S0002607.eps Graphic file (type eps)
 <../../../barcodes/inventory/16R205:S0002607.eps>
File: ../../../barcodes/inventory/16R0693:0015303.eps Graphic file (type eps)

<../../../barcodes/inventory/16R0693:0015303.eps>
File: ../../../barcodes/inventory/16R205:S0002608.eps Graphic file (type eps)

<../../../barcodes/inventory/16R205:S0002608.eps>
File: ../../../barcodes/inventory/16R0693:0015303.eps Graphic file (type eps)

<../../../barcodes/inventory/16R0693:0015303.eps>
File: ../../../barcodes/inventory/16R205:S0002612.eps Graphic file (type eps)

<../../../barcodes/inventory/16R205:S0002612.eps>
File: ../../../barcodes/inventory/16R0693:0015304.eps Graphic file (type eps)

<../../../barcodes/inventory/16R0693:0015304.eps>
File: ../../../barcodes/inventory/16R205:S0002701.eps Graphic file (type eps)

<../../../barcodes/inventory/16R205:S0002701.eps>
File: ../../../barcodes/inventory/16R0691:0015106.eps Graphic file (type eps)

<../../../barcodes/inventory/16R0691:0015106.eps>
File: ../../../barcodes/inventory/16R205:S0002714.eps Graphic file (type eps)

<../../../barcodes/inventory/16R205:S0002714.eps>
File: ../../../barcodes/inventory/16R0693:0015309.eps Graphic file (type eps)

<../../../barcodes/inventory/16R0693:0015309.eps>
File: ../../../barcodes/inventory/16R305:W0000703.eps Graphic file (type eps)

<../../../barcodes/inventory/16R305:W0000703.eps>
File: ../../../barcodes/inventory/16R0687:0014701.eps Graphic file (type eps)

<../../../barcodes/inventory/16R0687:0014701.eps>
File: ../../../barcodes/inventory/16R305:W0000711.eps Graphic file (type eps)

<../../../barcodes/inventory/16R305:W0000711.eps>
File: ../../../barcodes/inventory/16R0691:0015106.eps Graphic file (type eps)

<../../../barcodes/inventory/16R0691:0015106.eps>
Overfull \hbox (17.62177pt too wide) in paragraph at lines 996--997
[][] 
 []

[12] (./16r_tags_to_replace.aux)

LaTeX Font Warning: Size substitutions with differences
(Font)              up to 5.12pt have occurred.

 ) 
Here is how much of TeX's memory you used:
 1516 strings out of 494483
 25727 string characters out of 3166837
 77652 words of memory out of 3000000
 4613 multiletter control sequences out of 15000+200000
 7359 words of font info for 27 fonts, out of 3000000 for 9000
 363 hyphenation exceptions out of 8191
 27i,9n,22p,241b,214s stack positions out of 5000i,500n,10000p,200000b,50000s

Output written on 16r_tags_to_replace.dvi (12 pages, 210064 bytes).
