This is pdfeTeX, Version 3.141592-1.21a-2.2 (Web2C 7.5.4) (format=latex 2006.3.4)  14 NOV 2007 06:56
entering extended mode
**bag_labels
(./bag_labels.tex
LaTeX2e <2003/12/01>
Babel <v3.8d> and hyphenation patterns for american, french, german, ngerman, b
ahasa, basque, bulgarian, catalan, croatian, czech, danish, dutch, esperanto, e
stonian, finnish, greek, icelandic, irish, italian, latin, magyar, norsk, polis
h, portuges, romanian, russian, serbian, slovak, slovene, spanish, swedish, tur
kish, ukrainian, nohyphenation, loaded.
(/usr/share/teTeX/share/texmf-dist/tex/latex/base/article.cls
Document Class: article 2004/02/16 v1.4f Standard LaTeX document class
(/usr/share/teTeX/share/texmf-dist/tex/latex/base/size12.clo
File: size12.clo 2004/02/16 v1.4f Standard LaTeX file (size option)
)
\c@part=\count79
\c@section=\count80
\c@subsection=\count81
\c@subsubsection=\count82
\c@paragraph=\count83
\c@subparagraph=\count84
\c@figure=\count85
\c@table=\count86
\abovecaptionskip=\skip41
\belowcaptionskip=\skip42
\bibindent=\dimen102
)
(/usr/share/teTeX/share/texmf-dist/tex/latex/graphics/graphics.sty
Package: graphics 2001/07/07 v1.0n Standard LaTeX Graphics (DPC,SPQR)

(/usr/share/teTeX/share/texmf-dist/tex/latex/graphics/trig.sty
Package: trig 1999/03/16 v1.09 sin cos tan (DPC)
)
(/usr/share/teTeX/share/texmf-dist/tex/latex/graphics/graphics.cfg
File: graphics.cfg 2005/02/03 v1.3 graphics configuration of teTeX/TeXLive
)
Package graphics Info: Driver file: dvips.def on input line 80.

(/usr/share/teTeX/share/texmf-dist/tex/latex/graphics/dvips.def
File: dvips.def 1999/02/16 v3.0i Driver-dependant file (DPC,SPQR)
))
(/usr/share/teTeX/share/texmf-dist/tex/latex/graphics/graphicx.sty
Package: graphicx 1999/02/16 v1.0f Enhanced LaTeX Graphics (DPC,SPQR)

(/usr/share/teTeX/share/texmf-dist/tex/latex/graphics/keyval.sty
Package: keyval 1999/03/16 v1.13 key=value parser (DPC)
\KV@toks@=\toks14
)
\Gin@req@height=\dimen103
\Gin@req@width=\dimen104
)
(/usr/share/teTeX/share/texmf-dist/tex/latex/amsmath/amsmath.sty
Package: amsmath 2000/07/18 v2.13 AMS math features
\@mathmargin=\skip43

For additional information on amsmath, use the `?' option.
(/usr/share/teTeX/share/texmf-dist/tex/latex/amsmath/amstext.sty
Package: amstext 2000/06/29 v2.01

(/usr/share/teTeX/share/texmf-dist/tex/latex/amsmath/amsgen.sty
File: amsgen.sty 1999/11/30 v2.0
\@emptytoks=\toks15
\ex@=\dimen105
))
(/usr/share/teTeX/share/texmf-dist/tex/latex/amsmath/amsbsy.sty
Package: amsbsy 1999/11/29 v1.2d
\pmbraise@=\dimen106
)
(/usr/share/teTeX/share/texmf-dist/tex/latex/amsmath/amsopn.sty
Package: amsopn 1999/12/14 v2.01 operator names
)
\inf@bad=\count87
LaTeX Info: Redefining \frac on input line 211.
\uproot@=\count88
\leftroot@=\count89
LaTeX Info: Redefining \overline on input line 307.
\classnum@=\count90
\DOTSCASE@=\count91
LaTeX Info: Redefining \ldots on input line 379.
LaTeX Info: Redefining \dots on input line 382.
LaTeX Info: Redefining \cdots on input line 467.
\Mathstrutbox@=\box26
\strutbox@=\box27
\big@size=\dimen107
LaTeX Font Info:    Redeclaring font encoding OML on input line 567.
LaTeX Font Info:    Redeclaring font encoding OMS on input line 568.
\macc@depth=\count92
\c@MaxMatrixCols=\count93
\dotsspace@=\muskip10
\c@parentequation=\count94
\dspbrk@lvl=\count95
\tag@help=\toks16
\row@=\count96
\column@=\count97
\maxfields@=\count98
\andhelp@=\toks17
\eqnshift@=\dimen108
\alignsep@=\dimen109
\tagshift@=\dimen110
\tagwidth@=\dimen111
\totwidth@=\dimen112
\lineht@=\dimen113
\@envbody=\toks18
\multlinegap=\skip44
\multlinetaggap=\skip45
\mathdisplay@stack=\toks19
LaTeX Info: Redefining \[ on input line 2666.
LaTeX Info: Redefining \] on input line 2667.
)
(/usr/share/teTeX/share/texmf-dist/tex/latex/multirow/multirow.sty
\bigstrutjot=\dimen114
)
(/usr/share/teTeX/share/texmf-dist/tex/latex/tonis/barcode_margins.sty)
No file bag_labels.aux.
\openout1 = `bag_labels.aux'.

LaTeX Font Info:    Checking defaults for OML/cmm/m/it on input line 7.
LaTeX Font Info:    ... okay on input line 7.
LaTeX Font Info:    Checking defaults for T1/cmr/m/n on input line 7.
LaTeX Font Info:    ... okay on input line 7.
LaTeX Font Info:    Checking defaults for OT1/cmr/m/n on input line 7.
LaTeX Font Info:    ... okay on input line 7.
LaTeX Font Info:    Checking defaults for OMS/cmsy/m/n on input line 7.
LaTeX Font Info:    ... okay on input line 7.
LaTeX Font Info:    Checking defaults for OMX/cmex/m/n on input line 7.
LaTeX Font Info:    ... okay on input line 7.
LaTeX Font Info:    Checking defaults for U/cmr/m/n on input line 7.
LaTeX Font Info:    ... okay on input line 7.
File: ../../../barcodes/inventory/a00001.eps Graphic file (type eps)
<../../../barcodes/inventory/a00001.eps>
File: ../../../barcodes/inventory/a00002.eps Graphic file (type eps)

<../../../barcodes/inventory/a00002.eps>
File: ../../../barcodes/inventory/a00003.eps Graphic file (type eps)

<../../../barcodes/inventory/a00003.eps>
File: ../../../barcodes/inventory/a00004.eps Graphic file (type eps)

<../../../barcodes/inventory/a00004.eps>
File: ../../../barcodes/inventory/a00005.eps Graphic file (type eps)

<../../../barcodes/inventory/a00005.eps>
File: ../../../barcodes/inventory/a00006.eps Graphic file (type eps)

<../../../barcodes/inventory/a00006.eps>
File: ../../../barcodes/inventory/a00007.eps Graphic file (type eps)

<../../../barcodes/inventory/a00007.eps>
File: ../../../barcodes/inventory/a00008.eps Graphic file (type eps)

<../../../barcodes/inventory/a00008.eps>
File: ../../../barcodes/inventory/a00009.eps Graphic file (type eps)

<../../../barcodes/inventory/a00009.eps>
File: ../../../barcodes/inventory/a00010.eps Graphic file (type eps)

<../../../barcodes/inventory/a00010.eps>
File: ../../../barcodes/inventory/a00011.eps Graphic file (type eps)

<../../../barcodes/inventory/a00011.eps>
File: ../../../barcodes/inventory/a00012.eps Graphic file (type eps)

<../../../barcodes/inventory/a00012.eps>
File: ../../../barcodes/inventory/a00013.eps Graphic file (type eps)

<../../../barcodes/inventory/a00013.eps>
File: ../../../barcodes/inventory/a00014.eps Graphic file (type eps)

<../../../barcodes/inventory/a00014.eps>
File: ../../../barcodes/inventory/a00015.eps Graphic file (type eps)

<../../../barcodes/inventory/a00015.eps>
File: ../../../barcodes/inventory/a00016.eps Graphic file (type eps)

<../../../barcodes/inventory/a00016.eps>
File: ../../../barcodes/inventory/a00017.eps Graphic file (type eps)

<../../../barcodes/inventory/a00017.eps>
File: ../../../barcodes/inventory/a00018.eps Graphic file (type eps)

<../../../barcodes/inventory/a00018.eps>
File: ../../../barcodes/inventory/a00019.eps Graphic file (type eps)

<../../../barcodes/inventory/a00019.eps>
File: ../../../barcodes/inventory/a00020.eps Graphic file (type eps)

<../../../barcodes/inventory/a00020.eps>
File: ../../../barcodes/inventory/a00021.eps Graphic file (type eps)

<../../../barcodes/inventory/a00021.eps>
File: ../../../barcodes/inventory/a00022.eps Graphic file (type eps)

<../../../barcodes/inventory/a00022.eps>
File: ../../../barcodes/inventory/a00023.eps Graphic file (type eps)

<../../../barcodes/inventory/a00023.eps>
File: ../../../barcodes/inventory/a00024.eps Graphic file (type eps)

<../../../barcodes/inventory/a00024.eps>
File: ../../../barcodes/inventory/a00025.eps Graphic file (type eps)

<../../../barcodes/inventory/a00025.eps>
File: ../../../barcodes/inventory/a00026.eps Graphic file (type eps)

<../../../barcodes/inventory/a00026.eps>
File: ../../../barcodes/inventory/a00027.eps Graphic file (type eps)

<../../../barcodes/inventory/a00027.eps>
File: ../../../barcodes/inventory/a00028.eps Graphic file (type eps)

<../../../barcodes/inventory/a00028.eps>
File: ../../../barcodes/inventory/a00029.eps Graphic file (type eps)

<../../../barcodes/inventory/a00029.eps>
File: ../../../barcodes/inventory/a00030.eps Graphic file (type eps)

<../../../barcodes/inventory/a00030.eps>
Overfull \hbox (17.62177pt too wide) in paragraph at lines 44--45
[][] 
 []

[1

]
File: ../../../barcodes/inventory/a00031.eps Graphic file (type eps)
 <../../../barcodes/inventory/a00031.eps>
File: ../../../barcodes/inventory/a00032.eps Graphic file (type eps)

<../../../barcodes/inventory/a00032.eps>
File: ../../../barcodes/inventory/a00033.eps Graphic file (type eps)

<../../../barcodes/inventory/a00033.eps>
File: ../../../barcodes/inventory/a00034.eps Graphic file (type eps)

<../../../barcodes/inventory/a00034.eps>
File: ../../../barcodes/inventory/a00035.eps Graphic file (type eps)

<../../../barcodes/inventory/a00035.eps>
File: ../../../barcodes/inventory/a00036.eps Graphic file (type eps)

<../../../barcodes/inventory/a00036.eps>
File: ../../../barcodes/inventory/a00037.eps Graphic file (type eps)

<../../../barcodes/inventory/a00037.eps>
File: ../../../barcodes/inventory/a00038.eps Graphic file (type eps)

<../../../barcodes/inventory/a00038.eps>
File: ../../../barcodes/inventory/a00039.eps Graphic file (type eps)

<../../../barcodes/inventory/a00039.eps>
File: ../../../barcodes/inventory/a00040.eps Graphic file (type eps)

<../../../barcodes/inventory/a00040.eps>
File: ../../../barcodes/inventory/a00041.eps Graphic file (type eps)

<../../../barcodes/inventory/a00041.eps>
File: ../../../barcodes/inventory/a00042.eps Graphic file (type eps)

<../../../barcodes/inventory/a00042.eps>
File: ../../../barcodes/inventory/a00043.eps Graphic file (type eps)

<../../../barcodes/inventory/a00043.eps>
File: ../../../barcodes/inventory/a00044.eps Graphic file (type eps)

<../../../barcodes/inventory/a00044.eps>
File: ../../../barcodes/inventory/a00045.eps Graphic file (type eps)

<../../../barcodes/inventory/a00045.eps>
File: ../../../barcodes/inventory/a00046.eps Graphic file (type eps)

<../../../barcodes/inventory/a00046.eps>
File: ../../../barcodes/inventory/a00047.eps Graphic file (type eps)

<../../../barcodes/inventory/a00047.eps>
File: ../../../barcodes/inventory/a00048.eps Graphic file (type eps)

<../../../barcodes/inventory/a00048.eps>
File: ../../../barcodes/inventory/a00049.eps Graphic file (type eps)

<../../../barcodes/inventory/a00049.eps>
File: ../../../barcodes/inventory/a00050.eps Graphic file (type eps)

<../../../barcodes/inventory/a00050.eps>
File: ../../../barcodes/inventory/a00051.eps Graphic file (type eps)

<../../../barcodes/inventory/a00051.eps>
File: ../../../barcodes/inventory/a00052.eps Graphic file (type eps)

<../../../barcodes/inventory/a00052.eps>
File: ../../../barcodes/inventory/a00053.eps Graphic file (type eps)

<../../../barcodes/inventory/a00053.eps>
File: ../../../barcodes/inventory/a00054.eps Graphic file (type eps)

<../../../barcodes/inventory/a00054.eps>
File: ../../../barcodes/inventory/a00055.eps Graphic file (type eps)

<../../../barcodes/inventory/a00055.eps>
File: ../../../barcodes/inventory/a00056.eps Graphic file (type eps)

<../../../barcodes/inventory/a00056.eps>
File: ../../../barcodes/inventory/a00057.eps Graphic file (type eps)

<../../../barcodes/inventory/a00057.eps>
File: ../../../barcodes/inventory/a00058.eps Graphic file (type eps)

<../../../barcodes/inventory/a00058.eps>
File: ../../../barcodes/inventory/a00059.eps Graphic file (type eps)

<../../../barcodes/inventory/a00059.eps>
File: ../../../barcodes/inventory/a00060.eps Graphic file (type eps)

<../../../barcodes/inventory/a00060.eps>
Overfull \hbox (17.62177pt too wide) in paragraph at lines 82--83
[][] 
 []

[2]
File: ../../../barcodes/inventory/a00061.eps Graphic file (type eps)
 <../../../barcodes/inventory/a00061.eps>
File: ../../../barcodes/inventory/a00062.eps Graphic file (type eps)

<../../../barcodes/inventory/a00062.eps>
File: ../../../barcodes/inventory/a00063.eps Graphic file (type eps)

<../../../barcodes/inventory/a00063.eps>
File: ../../../barcodes/inventory/a00064.eps Graphic file (type eps)

<../../../barcodes/inventory/a00064.eps>
File: ../../../barcodes/inventory/a00065.eps Graphic file (type eps)

<../../../barcodes/inventory/a00065.eps>
File: ../../../barcodes/inventory/a00066.eps Graphic file (type eps)

<../../../barcodes/inventory/a00066.eps>
File: ../../../barcodes/inventory/a00067.eps Graphic file (type eps)

<../../../barcodes/inventory/a00067.eps>
File: ../../../barcodes/inventory/a00068.eps Graphic file (type eps)

<../../../barcodes/inventory/a00068.eps>
File: ../../../barcodes/inventory/a00069.eps Graphic file (type eps)

<../../../barcodes/inventory/a00069.eps>
File: ../../../barcodes/inventory/a00070.eps Graphic file (type eps)

<../../../barcodes/inventory/a00070.eps>
File: ../../../barcodes/inventory/a00071.eps Graphic file (type eps)

<../../../barcodes/inventory/a00071.eps>
File: ../../../barcodes/inventory/a00072.eps Graphic file (type eps)

<../../../barcodes/inventory/a00072.eps>
File: ../../../barcodes/inventory/a00073.eps Graphic file (type eps)

<../../../barcodes/inventory/a00073.eps>
File: ../../../barcodes/inventory/a00074.eps Graphic file (type eps)

<../../../barcodes/inventory/a00074.eps>
File: ../../../barcodes/inventory/a00075.eps Graphic file (type eps)

<../../../barcodes/inventory/a00075.eps>
File: ../../../barcodes/inventory/a00076.eps Graphic file (type eps)

<../../../barcodes/inventory/a00076.eps>
File: ../../../barcodes/inventory/a00077.eps Graphic file (type eps)

<../../../barcodes/inventory/a00077.eps>
File: ../../../barcodes/inventory/a00078.eps Graphic file (type eps)

<../../../barcodes/inventory/a00078.eps>
File: ../../../barcodes/inventory/a00079.eps Graphic file (type eps)

<../../../barcodes/inventory/a00079.eps>
File: ../../../barcodes/inventory/a00080.eps Graphic file (type eps)

<../../../barcodes/inventory/a00080.eps>
File: ../../../barcodes/inventory/a00081.eps Graphic file (type eps)

<../../../barcodes/inventory/a00081.eps>
File: ../../../barcodes/inventory/a00082.eps Graphic file (type eps)

<../../../barcodes/inventory/a00082.eps>
File: ../../../barcodes/inventory/a00083.eps Graphic file (type eps)

<../../../barcodes/inventory/a00083.eps>
File: ../../../barcodes/inventory/a00084.eps Graphic file (type eps)

<../../../barcodes/inventory/a00084.eps>
File: ../../../barcodes/inventory/a00085.eps Graphic file (type eps)

<../../../barcodes/inventory/a00085.eps>
File: ../../../barcodes/inventory/a00086.eps Graphic file (type eps)

<../../../barcodes/inventory/a00086.eps>
File: ../../../barcodes/inventory/a00087.eps Graphic file (type eps)

<../../../barcodes/inventory/a00087.eps>
File: ../../../barcodes/inventory/a00088.eps Graphic file (type eps)

<../../../barcodes/inventory/a00088.eps>
File: ../../../barcodes/inventory/a00089.eps Graphic file (type eps)

<../../../barcodes/inventory/a00089.eps>
File: ../../../barcodes/inventory/a00090.eps Graphic file (type eps)

<../../../barcodes/inventory/a00090.eps>
Overfull \hbox (17.62177pt too wide) in paragraph at lines 120--121
[][] 
 []

[3]
File: ../../../barcodes/inventory/a00091.eps Graphic file (type eps)
 <../../../barcodes/inventory/a00091.eps>
File: ../../../barcodes/inventory/a00092.eps Graphic file (type eps)

<../../../barcodes/inventory/a00092.eps>
File: ../../../barcodes/inventory/a00093.eps Graphic file (type eps)

<../../../barcodes/inventory/a00093.eps>
File: ../../../barcodes/inventory/a00094.eps Graphic file (type eps)

<../../../barcodes/inventory/a00094.eps>
File: ../../../barcodes/inventory/a00095.eps Graphic file (type eps)

<../../../barcodes/inventory/a00095.eps>
File: ../../../barcodes/inventory/a00096.eps Graphic file (type eps)

<../../../barcodes/inventory/a00096.eps>
File: ../../../barcodes/inventory/a00097.eps Graphic file (type eps)

<../../../barcodes/inventory/a00097.eps>
File: ../../../barcodes/inventory/a00098.eps Graphic file (type eps)

<../../../barcodes/inventory/a00098.eps>
File: ../../../barcodes/inventory/a00099.eps Graphic file (type eps)

<../../../barcodes/inventory/a00099.eps>
File: ../../../barcodes/inventory/a00100.eps Graphic file (type eps)

<../../../barcodes/inventory/a00100.eps>
Overfull \hbox (17.62177pt too wide) in paragraph at lines 136--137
[][] 
 []

[4] (./bag_labels.aux) ) 
Here is how much of TeX's memory you used:
 1320 strings out of 94501
 18255 string characters out of 1174019
 63611 words of memory out of 1000000
 4431 multiletter control sequences out of 10000+50000
 3938 words of font info for 15 fonts, out of 500000 for 2000
 580 hyphenation exceptions out of 1000
 27i,4n,20p,230b,200s stack positions out of 1500i,500n,5000p,200000b,5000s

Output written on bag_labels.dvi (4 pages, 28900 bytes).
