This is pdfTeXk, Version 3.141592-1.40.3 (Web2C 7.5.6) (format=latex 2008.3.27)  29 JUN 2008 23:16
entering extended mode
 %&-line parsing enabled.
**field_plant_tags
(./field_plant_tags.tex
LaTeX2e <2005/12/01>
Babel <v3.8h> and hyphenation patterns for english, usenglishmax, dumylang, noh
yphenation, basque, german, ngerman, danish, spanish, catalan, galician, finnis
h, french, greek, monogreek, ancientgreek, croatian, ibycus, italian, latin, du
tch, norsk, swedish, ukenglish, loaded.
(/opt/local/texlive/texmf-dist/tex/latex/base/article.cls
Document Class: article 2005/09/16 v1.4f Standard LaTeX document class
(/opt/local/texlive/texmf-dist/tex/latex/base/size12.clo
File: size12.clo 2005/09/16 v1.4f Standard LaTeX file (size option)
)
\c@part=\count79
\c@section=\count80
\c@subsection=\count81
\c@subsubsection=\count82
\c@paragraph=\count83
\c@subparagraph=\count84
\c@figure=\count85
\c@table=\count86
\abovecaptionskip=\skip41
\belowcaptionskip=\skip42
\bibindent=\dimen102
)
(/opt/local/texlive/texmf-dist/tex/latex/graphics/graphics.sty
Package: graphics 2006/02/20 v1.0o Standard LaTeX Graphics (DPC,SPQR)

(/opt/local/texlive/texmf-dist/tex/latex/graphics/trig.sty
Package: trig 1999/03/16 v1.09 sin cos tan (DPC)
)
(/opt/local/texlive/texmf/tex/latex/config/graphics.cfg
File: graphics.cfg 2007/01/18 v1.5 graphics configuration of teTeX/TeXLive
)
Package graphics Info: Driver file: dvips.def on input line 90.

(/opt/local/texlive/texmf-dist/tex/latex/graphics/dvips.def
File: dvips.def 1999/02/16 v3.0i Driver-dependant file (DPC,SPQR)
))
(/opt/local/texlive/texmf-dist/tex/latex/graphics/graphicx.sty
Package: graphicx 1999/02/16 v1.0f Enhanced LaTeX Graphics (DPC,SPQR)

(/opt/local/texlive/texmf-dist/tex/latex/graphics/keyval.sty
Package: keyval 1999/03/16 v1.13 key=value parser (DPC)
\KV@toks@=\toks14
)
\Gin@req@height=\dimen103
\Gin@req@width=\dimen104
)
(/opt/local/texlive/texmf-dist/tex/latex/base/graphpap.sty
Package: graphpap 1994/08/09 v1.0c Standard LaTeX graphpap package (LL)
)
(/opt/local/texlive/texmf-dist/tex/latex/amsmath/amsmath.sty
Package: amsmath 2000/07/18 v2.13 AMS math features
\@mathmargin=\skip43

For additional information on amsmath, use the `?' option.
(/opt/local/texlive/texmf-dist/tex/latex/amsmath/amstext.sty
Package: amstext 2000/06/29 v2.01

(/opt/local/texlive/texmf-dist/tex/latex/amsmath/amsgen.sty
File: amsgen.sty 1999/11/30 v2.0
\@emptytoks=\toks15
\ex@=\dimen105
))
(/opt/local/texlive/texmf-dist/tex/latex/amsmath/amsbsy.sty
Package: amsbsy 1999/11/29 v1.2d
\pmbraise@=\dimen106
)
(/opt/local/texlive/texmf-dist/tex/latex/amsmath/amsopn.sty
Package: amsopn 1999/12/14 v2.01 operator names
)
\inf@bad=\count87
LaTeX Info: Redefining \frac on input line 211.
\uproot@=\count88
\leftroot@=\count89
LaTeX Info: Redefining \overline on input line 307.
\classnum@=\count90
\DOTSCASE@=\count91
LaTeX Info: Redefining \ldots on input line 379.
LaTeX Info: Redefining \dots on input line 382.
LaTeX Info: Redefining \cdots on input line 467.
\Mathstrutbox@=\box26
\strutbox@=\box27
\big@size=\dimen107
LaTeX Font Info:    Redeclaring font encoding OML on input line 567.
LaTeX Font Info:    Redeclaring font encoding OMS on input line 568.
\macc@depth=\count92
\c@MaxMatrixCols=\count93
\dotsspace@=\muskip10
\c@parentequation=\count94
\dspbrk@lvl=\count95
\tag@help=\toks16
\row@=\count96
\column@=\count97
\maxfields@=\count98
\andhelp@=\toks17
\eqnshift@=\dimen108
\alignsep@=\dimen109
\tagshift@=\dimen110
\tagwidth@=\dimen111
\totwidth@=\dimen112
\lineht@=\dimen113
\@envbody=\toks18
\multlinegap=\skip44
\multlinetaggap=\skip45
\mathdisplay@stack=\toks19
LaTeX Info: Redefining \[ on input line 2666.
LaTeX Info: Redefining \] on input line 2667.
)
(/opt/local/texlive/texmf-dist/tex/latex/multirow/multirow.sty
\bigstrutjot=\dimen114
)
(/opt/local/texlive/texmf-dist/tex/latex/tonis/barcode_margins.sty)
(./field_plant_tags.aux)
\openout1 = `field_plant_tags.aux'.

LaTeX Font Info:    Checking defaults for OML/cmm/m/it on input line 7.
LaTeX Font Info:    ... okay on input line 7.
LaTeX Font Info:    Checking defaults for T1/cmr/m/n on input line 7.
LaTeX Font Info:    ... okay on input line 7.
LaTeX Font Info:    Checking defaults for OT1/cmr/m/n on input line 7.
LaTeX Font Info:    ... okay on input line 7.
LaTeX Font Info:    Checking defaults for OMS/cmsy/m/n on input line 7.
LaTeX Font Info:    ... okay on input line 7.
LaTeX Font Info:    Checking defaults for OMX/cmex/m/n on input line 7.
LaTeX Font Info:    ... okay on input line 7.
LaTeX Font Info:    Checking defaults for U/cmr/m/n on input line 7.
LaTeX Font Info:    ... okay on input line 7.
File: ../../../barcodes/inventory/f00001.eps Graphic file (type eps)
 <../../../barcodes/inventory/f00001.eps>
File: ../../../barcodes/inventory/f00002.eps Graphic file (type eps)

<../../../barcodes/inventory/f00002.eps>
File: ../../../barcodes/inventory/f00003.eps Graphic file (type eps)

<../../../barcodes/inventory/f00003.eps>
File: ../../../barcodes/inventory/f00004.eps Graphic file (type eps)

<../../../barcodes/inventory/f00004.eps>
File: ../../../barcodes/inventory/f00005.eps Graphic file (type eps)

<../../../barcodes/inventory/f00005.eps>
File: ../../../barcodes/inventory/f00006.eps Graphic file (type eps)

<../../../barcodes/inventory/f00006.eps>
File: ../../../barcodes/inventory/f00007.eps Graphic file (type eps)

<../../../barcodes/inventory/f00007.eps>
File: ../../../barcodes/inventory/f00008.eps Graphic file (type eps)

<../../../barcodes/inventory/f00008.eps>
File: ../../../barcodes/inventory/f00009.eps Graphic file (type eps)

<../../../barcodes/inventory/f00009.eps>
File: ../../../barcodes/inventory/f00010.eps Graphic file (type eps)

<../../../barcodes/inventory/f00010.eps>
File: ../../../barcodes/inventory/f00011.eps Graphic file (type eps)

<../../../barcodes/inventory/f00011.eps>
File: ../../../barcodes/inventory/f00012.eps Graphic file (type eps)

<../../../barcodes/inventory/f00012.eps>
File: ../../../barcodes/inventory/f00013.eps Graphic file (type eps)

<../../../barcodes/inventory/f00013.eps>
File: ../../../barcodes/inventory/f00014.eps Graphic file (type eps)

<../../../barcodes/inventory/f00014.eps>
File: ../../../barcodes/inventory/f00015.eps Graphic file (type eps)

<../../../barcodes/inventory/f00015.eps>
File: ../../../barcodes/inventory/f00016.eps Graphic file (type eps)

<../../../barcodes/inventory/f00016.eps>
File: ../../../barcodes/inventory/f00017.eps Graphic file (type eps)

<../../../barcodes/inventory/f00017.eps>
File: ../../../barcodes/inventory/f00018.eps Graphic file (type eps)

<../../../barcodes/inventory/f00018.eps>
File: ../../../barcodes/inventory/f00019.eps Graphic file (type eps)

<../../../barcodes/inventory/f00019.eps>
File: ../../../barcodes/inventory/f00020.eps Graphic file (type eps)

<../../../barcodes/inventory/f00020.eps>
File: ../../../barcodes/inventory/f00021.eps Graphic file (type eps)

<../../../barcodes/inventory/f00021.eps>
File: ../../../barcodes/inventory/f00022.eps Graphic file (type eps)

<../../../barcodes/inventory/f00022.eps>
File: ../../../barcodes/inventory/f00023.eps Graphic file (type eps)

<../../../barcodes/inventory/f00023.eps>
File: ../../../barcodes/inventory/f00024.eps Graphic file (type eps)

<../../../barcodes/inventory/f00024.eps>
File: ../../../barcodes/inventory/f00025.eps Graphic file (type eps)

<../../../barcodes/inventory/f00025.eps>
File: ../../../barcodes/inventory/f00026.eps Graphic file (type eps)

<../../../barcodes/inventory/f00026.eps>
File: ../../../barcodes/inventory/f00027.eps Graphic file (type eps)

<../../../barcodes/inventory/f00027.eps>
File: ../../../barcodes/inventory/f00028.eps Graphic file (type eps)

<../../../barcodes/inventory/f00028.eps>
File: ../../../barcodes/inventory/f00029.eps Graphic file (type eps)

<../../../barcodes/inventory/f00029.eps>
File: ../../../barcodes/inventory/f00030.eps Graphic file (type eps)

<../../../barcodes/inventory/f00030.eps>
Overfull \hbox (17.62177pt too wide) in paragraph at lines 104--105
[][] 
 []

[1

]
File: ../../../barcodes/inventory/f00031.eps Graphic file (type eps)
 <../../../barcodes/inventory/f00031.eps>
File: ../../../barcodes/inventory/f00032.eps Graphic file (type eps)

<../../../barcodes/inventory/f00032.eps>
File: ../../../barcodes/inventory/f00033.eps Graphic file (type eps)

<../../../barcodes/inventory/f00033.eps>
File: ../../../barcodes/inventory/f00034.eps Graphic file (type eps)

<../../../barcodes/inventory/f00034.eps>
File: ../../../barcodes/inventory/f00035.eps Graphic file (type eps)

<../../../barcodes/inventory/f00035.eps>
File: ../../../barcodes/inventory/f00036.eps Graphic file (type eps)

<../../../barcodes/inventory/f00036.eps>
File: ../../../barcodes/inventory/f00037.eps Graphic file (type eps)

<../../../barcodes/inventory/f00037.eps>
File: ../../../barcodes/inventory/f00038.eps Graphic file (type eps)

<../../../barcodes/inventory/f00038.eps>
File: ../../../barcodes/inventory/f00039.eps Graphic file (type eps)

<../../../barcodes/inventory/f00039.eps>
File: ../../../barcodes/inventory/f00040.eps Graphic file (type eps)

<../../../barcodes/inventory/f00040.eps>
File: ../../../barcodes/inventory/f00041.eps Graphic file (type eps)

<../../../barcodes/inventory/f00041.eps>
File: ../../../barcodes/inventory/f00042.eps Graphic file (type eps)

<../../../barcodes/inventory/f00042.eps>
File: ../../../barcodes/inventory/f00043.eps Graphic file (type eps)

<../../../barcodes/inventory/f00043.eps>
File: ../../../barcodes/inventory/f00044.eps Graphic file (type eps)

<../../../barcodes/inventory/f00044.eps>
File: ../../../barcodes/inventory/f00045.eps Graphic file (type eps)

<../../../barcodes/inventory/f00045.eps>
File: ../../../barcodes/inventory/f00046.eps Graphic file (type eps)

<../../../barcodes/inventory/f00046.eps>
File: ../../../barcodes/inventory/f00047.eps Graphic file (type eps)

<../../../barcodes/inventory/f00047.eps>
File: ../../../barcodes/inventory/f00048.eps Graphic file (type eps)

<../../../barcodes/inventory/f00048.eps>
File: ../../../barcodes/inventory/f00049.eps Graphic file (type eps)

<../../../barcodes/inventory/f00049.eps>
File: ../../../barcodes/inventory/f00050.eps Graphic file (type eps)

<../../../barcodes/inventory/f00050.eps>
File: ../../../barcodes/inventory/f00051.eps Graphic file (type eps)

<../../../barcodes/inventory/f00051.eps>
File: ../../../barcodes/inventory/f00052.eps Graphic file (type eps)

<../../../barcodes/inventory/f00052.eps>
File: ../../../barcodes/inventory/f00053.eps Graphic file (type eps)

<../../../barcodes/inventory/f00053.eps>
File: ../../../barcodes/inventory/f00054.eps Graphic file (type eps)

<../../../barcodes/inventory/f00054.eps>
File: ../../../barcodes/inventory/f00055.eps Graphic file (type eps)

<../../../barcodes/inventory/f00055.eps>
File: ../../../barcodes/inventory/f00056.eps Graphic file (type eps)

<../../../barcodes/inventory/f00056.eps>
File: ../../../barcodes/inventory/f00057.eps Graphic file (type eps)

<../../../barcodes/inventory/f00057.eps>
File: ../../../barcodes/inventory/f00058.eps Graphic file (type eps)

<../../../barcodes/inventory/f00058.eps>
File: ../../../barcodes/inventory/f00059.eps Graphic file (type eps)

<../../../barcodes/inventory/f00059.eps>
File: ../../../barcodes/inventory/f00060.eps Graphic file (type eps)

<../../../barcodes/inventory/f00060.eps>
Overfull \hbox (17.62177pt too wide) in paragraph at lines 202--203
[][] 
 []

[2]
File: ../../../barcodes/inventory/f00061.eps Graphic file (type eps)
 <../../../barcodes/inventory/f00061.eps>
File: ../../../barcodes/inventory/f00062.eps Graphic file (type eps)

<../../../barcodes/inventory/f00062.eps>
File: ../../../barcodes/inventory/f00063.eps Graphic file (type eps)

<../../../barcodes/inventory/f00063.eps>
File: ../../../barcodes/inventory/f00064.eps Graphic file (type eps)

<../../../barcodes/inventory/f00064.eps>
File: ../../../barcodes/inventory/f00065.eps Graphic file (type eps)

<../../../barcodes/inventory/f00065.eps>
File: ../../../barcodes/inventory/f00066.eps Graphic file (type eps)

<../../../barcodes/inventory/f00066.eps>
File: ../../../barcodes/inventory/f00067.eps Graphic file (type eps)

<../../../barcodes/inventory/f00067.eps>
File: ../../../barcodes/inventory/f00068.eps Graphic file (type eps)

<../../../barcodes/inventory/f00068.eps>
File: ../../../barcodes/inventory/f00069.eps Graphic file (type eps)

<../../../barcodes/inventory/f00069.eps>
File: ../../../barcodes/inventory/f00070.eps Graphic file (type eps)

<../../../barcodes/inventory/f00070.eps>
File: ../../../barcodes/inventory/f00071.eps Graphic file (type eps)

<../../../barcodes/inventory/f00071.eps>
File: ../../../barcodes/inventory/f00072.eps Graphic file (type eps)

<../../../barcodes/inventory/f00072.eps>
File: ../../../barcodes/inventory/f00073.eps Graphic file (type eps)

<../../../barcodes/inventory/f00073.eps>
File: ../../../barcodes/inventory/f00074.eps Graphic file (type eps)

<../../../barcodes/inventory/f00074.eps>
File: ../../../barcodes/inventory/f00075.eps Graphic file (type eps)

<../../../barcodes/inventory/f00075.eps>
File: ../../../barcodes/inventory/f00076.eps Graphic file (type eps)

<../../../barcodes/inventory/f00076.eps>
File: ../../../barcodes/inventory/f00077.eps Graphic file (type eps)

<../../../barcodes/inventory/f00077.eps>
File: ../../../barcodes/inventory/f00078.eps Graphic file (type eps)

<../../../barcodes/inventory/f00078.eps>
File: ../../../barcodes/inventory/f00079.eps Graphic file (type eps)

<../../../barcodes/inventory/f00079.eps>
File: ../../../barcodes/inventory/f00080.eps Graphic file (type eps)

<../../../barcodes/inventory/f00080.eps>
File: ../../../barcodes/inventory/f00081.eps Graphic file (type eps)

<../../../barcodes/inventory/f00081.eps>
File: ../../../barcodes/inventory/f00082.eps Graphic file (type eps)

<../../../barcodes/inventory/f00082.eps>
File: ../../../barcodes/inventory/f00083.eps Graphic file (type eps)

<../../../barcodes/inventory/f00083.eps>
File: ../../../barcodes/inventory/f00084.eps Graphic file (type eps)

<../../../barcodes/inventory/f00084.eps>
File: ../../../barcodes/inventory/f00085.eps Graphic file (type eps)

<../../../barcodes/inventory/f00085.eps>
File: ../../../barcodes/inventory/f00086.eps Graphic file (type eps)

<../../../barcodes/inventory/f00086.eps>
File: ../../../barcodes/inventory/f00087.eps Graphic file (type eps)

<../../../barcodes/inventory/f00087.eps>
File: ../../../barcodes/inventory/f00088.eps Graphic file (type eps)

<../../../barcodes/inventory/f00088.eps>
File: ../../../barcodes/inventory/f00089.eps Graphic file (type eps)

<../../../barcodes/inventory/f00089.eps>
File: ../../../barcodes/inventory/f00090.eps Graphic file (type eps)

<../../../barcodes/inventory/f00090.eps>
Overfull \hbox (17.62177pt too wide) in paragraph at lines 300--301
[][] 
 []

[3]
File: ../../../barcodes/inventory/f00091.eps Graphic file (type eps)
 <../../../barcodes/inventory/f00091.eps>
File: ../../../barcodes/inventory/f00092.eps Graphic file (type eps)

<../../../barcodes/inventory/f00092.eps>
File: ../../../barcodes/inventory/f00093.eps Graphic file (type eps)

<../../../barcodes/inventory/f00093.eps>
File: ../../../barcodes/inventory/f00094.eps Graphic file (type eps)

<../../../barcodes/inventory/f00094.eps>
File: ../../../barcodes/inventory/f00095.eps Graphic file (type eps)

<../../../barcodes/inventory/f00095.eps>
File: ../../../barcodes/inventory/f00096.eps Graphic file (type eps)

<../../../barcodes/inventory/f00096.eps>
File: ../../../barcodes/inventory/f00097.eps Graphic file (type eps)

<../../../barcodes/inventory/f00097.eps>
File: ../../../barcodes/inventory/f00098.eps Graphic file (type eps)

<../../../barcodes/inventory/f00098.eps>
File: ../../../barcodes/inventory/f00099.eps Graphic file (type eps)

<../../../barcodes/inventory/f00099.eps>
File: ../../../barcodes/inventory/f00100.eps Graphic file (type eps)

<../../../barcodes/inventory/f00100.eps>
File: ../../../barcodes/inventory/f00101.eps Graphic file (type eps)

<../../../barcodes/inventory/f00101.eps>
File: ../../../barcodes/inventory/f00102.eps Graphic file (type eps)

<../../../barcodes/inventory/f00102.eps>
File: ../../../barcodes/inventory/f00103.eps Graphic file (type eps)

<../../../barcodes/inventory/f00103.eps>
File: ../../../barcodes/inventory/f00104.eps Graphic file (type eps)

<../../../barcodes/inventory/f00104.eps>
File: ../../../barcodes/inventory/f00105.eps Graphic file (type eps)

<../../../barcodes/inventory/f00105.eps>
File: ../../../barcodes/inventory/f00106.eps Graphic file (type eps)

<../../../barcodes/inventory/f00106.eps>
File: ../../../barcodes/inventory/f00107.eps Graphic file (type eps)

<../../../barcodes/inventory/f00107.eps>
File: ../../../barcodes/inventory/f00108.eps Graphic file (type eps)

<../../../barcodes/inventory/f00108.eps>
File: ../../../barcodes/inventory/f00109.eps Graphic file (type eps)

<../../../barcodes/inventory/f00109.eps>
File: ../../../barcodes/inventory/f00110.eps Graphic file (type eps)

<../../../barcodes/inventory/f00110.eps>
File: ../../../barcodes/inventory/f00111.eps Graphic file (type eps)

<../../../barcodes/inventory/f00111.eps>
File: ../../../barcodes/inventory/f00112.eps Graphic file (type eps)

<../../../barcodes/inventory/f00112.eps>
File: ../../../barcodes/inventory/f00113.eps Graphic file (type eps)

<../../../barcodes/inventory/f00113.eps>
File: ../../../barcodes/inventory/f00114.eps Graphic file (type eps)

<../../../barcodes/inventory/f00114.eps>
File: ../../../barcodes/inventory/f00115.eps Graphic file (type eps)

<../../../barcodes/inventory/f00115.eps>
File: ../../../barcodes/inventory/f00116.eps Graphic file (type eps)

<../../../barcodes/inventory/f00116.eps>
File: ../../../barcodes/inventory/f00117.eps Graphic file (type eps)

<../../../barcodes/inventory/f00117.eps>
File: ../../../barcodes/inventory/f00118.eps Graphic file (type eps)

<../../../barcodes/inventory/f00118.eps>
File: ../../../barcodes/inventory/f00119.eps Graphic file (type eps)

<../../../barcodes/inventory/f00119.eps>
File: ../../../barcodes/inventory/f00120.eps Graphic file (type eps)

<../../../barcodes/inventory/f00120.eps>
Overfull \hbox (17.62177pt too wide) in paragraph at lines 398--399
[][] 
 []

[4]
File: ../../../barcodes/inventory/f00121.eps Graphic file (type eps)
 <../../../barcodes/inventory/f00121.eps>
File: ../../../barcodes/inventory/f00122.eps Graphic file (type eps)

<../../../barcodes/inventory/f00122.eps>
File: ../../../barcodes/inventory/f00123.eps Graphic file (type eps)

<../../../barcodes/inventory/f00123.eps>
File: ../../../barcodes/inventory/f00124.eps Graphic file (type eps)

<../../../barcodes/inventory/f00124.eps>
File: ../../../barcodes/inventory/f00125.eps Graphic file (type eps)

<../../../barcodes/inventory/f00125.eps>
File: ../../../barcodes/inventory/f00126.eps Graphic file (type eps)

<../../../barcodes/inventory/f00126.eps>
File: ../../../barcodes/inventory/f00127.eps Graphic file (type eps)

<../../../barcodes/inventory/f00127.eps>
File: ../../../barcodes/inventory/f00128.eps Graphic file (type eps)

<../../../barcodes/inventory/f00128.eps>
File: ../../../barcodes/inventory/f00129.eps Graphic file (type eps)

<../../../barcodes/inventory/f00129.eps>
File: ../../../barcodes/inventory/f00130.eps Graphic file (type eps)

<../../../barcodes/inventory/f00130.eps>
File: ../../../barcodes/inventory/f00131.eps Graphic file (type eps)

<../../../barcodes/inventory/f00131.eps>
File: ../../../barcodes/inventory/f00132.eps Graphic file (type eps)

<../../../barcodes/inventory/f00132.eps>
File: ../../../barcodes/inventory/f00133.eps Graphic file (type eps)

<../../../barcodes/inventory/f00133.eps>
File: ../../../barcodes/inventory/f00134.eps Graphic file (type eps)

<../../../barcodes/inventory/f00134.eps>
File: ../../../barcodes/inventory/f00135.eps Graphic file (type eps)

<../../../barcodes/inventory/f00135.eps>
File: ../../../barcodes/inventory/f00136.eps Graphic file (type eps)

<../../../barcodes/inventory/f00136.eps>
File: ../../../barcodes/inventory/f00137.eps Graphic file (type eps)

<../../../barcodes/inventory/f00137.eps>
File: ../../../barcodes/inventory/f00138.eps Graphic file (type eps)

<../../../barcodes/inventory/f00138.eps>
File: ../../../barcodes/inventory/f00139.eps Graphic file (type eps)

<../../../barcodes/inventory/f00139.eps>
File: ../../../barcodes/inventory/f00140.eps Graphic file (type eps)

<../../../barcodes/inventory/f00140.eps>
File: ../../../barcodes/inventory/f00141.eps Graphic file (type eps)

<../../../barcodes/inventory/f00141.eps>
File: ../../../barcodes/inventory/f00142.eps Graphic file (type eps)

<../../../barcodes/inventory/f00142.eps>
File: ../../../barcodes/inventory/f00143.eps Graphic file (type eps)

<../../../barcodes/inventory/f00143.eps>
File: ../../../barcodes/inventory/f00144.eps Graphic file (type eps)

<../../../barcodes/inventory/f00144.eps>
File: ../../../barcodes/inventory/f00145.eps Graphic file (type eps)

<../../../barcodes/inventory/f00145.eps>
File: ../../../barcodes/inventory/f00146.eps Graphic file (type eps)

<../../../barcodes/inventory/f00146.eps>
File: ../../../barcodes/inventory/f00147.eps Graphic file (type eps)

<../../../barcodes/inventory/f00147.eps>
File: ../../../barcodes/inventory/f00148.eps Graphic file (type eps)

<../../../barcodes/inventory/f00148.eps>
File: ../../../barcodes/inventory/f00149.eps Graphic file (type eps)

<../../../barcodes/inventory/f00149.eps>
File: ../../../barcodes/inventory/f00150.eps Graphic file (type eps)

<../../../barcodes/inventory/f00150.eps>
Overfull \hbox (17.62177pt too wide) in paragraph at lines 496--497
[][] 
 []

[5]
File: ../../../barcodes/inventory/f00151.eps Graphic file (type eps)
 <../../../barcodes/inventory/f00151.eps>
File: ../../../barcodes/inventory/f00152.eps Graphic file (type eps)

<../../../barcodes/inventory/f00152.eps>
File: ../../../barcodes/inventory/f00153.eps Graphic file (type eps)

<../../../barcodes/inventory/f00153.eps>
File: ../../../barcodes/inventory/f00154.eps Graphic file (type eps)

<../../../barcodes/inventory/f00154.eps>
File: ../../../barcodes/inventory/f00155.eps Graphic file (type eps)

<../../../barcodes/inventory/f00155.eps>
File: ../../../barcodes/inventory/f00156.eps Graphic file (type eps)

<../../../barcodes/inventory/f00156.eps>
File: ../../../barcodes/inventory/f00157.eps Graphic file (type eps)

<../../../barcodes/inventory/f00157.eps>
File: ../../../barcodes/inventory/f00158.eps Graphic file (type eps)

<../../../barcodes/inventory/f00158.eps>
File: ../../../barcodes/inventory/f00159.eps Graphic file (type eps)

<../../../barcodes/inventory/f00159.eps>
File: ../../../barcodes/inventory/f00160.eps Graphic file (type eps)

<../../../barcodes/inventory/f00160.eps>
File: ../../../barcodes/inventory/f00161.eps Graphic file (type eps)

<../../../barcodes/inventory/f00161.eps>
File: ../../../barcodes/inventory/f00162.eps Graphic file (type eps)

<../../../barcodes/inventory/f00162.eps>
File: ../../../barcodes/inventory/f00163.eps Graphic file (type eps)

<../../../barcodes/inventory/f00163.eps>
File: ../../../barcodes/inventory/f00164.eps Graphic file (type eps)

<../../../barcodes/inventory/f00164.eps>
File: ../../../barcodes/inventory/f00165.eps Graphic file (type eps)

<../../../barcodes/inventory/f00165.eps>
File: ../../../barcodes/inventory/f00166.eps Graphic file (type eps)

<../../../barcodes/inventory/f00166.eps>
File: ../../../barcodes/inventory/f00167.eps Graphic file (type eps)

<../../../barcodes/inventory/f00167.eps>
File: ../../../barcodes/inventory/f00168.eps Graphic file (type eps)

<../../../barcodes/inventory/f00168.eps>
File: ../../../barcodes/inventory/f00169.eps Graphic file (type eps)

<../../../barcodes/inventory/f00169.eps>
File: ../../../barcodes/inventory/f00170.eps Graphic file (type eps)

<../../../barcodes/inventory/f00170.eps>
File: ../../../barcodes/inventory/f00171.eps Graphic file (type eps)

<../../../barcodes/inventory/f00171.eps>
File: ../../../barcodes/inventory/f00172.eps Graphic file (type eps)

<../../../barcodes/inventory/f00172.eps>
File: ../../../barcodes/inventory/f00173.eps Graphic file (type eps)

<../../../barcodes/inventory/f00173.eps>
File: ../../../barcodes/inventory/f00174.eps Graphic file (type eps)

<../../../barcodes/inventory/f00174.eps>
File: ../../../barcodes/inventory/f00175.eps Graphic file (type eps)

<../../../barcodes/inventory/f00175.eps>
File: ../../../barcodes/inventory/f00176.eps Graphic file (type eps)

<../../../barcodes/inventory/f00176.eps>
File: ../../../barcodes/inventory/f00177.eps Graphic file (type eps)

<../../../barcodes/inventory/f00177.eps>
File: ../../../barcodes/inventory/f00178.eps Graphic file (type eps)

<../../../barcodes/inventory/f00178.eps>
File: ../../../barcodes/inventory/f00179.eps Graphic file (type eps)

<../../../barcodes/inventory/f00179.eps>
File: ../../../barcodes/inventory/f00180.eps Graphic file (type eps)

<../../../barcodes/inventory/f00180.eps>
Overfull \hbox (17.62177pt too wide) in paragraph at lines 594--595
[][] 
 []

[6]
File: ../../../barcodes/inventory/f00181.eps Graphic file (type eps)
 <../../../barcodes/inventory/f00181.eps>
File: ../../../barcodes/inventory/f00182.eps Graphic file (type eps)

<../../../barcodes/inventory/f00182.eps>
File: ../../../barcodes/inventory/f00183.eps Graphic file (type eps)

<../../../barcodes/inventory/f00183.eps>
File: ../../../barcodes/inventory/f00184.eps Graphic file (type eps)

<../../../barcodes/inventory/f00184.eps>
File: ../../../barcodes/inventory/f00185.eps Graphic file (type eps)

<../../../barcodes/inventory/f00185.eps>
File: ../../../barcodes/inventory/f00186.eps Graphic file (type eps)

<../../../barcodes/inventory/f00186.eps>
File: ../../../barcodes/inventory/f00187.eps Graphic file (type eps)

<../../../barcodes/inventory/f00187.eps>
File: ../../../barcodes/inventory/f00188.eps Graphic file (type eps)

<../../../barcodes/inventory/f00188.eps>
File: ../../../barcodes/inventory/f00189.eps Graphic file (type eps)

<../../../barcodes/inventory/f00189.eps>
File: ../../../barcodes/inventory/f00190.eps Graphic file (type eps)

<../../../barcodes/inventory/f00190.eps>
File: ../../../barcodes/inventory/f00191.eps Graphic file (type eps)

<../../../barcodes/inventory/f00191.eps>
File: ../../../barcodes/inventory/f00192.eps Graphic file (type eps)

<../../../barcodes/inventory/f00192.eps>
File: ../../../barcodes/inventory/f00193.eps Graphic file (type eps)

<../../../barcodes/inventory/f00193.eps>
File: ../../../barcodes/inventory/f00194.eps Graphic file (type eps)

<../../../barcodes/inventory/f00194.eps>
File: ../../../barcodes/inventory/f00195.eps Graphic file (type eps)

<../../../barcodes/inventory/f00195.eps>
File: ../../../barcodes/inventory/f00196.eps Graphic file (type eps)

<../../../barcodes/inventory/f00196.eps>
File: ../../../barcodes/inventory/f00197.eps Graphic file (type eps)

<../../../barcodes/inventory/f00197.eps>
File: ../../../barcodes/inventory/f00198.eps Graphic file (type eps)

<../../../barcodes/inventory/f00198.eps>
File: ../../../barcodes/inventory/f00199.eps Graphic file (type eps)

<../../../barcodes/inventory/f00199.eps>
File: ../../../barcodes/inventory/f00200.eps Graphic file (type eps)

<../../../barcodes/inventory/f00200.eps>
File: ../../../barcodes/inventory/f00201.eps Graphic file (type eps)

<../../../barcodes/inventory/f00201.eps>
File: ../../../barcodes/inventory/f00202.eps Graphic file (type eps)

<../../../barcodes/inventory/f00202.eps>
File: ../../../barcodes/inventory/f00203.eps Graphic file (type eps)

<../../../barcodes/inventory/f00203.eps>
File: ../../../barcodes/inventory/f00204.eps Graphic file (type eps)

<../../../barcodes/inventory/f00204.eps>
File: ../../../barcodes/inventory/f00205.eps Graphic file (type eps)

<../../../barcodes/inventory/f00205.eps>
File: ../../../barcodes/inventory/f00206.eps Graphic file (type eps)

<../../../barcodes/inventory/f00206.eps>
File: ../../../barcodes/inventory/f00207.eps Graphic file (type eps)

<../../../barcodes/inventory/f00207.eps>
File: ../../../barcodes/inventory/f00208.eps Graphic file (type eps)

<../../../barcodes/inventory/f00208.eps>
File: ../../../barcodes/inventory/f00209.eps Graphic file (type eps)

<../../../barcodes/inventory/f00209.eps>
File: ../../../barcodes/inventory/f00210.eps Graphic file (type eps)

<../../../barcodes/inventory/f00210.eps>
Overfull \hbox (17.62177pt too wide) in paragraph at lines 692--693
[][] 
 []

[7]
File: ../../../barcodes/inventory/f00211.eps Graphic file (type eps)
 <../../../barcodes/inventory/f00211.eps>
File: ../../../barcodes/inventory/f00212.eps Graphic file (type eps)

<../../../barcodes/inventory/f00212.eps>
File: ../../../barcodes/inventory/f00213.eps Graphic file (type eps)

<../../../barcodes/inventory/f00213.eps>
File: ../../../barcodes/inventory/f00214.eps Graphic file (type eps)

<../../../barcodes/inventory/f00214.eps>
File: ../../../barcodes/inventory/f00215.eps Graphic file (type eps)

<../../../barcodes/inventory/f00215.eps>
File: ../../../barcodes/inventory/f00216.eps Graphic file (type eps)

<../../../barcodes/inventory/f00216.eps>
File: ../../../barcodes/inventory/f00217.eps Graphic file (type eps)

<../../../barcodes/inventory/f00217.eps>
File: ../../../barcodes/inventory/f00218.eps Graphic file (type eps)

<../../../barcodes/inventory/f00218.eps>
File: ../../../barcodes/inventory/f00219.eps Graphic file (type eps)

<../../../barcodes/inventory/f00219.eps>
File: ../../../barcodes/inventory/f00220.eps Graphic file (type eps)

<../../../barcodes/inventory/f00220.eps>
File: ../../../barcodes/inventory/f00221.eps Graphic file (type eps)

<../../../barcodes/inventory/f00221.eps>
File: ../../../barcodes/inventory/f00222.eps Graphic file (type eps)

<../../../barcodes/inventory/f00222.eps>
File: ../../../barcodes/inventory/f00223.eps Graphic file (type eps)

<../../../barcodes/inventory/f00223.eps>
File: ../../../barcodes/inventory/f00224.eps Graphic file (type eps)

<../../../barcodes/inventory/f00224.eps>
File: ../../../barcodes/inventory/f00225.eps Graphic file (type eps)

<../../../barcodes/inventory/f00225.eps>
File: ../../../barcodes/inventory/f00226.eps Graphic file (type eps)

<../../../barcodes/inventory/f00226.eps>
File: ../../../barcodes/inventory/f00227.eps Graphic file (type eps)

<../../../barcodes/inventory/f00227.eps>
File: ../../../barcodes/inventory/f00228.eps Graphic file (type eps)

<../../../barcodes/inventory/f00228.eps>
File: ../../../barcodes/inventory/f00229.eps Graphic file (type eps)

<../../../barcodes/inventory/f00229.eps>
File: ../../../barcodes/inventory/f00230.eps Graphic file (type eps)

<../../../barcodes/inventory/f00230.eps>
File: ../../../barcodes/inventory/f00231.eps Graphic file (type eps)

<../../../barcodes/inventory/f00231.eps>
File: ../../../barcodes/inventory/f00232.eps Graphic file (type eps)

<../../../barcodes/inventory/f00232.eps>
File: ../../../barcodes/inventory/f00233.eps Graphic file (type eps)

<../../../barcodes/inventory/f00233.eps>
File: ../../../barcodes/inventory/f00234.eps Graphic file (type eps)

<../../../barcodes/inventory/f00234.eps>
File: ../../../barcodes/inventory/f00235.eps Graphic file (type eps)

<../../../barcodes/inventory/f00235.eps>
File: ../../../barcodes/inventory/f00236.eps Graphic file (type eps)

<../../../barcodes/inventory/f00236.eps>
File: ../../../barcodes/inventory/f00237.eps Graphic file (type eps)

<../../../barcodes/inventory/f00237.eps>
File: ../../../barcodes/inventory/f00238.eps Graphic file (type eps)

<../../../barcodes/inventory/f00238.eps>
File: ../../../barcodes/inventory/f00239.eps Graphic file (type eps)

<../../../barcodes/inventory/f00239.eps>
File: ../../../barcodes/inventory/f00240.eps Graphic file (type eps)

<../../../barcodes/inventory/f00240.eps>
Overfull \hbox (17.62177pt too wide) in paragraph at lines 790--791
[][] 
 []

[8]
File: ../../../barcodes/inventory/f00241.eps Graphic file (type eps)
 <../../../barcodes/inventory/f00241.eps>
File: ../../../barcodes/inventory/f00242.eps Graphic file (type eps)

<../../../barcodes/inventory/f00242.eps>
File: ../../../barcodes/inventory/f00243.eps Graphic file (type eps)

<../../../barcodes/inventory/f00243.eps>
File: ../../../barcodes/inventory/f00244.eps Graphic file (type eps)

<../../../barcodes/inventory/f00244.eps>
File: ../../../barcodes/inventory/f00245.eps Graphic file (type eps)

<../../../barcodes/inventory/f00245.eps>
File: ../../../barcodes/inventory/f00246.eps Graphic file (type eps)

<../../../barcodes/inventory/f00246.eps>
File: ../../../barcodes/inventory/f00247.eps Graphic file (type eps)

<../../../barcodes/inventory/f00247.eps>
File: ../../../barcodes/inventory/f00248.eps Graphic file (type eps)

<../../../barcodes/inventory/f00248.eps>
File: ../../../barcodes/inventory/f00249.eps Graphic file (type eps)

<../../../barcodes/inventory/f00249.eps>
File: ../../../barcodes/inventory/f00250.eps Graphic file (type eps)

<../../../barcodes/inventory/f00250.eps>
File: ../../../barcodes/inventory/f00251.eps Graphic file (type eps)

<../../../barcodes/inventory/f00251.eps>
File: ../../../barcodes/inventory/f00252.eps Graphic file (type eps)

<../../../barcodes/inventory/f00252.eps>
File: ../../../barcodes/inventory/f00253.eps Graphic file (type eps)

<../../../barcodes/inventory/f00253.eps>
File: ../../../barcodes/inventory/f00254.eps Graphic file (type eps)

<../../../barcodes/inventory/f00254.eps>
File: ../../../barcodes/inventory/f00255.eps Graphic file (type eps)

<../../../barcodes/inventory/f00255.eps>
File: ../../../barcodes/inventory/f00256.eps Graphic file (type eps)

<../../../barcodes/inventory/f00256.eps>
File: ../../../barcodes/inventory/f00257.eps Graphic file (type eps)

<../../../barcodes/inventory/f00257.eps>
File: ../../../barcodes/inventory/f00258.eps Graphic file (type eps)

<../../../barcodes/inventory/f00258.eps>
File: ../../../barcodes/inventory/f00259.eps Graphic file (type eps)

<../../../barcodes/inventory/f00259.eps>
File: ../../../barcodes/inventory/f00260.eps Graphic file (type eps)

<../../../barcodes/inventory/f00260.eps>
File: ../../../barcodes/inventory/f00261.eps Graphic file (type eps)

<../../../barcodes/inventory/f00261.eps>
File: ../../../barcodes/inventory/f00262.eps Graphic file (type eps)

<../../../barcodes/inventory/f00262.eps>
File: ../../../barcodes/inventory/f00263.eps Graphic file (type eps)

<../../../barcodes/inventory/f00263.eps>
File: ../../../barcodes/inventory/f00264.eps Graphic file (type eps)

<../../../barcodes/inventory/f00264.eps>
File: ../../../barcodes/inventory/f00265.eps Graphic file (type eps)

<../../../barcodes/inventory/f00265.eps>
File: ../../../barcodes/inventory/f00266.eps Graphic file (type eps)

<../../../barcodes/inventory/f00266.eps>
File: ../../../barcodes/inventory/f00267.eps Graphic file (type eps)

<../../../barcodes/inventory/f00267.eps>
File: ../../../barcodes/inventory/f00268.eps Graphic file (type eps)

<../../../barcodes/inventory/f00268.eps>
File: ../../../barcodes/inventory/f00269.eps Graphic file (type eps)

<../../../barcodes/inventory/f00269.eps>
File: ../../../barcodes/inventory/f00270.eps Graphic file (type eps)

<../../../barcodes/inventory/f00270.eps>
Overfull \hbox (17.62177pt too wide) in paragraph at lines 888--889
[][] 
 []

[9]
File: ../../../barcodes/inventory/f00271.eps Graphic file (type eps)
 <../../../barcodes/inventory/f00271.eps>
File: ../../../barcodes/inventory/f00272.eps Graphic file (type eps)

<../../../barcodes/inventory/f00272.eps>
File: ../../../barcodes/inventory/f00273.eps Graphic file (type eps)

<../../../barcodes/inventory/f00273.eps>
File: ../../../barcodes/inventory/f00274.eps Graphic file (type eps)

<../../../barcodes/inventory/f00274.eps>
File: ../../../barcodes/inventory/f00275.eps Graphic file (type eps)

<../../../barcodes/inventory/f00275.eps>
File: ../../../barcodes/inventory/f00276.eps Graphic file (type eps)

<../../../barcodes/inventory/f00276.eps>
File: ../../../barcodes/inventory/f00277.eps Graphic file (type eps)

<../../../barcodes/inventory/f00277.eps>
File: ../../../barcodes/inventory/f00278.eps Graphic file (type eps)

<../../../barcodes/inventory/f00278.eps>
File: ../../../barcodes/inventory/f00279.eps Graphic file (type eps)

<../../../barcodes/inventory/f00279.eps>
File: ../../../barcodes/inventory/f00280.eps Graphic file (type eps)

<../../../barcodes/inventory/f00280.eps>
File: ../../../barcodes/inventory/f00281.eps Graphic file (type eps)

<../../../barcodes/inventory/f00281.eps>
File: ../../../barcodes/inventory/f00282.eps Graphic file (type eps)

<../../../barcodes/inventory/f00282.eps>
File: ../../../barcodes/inventory/f00283.eps Graphic file (type eps)

<../../../barcodes/inventory/f00283.eps>
File: ../../../barcodes/inventory/f00284.eps Graphic file (type eps)

<../../../barcodes/inventory/f00284.eps>
File: ../../../barcodes/inventory/f00285.eps Graphic file (type eps)

<../../../barcodes/inventory/f00285.eps>
File: ../../../barcodes/inventory/f00286.eps Graphic file (type eps)

<../../../barcodes/inventory/f00286.eps>
File: ../../../barcodes/inventory/f00287.eps Graphic file (type eps)

<../../../barcodes/inventory/f00287.eps>
File: ../../../barcodes/inventory/f00288.eps Graphic file (type eps)

<../../../barcodes/inventory/f00288.eps>
File: ../../../barcodes/inventory/f00289.eps Graphic file (type eps)

<../../../barcodes/inventory/f00289.eps>
File: ../../../barcodes/inventory/f00290.eps Graphic file (type eps)

<../../../barcodes/inventory/f00290.eps>
File: ../../../barcodes/inventory/f00291.eps Graphic file (type eps)

<../../../barcodes/inventory/f00291.eps>
File: ../../../barcodes/inventory/f00292.eps Graphic file (type eps)

<../../../barcodes/inventory/f00292.eps>
File: ../../../barcodes/inventory/f00293.eps Graphic file (type eps)

<../../../barcodes/inventory/f00293.eps>
File: ../../../barcodes/inventory/f00294.eps Graphic file (type eps)

<../../../barcodes/inventory/f00294.eps>
File: ../../../barcodes/inventory/f00295.eps Graphic file (type eps)

<../../../barcodes/inventory/f00295.eps>
File: ../../../barcodes/inventory/f00296.eps Graphic file (type eps)

<../../../barcodes/inventory/f00296.eps>
File: ../../../barcodes/inventory/f00297.eps Graphic file (type eps)

<../../../barcodes/inventory/f00297.eps>
File: ../../../barcodes/inventory/f00298.eps Graphic file (type eps)

<../../../barcodes/inventory/f00298.eps>
File: ../../../barcodes/inventory/f00299.eps Graphic file (type eps)

<../../../barcodes/inventory/f00299.eps>
File: ../../../barcodes/inventory/f00300.eps Graphic file (type eps)

<../../../barcodes/inventory/f00300.eps>
Overfull \hbox (17.62177pt too wide) in paragraph at lines 986--987
[][] 
 []

[10]
File: ../../../barcodes/inventory/f00301.eps Graphic file (type eps)
 <../../../barcodes/inventory/f00301.eps>
File: ../../../barcodes/inventory/f00302.eps Graphic file (type eps)

<../../../barcodes/inventory/f00302.eps>
File: ../../../barcodes/inventory/f00303.eps Graphic file (type eps)

<../../../barcodes/inventory/f00303.eps>
File: ../../../barcodes/inventory/f00304.eps Graphic file (type eps)

<../../../barcodes/inventory/f00304.eps>
File: ../../../barcodes/inventory/f00305.eps Graphic file (type eps)

<../../../barcodes/inventory/f00305.eps>
File: ../../../barcodes/inventory/f00306.eps Graphic file (type eps)

<../../../barcodes/inventory/f00306.eps>
File: ../../../barcodes/inventory/f00307.eps Graphic file (type eps)

<../../../barcodes/inventory/f00307.eps>
File: ../../../barcodes/inventory/f00308.eps Graphic file (type eps)

<../../../barcodes/inventory/f00308.eps>
File: ../../../barcodes/inventory/f00309.eps Graphic file (type eps)

<../../../barcodes/inventory/f00309.eps>
File: ../../../barcodes/inventory/f00310.eps Graphic file (type eps)

<../../../barcodes/inventory/f00310.eps>
File: ../../../barcodes/inventory/f00311.eps Graphic file (type eps)

<../../../barcodes/inventory/f00311.eps>
File: ../../../barcodes/inventory/f00312.eps Graphic file (type eps)

<../../../barcodes/inventory/f00312.eps>
File: ../../../barcodes/inventory/f00313.eps Graphic file (type eps)

<../../../barcodes/inventory/f00313.eps>
File: ../../../barcodes/inventory/f00314.eps Graphic file (type eps)

<../../../barcodes/inventory/f00314.eps>
File: ../../../barcodes/inventory/f00315.eps Graphic file (type eps)

<../../../barcodes/inventory/f00315.eps>
File: ../../../barcodes/inventory/f00316.eps Graphic file (type eps)

<../../../barcodes/inventory/f00316.eps>
File: ../../../barcodes/inventory/f00317.eps Graphic file (type eps)

<../../../barcodes/inventory/f00317.eps>
File: ../../../barcodes/inventory/f00318.eps Graphic file (type eps)

<../../../barcodes/inventory/f00318.eps>
File: ../../../barcodes/inventory/f00319.eps Graphic file (type eps)

<../../../barcodes/inventory/f00319.eps>
File: ../../../barcodes/inventory/f00320.eps Graphic file (type eps)

<../../../barcodes/inventory/f00320.eps>
File: ../../../barcodes/inventory/f00321.eps Graphic file (type eps)

<../../../barcodes/inventory/f00321.eps>
File: ../../../barcodes/inventory/f00322.eps Graphic file (type eps)

<../../../barcodes/inventory/f00322.eps>
File: ../../../barcodes/inventory/f00323.eps Graphic file (type eps)

<../../../barcodes/inventory/f00323.eps>
File: ../../../barcodes/inventory/f00324.eps Graphic file (type eps)

<../../../barcodes/inventory/f00324.eps>
File: ../../../barcodes/inventory/f00325.eps Graphic file (type eps)

<../../../barcodes/inventory/f00325.eps>
File: ../../../barcodes/inventory/f00326.eps Graphic file (type eps)

<../../../barcodes/inventory/f00326.eps>
File: ../../../barcodes/inventory/f00327.eps Graphic file (type eps)

<../../../barcodes/inventory/f00327.eps>
File: ../../../barcodes/inventory/f00328.eps Graphic file (type eps)

<../../../barcodes/inventory/f00328.eps>
File: ../../../barcodes/inventory/f00329.eps Graphic file (type eps)

<../../../barcodes/inventory/f00329.eps>
File: ../../../barcodes/inventory/f00330.eps Graphic file (type eps)

<../../../barcodes/inventory/f00330.eps>
Overfull \hbox (17.62177pt too wide) in paragraph at lines 1084--1085
[][] 
 []

[11]
File: ../../../barcodes/inventory/f00331.eps Graphic file (type eps)
 <../../../barcodes/inventory/f00331.eps>
File: ../../../barcodes/inventory/f00332.eps Graphic file (type eps)

<../../../barcodes/inventory/f00332.eps>
File: ../../../barcodes/inventory/f00333.eps Graphic file (type eps)

<../../../barcodes/inventory/f00333.eps>
File: ../../../barcodes/inventory/f00334.eps Graphic file (type eps)

<../../../barcodes/inventory/f00334.eps>
File: ../../../barcodes/inventory/f00335.eps Graphic file (type eps)

<../../../barcodes/inventory/f00335.eps>
File: ../../../barcodes/inventory/f00336.eps Graphic file (type eps)

<../../../barcodes/inventory/f00336.eps>
File: ../../../barcodes/inventory/f00337.eps Graphic file (type eps)

<../../../barcodes/inventory/f00337.eps>
File: ../../../barcodes/inventory/f00338.eps Graphic file (type eps)

<../../../barcodes/inventory/f00338.eps>
File: ../../../barcodes/inventory/f00339.eps Graphic file (type eps)

<../../../barcodes/inventory/f00339.eps>
File: ../../../barcodes/inventory/f00340.eps Graphic file (type eps)

<../../../barcodes/inventory/f00340.eps>
File: ../../../barcodes/inventory/f00341.eps Graphic file (type eps)

<../../../barcodes/inventory/f00341.eps>
File: ../../../barcodes/inventory/f00342.eps Graphic file (type eps)

<../../../barcodes/inventory/f00342.eps>
File: ../../../barcodes/inventory/f00343.eps Graphic file (type eps)

<../../../barcodes/inventory/f00343.eps>
File: ../../../barcodes/inventory/f00344.eps Graphic file (type eps)

<../../../barcodes/inventory/f00344.eps>
File: ../../../barcodes/inventory/f00345.eps Graphic file (type eps)

<../../../barcodes/inventory/f00345.eps>
File: ../../../barcodes/inventory/f00346.eps Graphic file (type eps)

<../../../barcodes/inventory/f00346.eps>
File: ../../../barcodes/inventory/f00347.eps Graphic file (type eps)

<../../../barcodes/inventory/f00347.eps>
File: ../../../barcodes/inventory/f00348.eps Graphic file (type eps)

<../../../barcodes/inventory/f00348.eps>
File: ../../../barcodes/inventory/f00349.eps Graphic file (type eps)

<../../../barcodes/inventory/f00349.eps>
File: ../../../barcodes/inventory/f00350.eps Graphic file (type eps)

<../../../barcodes/inventory/f00350.eps>
File: ../../../barcodes/inventory/f00351.eps Graphic file (type eps)

<../../../barcodes/inventory/f00351.eps>
File: ../../../barcodes/inventory/f00352.eps Graphic file (type eps)

<../../../barcodes/inventory/f00352.eps>
File: ../../../barcodes/inventory/f00353.eps Graphic file (type eps)

<../../../barcodes/inventory/f00353.eps>
File: ../../../barcodes/inventory/f00354.eps Graphic file (type eps)

<../../../barcodes/inventory/f00354.eps>
File: ../../../barcodes/inventory/f00355.eps Graphic file (type eps)

<../../../barcodes/inventory/f00355.eps>
File: ../../../barcodes/inventory/f00356.eps Graphic file (type eps)

<../../../barcodes/inventory/f00356.eps>
File: ../../../barcodes/inventory/f00357.eps Graphic file (type eps)

<../../../barcodes/inventory/f00357.eps>
File: ../../../barcodes/inventory/f00358.eps Graphic file (type eps)

<../../../barcodes/inventory/f00358.eps>
File: ../../../barcodes/inventory/f00359.eps Graphic file (type eps)

<../../../barcodes/inventory/f00359.eps>
File: ../../../barcodes/inventory/f00360.eps Graphic file (type eps)

<../../../barcodes/inventory/f00360.eps>
Overfull \hbox (17.62177pt too wide) in paragraph at lines 1182--1183
[][] 
 []

[12]
File: ../../../barcodes/inventory/f00361.eps Graphic file (type eps)
 <../../../barcodes/inventory/f00361.eps>
File: ../../../barcodes/inventory/f00362.eps Graphic file (type eps)

<../../../barcodes/inventory/f00362.eps>
File: ../../../barcodes/inventory/f00363.eps Graphic file (type eps)

<../../../barcodes/inventory/f00363.eps>
File: ../../../barcodes/inventory/f00364.eps Graphic file (type eps)

<../../../barcodes/inventory/f00364.eps>
File: ../../../barcodes/inventory/f00365.eps Graphic file (type eps)

<../../../barcodes/inventory/f00365.eps>
File: ../../../barcodes/inventory/f00366.eps Graphic file (type eps)

<../../../barcodes/inventory/f00366.eps>
File: ../../../barcodes/inventory/f00367.eps Graphic file (type eps)

<../../../barcodes/inventory/f00367.eps>
File: ../../../barcodes/inventory/f00368.eps Graphic file (type eps)

<../../../barcodes/inventory/f00368.eps>
File: ../../../barcodes/inventory/f00369.eps Graphic file (type eps)

<../../../barcodes/inventory/f00369.eps>
File: ../../../barcodes/inventory/f00370.eps Graphic file (type eps)

<../../../barcodes/inventory/f00370.eps>
File: ../../../barcodes/inventory/f00371.eps Graphic file (type eps)

<../../../barcodes/inventory/f00371.eps>
File: ../../../barcodes/inventory/f00372.eps Graphic file (type eps)

<../../../barcodes/inventory/f00372.eps>
File: ../../../barcodes/inventory/f00373.eps Graphic file (type eps)

<../../../barcodes/inventory/f00373.eps>
File: ../../../barcodes/inventory/f00374.eps Graphic file (type eps)

<../../../barcodes/inventory/f00374.eps>
File: ../../../barcodes/inventory/f00375.eps Graphic file (type eps)

<../../../barcodes/inventory/f00375.eps>
File: ../../../barcodes/inventory/f00376.eps Graphic file (type eps)

<../../../barcodes/inventory/f00376.eps>
File: ../../../barcodes/inventory/f00377.eps Graphic file (type eps)

<../../../barcodes/inventory/f00377.eps>
File: ../../../barcodes/inventory/f00378.eps Graphic file (type eps)

<../../../barcodes/inventory/f00378.eps>
File: ../../../barcodes/inventory/f00379.eps Graphic file (type eps)

<../../../barcodes/inventory/f00379.eps>
File: ../../../barcodes/inventory/f00380.eps Graphic file (type eps)

<../../../barcodes/inventory/f00380.eps>
File: ../../../barcodes/inventory/f00381.eps Graphic file (type eps)

<../../../barcodes/inventory/f00381.eps>
File: ../../../barcodes/inventory/f00382.eps Graphic file (type eps)

<../../../barcodes/inventory/f00382.eps>
File: ../../../barcodes/inventory/f00383.eps Graphic file (type eps)

<../../../barcodes/inventory/f00383.eps>
File: ../../../barcodes/inventory/f00384.eps Graphic file (type eps)

<../../../barcodes/inventory/f00384.eps>
File: ../../../barcodes/inventory/f00385.eps Graphic file (type eps)

<../../../barcodes/inventory/f00385.eps>
File: ../../../barcodes/inventory/f00386.eps Graphic file (type eps)

<../../../barcodes/inventory/f00386.eps>
File: ../../../barcodes/inventory/f00387.eps Graphic file (type eps)

<../../../barcodes/inventory/f00387.eps>
File: ../../../barcodes/inventory/f00388.eps Graphic file (type eps)

<../../../barcodes/inventory/f00388.eps>
File: ../../../barcodes/inventory/f00389.eps Graphic file (type eps)

<../../../barcodes/inventory/f00389.eps>
File: ../../../barcodes/inventory/f00390.eps Graphic file (type eps)

<../../../barcodes/inventory/f00390.eps>
Overfull \hbox (17.62177pt too wide) in paragraph at lines 1280--1281
[][] 
 []

[13]
File: ../../../barcodes/inventory/f00391.eps Graphic file (type eps)
 <../../../barcodes/inventory/f00391.eps>
File: ../../../barcodes/inventory/f00392.eps Graphic file (type eps)

<../../../barcodes/inventory/f00392.eps>
File: ../../../barcodes/inventory/f00393.eps Graphic file (type eps)

<../../../barcodes/inventory/f00393.eps>
File: ../../../barcodes/inventory/f00394.eps Graphic file (type eps)

<../../../barcodes/inventory/f00394.eps>
File: ../../../barcodes/inventory/f00395.eps Graphic file (type eps)

<../../../barcodes/inventory/f00395.eps>
File: ../../../barcodes/inventory/f00396.eps Graphic file (type eps)

<../../../barcodes/inventory/f00396.eps>
File: ../../../barcodes/inventory/f00397.eps Graphic file (type eps)

<../../../barcodes/inventory/f00397.eps>
File: ../../../barcodes/inventory/f00398.eps Graphic file (type eps)

<../../../barcodes/inventory/f00398.eps>
File: ../../../barcodes/inventory/f00399.eps Graphic file (type eps)

<../../../barcodes/inventory/f00399.eps>
File: ../../../barcodes/inventory/f00400.eps Graphic file (type eps)

<../../../barcodes/inventory/f00400.eps>
File: ../../../barcodes/inventory/f00401.eps Graphic file (type eps)

<../../../barcodes/inventory/f00401.eps>
File: ../../../barcodes/inventory/f00402.eps Graphic file (type eps)

<../../../barcodes/inventory/f00402.eps>
File: ../../../barcodes/inventory/f00403.eps Graphic file (type eps)

<../../../barcodes/inventory/f00403.eps>
File: ../../../barcodes/inventory/f00404.eps Graphic file (type eps)

<../../../barcodes/inventory/f00404.eps>
File: ../../../barcodes/inventory/f00405.eps Graphic file (type eps)

<../../../barcodes/inventory/f00405.eps>
File: ../../../barcodes/inventory/f00406.eps Graphic file (type eps)

<../../../barcodes/inventory/f00406.eps>
File: ../../../barcodes/inventory/f00407.eps Graphic file (type eps)

<../../../barcodes/inventory/f00407.eps>
File: ../../../barcodes/inventory/f00408.eps Graphic file (type eps)

<../../../barcodes/inventory/f00408.eps>
File: ../../../barcodes/inventory/f00409.eps Graphic file (type eps)

<../../../barcodes/inventory/f00409.eps>
File: ../../../barcodes/inventory/f00410.eps Graphic file (type eps)

<../../../barcodes/inventory/f00410.eps>
File: ../../../barcodes/inventory/f00411.eps Graphic file (type eps)

<../../../barcodes/inventory/f00411.eps>
File: ../../../barcodes/inventory/f00412.eps Graphic file (type eps)

<../../../barcodes/inventory/f00412.eps>
File: ../../../barcodes/inventory/f00413.eps Graphic file (type eps)

<../../../barcodes/inventory/f00413.eps>
File: ../../../barcodes/inventory/f00414.eps Graphic file (type eps)

<../../../barcodes/inventory/f00414.eps>
File: ../../../barcodes/inventory/f00415.eps Graphic file (type eps)

<../../../barcodes/inventory/f00415.eps>
File: ../../../barcodes/inventory/f00416.eps Graphic file (type eps)

<../../../barcodes/inventory/f00416.eps>
File: ../../../barcodes/inventory/f00417.eps Graphic file (type eps)

<../../../barcodes/inventory/f00417.eps>
File: ../../../barcodes/inventory/f00418.eps Graphic file (type eps)

<../../../barcodes/inventory/f00418.eps>
File: ../../../barcodes/inventory/f00419.eps Graphic file (type eps)

<../../../barcodes/inventory/f00419.eps>
File: ../../../barcodes/inventory/f00420.eps Graphic file (type eps)

<../../../barcodes/inventory/f00420.eps>
Overfull \hbox (17.62177pt too wide) in paragraph at lines 1378--1379
[][] 
 []

[14] (./field_plant_tags.aux) ) 
Here is how much of TeX's memory you used:
 1984 strings out of 94764
 33898 string characters out of 1176261
 76877 words of memory out of 1500000
 4814 multiletter control sequences out of 10000+50000
 3938 words of font info for 15 fonts, out of 1200000 for 2000
 205 hyphenation exceptions out of 8191
 27i,5n,22p,236b,214s stack positions out of 5000i,500n,6000p,200000b,5000s

Output written on field_plant_tags.dvi (14 pages, 196940 bytes).
