This is pdfTeX, Version 3.14159265-2.6-1.40.16 (TeX Live 2015) (preloaded format=latex 2016.2.29)  27 APR 2018 08:01
entering extended mode
 restricted \write18 enabled.
 %&-line parsing enabled.
**needs_17r_harvest_tags
(./needs_17r_harvest_tags.tex
LaTeX2e <2016/02/01>
Babel <3.9q> and hyphenation patterns for 52 language(s) loaded.
(/usr/local/texlive/2015/texmf-dist/tex/latex/base/article.cls
Document Class: article 2014/09/29 v1.4h Standard LaTeX document class
(/usr/local/texlive/2015/texmf-dist/tex/latex/base/size12.clo
File: size12.clo 2014/09/29 v1.4h Standard LaTeX file (size option)
)
\c@part=\count79
\c@section=\count80
\c@subsection=\count81
\c@subsubsection=\count82
\c@paragraph=\count83
\c@subparagraph=\count84
\c@figure=\count85
\c@table=\count86
\abovecaptionskip=\skip41
\belowcaptionskip=\skip42
\bibindent=\dimen102
)
(/usr/local/texlive/2015/texmf-dist/tex/latex/graphics/graphics.sty
Package: graphics 2016/01/03 v1.0q Standard LaTeX Graphics (DPC,SPQR)

(/usr/local/texlive/2015/texmf-dist/tex/latex/graphics/trig.sty
Package: trig 2016/01/03 v1.10 sin cos tan (DPC)
)
(/usr/local/texlive/2015/texmf-dist/tex/latex/latexconfig/graphics.cfg
File: graphics.cfg 2010/04/23 v1.9 graphics configuration of TeX Live
)
Package graphics Info: Driver file: dvips.def on input line 95.

(/usr/local/texlive/2015/texmf-dist/tex/latex/graphics/dvips.def
File: dvips.def 2015/12/30 v3.0k Driver-dependent file (DPC,SPQR)
))
(/usr/local/texlive/2015/texmf-dist/tex/latex/graphics/graphicx.sty
Package: graphicx 2014/10/28 v1.0g Enhanced LaTeX Graphics (DPC,SPQR)

(/usr/local/texlive/2015/texmf-dist/tex/latex/graphics/keyval.sty
Package: keyval 2014/10/28 v1.15 key=value parser (DPC)
\KV@toks@=\toks14
)
\Gin@req@height=\dimen103
\Gin@req@width=\dimen104
)
(/usr/local/texlive/2015/texmf-dist/tex/latex/base/graphpap.sty
Package: graphpap 1994/08/09 v1.0c Standard LaTeX graphpap package (LL)
)
(/usr/local/texlive/2015/texmf-dist/tex/latex/amsmath/amsmath.sty
Package: amsmath 2013/01/14 v2.14 AMS math features
\@mathmargin=\skip43

For additional information on amsmath, use the `?' option.
(/usr/local/texlive/2015/texmf-dist/tex/latex/amsmath/amstext.sty
Package: amstext 2000/06/29 v2.01

(/usr/local/texlive/2015/texmf-dist/tex/latex/amsmath/amsgen.sty
File: amsgen.sty 1999/11/30 v2.0
\@emptytoks=\toks15
\ex@=\dimen105
))
(/usr/local/texlive/2015/texmf-dist/tex/latex/amsmath/amsbsy.sty
Package: amsbsy 1999/11/29 v1.2d
\pmbraise@=\dimen106
)
(/usr/local/texlive/2015/texmf-dist/tex/latex/amsmath/amsopn.sty
Package: amsopn 1999/12/14 v2.01 operator names
)
\inf@bad=\count87
LaTeX Info: Redefining \frac on input line 210.
\uproot@=\count88
\leftroot@=\count89
LaTeX Info: Redefining \overline on input line 306.
\classnum@=\count90
\DOTSCASE@=\count91
LaTeX Info: Redefining \ldots on input line 378.
LaTeX Info: Redefining \dots on input line 381.
LaTeX Info: Redefining \cdots on input line 466.
\Mathstrutbox@=\box26
\strutbox@=\box27
\big@size=\dimen107
LaTeX Font Info:    Redeclaring font encoding OML on input line 566.
LaTeX Font Info:    Redeclaring font encoding OMS on input line 567.
\macc@depth=\count92
\c@MaxMatrixCols=\count93
\dotsspace@=\muskip10
\c@parentequation=\count94
\dspbrk@lvl=\count95
\tag@help=\toks16
\row@=\count96
\column@=\count97
\maxfields@=\count98
\andhelp@=\toks17
\eqnshift@=\dimen108
\alignsep@=\dimen109
\tagshift@=\dimen110
\tagwidth@=\dimen111
\totwidth@=\dimen112
\lineht@=\dimen113
\@envbody=\toks18
\multlinegap=\skip44
\multlinetaggap=\skip45
\mathdisplay@stack=\toks19
LaTeX Info: Redefining \[ on input line 2665.
LaTeX Info: Redefining \] on input line 2666.
)
(/usr/local/texlive/2015/texmf-dist/tex/latex/multirow/multirow.sty
\bigstrutjot=\dimen114
)
(/usr/local/texlive/texmf-local/tex/latex/local/tonis/row_stake_margins.sty)
(./needs_17r_harvest_tags.aux)
\openout1 = `needs_17r_harvest_tags.aux'.

LaTeX Font Info:    Checking defaults for OML/cmm/m/it on input line 7.
LaTeX Font Info:    ... okay on input line 7.
LaTeX Font Info:    Checking defaults for T1/cmr/m/n on input line 7.
LaTeX Font Info:    ... okay on input line 7.
LaTeX Font Info:    Checking defaults for OT1/cmr/m/n on input line 7.
LaTeX Font Info:    ... okay on input line 7.
LaTeX Font Info:    Checking defaults for OMS/cmsy/m/n on input line 7.
LaTeX Font Info:    ... okay on input line 7.
LaTeX Font Info:    Checking defaults for OMX/cmex/m/n on input line 7.
LaTeX Font Info:    ... okay on input line 7.
LaTeX Font Info:    Checking defaults for U/cmr/m/n on input line 7.
LaTeX Font Info:    ... okay on input line 7.
File: ../../../barcodes/inventory/17R4561:0006001.eps Graphic file (type eps)

<../../../barcodes/inventory/17R4561:0006001.eps>
File: ../../../barcodes/inventory/17R4561:0006004.eps Graphic file (type eps)

<../../../barcodes/inventory/17R4561:0006004.eps>

LaTeX Font Warning: Font shape `OT1/cmr/m/n' in size <30> not available
(Font)              size <24.88> substituted on input line 33.


LaTeX Font Warning: Font shape `OT1/cmr/m/n' in size <13> not available
(Font)              size <12> substituted on input line 33.


LaTeX Font Warning: Font shape `OML/cmm/m/it' in size <30> not available
(Font)              size <24.88> substituted on input line 33.


LaTeX Font Warning: Font shape `OML/cmm/m/it' in size <13> not available
(Font)              size <12> substituted on input line 33.


LaTeX Font Warning: Font shape `OMS/cmsy/m/n' in size <30> not available
(Font)              size <24.88> substituted on input line 33.


LaTeX Font Warning: Font shape `OMS/cmsy/m/n' in size <13> not available
(Font)              size <12> substituted on input line 33.


LaTeX Font Warning: Font shape `OMX/cmex/m/n' in size <30> not available
(Font)              size <24.88> substituted on input line 33.


LaTeX Font Warning: Font shape `OMX/cmex/m/n' in size <13> not available
(Font)              size <12> substituted on input line 33.

File: ../../../barcodes/inventory/17R4561:0006002.eps Graphic file (type eps)
<../../../barcodes/inventory/17R4561:0006002.eps>
File: ../../../barcodes/inventory/17R4561:0006004.eps Graphic file (type eps)

<../../../barcodes/inventory/17R4561:0006004.eps>
File: ../../../barcodes/inventory/17R4561:0006005.eps Graphic file (type eps)

<../../../barcodes/inventory/17R4561:0006005.eps>
File: ../../../barcodes/inventory/17R4561:0006004.eps Graphic file (type eps)

<../../../barcodes/inventory/17R4561:0006004.eps>
File: ../../../barcodes/inventory/17R4561:0006009.eps Graphic file (type eps)

<../../../barcodes/inventory/17R4561:0006009.eps>
File: ../../../barcodes/inventory/17R4561:0006004.eps Graphic file (type eps)

<../../../barcodes/inventory/17R4561:0006004.eps>
File: ../../../barcodes/inventory/17R4561:0006010.eps Graphic file (type eps)

<../../../barcodes/inventory/17R4561:0006010.eps>
File: ../../../barcodes/inventory/17R4561:0006004.eps Graphic file (type eps)

<../../../barcodes/inventory/17R4561:0006004.eps>
File: ../../../barcodes/inventory/17R4227:0006304.eps Graphic file (type eps)

<../../../barcodes/inventory/17R4227:0006304.eps>
File: ../../../barcodes/inventory/17R4227:0006317.eps Graphic file (type eps)

<../../../barcodes/inventory/17R4227:0006317.eps>
File: ../../../barcodes/inventory/17R4227:0006315.eps Graphic file (type eps)

<../../../barcodes/inventory/17R4227:0006315.eps>
File: ../../../barcodes/inventory/17R4227:0006317.eps Graphic file (type eps)

<../../../barcodes/inventory/17R4227:0006317.eps>
File: ../../../barcodes/inventory/17R4227:0006316.eps Graphic file (type eps)

<../../../barcodes/inventory/17R4227:0006316.eps>
File: ../../../barcodes/inventory/17R4227:0006317.eps Graphic file (type eps)

<../../../barcodes/inventory/17R4227:0006317.eps>
File: ../../../barcodes/inventory/17R4228:0006401.eps Graphic file (type eps)

<../../../barcodes/inventory/17R4228:0006401.eps>
File: ../../../barcodes/inventory/17R4228:0006404.eps Graphic file (type eps)

<../../../barcodes/inventory/17R4228:0006404.eps>
File: ../../../barcodes/inventory/17R4228:0006404.eps Graphic file (type eps)

<../../../barcodes/inventory/17R4228:0006404.eps>
File: ../../../barcodes/inventory/17R4228:0006404.eps Graphic file (type eps)

<../../../barcodes/inventory/17R4228:0006404.eps>
Overfull \hbox (17.62177pt too wide) in paragraph at lines 80--81
[][] 
 []

[1

]
File: ../../../barcodes/inventory/17R4228:0006408.eps Graphic file (type eps)
 <../../../barcodes/inventory/17R4228:0006408.eps>
File: ../../../barcodes/inventory/17R4228:0006404.eps Graphic file (type eps)

<../../../barcodes/inventory/17R4228:0006404.eps>
File: ../../../barcodes/inventory/17R4228:0006409.eps Graphic file (type eps)

<../../../barcodes/inventory/17R4228:0006409.eps>
File: ../../../barcodes/inventory/17R4228:0006415.eps Graphic file (type eps)

<../../../barcodes/inventory/17R4228:0006415.eps>
File: ../../../barcodes/inventory/17R4228:0006410.eps Graphic file (type eps)

<../../../barcodes/inventory/17R4228:0006410.eps>
File: ../../../barcodes/inventory/17R4228:0006415.eps Graphic file (type eps)

<../../../barcodes/inventory/17R4228:0006415.eps>
File: ../../../barcodes/inventory/17R4228:0006411.eps Graphic file (type eps)

<../../../barcodes/inventory/17R4228:0006411.eps>
File: ../../../barcodes/inventory/17R4228:0006415.eps Graphic file (type eps)

<../../../barcodes/inventory/17R4228:0006415.eps>
File: ../../../barcodes/inventory/17R4228:0006416.eps Graphic file (type eps)

<../../../barcodes/inventory/17R4228:0006416.eps>
File: ../../../barcodes/inventory/17R4228:0006415.eps Graphic file (type eps)

<../../../barcodes/inventory/17R4228:0006415.eps>
File: ../../../barcodes/inventory/17R4441:0006701.eps Graphic file (type eps)

<../../../barcodes/inventory/17R4441:0006701.eps>
File: ../../../barcodes/inventory/17R4441:0006706.eps Graphic file (type eps)

<../../../barcodes/inventory/17R4441:0006706.eps>
File: ../../../barcodes/inventory/17R4441:0006702.eps Graphic file (type eps)

<../../../barcodes/inventory/17R4441:0006702.eps>
File: ../../../barcodes/inventory/17R4441:0006706.eps Graphic file (type eps)

<../../../barcodes/inventory/17R4441:0006706.eps>
File: ../../../barcodes/inventory/17R4441:0006703.eps Graphic file (type eps)

<../../../barcodes/inventory/17R4441:0006703.eps>
File: ../../../barcodes/inventory/17R4441:0006706.eps Graphic file (type eps)

<../../../barcodes/inventory/17R4441:0006706.eps>
File: ../../../barcodes/inventory/17R4441:0006704.eps Graphic file (type eps)

<../../../barcodes/inventory/17R4441:0006704.eps>
File: ../../../barcodes/inventory/17R4441:0006704.eps Graphic file (type eps)

<../../../barcodes/inventory/17R4441:0006704.eps>
File: ../../../barcodes/inventory/17R3946:0006905.eps Graphic file (type eps)

<../../../barcodes/inventory/17R3946:0006905.eps>
File: ../../../barcodes/inventory/17R3946:0006904.eps Graphic file (type eps)

<../../../barcodes/inventory/17R3946:0006904.eps>
Overfull \hbox (17.62177pt too wide) in paragraph at lines 154--155
[][] 
 []

[2]
File: ../../../barcodes/inventory/17R3946:0006906.eps Graphic file (type eps)
 <../../../barcodes/inventory/17R3946:0006906.eps>
File: ../../../barcodes/inventory/17R3946:0006904.eps Graphic file (type eps)

<../../../barcodes/inventory/17R3946:0006904.eps>
File: ../../../barcodes/inventory/17R4085:0007102.eps Graphic file (type eps)

<../../../barcodes/inventory/17R4085:0007102.eps>
File: ../../../barcodes/inventory/17R4085:0007106.eps Graphic file (type eps)

<../../../barcodes/inventory/17R4085:0007106.eps>
File: ../../../barcodes/inventory/17R4085:0007103.eps Graphic file (type eps)

<../../../barcodes/inventory/17R4085:0007103.eps>
File: ../../../barcodes/inventory/17R4085:0007106.eps Graphic file (type eps)

<../../../barcodes/inventory/17R4085:0007106.eps>
File: ../../../barcodes/inventory/17R4085:0007104.eps Graphic file (type eps)

<../../../barcodes/inventory/17R4085:0007104.eps>
File: ../../../barcodes/inventory/17R4085:0007106.eps Graphic file (type eps)

<../../../barcodes/inventory/17R4085:0007106.eps>
File: ../../../barcodes/inventory/17R4085:0007108.eps Graphic file (type eps)

<../../../barcodes/inventory/17R4085:0007108.eps>
File: ../../../barcodes/inventory/17R4085:0007109.eps Graphic file (type eps)

<../../../barcodes/inventory/17R4085:0007109.eps>
File: ../../../barcodes/inventory/17R4085:0007111.eps Graphic file (type eps)

<../../../barcodes/inventory/17R4085:0007111.eps>
File: ../../../barcodes/inventory/17R4085:0007109.eps Graphic file (type eps)

<../../../barcodes/inventory/17R4085:0007109.eps>
File: ../../../barcodes/inventory/17R4085:0007114.eps Graphic file (type eps)

<../../../barcodes/inventory/17R4085:0007114.eps>
File: ../../../barcodes/inventory/17R4085:0007109.eps Graphic file (type eps)

<../../../barcodes/inventory/17R4085:0007109.eps>
File: ../../../barcodes/inventory/17R4085:0007117.eps Graphic file (type eps)

<../../../barcodes/inventory/17R4085:0007117.eps>
File: ../../../barcodes/inventory/17R4085:0007109.eps Graphic file (type eps)

<../../../barcodes/inventory/17R4085:0007109.eps>
File: ../../../barcodes/inventory/17R4559:0007207.eps Graphic file (type eps)

<../../../barcodes/inventory/17R4559:0007207.eps>
File: ../../../barcodes/inventory/17R4559:0007207.eps Graphic file (type eps)

<../../../barcodes/inventory/17R4559:0007207.eps>
File: ../../../barcodes/inventory/17R4559:0007210.eps Graphic file (type eps)

<../../../barcodes/inventory/17R4559:0007210.eps>
File: ../../../barcodes/inventory/17R4559:0007207.eps Graphic file (type eps)

<../../../barcodes/inventory/17R4559:0007207.eps>
Overfull \hbox (17.62177pt too wide) in paragraph at lines 228--229
[][] 
 []

[3]
File: ../../../barcodes/inventory/17R4559:0007211.eps Graphic file (type eps)
 <../../../barcodes/inventory/17R4559:0007211.eps>
File: ../../../barcodes/inventory/17R4559:0007207.eps Graphic file (type eps)

<../../../barcodes/inventory/17R4559:0007207.eps>
File: ../../../barcodes/inventory/17R4559:0007212.eps Graphic file (type eps)

<../../../barcodes/inventory/17R4559:0007212.eps>
File: ../../../barcodes/inventory/17R4559:0007207.eps Graphic file (type eps)

<../../../barcodes/inventory/17R4559:0007207.eps>
File: ../../../barcodes/inventory/17R3590:0007410.eps Graphic file (type eps)

<../../../barcodes/inventory/17R3590:0007410.eps>
File: ../../../barcodes/inventory/17R3590:0007412.eps Graphic file (type eps)

<../../../barcodes/inventory/17R3590:0007412.eps>
File: ../../../barcodes/inventory/17R4491:0007603.eps Graphic file (type eps)

<../../../barcodes/inventory/17R4491:0007603.eps>
File: ../../../barcodes/inventory/17R4491:0007610.eps Graphic file (type eps)

<../../../barcodes/inventory/17R4491:0007610.eps>
File: ../../../barcodes/inventory/17R4491:0007606.eps Graphic file (type eps)

<../../../barcodes/inventory/17R4491:0007606.eps>
File: ../../../barcodes/inventory/17R4491:0007611.eps Graphic file (type eps)

<../../../barcodes/inventory/17R4491:0007611.eps>
File: ../../../barcodes/inventory/17R4491:0007607.eps Graphic file (type eps)

<../../../barcodes/inventory/17R4491:0007607.eps>
File: ../../../barcodes/inventory/17R4491:0007610.eps Graphic file (type eps)

<../../../barcodes/inventory/17R4491:0007610.eps>
File: ../../../barcodes/inventory/17R4491:0007608.eps Graphic file (type eps)

<../../../barcodes/inventory/17R4491:0007608.eps>
File: ../../../barcodes/inventory/17R4491:0007610.eps Graphic file (type eps)

<../../../barcodes/inventory/17R4491:0007610.eps>
File: ../../../barcodes/inventory/17R4491:0007610.eps Graphic file (type eps)

<../../../barcodes/inventory/17R4491:0007610.eps>
File: ../../../barcodes/inventory/17R4491:0007610.eps Graphic file (type eps)

<../../../barcodes/inventory/17R4491:0007610.eps>
File: ../../../barcodes/inventory/17R4491:0007611.eps Graphic file (type eps)

<../../../barcodes/inventory/17R4491:0007611.eps>
File: ../../../barcodes/inventory/17R4491:0007611.eps Graphic file (type eps)

<../../../barcodes/inventory/17R4491:0007611.eps>
File: ../../../barcodes/inventory/17R4491:0007612.eps Graphic file (type eps)

<../../../barcodes/inventory/17R4491:0007612.eps>
File: ../../../barcodes/inventory/17R4491:0007611.eps Graphic file (type eps)

<../../../barcodes/inventory/17R4491:0007611.eps>
Overfull \hbox (17.62177pt too wide) in paragraph at lines 302--303
[][] 
 []

[4]
File: ../../../barcodes/inventory/17R4492:0007902.eps Graphic file (type eps)
 <../../../barcodes/inventory/17R4492:0007902.eps>
File: ../../../barcodes/inventory/17R4492:0007906.eps Graphic file (type eps)

<../../../barcodes/inventory/17R4492:0007906.eps>
File: ../../../barcodes/inventory/17R4492:0007907.eps Graphic file (type eps)

<../../../barcodes/inventory/17R4492:0007907.eps>
File: ../../../barcodes/inventory/17R4492:0007906.eps Graphic file (type eps)

<../../../barcodes/inventory/17R4492:0007906.eps>
File: ../../../barcodes/inventory/17R4492:0007910.eps Graphic file (type eps)

<../../../barcodes/inventory/17R4492:0007910.eps>
File: ../../../barcodes/inventory/17R4492:0007909.eps Graphic file (type eps)

<../../../barcodes/inventory/17R4492:0007909.eps>
File: ../../../barcodes/inventory/17R4453:0008406.eps Graphic file (type eps)

<../../../barcodes/inventory/17R4453:0008406.eps>
File: ../../../barcodes/inventory/17R4453:0008402.eps Graphic file (type eps)

<../../../barcodes/inventory/17R4453:0008402.eps>
File: ../../../barcodes/inventory/17R4494:0008601.eps Graphic file (type eps)

<../../../barcodes/inventory/17R4494:0008601.eps>
File: ../../../barcodes/inventory/17R4494:0008601.eps Graphic file (type eps)

<../../../barcodes/inventory/17R4494:0008601.eps>
File: ../../../barcodes/inventory/17R4494:0008607.eps Graphic file (type eps)

<../../../barcodes/inventory/17R4494:0008607.eps>
File: ../../../barcodes/inventory/17R4494:0008601.eps Graphic file (type eps)

<../../../barcodes/inventory/17R4494:0008601.eps>
File: ../../../barcodes/inventory/17R4494:0008612.eps Graphic file (type eps)

<../../../barcodes/inventory/17R4494:0008612.eps>
File: ../../../barcodes/inventory/17R4494:0008601.eps Graphic file (type eps)

<../../../barcodes/inventory/17R4494:0008601.eps>
File: ../../../barcodes/inventory/17R4494:0008702.eps Graphic file (type eps)

<../../../barcodes/inventory/17R4494:0008702.eps>
File: ../../../barcodes/inventory/17R4494:0008701.eps Graphic file (type eps)

<../../../barcodes/inventory/17R4494:0008701.eps>
File: ../../../barcodes/inventory/17R4092:0008802.eps Graphic file (type eps)

<../../../barcodes/inventory/17R4092:0008802.eps>
File: ../../../barcodes/inventory/17R4092:0008802.eps Graphic file (type eps)

<../../../barcodes/inventory/17R4092:0008802.eps>
File: ../../../barcodes/inventory/17R4092:0008806.eps Graphic file (type eps)

<../../../barcodes/inventory/17R4092:0008806.eps>
File: ../../../barcodes/inventory/17R4092:0008802.eps Graphic file (type eps)

<../../../barcodes/inventory/17R4092:0008802.eps>
Overfull \hbox (17.62177pt too wide) in paragraph at lines 376--377
[][] 
 []

[5]
File: ../../../barcodes/inventory/17R4092:0008809.eps Graphic file (type eps)
 <../../../barcodes/inventory/17R4092:0008809.eps>
File: ../../../barcodes/inventory/17R4092:0008802.eps Graphic file (type eps)

<../../../barcodes/inventory/17R4092:0008802.eps>
File: ../../../barcodes/inventory/17R4092:0008812.eps Graphic file (type eps)

<../../../barcodes/inventory/17R4092:0008812.eps>
File: ../../../barcodes/inventory/17R4092:0008802.eps Graphic file (type eps)

<../../../barcodes/inventory/17R4092:0008802.eps>
File: ../../../barcodes/inventory/17R4452:0009008.eps Graphic file (type eps)

<../../../barcodes/inventory/17R4452:0009008.eps>
File: ../../../barcodes/inventory/17R4452:0009007.eps Graphic file (type eps)

<../../../barcodes/inventory/17R4452:0009007.eps>
File: ../../../barcodes/inventory/17R4452:0009010.eps Graphic file (type eps)

<../../../barcodes/inventory/17R4452:0009010.eps>
File: ../../../barcodes/inventory/17R4452:0009007.eps Graphic file (type eps)

<../../../barcodes/inventory/17R4452:0009007.eps>
File: ../../../barcodes/inventory/17R4452:0009011.eps Graphic file (type eps)

<../../../barcodes/inventory/17R4452:0009011.eps>
File: ../../../barcodes/inventory/17R4452:0009007.eps Graphic file (type eps)

<../../../barcodes/inventory/17R4452:0009007.eps>
File: ../../../barcodes/inventory/17R4577:0009210.eps Graphic file (type eps)

<../../../barcodes/inventory/17R4577:0009210.eps>
File: ../../../barcodes/inventory/17R4577:0009210.eps Graphic file (type eps)

<../../../barcodes/inventory/17R4577:0009210.eps>
File: ../../../barcodes/inventory/17R4577:0009214.eps Graphic file (type eps)

<../../../barcodes/inventory/17R4577:0009214.eps>
File: ../../../barcodes/inventory/17R4577:0009210.eps Graphic file (type eps)

<../../../barcodes/inventory/17R4577:0009210.eps>
File: ../../../barcodes/inventory/17R4577:0009215.eps Graphic file (type eps)

<../../../barcodes/inventory/17R4577:0009215.eps>
File: ../../../barcodes/inventory/17R4577:0009210.eps Graphic file (type eps)

<../../../barcodes/inventory/17R4577:0009210.eps>
File: ../../../barcodes/inventory/17R4577:0009301.eps Graphic file (type eps)

<../../../barcodes/inventory/17R4577:0009301.eps>
File: ../../../barcodes/inventory/17R4577:0009308.eps Graphic file (type eps)

<../../../barcodes/inventory/17R4577:0009308.eps>
File: ../../../barcodes/inventory/17R4577:0009304.eps Graphic file (type eps)

<../../../barcodes/inventory/17R4577:0009304.eps>
File: ../../../barcodes/inventory/17R4577:0009308.eps Graphic file (type eps)

<../../../barcodes/inventory/17R4577:0009308.eps>
Overfull \hbox (17.62177pt too wide) in paragraph at lines 450--451
[][] 
 []

[6]
File: ../../../barcodes/inventory/17R4577:0009305.eps Graphic file (type eps)
 <../../../barcodes/inventory/17R4577:0009305.eps>
File: ../../../barcodes/inventory/17R4577:0009308.eps Graphic file (type eps)

<../../../barcodes/inventory/17R4577:0009308.eps>
File: ../../../barcodes/inventory/17R4577:0009306.eps Graphic file (type eps)

<../../../barcodes/inventory/17R4577:0009306.eps>
File: ../../../barcodes/inventory/17R4577:0009308.eps Graphic file (type eps)

<../../../barcodes/inventory/17R4577:0009308.eps>
File: ../../../barcodes/inventory/17R4577:0009310.eps Graphic file (type eps)

<../../../barcodes/inventory/17R4577:0009310.eps>
File: ../../../barcodes/inventory/17R4577:0009308.eps Graphic file (type eps)

<../../../barcodes/inventory/17R4577:0009308.eps>
File: ../../../barcodes/inventory/17R4577:0009312.eps Graphic file (type eps)

<../../../barcodes/inventory/17R4577:0009312.eps>
File: ../../../barcodes/inventory/17R4577:0009308.eps Graphic file (type eps)

<../../../barcodes/inventory/17R4577:0009308.eps>
File: ../../../barcodes/inventory/17R4577:0009316.eps Graphic file (type eps)

<../../../barcodes/inventory/17R4577:0009316.eps>
File: ../../../barcodes/inventory/17R4577:0009308.eps Graphic file (type eps)

<../../../barcodes/inventory/17R4577:0009308.eps>
File: ../../../barcodes/inventory/17R4577:0009318.eps Graphic file (type eps)

<../../../barcodes/inventory/17R4577:0009318.eps>
File: ../../../barcodes/inventory/17R4577:0009308.eps Graphic file (type eps)

<../../../barcodes/inventory/17R4577:0009308.eps>
File: ../../../barcodes/inventory/17R4542:0009503.eps Graphic file (type eps)

<../../../barcodes/inventory/17R4542:0009503.eps>
File: ../../../barcodes/inventory/17R4542:0009415.eps Graphic file (type eps)

<../../../barcodes/inventory/17R4542:0009415.eps>
File: ../../../barcodes/inventory/17R4542:0009504.eps Graphic file (type eps)

<../../../barcodes/inventory/17R4542:0009504.eps>
File: ../../../barcodes/inventory/17R4542:0009415.eps Graphic file (type eps)

<../../../barcodes/inventory/17R4542:0009415.eps>
File: ../../../barcodes/inventory/17R4542:0009509.eps Graphic file (type eps)

<../../../barcodes/inventory/17R4542:0009509.eps>
File: ../../../barcodes/inventory/17R4542:0009409.eps Graphic file (type eps)

<../../../barcodes/inventory/17R4542:0009409.eps>
File: ../../../barcodes/inventory/17R4542:0009511.eps Graphic file (type eps)

<../../../barcodes/inventory/17R4542:0009511.eps>
File: ../../../barcodes/inventory/17R4542:0009409.eps Graphic file (type eps)

<../../../barcodes/inventory/17R4542:0009409.eps>
Overfull \hbox (17.62177pt too wide) in paragraph at lines 524--525
[][] 
 []

[7]
File: ../../../barcodes/inventory/17R4542:0009514.eps Graphic file (type eps)
 <../../../barcodes/inventory/17R4542:0009514.eps>
File: ../../../barcodes/inventory/17R4542:0009409.eps Graphic file (type eps)

<../../../barcodes/inventory/17R4542:0009409.eps>
File: ../../../barcodes/inventory/17R4541:0009709.eps Graphic file (type eps)

<../../../barcodes/inventory/17R4541:0009709.eps>
File: ../../../barcodes/inventory/17R4541:0009712.eps Graphic file (type eps)

<../../../barcodes/inventory/17R4541:0009712.eps>
File: ../../../barcodes/inventory/17R4555:0009901.eps Graphic file (type eps)

<../../../barcodes/inventory/17R4555:0009901.eps>
File: ../../../barcodes/inventory/17R4555:0009801.eps Graphic file (type eps)

<../../../barcodes/inventory/17R4555:0009801.eps>
File: ../../../barcodes/inventory/17R4555:0009911.eps Graphic file (type eps)

<../../../barcodes/inventory/17R4555:0009911.eps>
File: ../../../barcodes/inventory/17R4555:0009801.eps Graphic file (type eps)

<../../../barcodes/inventory/17R4555:0009801.eps>
File: ../../../barcodes/inventory/17R4555:0009913.eps Graphic file (type eps)

<../../../barcodes/inventory/17R4555:0009913.eps>
File: ../../../barcodes/inventory/17R4555:0009801.eps Graphic file (type eps)

<../../../barcodes/inventory/17R4555:0009801.eps>
File: ../../../barcodes/inventory/17R4554:0010003.eps Graphic file (type eps)

<../../../barcodes/inventory/17R4554:0010003.eps>
File: ../../../barcodes/inventory/17R4554:0010009.eps Graphic file (type eps)

<../../../barcodes/inventory/17R4554:0010009.eps>
File: ../../../barcodes/inventory/17R4554:0010004.eps Graphic file (type eps)

<../../../barcodes/inventory/17R4554:0010004.eps>
File: ../../../barcodes/inventory/17R4554:0010009.eps Graphic file (type eps)

<../../../barcodes/inventory/17R4554:0010009.eps>
File: ../../../barcodes/inventory/17R4556:0010302.eps Graphic file (type eps)

<../../../barcodes/inventory/17R4556:0010302.eps>
File: ../../../barcodes/inventory/17R4556:0010305.eps Graphic file (type eps)

<../../../barcodes/inventory/17R4556:0010305.eps>
File: ../../../barcodes/inventory/17R4556:0010303.eps Graphic file (type eps)

<../../../barcodes/inventory/17R4556:0010303.eps>
File: ../../../barcodes/inventory/17R4556:0010305.eps Graphic file (type eps)

<../../../barcodes/inventory/17R4556:0010305.eps>
File: ../../../barcodes/inventory/17R4556:0010308.eps Graphic file (type eps)

<../../../barcodes/inventory/17R4556:0010308.eps>
File: ../../../barcodes/inventory/17R4556:0010305.eps Graphic file (type eps)

<../../../barcodes/inventory/17R4556:0010305.eps>
Overfull \hbox (17.62177pt too wide) in paragraph at lines 598--599
[][] 
 []

[8]
File: ../../../barcodes/inventory/17R4534:0010401.eps Graphic file (type eps)
 <../../../barcodes/inventory/17R4534:0010401.eps>
File: ../../../barcodes/inventory/17R4534:0010403.eps Graphic file (type eps)

<../../../barcodes/inventory/17R4534:0010403.eps>
File: ../../../barcodes/inventory/17R4534:0010406.eps Graphic file (type eps)

<../../../barcodes/inventory/17R4534:0010406.eps>
File: ../../../barcodes/inventory/17R4534:0010403.eps Graphic file (type eps)

<../../../barcodes/inventory/17R4534:0010403.eps>
File: ../../../barcodes/inventory/17R4534:0010407.eps Graphic file (type eps)

<../../../barcodes/inventory/17R4534:0010407.eps>
File: ../../../barcodes/inventory/17R4534:0010403.eps Graphic file (type eps)

<../../../barcodes/inventory/17R4534:0010403.eps>
File: ../../../barcodes/inventory/17R4534:0010409.eps Graphic file (type eps)

<../../../barcodes/inventory/17R4534:0010409.eps>
File: ../../../barcodes/inventory/17R4534:0010403.eps Graphic file (type eps)

<../../../barcodes/inventory/17R4534:0010403.eps>
File: ../../../barcodes/inventory/17R4534:0010410.eps Graphic file (type eps)

<../../../barcodes/inventory/17R4534:0010410.eps>
File: ../../../barcodes/inventory/17R4534:0010403.eps Graphic file (type eps)

<../../../barcodes/inventory/17R4534:0010403.eps>
File: ../../../barcodes/inventory/17R4535:0010601.eps Graphic file (type eps)

<../../../barcodes/inventory/17R4535:0010601.eps>
File: ../../../barcodes/inventory/17R4535:0010604.eps Graphic file (type eps)

<../../../barcodes/inventory/17R4535:0010604.eps>
File: ../../../barcodes/inventory/17R4535:0010602.eps Graphic file (type eps)

<../../../barcodes/inventory/17R4535:0010602.eps>
File: ../../../barcodes/inventory/17R4535:0010604.eps Graphic file (type eps)

<../../../barcodes/inventory/17R4535:0010604.eps>
File: ../../../barcodes/inventory/17R4535:0010611.eps Graphic file (type eps)

<../../../barcodes/inventory/17R4535:0010611.eps>
File: ../../../barcodes/inventory/17R4535:0010610.eps Graphic file (type eps)

<../../../barcodes/inventory/17R4535:0010610.eps>
File: ../../../barcodes/inventory/17R4535:0010615.eps Graphic file (type eps)

<../../../barcodes/inventory/17R4535:0010615.eps>
File: ../../../barcodes/inventory/17R4535:0010610.eps Graphic file (type eps)

<../../../barcodes/inventory/17R4535:0010610.eps>
File: ../../../barcodes/inventory/17R4538:0010801.eps Graphic file (type eps)

<../../../barcodes/inventory/17R4538:0010801.eps>
File: ../../../barcodes/inventory/17R4538:0010801.eps Graphic file (type eps)

<../../../barcodes/inventory/17R4538:0010801.eps>
Overfull \hbox (17.62177pt too wide) in paragraph at lines 672--673
[][] 
 []

[9]
File: ../../../barcodes/inventory/17R4538:0010803.eps Graphic file (type eps)
 <../../../barcodes/inventory/17R4538:0010803.eps>
File: ../../../barcodes/inventory/17R4538:0010807.eps Graphic file (type eps)

<../../../barcodes/inventory/17R4538:0010807.eps>
File: ../../../barcodes/inventory/17R4538:0010804.eps Graphic file (type eps)

<../../../barcodes/inventory/17R4538:0010804.eps>
File: ../../../barcodes/inventory/17R4538:0010801.eps Graphic file (type eps)

<../../../barcodes/inventory/17R4538:0010801.eps>
File: ../../../barcodes/inventory/17R4538:0010809.eps Graphic file (type eps)

<../../../barcodes/inventory/17R4538:0010809.eps>
File: ../../../barcodes/inventory/17R4538:0010807.eps Graphic file (type eps)

<../../../barcodes/inventory/17R4538:0010807.eps>
File: ../../../barcodes/inventory/17R4538:0010811.eps Graphic file (type eps)

<../../../barcodes/inventory/17R4538:0010811.eps>
File: ../../../barcodes/inventory/17R4538:0010801.eps Graphic file (type eps)

<../../../barcodes/inventory/17R4538:0010801.eps>
File: ../../../barcodes/inventory/17R205:S0001110.eps Graphic file (type eps)

<../../../barcodes/inventory/17R205:S0001110.eps>
File: ../../../barcodes/inventory/17R4539:0017501.eps Graphic file (type eps)

<../../../barcodes/inventory/17R4539:0017501.eps>
File: ../../../barcodes/inventory/17R205:S0001111.eps Graphic file (type eps)

<../../../barcodes/inventory/17R205:S0001111.eps>
File: ../../../barcodes/inventory/17R4539:0017501.eps Graphic file (type eps)

<../../../barcodes/inventory/17R4539:0017501.eps>
File: ../../../barcodes/inventory/17R205:S0001214.eps Graphic file (type eps)

<../../../barcodes/inventory/17R205:S0001214.eps>
File: ../../../barcodes/inventory/17R4626:0015704.eps Graphic file (type eps)

<../../../barcodes/inventory/17R4626:0015704.eps>
File: ../../../barcodes/inventory/17R205:S0001216.eps Graphic file (type eps)

<../../../barcodes/inventory/17R205:S0001216.eps>
File: ../../../barcodes/inventory/17R4626:0015704.eps Graphic file (type eps)

<../../../barcodes/inventory/17R4626:0015704.eps>
File: ../../../barcodes/inventory/17R205:S0001217.eps Graphic file (type eps)

<../../../barcodes/inventory/17R205:S0001217.eps>
File: ../../../barcodes/inventory/17R4477:0016204.eps Graphic file (type eps)

<../../../barcodes/inventory/17R4477:0016204.eps>
File: ../../../barcodes/inventory/17R205:S0001218.eps Graphic file (type eps)

<../../../barcodes/inventory/17R205:S0001218.eps>
File: ../../../barcodes/inventory/17R4477:0016204.eps Graphic file (type eps)

<../../../barcodes/inventory/17R4477:0016204.eps>
Overfull \hbox (17.62177pt too wide) in paragraph at lines 746--747
[][] 
 []

[10]
File: ../../../barcodes/inventory/17R205:S0001219.eps Graphic file (type eps)
 <../../../barcodes/inventory/17R205:S0001219.eps>
File: ../../../barcodes/inventory/17R4477:0016203.eps Graphic file (type eps)

<../../../barcodes/inventory/17R4477:0016203.eps>
File: ../../../barcodes/inventory/17R205:S0001317.eps Graphic file (type eps)

<../../../barcodes/inventory/17R205:S0001317.eps>
File: ../../../barcodes/inventory/17R4477:0016203.eps Graphic file (type eps)

<../../../barcodes/inventory/17R4477:0016203.eps>
File: ../../../barcodes/inventory/17R205:S0001418.eps Graphic file (type eps)

<../../../barcodes/inventory/17R205:S0001418.eps>
File: ../../../barcodes/inventory/17R4419:0011112.eps Graphic file (type eps)

<../../../barcodes/inventory/17R4419:0011112.eps>
File: ../../../barcodes/inventory/17R205:S0001501.eps Graphic file (type eps)

<../../../barcodes/inventory/17R205:S0001501.eps>
File: ../../../barcodes/inventory/17R2252:0011014.eps Graphic file (type eps)

<../../../barcodes/inventory/17R2252:0011014.eps>
File: ../../../barcodes/inventory/17R205:S0001511.eps Graphic file (type eps)

<../../../barcodes/inventory/17R205:S0001511.eps>
File: ../../../barcodes/inventory/17R2252:0011020.eps Graphic file (type eps)

<../../../barcodes/inventory/17R2252:0011020.eps>
File: ../../../barcodes/inventory/17R205:S0001513.eps Graphic file (type eps)

<../../../barcodes/inventory/17R205:S0001513.eps>
File: ../../../barcodes/inventory/17R2252:0011020.eps Graphic file (type eps)

<../../../barcodes/inventory/17R2252:0011020.eps>
File: ../../../barcodes/inventory/17R205:S0003301.eps Graphic file (type eps)

<../../../barcodes/inventory/17R205:S0003301.eps>
File: ../../../barcodes/inventory/17R4545:0018107.eps Graphic file (type eps)

<../../../barcodes/inventory/17R4545:0018107.eps>
File: ../../../barcodes/inventory/17R205:S0003303.eps Graphic file (type eps)

<../../../barcodes/inventory/17R205:S0003303.eps>
File: ../../../barcodes/inventory/17R2252:0011001.eps Graphic file (type eps)

<../../../barcodes/inventory/17R2252:0011001.eps>
File: ../../../barcodes/inventory/17R205:S0003306.eps Graphic file (type eps)

<../../../barcodes/inventory/17R205:S0003306.eps>
File: ../../../barcodes/inventory/17R4545:0018107.eps Graphic file (type eps)

<../../../barcodes/inventory/17R4545:0018107.eps>
File: ../../../barcodes/inventory/17R205:S0003307.eps Graphic file (type eps)

<../../../barcodes/inventory/17R205:S0003307.eps>
File: ../../../barcodes/inventory/17R4545:0018107.eps Graphic file (type eps)

<../../../barcodes/inventory/17R4545:0018107.eps>
Overfull \hbox (17.62177pt too wide) in paragraph at lines 820--821
[][] 
 []

[11]
File: ../../../barcodes/inventory/17R205:S0003316.eps Graphic file (type eps)
 <../../../barcodes/inventory/17R205:S0003316.eps>
File: ../../../barcodes/inventory/17R4419:0011132.eps Graphic file (type eps)

<../../../barcodes/inventory/17R4419:0011132.eps>
File: ../../../barcodes/inventory/17R205:S0003317.eps Graphic file (type eps)

<../../../barcodes/inventory/17R205:S0003317.eps>
File: ../../../barcodes/inventory/17R4419:0011132.eps Graphic file (type eps)

<../../../barcodes/inventory/17R4419:0011132.eps>
File: ../../../barcodes/inventory/17R205:S0003407.eps Graphic file (type eps)

<../../../barcodes/inventory/17R205:S0003407.eps>
File: ../../../barcodes/inventory/17R2252:0011001.eps Graphic file (type eps)

<../../../barcodes/inventory/17R2252:0011001.eps>
File: ../../../barcodes/inventory/17R205:S0003411.eps Graphic file (type eps)

<../../../barcodes/inventory/17R205:S0003411.eps>
File: ../../../barcodes/inventory/17R2252:0011019.eps Graphic file (type eps)

<../../../barcodes/inventory/17R2252:0011019.eps>
File: ../../../barcodes/inventory/17R205:S0003412.eps Graphic file (type eps)

<../../../barcodes/inventory/17R205:S0003412.eps>
File: ../../../barcodes/inventory/17R2252:0011019.eps Graphic file (type eps)

<../../../barcodes/inventory/17R2252:0011019.eps>
File: ../../../barcodes/inventory/17R205:S0003415.eps Graphic file (type eps)

<../../../barcodes/inventory/17R205:S0003415.eps>
File: ../../../barcodes/inventory/17R4419:0011132.eps Graphic file (type eps)

<../../../barcodes/inventory/17R4419:0011132.eps>
File: ../../../barcodes/inventory/17R205:S0003503.eps Graphic file (type eps)

<../../../barcodes/inventory/17R205:S0003503.eps>
File: ../../../barcodes/inventory/17R4562:0016803.eps Graphic file (type eps)

<../../../barcodes/inventory/17R4562:0016803.eps>
File: ../../../barcodes/inventory/17R205:S0003504.eps Graphic file (type eps)

<../../../barcodes/inventory/17R205:S0003504.eps>
File: ../../../barcodes/inventory/17R4419:0011128.eps Graphic file (type eps)

<../../../barcodes/inventory/17R4419:0011128.eps>
File: ../../../barcodes/inventory/17R205:S0003507.eps Graphic file (type eps)

<../../../barcodes/inventory/17R205:S0003507.eps>
File: ../../../barcodes/inventory/17R4562:0016803.eps Graphic file (type eps)

<../../../barcodes/inventory/17R4562:0016803.eps>
File: ../../../barcodes/inventory/17R205:S0003512.eps Graphic file (type eps)

<../../../barcodes/inventory/17R205:S0003512.eps>
File: ../../../barcodes/inventory/17R4419:0011128.eps Graphic file (type eps)

<../../../barcodes/inventory/17R4419:0011128.eps>
Overfull \hbox (17.62177pt too wide) in paragraph at lines 894--895
[][] 
 []

[12]
File: ../../../barcodes/inventory/17R205:S0003513.eps Graphic file (type eps)
 <../../../barcodes/inventory/17R205:S0003513.eps>
File: ../../../barcodes/inventory/17R4419:0011108.eps Graphic file (type eps)

<../../../barcodes/inventory/17R4419:0011108.eps>
File: ../../../barcodes/inventory/17R205:S0003515.eps Graphic file (type eps)

<../../../barcodes/inventory/17R205:S0003515.eps>
File: ../../../barcodes/inventory/17R4419:0011128.eps Graphic file (type eps)

<../../../barcodes/inventory/17R4419:0011128.eps>
File: ../../../barcodes/inventory/17R205:S0003516.eps Graphic file (type eps)

<../../../barcodes/inventory/17R205:S0003516.eps>
File: ../../../barcodes/inventory/17R4419:0011108.eps Graphic file (type eps)

<../../../barcodes/inventory/17R4419:0011108.eps>
File: ../../../barcodes/inventory/17R205:S0003617.eps Graphic file (type eps)

<../../../barcodes/inventory/17R205:S0003617.eps>
File: ../../../barcodes/inventory/17R4625:0015808.eps Graphic file (type eps)

<../../../barcodes/inventory/17R4625:0015808.eps>
File: ../../../barcodes/inventory/17R205:S0003702.eps Graphic file (type eps)

<../../../barcodes/inventory/17R205:S0003702.eps>
File: ../../../barcodes/inventory/17R2252:0011020.eps Graphic file (type eps)

<../../../barcodes/inventory/17R2252:0011020.eps>
File: ../../../barcodes/inventory/17R205:S0003703.eps Graphic file (type eps)

<../../../barcodes/inventory/17R205:S0003703.eps>
File: ../../../barcodes/inventory/17R4625:0015808.eps Graphic file (type eps)

<../../../barcodes/inventory/17R4625:0015808.eps>
File: ../../../barcodes/inventory/17R205:S0003706.eps Graphic file (type eps)

<../../../barcodes/inventory/17R205:S0003706.eps>
File: ../../../barcodes/inventory/17R4522:0019419.eps Graphic file (type eps)

<../../../barcodes/inventory/17R4522:0019419.eps>
File: ../../../barcodes/inventory/17R205:S0003707.eps Graphic file (type eps)

<../../../barcodes/inventory/17R205:S0003707.eps>
File: ../../../barcodes/inventory/17R4419:0011132.eps Graphic file (type eps)

<../../../barcodes/inventory/17R4419:0011132.eps>
File: ../../../barcodes/inventory/17R205:S0003708.eps Graphic file (type eps)

<../../../barcodes/inventory/17R205:S0003708.eps>
File: ../../../barcodes/inventory/17R4522:0019425.eps Graphic file (type eps)

<../../../barcodes/inventory/17R4522:0019425.eps>
File: ../../../barcodes/inventory/17R205:S0003713.eps Graphic file (type eps)

<../../../barcodes/inventory/17R205:S0003713.eps>
File: ../../../barcodes/inventory/17R4419:0011132.eps Graphic file (type eps)

<../../../barcodes/inventory/17R4419:0011132.eps>
Overfull \hbox (17.62177pt too wide) in paragraph at lines 968--969
[][] 
 []

[13]
File: ../../../barcodes/inventory/17R205:S0003714.eps Graphic file (type eps)
 <../../../barcodes/inventory/17R205:S0003714.eps>
File: ../../../barcodes/inventory/17R4548:0011508.eps Graphic file (type eps)

<../../../barcodes/inventory/17R4548:0011508.eps>
File: ../../../barcodes/inventory/17R205:S0003715.eps Graphic file (type eps)

<../../../barcodes/inventory/17R205:S0003715.eps>
File: ../../../barcodes/inventory/17R4548:0011508.eps Graphic file (type eps)

<../../../barcodes/inventory/17R4548:0011508.eps>
File: ../../../barcodes/inventory/17R305:W0001702.eps Graphic file (type eps)

<../../../barcodes/inventory/17R305:W0001702.eps>
File: ../../../barcodes/inventory/17R4553:0013505.eps Graphic file (type eps)

<../../../barcodes/inventory/17R4553:0013505.eps>
File: ../../../barcodes/inventory/17R305:W0001708.eps Graphic file (type eps)

<../../../barcodes/inventory/17R305:W0001708.eps>
File: ../../../barcodes/inventory/17R4553:0013510.eps Graphic file (type eps)

<../../../barcodes/inventory/17R4553:0013510.eps>
File: ../../../barcodes/inventory/17R305:W0001709.eps Graphic file (type eps)

<../../../barcodes/inventory/17R305:W0001709.eps>
File: ../../../barcodes/inventory/17R4553:0013502.eps Graphic file (type eps)

<../../../barcodes/inventory/17R4553:0013502.eps>
File: ../../../barcodes/inventory/17R305:W0001719.eps Graphic file (type eps)

<../../../barcodes/inventory/17R305:W0001719.eps>
File: ../../../barcodes/inventory/17R4558:0016606.eps Graphic file (type eps)

<../../../barcodes/inventory/17R4558:0016606.eps>
File: ../../../barcodes/inventory/17R305:W0001804.eps Graphic file (type eps)

<../../../barcodes/inventory/17R305:W0001804.eps>
File: ../../../barcodes/inventory/17R4552:0013415.eps Graphic file (type eps)

<../../../barcodes/inventory/17R4552:0013415.eps>
File: ../../../barcodes/inventory/17R305:W0001808.eps Graphic file (type eps)

<../../../barcodes/inventory/17R305:W0001808.eps>
File: ../../../barcodes/inventory/17R4552:0013415.eps Graphic file (type eps)

<../../../barcodes/inventory/17R4552:0013415.eps>
File: ../../../barcodes/inventory/17R305:W0001813.eps Graphic file (type eps)

<../../../barcodes/inventory/17R305:W0001813.eps>
File: ../../../barcodes/inventory/17R4552:0013415.eps Graphic file (type eps)

<../../../barcodes/inventory/17R4552:0013415.eps>
File: ../../../barcodes/inventory/17R305:W0001814.eps Graphic file (type eps)

<../../../barcodes/inventory/17R305:W0001814.eps>
File: ../../../barcodes/inventory/17R4497:0016409.eps Graphic file (type eps)

<../../../barcodes/inventory/17R4497:0016409.eps>
Overfull \hbox (17.62177pt too wide) in paragraph at lines 1042--1043
[][] 
 []

[14]
File: ../../../barcodes/inventory/17R305:W0001815.eps Graphic file (type eps)
 <../../../barcodes/inventory/17R305:W0001815.eps>
File: ../../../barcodes/inventory/17R4497:0016409.eps Graphic file (type eps)

<../../../barcodes/inventory/17R4497:0016409.eps>
File: ../../../barcodes/inventory/17R305:W0001817.eps Graphic file (type eps)

<../../../barcodes/inventory/17R305:W0001817.eps>
File: ../../../barcodes/inventory/17R4558:0016606.eps Graphic file (type eps)

<../../../barcodes/inventory/17R4558:0016606.eps>
File: ../../../barcodes/inventory/17R305:W0001820.eps Graphic file (type eps)

<../../../barcodes/inventory/17R305:W0001820.eps>
File: ../../../barcodes/inventory/17R4558:0016606.eps Graphic file (type eps)

<../../../barcodes/inventory/17R4558:0016606.eps>
File: ../../../barcodes/inventory/17R305:W0001901.eps Graphic file (type eps)

<../../../barcodes/inventory/17R305:W0001901.eps>
File: ../../../barcodes/inventory/17R4497:0016409.eps Graphic file (type eps)

<../../../barcodes/inventory/17R4497:0016409.eps>
File: ../../../barcodes/inventory/17R305:W0001902.eps Graphic file (type eps)

<../../../barcodes/inventory/17R305:W0001902.eps>
File: ../../../barcodes/inventory/17R4546:0018201.eps Graphic file (type eps)

<../../../barcodes/inventory/17R4546:0018201.eps>
File: ../../../barcodes/inventory/17R305:W0001904.eps Graphic file (type eps)

<../../../barcodes/inventory/17R305:W0001904.eps>
File: ../../../barcodes/inventory/17R4546:0018201.eps Graphic file (type eps)

<../../../barcodes/inventory/17R4546:0018201.eps>
File: ../../../barcodes/inventory/17R305:W0001905.eps Graphic file (type eps)

<../../../barcodes/inventory/17R305:W0001905.eps>
File: ../../../barcodes/inventory/17R4546:0018201.eps Graphic file (type eps)

<../../../barcodes/inventory/17R4546:0018201.eps>
File: ../../../barcodes/inventory/17R305:W0001912.eps Graphic file (type eps)

<../../../barcodes/inventory/17R305:W0001912.eps>
File: ../../../barcodes/inventory/17R4557:0016506.eps Graphic file (type eps)

<../../../barcodes/inventory/17R4557:0016506.eps>
File: ../../../barcodes/inventory/17R305:W0002003.eps Graphic file (type eps)

<../../../barcodes/inventory/17R305:W0002003.eps>
File: ../../../barcodes/inventory/17R4557:0016502.eps Graphic file (type eps)

<../../../barcodes/inventory/17R4557:0016502.eps>
File: ../../../barcodes/inventory/17R305:W0002009.eps Graphic file (type eps)

<../../../barcodes/inventory/17R305:W0002009.eps>
File: ../../../barcodes/inventory/17R4557:0016502.eps Graphic file (type eps)

<../../../barcodes/inventory/17R4557:0016502.eps>
Overfull \hbox (17.62177pt too wide) in paragraph at lines 1116--1117
[][] 
 []

[15]
File: ../../../barcodes/inventory/17R305:W0003805.eps Graphic file (type eps)
 <../../../barcodes/inventory/17R305:W0003805.eps>
File: ../../../barcodes/inventory/17R4567:0019510.eps Graphic file (type eps)

<../../../barcodes/inventory/17R4567:0019510.eps>
File: ../../../barcodes/inventory/17R305:W0003808.eps Graphic file (type eps)

<../../../barcodes/inventory/17R305:W0003808.eps>
File: ../../../barcodes/inventory/17R4548:0011508.eps Graphic file (type eps)

<../../../barcodes/inventory/17R4548:0011508.eps>
File: ../../../barcodes/inventory/17R305:W0003814.eps Graphic file (type eps)

<../../../barcodes/inventory/17R305:W0003814.eps>
File: ../../../barcodes/inventory/17R4548:0011505.eps Graphic file (type eps)

<../../../barcodes/inventory/17R4548:0011505.eps>
File: ../../../barcodes/inventory/17R305:W0003916.eps Graphic file (type eps)

<../../../barcodes/inventory/17R305:W0003916.eps>
File: ../../../barcodes/inventory/17R4567:0019510.eps Graphic file (type eps)

<../../../barcodes/inventory/17R4567:0019510.eps>
File: ../../../barcodes/inventory/17R305:W0003918.eps Graphic file (type eps)

<../../../barcodes/inventory/17R305:W0003918.eps>
File: ../../../barcodes/inventory/17R4566:0019209.eps Graphic file (type eps)

<../../../barcodes/inventory/17R4566:0019209.eps>
File: ../../../barcodes/inventory/17R305:W0004005.eps Graphic file (type eps)

<../../../barcodes/inventory/17R305:W0004005.eps>
File: ../../../barcodes/inventory/17R4567:0019523.eps Graphic file (type eps)

<../../../barcodes/inventory/17R4567:0019523.eps>
File: ../../../barcodes/inventory/17R305:W0004007.eps Graphic file (type eps)

<../../../barcodes/inventory/17R305:W0004007.eps>
File: ../../../barcodes/inventory/17R4497:0016411.eps Graphic file (type eps)

<../../../barcodes/inventory/17R4497:0016411.eps>
File: ../../../barcodes/inventory/17R305:W0004009.eps Graphic file (type eps)

<../../../barcodes/inventory/17R305:W0004009.eps>
File: ../../../barcodes/inventory/17R4567:0019523.eps Graphic file (type eps)

<../../../barcodes/inventory/17R4567:0019523.eps>
File: ../../../barcodes/inventory/17R305:W0004010.eps Graphic file (type eps)

<../../../barcodes/inventory/17R305:W0004010.eps>
File: ../../../barcodes/inventory/17R4566:0019212.eps Graphic file (type eps)

<../../../barcodes/inventory/17R4566:0019212.eps>
File: ../../../barcodes/inventory/17R305:W0004012.eps Graphic file (type eps)

<../../../barcodes/inventory/17R305:W0004012.eps>
File: ../../../barcodes/inventory/17R4548:0011508.eps Graphic file (type eps)

<../../../barcodes/inventory/17R4548:0011508.eps>
Overfull \hbox (17.62177pt too wide) in paragraph at lines 1190--1191
[][] 
 []

[16]
File: ../../../barcodes/inventory/17R305:W0004013.eps Graphic file (type eps)
 <../../../barcodes/inventory/17R305:W0004013.eps>
File: ../../../barcodes/inventory/17R4548:0011508.eps Graphic file (type eps)

<../../../barcodes/inventory/17R4548:0011508.eps>
File: ../../../barcodes/inventory/17R305:W0004106.eps Graphic file (type eps)

<../../../barcodes/inventory/17R305:W0004106.eps>
File: ../../../barcodes/inventory/17R4567:0019524.eps Graphic file (type eps)

<../../../barcodes/inventory/17R4567:0019524.eps>
File: ../../../barcodes/inventory/17R305:W0004108.eps Graphic file (type eps)

<../../../barcodes/inventory/17R305:W0004108.eps>
File: ../../../barcodes/inventory/17R4567:0019524.eps Graphic file (type eps)

<../../../barcodes/inventory/17R4567:0019524.eps>
File: ../../../barcodes/inventory/17R305:W0005501.eps Graphic file (type eps)

<../../../barcodes/inventory/17R305:W0005501.eps>
File: ../../../barcodes/inventory/17R4569:0018709.eps Graphic file (type eps)

<../../../barcodes/inventory/17R4569:0018709.eps>
File: ../../../barcodes/inventory/17R305:W0005516.eps Graphic file (type eps)

<../../../barcodes/inventory/17R305:W0005516.eps>
File: ../../../barcodes/inventory/17R4569:0018709.eps Graphic file (type eps)

<../../../barcodes/inventory/17R4569:0018709.eps>
File: ../../../barcodes/inventory/17R405:M0002103.eps Graphic file (type eps)

<../../../barcodes/inventory/17R405:M0002103.eps>
File: ../../../barcodes/inventory/17R4578:0017401.eps Graphic file (type eps)

<../../../barcodes/inventory/17R4578:0017401.eps>
File: ../../../barcodes/inventory/17R405:M0002106.eps Graphic file (type eps)

<../../../barcodes/inventory/17R405:M0002106.eps>
File: ../../../barcodes/inventory/17R4538:0016311.eps Graphic file (type eps)

<../../../barcodes/inventory/17R4538:0016311.eps>
File: ../../../barcodes/inventory/17R405:M0002107.eps Graphic file (type eps)

<../../../barcodes/inventory/17R405:M0002107.eps>
File: ../../../barcodes/inventory/17R4538:0016306.eps Graphic file (type eps)

<../../../barcodes/inventory/17R4538:0016306.eps>
File: ../../../barcodes/inventory/17R405:M0002108.eps Graphic file (type eps)

<../../../barcodes/inventory/17R405:M0002108.eps>
File: ../../../barcodes/inventory/17R4538:0016302.eps Graphic file (type eps)

<../../../barcodes/inventory/17R4538:0016302.eps>
File: ../../../barcodes/inventory/17R405:M0002201.eps Graphic file (type eps)

<../../../barcodes/inventory/17R405:M0002201.eps>
File: ../../../barcodes/inventory/17R4554:0013613.eps Graphic file (type eps)

<../../../barcodes/inventory/17R4554:0013613.eps>
Overfull \hbox (17.62177pt too wide) in paragraph at lines 1264--1265
[][] 
 []

[17]
File: ../../../barcodes/inventory/17R405:M0002207.eps Graphic file (type eps)
 <../../../barcodes/inventory/17R405:M0002207.eps>
File: ../../../barcodes/inventory/17R4546:0018201.eps Graphic file (type eps)

<../../../barcodes/inventory/17R4546:0018201.eps>
File: ../../../barcodes/inventory/17R405:M0002210.eps Graphic file (type eps)

<../../../barcodes/inventory/17R405:M0002210.eps>
File: ../../../barcodes/inventory/17R4554:0013611.eps Graphic file (type eps)

<../../../barcodes/inventory/17R4554:0013611.eps>
File: ../../../barcodes/inventory/17R405:M0002213.eps Graphic file (type eps)

<../../../barcodes/inventory/17R405:M0002213.eps>
File: ../../../barcodes/inventory/17R4554:0013609.eps Graphic file (type eps)

<../../../barcodes/inventory/17R4554:0013609.eps>
File: ../../../barcodes/inventory/17R405:M0002215.eps Graphic file (type eps)

<../../../barcodes/inventory/17R405:M0002215.eps>
File: ../../../barcodes/inventory/17R4554:0013608.eps Graphic file (type eps)

<../../../barcodes/inventory/17R4554:0013608.eps>
File: ../../../barcodes/inventory/17R405:M0002216.eps Graphic file (type eps)

<../../../barcodes/inventory/17R405:M0002216.eps>
File: ../../../barcodes/inventory/17R4474:0016104.eps Graphic file (type eps)

<../../../barcodes/inventory/17R4474:0016104.eps>
File: ../../../barcodes/inventory/17R405:M0002303.eps Graphic file (type eps)

<../../../barcodes/inventory/17R405:M0002303.eps>
File: ../../../barcodes/inventory/17R4474:0016104.eps Graphic file (type eps)

<../../../barcodes/inventory/17R4474:0016104.eps>
File: ../../../barcodes/inventory/17R405:M0002314.eps Graphic file (type eps)

<../../../barcodes/inventory/17R405:M0002314.eps>
File: ../../../barcodes/inventory/17R4474:0016104.eps Graphic file (type eps)

<../../../barcodes/inventory/17R4474:0016104.eps>
File: ../../../barcodes/inventory/17R405:M0002404.eps Graphic file (type eps)

<../../../barcodes/inventory/17R405:M0002404.eps>
File: ../../../barcodes/inventory/17R4474:0016101.eps Graphic file (type eps)

<../../../barcodes/inventory/17R4474:0016101.eps>
File: ../../../barcodes/inventory/17R405:M0002413.eps Graphic file (type eps)

<../../../barcodes/inventory/17R405:M0002413.eps>
File: ../../../barcodes/inventory/17R4474:0016101.eps Graphic file (type eps)

<../../../barcodes/inventory/17R4474:0016101.eps>
File: ../../../barcodes/inventory/17R405:M0002502.eps Graphic file (type eps)

<../../../barcodes/inventory/17R405:M0002502.eps>
File: ../../../barcodes/inventory/17R4555:0013701.eps Graphic file (type eps)

<../../../barcodes/inventory/17R4555:0013701.eps>
Overfull \hbox (17.62177pt too wide) in paragraph at lines 1338--1339
[][] 
 []

[18]
File: ../../../barcodes/inventory/17R405:M0002505.eps Graphic file (type eps)
 <../../../barcodes/inventory/17R405:M0002505.eps>
File: ../../../barcodes/inventory/17R4546:0018201.eps Graphic file (type eps)

<../../../barcodes/inventory/17R4546:0018201.eps>
File: ../../../barcodes/inventory/17R405:M0002509.eps Graphic file (type eps)

<../../../barcodes/inventory/17R405:M0002509.eps>
File: ../../../barcodes/inventory/17R4555:0013708.eps Graphic file (type eps)

<../../../barcodes/inventory/17R4555:0013708.eps>
File: ../../../barcodes/inventory/17R405:M0002510.eps Graphic file (type eps)

<../../../barcodes/inventory/17R405:M0002510.eps>
File: ../../../barcodes/inventory/17R4555:0013703.eps Graphic file (type eps)

<../../../barcodes/inventory/17R4555:0013703.eps>
File: ../../../barcodes/inventory/17R405:M0002512.eps Graphic file (type eps)

<../../../barcodes/inventory/17R405:M0002512.eps>
File: ../../../barcodes/inventory/17R4474:0016101.eps Graphic file (type eps)

<../../../barcodes/inventory/17R4474:0016101.eps>
File: ../../../barcodes/inventory/17R405:M0004201.eps Graphic file (type eps)

<../../../barcodes/inventory/17R405:M0004201.eps>
File: ../../../barcodes/inventory/17R4509:0017712.eps Graphic file (type eps)

<../../../barcodes/inventory/17R4509:0017712.eps>
File: ../../../barcodes/inventory/17R405:M0004208.eps Graphic file (type eps)

<../../../barcodes/inventory/17R405:M0004208.eps>
File: ../../../barcodes/inventory/17R4548:0011508.eps Graphic file (type eps)

<../../../barcodes/inventory/17R4548:0011508.eps>
File: ../../../barcodes/inventory/17R405:M0004211.eps Graphic file (type eps)

<../../../barcodes/inventory/17R405:M0004211.eps>
File: ../../../barcodes/inventory/17R4550:0012019.eps Graphic file (type eps)

<../../../barcodes/inventory/17R4550:0012019.eps>
File: ../../../barcodes/inventory/17R405:M0004306.eps Graphic file (type eps)

<../../../barcodes/inventory/17R405:M0004306.eps>
File: ../../../barcodes/inventory/17R4524:0019609.eps Graphic file (type eps)

<../../../barcodes/inventory/17R4524:0019609.eps>
File: ../../../barcodes/inventory/17R405:M0004309.eps Graphic file (type eps)

<../../../barcodes/inventory/17R405:M0004309.eps>
File: ../../../barcodes/inventory/17R4524:0019603.eps Graphic file (type eps)

<../../../barcodes/inventory/17R4524:0019603.eps>
File: ../../../barcodes/inventory/17R405:M0004310.eps Graphic file (type eps)

<../../../barcodes/inventory/17R405:M0004310.eps>
File: ../../../barcodes/inventory/17R4524:0019603.eps Graphic file (type eps)

<../../../barcodes/inventory/17R4524:0019603.eps>
Overfull \hbox (17.62177pt too wide) in paragraph at lines 1412--1413
[][] 
 []

[19]
File: ../../../barcodes/inventory/17R405:M0004312.eps Graphic file (type eps)
 <../../../barcodes/inventory/17R405:M0004312.eps>
File: ../../../barcodes/inventory/17R4540:0017604.eps Graphic file (type eps)

<../../../barcodes/inventory/17R4540:0017604.eps>
File: ../../../barcodes/inventory/17R405:M0004401.eps Graphic file (type eps)

<../../../barcodes/inventory/17R405:M0004401.eps>
File: ../../../barcodes/inventory/17R0686:0019302.eps Graphic file (type eps)

<../../../barcodes/inventory/17R0686:0019302.eps>
File: ../../../barcodes/inventory/17R405:M0004409.eps Graphic file (type eps)

<../../../barcodes/inventory/17R405:M0004409.eps>
File: ../../../barcodes/inventory/17R4566:0019209.eps Graphic file (type eps)

<../../../barcodes/inventory/17R4566:0019209.eps>
File: ../../../barcodes/inventory/17R405:M0004410.eps Graphic file (type eps)

<../../../barcodes/inventory/17R405:M0004410.eps>
File: ../../../barcodes/inventory/17R4518:0018408.eps Graphic file (type eps)

<../../../barcodes/inventory/17R4518:0018408.eps>
File: ../../../barcodes/inventory/17R405:M0004412.eps Graphic file (type eps)

<../../../barcodes/inventory/17R405:M0004412.eps>
File: ../../../barcodes/inventory/17R4550:0012019.eps Graphic file (type eps)

<../../../barcodes/inventory/17R4550:0012019.eps>
File: ../../../barcodes/inventory/17R405:M0004414.eps Graphic file (type eps)

<../../../barcodes/inventory/17R405:M0004414.eps>
File: ../../../barcodes/inventory/17R4550:0012019.eps Graphic file (type eps)

<../../../barcodes/inventory/17R4550:0012019.eps>
File: ../../../barcodes/inventory/17R405:M0004417.eps Graphic file (type eps)

<../../../barcodes/inventory/17R405:M0004417.eps>
File: ../../../barcodes/inventory/17R4570:0019003.eps Graphic file (type eps)

<../../../barcodes/inventory/17R4570:0019003.eps>
File: ../../../barcodes/inventory/17R405:M0004705.eps Graphic file (type eps)

<../../../barcodes/inventory/17R405:M0004705.eps>
File: ../../../barcodes/inventory/17R4566:0019208.eps Graphic file (type eps)

<../../../barcodes/inventory/17R4566:0019208.eps>
File: ../../../barcodes/inventory/17R405:M0004706.eps Graphic file (type eps)

<../../../barcodes/inventory/17R405:M0004706.eps>
File: ../../../barcodes/inventory/17R4552:0012208.eps Graphic file (type eps)

<../../../barcodes/inventory/17R4552:0012208.eps>
File: ../../../barcodes/inventory/17R405:M0004901.eps Graphic file (type eps)

<../../../barcodes/inventory/17R405:M0004901.eps>
File: ../../../barcodes/inventory/17R4552:0012208.eps Graphic file (type eps)

<../../../barcodes/inventory/17R4552:0012208.eps>
Overfull \hbox (17.62177pt too wide) in paragraph at lines 1486--1487
[][] 
 []

[20]
File: ../../../barcodes/inventory/17R405:M0004911.eps Graphic file (type eps)
 <../../../barcodes/inventory/17R405:M0004911.eps>
File: ../../../barcodes/inventory/17R4552:0012206.eps Graphic file (type eps)

<../../../barcodes/inventory/17R4552:0012206.eps>
File: ../../../barcodes/inventory/17R505:B0002801.eps Graphic file (type eps)

<../../../barcodes/inventory/17R505:B0002801.eps>
File: ../../../barcodes/inventory/17R4561:0006004.eps Graphic file (type eps)

<../../../barcodes/inventory/17R4561:0006004.eps>
File: ../../../barcodes/inventory/17R505:B0002802.eps Graphic file (type eps)

<../../../barcodes/inventory/17R505:B0002802.eps>
File: ../../../barcodes/inventory/17R4561:0006004.eps Graphic file (type eps)

<../../../barcodes/inventory/17R4561:0006004.eps>
File: ../../../barcodes/inventory/17R505:B0002804.eps Graphic file (type eps)

<../../../barcodes/inventory/17R505:B0002804.eps>
File: ../../../barcodes/inventory/17R4453:0008402.eps Graphic file (type eps)

<../../../barcodes/inventory/17R4453:0008402.eps>
File: ../../../barcodes/inventory/17R505:B0002808.eps Graphic file (type eps)

<../../../barcodes/inventory/17R505:B0002808.eps>
File: ../../../barcodes/inventory/17R4494:0008601.eps Graphic file (type eps)

<../../../barcodes/inventory/17R4494:0008601.eps>
File: ../../../barcodes/inventory/17R505:B0002809.eps Graphic file (type eps)

<../../../barcodes/inventory/17R505:B0002809.eps>
File: ../../../barcodes/inventory/17R4494:0008601.eps Graphic file (type eps)

<../../../barcodes/inventory/17R4494:0008601.eps>
File: ../../../barcodes/inventory/17R505:B0002810.eps Graphic file (type eps)

<../../../barcodes/inventory/17R505:B0002810.eps>
File: ../../../barcodes/inventory/17R4494:0008601.eps Graphic file (type eps)

<../../../barcodes/inventory/17R4494:0008601.eps>
File: ../../../barcodes/inventory/17R505:B0002812.eps Graphic file (type eps)

<../../../barcodes/inventory/17R505:B0002812.eps>
File: ../../../barcodes/inventory/17R4494:0008601.eps Graphic file (type eps)

<../../../barcodes/inventory/17R4494:0008601.eps>
File: ../../../barcodes/inventory/17R505:B0002814.eps Graphic file (type eps)

<../../../barcodes/inventory/17R505:B0002814.eps>
File: ../../../barcodes/inventory/17R4452:0009007.eps Graphic file (type eps)

<../../../barcodes/inventory/17R4452:0009007.eps>
File: ../../../barcodes/inventory/17R505:B0002815.eps Graphic file (type eps)

<../../../barcodes/inventory/17R505:B0002815.eps>
File: ../../../barcodes/inventory/17R4452:0009007.eps Graphic file (type eps)

<../../../barcodes/inventory/17R4452:0009007.eps>
Overfull \hbox (17.62177pt too wide) in paragraph at lines 1560--1561
[][] 
 []

[21]
File: ../../../barcodes/inventory/17R505:B0002817.eps Graphic file (type eps)
 <../../../barcodes/inventory/17R505:B0002817.eps>
File: ../../../barcodes/inventory/17R4452:0009007.eps Graphic file (type eps)

<../../../barcodes/inventory/17R4452:0009007.eps>
File: ../../../barcodes/inventory/17R505:B0002902.eps Graphic file (type eps)

<../../../barcodes/inventory/17R505:B0002902.eps>
File: ../../../barcodes/inventory/17R4538:0010807.eps Graphic file (type eps)

<../../../barcodes/inventory/17R4538:0010807.eps>
File: ../../../barcodes/inventory/17R505:B0002903.eps Graphic file (type eps)

<../../../barcodes/inventory/17R505:B0002903.eps>
File: ../../../barcodes/inventory/17R4538:0010807.eps Graphic file (type eps)

<../../../barcodes/inventory/17R4538:0010807.eps>
File: ../../../barcodes/inventory/17R505:B0002905.eps Graphic file (type eps)

<../../../barcodes/inventory/17R505:B0002905.eps>
File: ../../../barcodes/inventory/17R4538:0010801.eps Graphic file (type eps)

<../../../barcodes/inventory/17R4538:0010801.eps>
File: ../../../barcodes/inventory/17R505:B0002907.eps Graphic file (type eps)

<../../../barcodes/inventory/17R505:B0002907.eps>
File: ../../../barcodes/inventory/17R4538:0010801.eps Graphic file (type eps)

<../../../barcodes/inventory/17R4538:0010801.eps>
File: ../../../barcodes/inventory/17R505:B0002908.eps Graphic file (type eps)

<../../../barcodes/inventory/17R505:B0002908.eps>
File: ../../../barcodes/inventory/17R4538:0010801.eps Graphic file (type eps)

<../../../barcodes/inventory/17R4538:0010801.eps>
File: ../../../barcodes/inventory/17R505:B0002910.eps Graphic file (type eps)

<../../../barcodes/inventory/17R505:B0002910.eps>
File: ../../../barcodes/inventory/17R4534:0010403.eps Graphic file (type eps)

<../../../barcodes/inventory/17R4534:0010403.eps>
File: ../../../barcodes/inventory/17R505:B0002912.eps Graphic file (type eps)

<../../../barcodes/inventory/17R505:B0002912.eps>
File: ../../../barcodes/inventory/17R4534:0010403.eps Graphic file (type eps)

<../../../barcodes/inventory/17R4534:0010403.eps>
File: ../../../barcodes/inventory/17R505:B0002914.eps Graphic file (type eps)

<../../../barcodes/inventory/17R505:B0002914.eps>
File: ../../../barcodes/inventory/17R4554:0010009.eps Graphic file (type eps)

<../../../barcodes/inventory/17R4554:0010009.eps>
File: ../../../barcodes/inventory/17R505:B0002917.eps Graphic file (type eps)

<../../../barcodes/inventory/17R505:B0002917.eps>
File: ../../../barcodes/inventory/17R4555:0009810.eps Graphic file (type eps)

<../../../barcodes/inventory/17R4555:0009810.eps>
Overfull \hbox (17.62177pt too wide) in paragraph at lines 1634--1635
[][] 
 []

[22]
File: ../../../barcodes/inventory/17R505:B0002919.eps Graphic file (type eps)
 <../../../barcodes/inventory/17R505:B0002919.eps>
File: ../../../barcodes/inventory/17R4577:0009210.eps Graphic file (type eps)

<../../../barcodes/inventory/17R4577:0009210.eps>
File: ../../../barcodes/inventory/17R505:B0003014.eps Graphic file (type eps)

<../../../barcodes/inventory/17R505:B0003014.eps>
File: ../../../barcodes/inventory/17R4555:0009810.eps Graphic file (type eps)

<../../../barcodes/inventory/17R4555:0009810.eps>
File: ../../../barcodes/inventory/17R505:B0003017.eps Graphic file (type eps)

<../../../barcodes/inventory/17R505:B0003017.eps>
File: ../../../barcodes/inventory/17R4577:0009210.eps Graphic file (type eps)

<../../../barcodes/inventory/17R4577:0009210.eps>
File: ../../../barcodes/inventory/17R505:B0003019.eps Graphic file (type eps)

<../../../barcodes/inventory/17R505:B0003019.eps>
File: ../../../barcodes/inventory/17R4577:0009210.eps Graphic file (type eps)

<../../../barcodes/inventory/17R4577:0009210.eps>
File: ../../../barcodes/inventory/17R505:B0005006.eps Graphic file (type eps)

<../../../barcodes/inventory/17R505:B0005006.eps>
File: ../../../barcodes/inventory/17R4577:0009308.eps Graphic file (type eps)

<../../../barcodes/inventory/17R4577:0009308.eps>
File: ../../../barcodes/inventory/17R505:B0005011.eps Graphic file (type eps)

<../../../barcodes/inventory/17R505:B0005011.eps>
File: ../../../barcodes/inventory/17R4556:0010305.eps Graphic file (type eps)

<../../../barcodes/inventory/17R4556:0010305.eps>
File: ../../../barcodes/inventory/17R505:B0005014.eps Graphic file (type eps)

<../../../barcodes/inventory/17R505:B0005014.eps>
File: ../../../barcodes/inventory/17R4541:0009712.eps Graphic file (type eps)

<../../../barcodes/inventory/17R4541:0009712.eps>
File: ../../../barcodes/inventory/17R505:B0005015.eps Graphic file (type eps)

<../../../barcodes/inventory/17R505:B0005015.eps>
File: ../../../barcodes/inventory/17R4541:0009712.eps Graphic file (type eps)

<../../../barcodes/inventory/17R4541:0009712.eps>
File: ../../../barcodes/inventory/17R505:B0005102.eps Graphic file (type eps)

<../../../barcodes/inventory/17R505:B0005102.eps>
File: ../../../barcodes/inventory/17R4494:0008701.eps Graphic file (type eps)

<../../../barcodes/inventory/17R4494:0008701.eps>
File: ../../../barcodes/inventory/17R505:B0005108.eps Graphic file (type eps)

<../../../barcodes/inventory/17R505:B0005108.eps>
File: ../../../barcodes/inventory/17R4494:0008701.eps Graphic file (type eps)

<../../../barcodes/inventory/17R4494:0008701.eps>
Overfull \hbox (17.62177pt too wide) in paragraph at lines 1708--1709
[][] 
 []

[23]
File: ../../../barcodes/inventory/17R505:B0005109.eps Graphic file (type eps)
 <../../../barcodes/inventory/17R505:B0005109.eps>
File: ../../../barcodes/inventory/17R4556:0010305.eps Graphic file (type eps)

<../../../barcodes/inventory/17R4556:0010305.eps>
File: ../../../barcodes/inventory/17R505:B0005112.eps Graphic file (type eps)

<../../../barcodes/inventory/17R505:B0005112.eps>
File: ../../../barcodes/inventory/17R4085:0007106.eps Graphic file (type eps)

<../../../barcodes/inventory/17R4085:0007106.eps>
File: ../../../barcodes/inventory/17R505:B0005113.eps Graphic file (type eps)

<../../../barcodes/inventory/17R505:B0005113.eps>
File: ../../../barcodes/inventory/17R4085:0007106.eps Graphic file (type eps)

<../../../barcodes/inventory/17R4085:0007106.eps>
File: ../../../barcodes/inventory/17R505:B0005116.eps Graphic file (type eps)

<../../../barcodes/inventory/17R505:B0005116.eps>
File: ../../../barcodes/inventory/17R4085:0007109.eps Graphic file (type eps)

<../../../barcodes/inventory/17R4085:0007109.eps>
File: ../../../barcodes/inventory/17R505:B0005118.eps Graphic file (type eps)

<../../../barcodes/inventory/17R505:B0005118.eps>
File: ../../../barcodes/inventory/17R4577:0009308.eps Graphic file (type eps)

<../../../barcodes/inventory/17R4577:0009308.eps>
File: ../../../barcodes/inventory/17R505:B0005119.eps Graphic file (type eps)

<../../../barcodes/inventory/17R505:B0005119.eps>
File: ../../../barcodes/inventory/17R4577:0009308.eps Graphic file (type eps)

<../../../barcodes/inventory/17R4577:0009308.eps>
Overfull \hbox (17.62177pt too wide) in paragraph at lines 1762--1763
[][] 
 []

[24] (./needs_17r_harvest_tags.aux)

LaTeX Font Warning: Size substitutions with differences
(Font)              up to 5.12pt have occurred.

 ) 
Here is how much of TeX's memory you used:
 1827 strings out of 493657
 35639 string characters out of 6152364
 86568 words of memory out of 5000000
 5032 multiletter control sequences out of 15000+600000
 7657 words of font info for 28 fonts, out of 8000000 for 9000
 783 hyphenation exceptions out of 8191
 27i,10n,22p,244b,214s stack positions out of 5000i,500n,10000p,200000b,80000s

Output written on needs_17r_harvest_tags.dvi (24 pages, 430348 bytes).
