This is pdfTeX, Version 3.1415926-2.4-1.40.13 (TeX Live 2012) (format=latex 2012.9.14)  3 JUN 2016 05:30
entering extended mode
 %&-line parsing enabled.
**new_16r_accessions_labels
(./new_16r_accessions_labels.tex
LaTeX2e <2011/06/27>
Babel <v3.8m> and hyphenation patterns for english, dumylang, nohyphenation, ge
rman-x-2012-05-30, ngerman-x-2012-05-30, afrikaans, ancientgreek, ibycus, armen
ian, basque, bulgarian, catalan, coptic, croatian, czech, danish, dutch, ukengl
ish, usenglishmax, esperanto, estonian, finnish, french, friulan, galician, ger
man, ngerman, swissgerman, monogreek, greek, icelandic, assamese, bengali, guja
rati, hindi, kannada, malayalam, marathi, oriya, panjabi, tamil, telugu, indone
sian, interlingua, irish, italian, kurmanji, latin, bokmal, nynorsk, polish, po
rtuguese, romanian, romansh, russian, sanskrit, serbian, serbianc, slovak, slov
enian, spanish, swedish, turkish, ukrainian, uppersorbian, welsh, loaded.
(/usr/local/texlive/2012/texmf-dist/tex/latex/base/article.cls
Document Class: article 2007/10/19 v1.4h Standard LaTeX document class
(/usr/local/texlive/2012/texmf-dist/tex/latex/base/size12.clo
File: size12.clo 2007/10/19 v1.4h Standard LaTeX file (size option)
)
\c@part=\count79
\c@section=\count80
\c@subsection=\count81
\c@subsubsection=\count82
\c@paragraph=\count83
\c@subparagraph=\count84
\c@figure=\count85
\c@table=\count86
\abovecaptionskip=\skip41
\belowcaptionskip=\skip42
\bibindent=\dimen102
)
(/usr/local/texlive/2012/texmf-dist/tex/latex/graphics/graphics.sty
Package: graphics 2009/02/05 v1.0o Standard LaTeX Graphics (DPC,SPQR)

(/usr/local/texlive/2012/texmf-dist/tex/latex/graphics/trig.sty
Package: trig 1999/03/16 v1.09 sin cos tan (DPC)
)
(/usr/local/texlive/2012/texmf-dist/tex/latex/latexconfig/graphics.cfg
File: graphics.cfg 2010/04/23 v1.9 graphics configuration of TeX Live
)
Package graphics Info: Driver file: dvips.def on input line 91.

(/usr/local/texlive/2012/texmf-dist/tex/latex/graphics/dvips.def
File: dvips.def 1999/02/16 v3.0i Driver-dependant file (DPC,SPQR)
))
(/usr/local/texlive/2012/texmf-dist/tex/latex/graphics/graphicx.sty
Package: graphicx 1999/02/16 v1.0f Enhanced LaTeX Graphics (DPC,SPQR)

(/usr/local/texlive/2012/texmf-dist/tex/latex/graphics/keyval.sty
Package: keyval 1999/03/16 v1.13 key=value parser (DPC)
\KV@toks@=\toks14
)
\Gin@req@height=\dimen103
\Gin@req@width=\dimen104
)
(/usr/local/texlive/2012/texmf-dist/tex/latex/base/graphpap.sty
Package: graphpap 1994/08/09 v1.0c Standard LaTeX graphpap package (LL)
)
(/usr/local/texlive/2012/texmf-dist/tex/latex/amsmath/amsmath.sty
Package: amsmath 2000/07/18 v2.13 AMS math features
\@mathmargin=\skip43

For additional information on amsmath, use the `?' option.
(/usr/local/texlive/2012/texmf-dist/tex/latex/amsmath/amstext.sty
Package: amstext 2000/06/29 v2.01

(/usr/local/texlive/2012/texmf-dist/tex/latex/amsmath/amsgen.sty
File: amsgen.sty 1999/11/30 v2.0
\@emptytoks=\toks15
\ex@=\dimen105
))
(/usr/local/texlive/2012/texmf-dist/tex/latex/amsmath/amsbsy.sty
Package: amsbsy 1999/11/29 v1.2d
\pmbraise@=\dimen106
)
(/usr/local/texlive/2012/texmf-dist/tex/latex/amsmath/amsopn.sty
Package: amsopn 1999/12/14 v2.01 operator names
)
\inf@bad=\count87
LaTeX Info: Redefining \frac on input line 211.
\uproot@=\count88
\leftroot@=\count89
LaTeX Info: Redefining \overline on input line 307.
\classnum@=\count90
\DOTSCASE@=\count91
LaTeX Info: Redefining \ldots on input line 379.
LaTeX Info: Redefining \dots on input line 382.
LaTeX Info: Redefining \cdots on input line 467.
\Mathstrutbox@=\box26
\strutbox@=\box27
\big@size=\dimen107
LaTeX Font Info:    Redeclaring font encoding OML on input line 567.
LaTeX Font Info:    Redeclaring font encoding OMS on input line 568.
\macc@depth=\count92
\c@MaxMatrixCols=\count93
\dotsspace@=\muskip10
\c@parentequation=\count94
\dspbrk@lvl=\count95
\tag@help=\toks16
\row@=\count96
\column@=\count97
\maxfields@=\count98
\andhelp@=\toks17
\eqnshift@=\dimen108
\alignsep@=\dimen109
\tagshift@=\dimen110
\tagwidth@=\dimen111
\totwidth@=\dimen112
\lineht@=\dimen113
\@envbody=\toks18
\multlinegap=\skip44
\multlinetaggap=\skip45
\mathdisplay@stack=\toks19
LaTeX Info: Redefining \[ on input line 2666.
LaTeX Info: Redefining \] on input line 2667.
)
(/usr/local/texlive/2012/texmf-dist/tex/latex/multirow/multirow.sty
\bigstrutjot=\dimen114
)
(/usr/local/texlive/2012/../texmf-local/tex/latex/local/tonis/row_stake_margins
.sty)
No file new_16r_accessions_labels.aux.
\openout1 = `new_16r_accessions_labels.aux'.

LaTeX Font Info:    Checking defaults for OML/cmm/m/it on input line 7.
LaTeX Font Info:    ... okay on input line 7.
LaTeX Font Info:    Checking defaults for T1/cmr/m/n on input line 7.
LaTeX Font Info:    ... okay on input line 7.
LaTeX Font Info:    Checking defaults for OT1/cmr/m/n on input line 7.
LaTeX Font Info:    ... okay on input line 7.
LaTeX Font Info:    Checking defaults for OMS/cmsy/m/n on input line 7.
LaTeX Font Info:    ... okay on input line 7.
LaTeX Font Info:    Checking defaults for OMX/cmex/m/n on input line 7.
LaTeX Font Info:    ... okay on input line 7.
LaTeX Font Info:    Checking defaults for U/cmr/m/n on input line 7.
LaTeX Font Info:    ... okay on input line 7.
File: ../../../barcodes/inventory/15R0685:0000000.eps Graphic file (type eps)
<../../../barcodes/inventory/15R0685:0000000.eps>
File: ../../../barcodes/inventory/15R0686:0000000.eps Graphic file (type eps)

<../../../barcodes/inventory/15R0686:0000000.eps>
File: ../../../barcodes/inventory/16R0687:0000000.eps Graphic file (type eps)

<../../../barcodes/inventory/16R0687:0000000.eps>
File: ../../../barcodes/inventory/16R0688:0000000.eps Graphic file (type eps)

<../../../barcodes/inventory/16R0688:0000000.eps>
File: ../../../barcodes/inventory/16R0689:0000000.eps Graphic file (type eps)

<../../../barcodes/inventory/16R0689:0000000.eps>
File: ../../../barcodes/inventory/16R0690:0000000.eps Graphic file (type eps)

<../../../barcodes/inventory/16R0690:0000000.eps>
File: ../../../barcodes/inventory/16R0691:0000000.eps Graphic file (type eps)

<../../../barcodes/inventory/16R0691:0000000.eps>
File: ../../../barcodes/inventory/16R0692:0000000.eps Graphic file (type eps)

<../../../barcodes/inventory/16R0692:0000000.eps>
File: ../../../barcodes/inventory/16R0693:0000000.eps Graphic file (type eps)

<../../../barcodes/inventory/16R0693:0000000.eps>
File: ../../../barcodes/inventory/16R0694:0000000.eps Graphic file (type eps)

<../../../barcodes/inventory/16R0694:0000000.eps>
File: ../../../barcodes/inventory/16R0695:0000000.eps Graphic file (type eps)

<../../../barcodes/inventory/16R0695:0000000.eps>
File: ../../../barcodes/inventory/16R0696:0000000.eps Graphic file (type eps)

<../../../barcodes/inventory/16R0696:0000000.eps>
File: ../../../barcodes/inventory/16R0697:0000000.eps Graphic file (type eps)

<../../../barcodes/inventory/16R0697:0000000.eps>
File: ../../../barcodes/inventory/16R0698:0000000.eps Graphic file (type eps)

<../../../barcodes/inventory/16R0698:0000000.eps>
File: ../../../barcodes/inventory/16R0699:0000000.eps Graphic file (type eps)

<../../../barcodes/inventory/16R0699:0000000.eps>
File: ../../../barcodes/inventory/16R0700:0000000.eps Graphic file (type eps)

<../../../barcodes/inventory/16R0700:0000000.eps>
File: ../../../barcodes/inventory/16R0701:0000000.eps Graphic file (type eps)

<../../../barcodes/inventory/16R0701:0000000.eps>
File: ../../../barcodes/inventory/16R0702:0000000.eps Graphic file (type eps)

<../../../barcodes/inventory/16R0702:0000000.eps>
Overfull \hbox (17.62177pt too wide) in paragraph at lines 83--84
[][] 
 []

[1

] (./new_16r_accessions_labels.aux) ) 
Here is how much of TeX's memory you used:
 1179 strings out of 493572
 15173 string characters out of 3145774
 67178 words of memory out of 3000000
 4489 multiletter control sequences out of 15000+200000
 4237 words of font info for 16 fonts, out of 3000000 for 9000
 957 hyphenation exceptions out of 8191
 27i,4n,20p,247b,200s stack positions out of 5000i,500n,10000p,200000b,50000s

Output written on new_16r_accessions_labels.dvi (1 page, 13240 bytes).
