This is pdfTeX, Version 3.1415926-1.40.11 (TeX Live 2010) (format=latex 2011.2.17)  13 APR 2011 05:21
entering extended mode
 restricted \write18 enabled.
 %&-line parsing enabled.
**new_11r_accessions_labels
(./new_11r_accessions_labels.tex
LaTeX2e <2009/09/24>
Babel <v3.8l> and hyphenation patterns for english, dumylang, nohyphenation, ge
rman-x-2009-06-19, ngerman-x-2009-06-19, afrikaans, ancientgreek, ibycus, arabi
c, armenian, basque, bulgarian, catalan, pinyin, coptic, croatian, czech, danis
h, dutch, esperanto, estonian, ethiopic, farsi, finnish, french, galician, germ
an, ngerman, swissgerman, monogreek, greek, hungarian, icelandic, assamese, ben
gali, gujarati, hindi, kannada, malayalam, marathi, oriya, panjabi, tamil, telu
gu, indonesian, interlingua, irish, italian, kurmanji, lao, latin, latvian, lit
huanian, mongolian, mongolianlmc, bokmal, nynorsk, polish, portuguese, romanian
, russian, sanskrit, serbian, slovak, slovenian, spanish, swedish, turkish, ukr
ainian, uppersorbian, welsh, loaded.
(/usr/local/texlive/2010/texmf-dist/tex/latex/base/article.cls
Document Class: article 2007/10/19 v1.4h Standard LaTeX document class
(/usr/local/texlive/2010/texmf-dist/tex/latex/base/size12.clo
File: size12.clo 2007/10/19 v1.4h Standard LaTeX file (size option)
)
\c@part=\count79
\c@section=\count80
\c@subsection=\count81
\c@subsubsection=\count82
\c@paragraph=\count83
\c@subparagraph=\count84
\c@figure=\count85
\c@table=\count86
\abovecaptionskip=\skip41
\belowcaptionskip=\skip42
\bibindent=\dimen102
)
(/usr/local/texlive/2010/texmf-dist/tex/latex/graphics/graphics.sty
Package: graphics 2009/02/05 v1.0o Standard LaTeX Graphics (DPC,SPQR)

(/usr/local/texlive/2010/texmf-dist/tex/latex/graphics/trig.sty
Package: trig 1999/03/16 v1.09 sin cos tan (DPC)
)
(/usr/local/texlive/2010/texmf-dist/tex/latex/latexconfig/graphics.cfg
File: graphics.cfg 2010/04/23 v1.9 graphics configuration of TeX Live
)
Package graphics Info: Driver file: dvips.def on input line 91.

(/usr/local/texlive/2010/texmf-dist/tex/latex/graphics/dvips.def
File: dvips.def 1999/02/16 v3.0i Driver-dependant file (DPC,SPQR)
))
(/usr/local/texlive/2010/texmf-dist/tex/latex/graphics/graphicx.sty
Package: graphicx 1999/02/16 v1.0f Enhanced LaTeX Graphics (DPC,SPQR)

(/usr/local/texlive/2010/texmf-dist/tex/latex/graphics/keyval.sty
Package: keyval 1999/03/16 v1.13 key=value parser (DPC)
\KV@toks@=\toks14
)
\Gin@req@height=\dimen103
\Gin@req@width=\dimen104
)
(/usr/local/texlive/2010/texmf-dist/tex/latex/base/graphpap.sty
Package: graphpap 1994/08/09 v1.0c Standard LaTeX graphpap package (LL)
)
(/usr/local/texlive/2010/texmf-dist/tex/latex/amsmath/amsmath.sty
Package: amsmath 2000/07/18 v2.13 AMS math features
\@mathmargin=\skip43

For additional information on amsmath, use the `?' option.
(/usr/local/texlive/2010/texmf-dist/tex/latex/amsmath/amstext.sty
Package: amstext 2000/06/29 v2.01

(/usr/local/texlive/2010/texmf-dist/tex/latex/amsmath/amsgen.sty
File: amsgen.sty 1999/11/30 v2.0
\@emptytoks=\toks15
\ex@=\dimen105
))
(/usr/local/texlive/2010/texmf-dist/tex/latex/amsmath/amsbsy.sty
Package: amsbsy 1999/11/29 v1.2d
\pmbraise@=\dimen106
)
(/usr/local/texlive/2010/texmf-dist/tex/latex/amsmath/amsopn.sty
Package: amsopn 1999/12/14 v2.01 operator names
)
\inf@bad=\count87
LaTeX Info: Redefining \frac on input line 211.
\uproot@=\count88
\leftroot@=\count89
LaTeX Info: Redefining \overline on input line 307.
\classnum@=\count90
\DOTSCASE@=\count91
LaTeX Info: Redefining \ldots on input line 379.
LaTeX Info: Redefining \dots on input line 382.
LaTeX Info: Redefining \cdots on input line 467.
\Mathstrutbox@=\box26
\strutbox@=\box27
\big@size=\dimen107
LaTeX Font Info:    Redeclaring font encoding OML on input line 567.
LaTeX Font Info:    Redeclaring font encoding OMS on input line 568.
\macc@depth=\count92
\c@MaxMatrixCols=\count93
\dotsspace@=\muskip10
\c@parentequation=\count94
\dspbrk@lvl=\count95
\tag@help=\toks16
\row@=\count96
\column@=\count97
\maxfields@=\count98
\andhelp@=\toks17
\eqnshift@=\dimen108
\alignsep@=\dimen109
\tagshift@=\dimen110
\tagwidth@=\dimen111
\totwidth@=\dimen112
\lineht@=\dimen113
\@envbody=\toks18
\multlinegap=\skip44
\multlinetaggap=\skip45
\mathdisplay@stack=\toks19
LaTeX Info: Redefining \[ on input line 2666.
LaTeX Info: Redefining \] on input line 2667.
)
(/usr/local/texlive/2010/texmf-dist/tex/latex/multirow/multirow.sty
\bigstrutjot=\dimen114
)
(/usr/local/texlive/2010/../texmf-local/tex/latex/local/tonis/row_stake_margins
.sty) (./new_11r_accessions_labels.aux)
\openout1 = `new_11r_accessions_labels.aux'.

LaTeX Font Info:    Checking defaults for OML/cmm/m/it on input line 7.
LaTeX Font Info:    ... okay on input line 7.
LaTeX Font Info:    Checking defaults for T1/cmr/m/n on input line 7.
LaTeX Font Info:    ... okay on input line 7.
LaTeX Font Info:    Checking defaults for OT1/cmr/m/n on input line 7.
LaTeX Font Info:    ... okay on input line 7.
LaTeX Font Info:    Checking defaults for OMS/cmsy/m/n on input line 7.
LaTeX Font Info:    ... okay on input line 7.
LaTeX Font Info:    Checking defaults for OMX/cmex/m/n on input line 7.
LaTeX Font Info:    ... okay on input line 7.
LaTeX Font Info:    Checking defaults for U/cmr/m/n on input line 7.
LaTeX Font Info:    ... okay on input line 7.
File: ../../../barcodes/inventory/11R0192:0000000.eps Graphic file (type eps)

<../../../barcodes/inventory/11R0192:0000000.eps>
File: ../../../barcodes/inventory/11R0193:0000000.eps Graphic file (type eps)

<../../../barcodes/inventory/11R0193:0000000.eps>
File: ../../../barcodes/inventory/11R0194:0000000.eps Graphic file (type eps)

<../../../barcodes/inventory/11R0194:0000000.eps>
File: ../../../barcodes/inventory/11R0195:0000000.eps Graphic file (type eps)

<../../../barcodes/inventory/11R0195:0000000.eps>
File: ../../../barcodes/inventory/11R0196:0000000.eps Graphic file (type eps)

<../../../barcodes/inventory/11R0196:0000000.eps>
File: ../../../barcodes/inventory/11R0197:0000000.eps Graphic file (type eps)

<../../../barcodes/inventory/11R0197:0000000.eps>
File: ../../../barcodes/inventory/11R0198:0000000.eps Graphic file (type eps)

<../../../barcodes/inventory/11R0198:0000000.eps>
File: ../../../barcodes/inventory/11R0199:0000000.eps Graphic file (type eps)

<../../../barcodes/inventory/11R0199:0000000.eps>
File: ../../../barcodes/inventory/11R0500:0000000.eps Graphic file (type eps)

<../../../barcodes/inventory/11R0500:0000000.eps>
File: ../../../barcodes/inventory/11R0600:0000000.eps Graphic file (type eps)

<../../../barcodes/inventory/11R0600:0000000.eps>
File: ../../../barcodes/inventory/11R0601:0000000.eps Graphic file (type eps)

<../../../barcodes/inventory/11R0601:0000000.eps>
File: ../../../barcodes/inventory/11R0602:0000000.eps Graphic file (type eps)

<../../../barcodes/inventory/11R0602:0000000.eps>
File: ../../../barcodes/inventory/11R0603:0000000.eps Graphic file (type eps)

<../../../barcodes/inventory/11R0603:0000000.eps>
File: ../../../barcodes/inventory/11R0604:0000000.eps Graphic file (type eps)

<../../../barcodes/inventory/11R0604:0000000.eps>
File: ../../../barcodes/inventory/11R0605:0000000.eps Graphic file (type eps)

<../../../barcodes/inventory/11R0605:0000000.eps>
File: ../../../barcodes/inventory/11R0606:0000000.eps Graphic file (type eps)

<../../../barcodes/inventory/11R0606:0000000.eps>
File: ../../../barcodes/inventory/11R0607:0000000.eps Graphic file (type eps)

<../../../barcodes/inventory/11R0607:0000000.eps>
File: ../../../barcodes/inventory/11R0608:0000000.eps Graphic file (type eps)

<../../../barcodes/inventory/11R0608:0000000.eps>
File: ../../../barcodes/inventory/11R0609:0000000.eps Graphic file (type eps)

<../../../barcodes/inventory/11R0609:0000000.eps>
File: ../../../barcodes/inventory/11R0610:0000000.eps Graphic file (type eps)

<../../../barcodes/inventory/11R0610:0000000.eps>
File: ../../../barcodes/inventory/11R0611:0000000.eps Graphic file (type eps)

<../../../barcodes/inventory/11R0611:0000000.eps>
File: ../../../barcodes/inventory/11R0612:0000000.eps Graphic file (type eps)

<../../../barcodes/inventory/11R0612:0000000.eps>
File: ../../../barcodes/inventory/11R0613:0000000.eps Graphic file (type eps)

<../../../barcodes/inventory/11R0613:0000000.eps>
File: ../../../barcodes/inventory/11R0614:0000000.eps Graphic file (type eps)

<../../../barcodes/inventory/11R0614:0000000.eps>
File: ../../../barcodes/inventory/11R0615:0000000.eps Graphic file (type eps)

<../../../barcodes/inventory/11R0615:0000000.eps>
File: ../../../barcodes/inventory/11R0616:0000000.eps Graphic file (type eps)

<../../../barcodes/inventory/11R0616:0000000.eps>
File: ../../../barcodes/inventory/11R0617:0000000.eps Graphic file (type eps)

<../../../barcodes/inventory/11R0617:0000000.eps>
File: ../../../barcodes/inventory/11R0618:0000000.eps Graphic file (type eps)

<../../../barcodes/inventory/11R0618:0000000.eps>
File: ../../../barcodes/inventory/11R0619:0000000.eps Graphic file (type eps)

<../../../barcodes/inventory/11R0619:0000000.eps>
File: ../../../barcodes/inventory/11R0620:0000000.eps Graphic file (type eps)

<../../../barcodes/inventory/11R0620:0000000.eps>
Overfull \hbox (17.62177pt too wide) in paragraph at lines 131--132
[][] 
 []

[1

] (./new_11r_accessions_labels.aux) ) 
Here is how much of TeX's memory you used:
 1205 strings out of 493814
 16025 string characters out of 3146553
 77148 words of memory out of 3000000
 4503 multiletter control sequences out of 15000+200000
 4237 words of font info for 16 fonts, out of 3000000 for 9000
 693 hyphenation exceptions out of 8191
 27i,4n,20p,247b,200s stack positions out of 5000i,500n,10000p,200000b,50000s

Output written on new_11r_accessions_labels.dvi (1 page, 21624 bytes).
