This is pdfTeX, Version 3.14159265-2.6-1.40.16 (TeX Live 2015) (preloaded format=latex 2016.2.29)  15 MAY 2018 16:33
entering extended mode
 restricted \write18 enabled.
 %&-line parsing enabled.
**row_stake_labels
(./row_stake_labels.tex
LaTeX2e <2016/02/01>
Babel <3.9q> and hyphenation patterns for 52 language(s) loaded.
(/usr/local/texlive/2015/texmf-dist/tex/latex/base/article.cls
Document Class: article 2014/09/29 v1.4h Standard LaTeX document class
(/usr/local/texlive/2015/texmf-dist/tex/latex/base/size12.clo
File: size12.clo 2014/09/29 v1.4h Standard LaTeX file (size option)
)
\c@part=\count79
\c@section=\count80
\c@subsection=\count81
\c@subsubsection=\count82
\c@paragraph=\count83
\c@subparagraph=\count84
\c@figure=\count85
\c@table=\count86
\abovecaptionskip=\skip41
\belowcaptionskip=\skip42
\bibindent=\dimen102
)
(/usr/local/texlive/2015/texmf-dist/tex/latex/graphics/graphics.sty
Package: graphics 2016/01/03 v1.0q Standard LaTeX Graphics (DPC,SPQR)

(/usr/local/texlive/2015/texmf-dist/tex/latex/graphics/trig.sty
Package: trig 2016/01/03 v1.10 sin cos tan (DPC)
)
(/usr/local/texlive/2015/texmf-dist/tex/latex/latexconfig/graphics.cfg
File: graphics.cfg 2010/04/23 v1.9 graphics configuration of TeX Live
)
Package graphics Info: Driver file: dvips.def on input line 95.

(/usr/local/texlive/2015/texmf-dist/tex/latex/graphics/dvips.def
File: dvips.def 2015/12/30 v3.0k Driver-dependent file (DPC,SPQR)
))
(/usr/local/texlive/2015/texmf-dist/tex/latex/graphics/graphicx.sty
Package: graphicx 2014/10/28 v1.0g Enhanced LaTeX Graphics (DPC,SPQR)

(/usr/local/texlive/2015/texmf-dist/tex/latex/graphics/keyval.sty
Package: keyval 2014/10/28 v1.15 key=value parser (DPC)
\KV@toks@=\toks14
)
\Gin@req@height=\dimen103
\Gin@req@width=\dimen104
)
(/usr/local/texlive/2015/texmf-dist/tex/latex/base/graphpap.sty
Package: graphpap 1994/08/09 v1.0c Standard LaTeX graphpap package (LL)
)
(/usr/local/texlive/2015/texmf-dist/tex/latex/amsmath/amsmath.sty
Package: amsmath 2013/01/14 v2.14 AMS math features
\@mathmargin=\skip43

For additional information on amsmath, use the `?' option.
(/usr/local/texlive/2015/texmf-dist/tex/latex/amsmath/amstext.sty
Package: amstext 2000/06/29 v2.01

(/usr/local/texlive/2015/texmf-dist/tex/latex/amsmath/amsgen.sty
File: amsgen.sty 1999/11/30 v2.0
\@emptytoks=\toks15
\ex@=\dimen105
))
(/usr/local/texlive/2015/texmf-dist/tex/latex/amsmath/amsbsy.sty
Package: amsbsy 1999/11/29 v1.2d
\pmbraise@=\dimen106
)
(/usr/local/texlive/2015/texmf-dist/tex/latex/amsmath/amsopn.sty
Package: amsopn 1999/12/14 v2.01 operator names
)
\inf@bad=\count87
LaTeX Info: Redefining \frac on input line 210.
\uproot@=\count88
\leftroot@=\count89
LaTeX Info: Redefining \overline on input line 306.
\classnum@=\count90
\DOTSCASE@=\count91
LaTeX Info: Redefining \ldots on input line 378.
LaTeX Info: Redefining \dots on input line 381.
LaTeX Info: Redefining \cdots on input line 466.
\Mathstrutbox@=\box26
\strutbox@=\box27
\big@size=\dimen107
LaTeX Font Info:    Redeclaring font encoding OML on input line 566.
LaTeX Font Info:    Redeclaring font encoding OMS on input line 567.
\macc@depth=\count92
\c@MaxMatrixCols=\count93
\dotsspace@=\muskip10
\c@parentequation=\count94
\dspbrk@lvl=\count95
\tag@help=\toks16
\row@=\count96
\column@=\count97
\maxfields@=\count98
\andhelp@=\toks17
\eqnshift@=\dimen108
\alignsep@=\dimen109
\tagshift@=\dimen110
\tagwidth@=\dimen111
\totwidth@=\dimen112
\lineht@=\dimen113
\@envbody=\toks18
\multlinegap=\skip44
\multlinetaggap=\skip45
\mathdisplay@stack=\toks19
LaTeX Info: Redefining \[ on input line 2665.
LaTeX Info: Redefining \] on input line 2666.
)
(/usr/local/texlive/2015/texmf-dist/tex/latex/multirow/multirow.sty
\bigstrutjot=\dimen114
)
(/usr/local/texlive/texmf-local/tex/latex/local/tonis/row_stake_margins.sty)
(./row_stake_labels.aux)
\openout1 = `row_stake_labels.aux'.

LaTeX Font Info:    Checking defaults for OML/cmm/m/it on input line 7.
LaTeX Font Info:    ... okay on input line 7.
LaTeX Font Info:    Checking defaults for T1/cmr/m/n on input line 7.
LaTeX Font Info:    ... okay on input line 7.
LaTeX Font Info:    Checking defaults for OT1/cmr/m/n on input line 7.
LaTeX Font Info:    ... okay on input line 7.
LaTeX Font Info:    Checking defaults for OMS/cmsy/m/n on input line 7.
LaTeX Font Info:    ... okay on input line 7.
LaTeX Font Info:    Checking defaults for OMX/cmex/m/n on input line 7.
LaTeX Font Info:    ... okay on input line 7.
LaTeX Font Info:    Checking defaults for U/cmr/m/n on input line 7.
LaTeX Font Info:    ... okay on input line 7.
File: ../../../barcodes/inventory/r00160.eps Graphic file (type eps)
 <../../../barcodes/inventory/r00160.eps>
File: ../../../barcodes/inventory/r00224.eps Graphic file (type eps)

<../../../barcodes/inventory/r00224.eps>
File: ../../../barcodes/inventory/r00225.eps Graphic file (type eps)

<../../../barcodes/inventory/r00225.eps>
File: ../../../barcodes/inventory/r00401.eps Graphic file (type eps)

<../../../barcodes/inventory/r00401.eps>
File: ../../../barcodes/inventory/r00402.eps Graphic file (type eps)

<../../../barcodes/inventory/r00402.eps>
File: ../../../barcodes/inventory/r00403.eps Graphic file (type eps)

<../../../barcodes/inventory/r00403.eps>
File: ../../../barcodes/inventory/r00404.eps Graphic file (type eps)

<../../../barcodes/inventory/r00404.eps>
File: ../../../barcodes/inventory/r00405.eps Graphic file (type eps)

<../../../barcodes/inventory/r00405.eps>
File: ../../../barcodes/inventory/r00406.eps Graphic file (type eps)

<../../../barcodes/inventory/r00406.eps>
File: ../../../barcodes/inventory/r00407.eps Graphic file (type eps)

<../../../barcodes/inventory/r00407.eps>
File: ../../../barcodes/inventory/r00408.eps Graphic file (type eps)

<../../../barcodes/inventory/r00408.eps>
File: ../../../barcodes/inventory/r00409.eps Graphic file (type eps)

<../../../barcodes/inventory/r00409.eps>
File: ../../../barcodes/inventory/r00410.eps Graphic file (type eps)

<../../../barcodes/inventory/r00410.eps>
File: ../../../barcodes/inventory/r00411.eps Graphic file (type eps)

<../../../barcodes/inventory/r00411.eps>
File: ../../../barcodes/inventory/r00412.eps Graphic file (type eps)

<../../../barcodes/inventory/r00412.eps>
File: ../../../barcodes/inventory/r00413.eps Graphic file (type eps)

<../../../barcodes/inventory/r00413.eps>
File: ../../../barcodes/inventory/r00414.eps Graphic file (type eps)

<../../../barcodes/inventory/r00414.eps>
File: ../../../barcodes/inventory/r00415.eps Graphic file (type eps)

<../../../barcodes/inventory/r00415.eps>
File: ../../../barcodes/inventory/r00416.eps Graphic file (type eps)

<../../../barcodes/inventory/r00416.eps>
File: ../../../barcodes/inventory/r00417.eps Graphic file (type eps)

<../../../barcodes/inventory/r00417.eps>
Overfull \hbox (17.62177pt too wide) in paragraph at lines 73--74
[][] 
 []

[1

]
File: ../../../barcodes/inventory/r00418.eps Graphic file (type eps)
 <../../../barcodes/inventory/r00418.eps>
File: ../../../barcodes/inventory/r00419.eps Graphic file (type eps)

<../../../barcodes/inventory/r00419.eps>
File: ../../../barcodes/inventory/r00420.eps Graphic file (type eps)

<../../../barcodes/inventory/r00420.eps>
File: ../../../barcodes/inventory/r00421.eps Graphic file (type eps)

<../../../barcodes/inventory/r00421.eps>
File: ../../../barcodes/inventory/r00422.eps Graphic file (type eps)

<../../../barcodes/inventory/r00422.eps>
File: ../../../barcodes/inventory/r00423.eps Graphic file (type eps)

<../../../barcodes/inventory/r00423.eps>
File: ../../../barcodes/inventory/r00424.eps Graphic file (type eps)

<../../../barcodes/inventory/r00424.eps>
File: ../../../barcodes/inventory/r00425.eps Graphic file (type eps)

<../../../barcodes/inventory/r00425.eps>
File: ../../../barcodes/inventory/r00426.eps Graphic file (type eps)

<../../../barcodes/inventory/r00426.eps>
File: ../../../barcodes/inventory/r00427.eps Graphic file (type eps)

<../../../barcodes/inventory/r00427.eps>
File: ../../../barcodes/inventory/r00428.eps Graphic file (type eps)

<../../../barcodes/inventory/r00428.eps>
File: ../../../barcodes/inventory/r00429.eps Graphic file (type eps)

<../../../barcodes/inventory/r00429.eps>
File: ../../../barcodes/inventory/r00430.eps Graphic file (type eps)

<../../../barcodes/inventory/r00430.eps>
File: ../../../barcodes/inventory/r00431.eps Graphic file (type eps)

<../../../barcodes/inventory/r00431.eps>
File: ../../../barcodes/inventory/r00432.eps Graphic file (type eps)

<../../../barcodes/inventory/r00432.eps>
File: ../../../barcodes/inventory/r00433.eps Graphic file (type eps)

<../../../barcodes/inventory/r00433.eps>
File: ../../../barcodes/inventory/r00434.eps Graphic file (type eps)

<../../../barcodes/inventory/r00434.eps>
File: ../../../barcodes/inventory/r00435.eps Graphic file (type eps)

<../../../barcodes/inventory/r00435.eps>
File: ../../../barcodes/inventory/r00436.eps Graphic file (type eps)

<../../../barcodes/inventory/r00436.eps>
File: ../../../barcodes/inventory/r00437.eps Graphic file (type eps)

<../../../barcodes/inventory/r00437.eps>
Overfull \hbox (17.62177pt too wide) in paragraph at lines 140--141
[][] 
 []

[2]
File: ../../../barcodes/inventory/r00438.eps Graphic file (type eps)
 <../../../barcodes/inventory/r00438.eps>
File: ../../../barcodes/inventory/r00439.eps Graphic file (type eps)

<../../../barcodes/inventory/r00439.eps>
File: ../../../barcodes/inventory/r00440.eps Graphic file (type eps)

<../../../barcodes/inventory/r00440.eps>
File: ../../../barcodes/inventory/r00441.eps Graphic file (type eps)

<../../../barcodes/inventory/r00441.eps>
File: ../../../barcodes/inventory/r00442.eps Graphic file (type eps)

<../../../barcodes/inventory/r00442.eps>
File: ../../../barcodes/inventory/r00443.eps Graphic file (type eps)

<../../../barcodes/inventory/r00443.eps>
File: ../../../barcodes/inventory/r00444.eps Graphic file (type eps)

<../../../barcodes/inventory/r00444.eps>
File: ../../../barcodes/inventory/r00445.eps Graphic file (type eps)

<../../../barcodes/inventory/r00445.eps>
File: ../../../barcodes/inventory/r00446.eps Graphic file (type eps)

<../../../barcodes/inventory/r00446.eps>
File: ../../../barcodes/inventory/r00447.eps Graphic file (type eps)

<../../../barcodes/inventory/r00447.eps>
File: ../../../barcodes/inventory/r00448.eps Graphic file (type eps)

<../../../barcodes/inventory/r00448.eps>
File: ../../../barcodes/inventory/r00449.eps Graphic file (type eps)

<../../../barcodes/inventory/r00449.eps>
File: ../../../barcodes/inventory/r00450.eps Graphic file (type eps)

<../../../barcodes/inventory/r00450.eps>
File: ../../../barcodes/inventory/r00451.eps Graphic file (type eps)

<../../../barcodes/inventory/r00451.eps>
File: ../../../barcodes/inventory/r00452.eps Graphic file (type eps)

<../../../barcodes/inventory/r00452.eps>
File: ../../../barcodes/inventory/r00453.eps Graphic file (type eps)

<../../../barcodes/inventory/r00453.eps>
File: ../../../barcodes/inventory/r00454.eps Graphic file (type eps)

<../../../barcodes/inventory/r00454.eps>
File: ../../../barcodes/inventory/r00455.eps Graphic file (type eps)

<../../../barcodes/inventory/r00455.eps>
File: ../../../barcodes/inventory/r00456.eps Graphic file (type eps)

<../../../barcodes/inventory/r00456.eps>
File: ../../../barcodes/inventory/r00457.eps Graphic file (type eps)

<../../../barcodes/inventory/r00457.eps>
Overfull \hbox (17.62177pt too wide) in paragraph at lines 207--208
[][] 
 []

[3]
File: ../../../barcodes/inventory/r00458.eps Graphic file (type eps)
 <../../../barcodes/inventory/r00458.eps>
File: ../../../barcodes/inventory/r00459.eps Graphic file (type eps)

<../../../barcodes/inventory/r00459.eps>
File: ../../../barcodes/inventory/r00460.eps Graphic file (type eps)

<../../../barcodes/inventory/r00460.eps>
File: ../../../barcodes/inventory/r00461.eps Graphic file (type eps)

<../../../barcodes/inventory/r00461.eps>
File: ../../../barcodes/inventory/r00462.eps Graphic file (type eps)

<../../../barcodes/inventory/r00462.eps>
File: ../../../barcodes/inventory/r00463.eps Graphic file (type eps)

<../../../barcodes/inventory/r00463.eps>
File: ../../../barcodes/inventory/r00464.eps Graphic file (type eps)

<../../../barcodes/inventory/r00464.eps>
File: ../../../barcodes/inventory/r00465.eps Graphic file (type eps)

<../../../barcodes/inventory/r00465.eps>
File: ../../../barcodes/inventory/r00466.eps Graphic file (type eps)

<../../../barcodes/inventory/r00466.eps>
File: ../../../barcodes/inventory/r00467.eps Graphic file (type eps)

<../../../barcodes/inventory/r00467.eps>
File: ../../../barcodes/inventory/r00468.eps Graphic file (type eps)

<../../../barcodes/inventory/r00468.eps>
File: ../../../barcodes/inventory/r00469.eps Graphic file (type eps)

<../../../barcodes/inventory/r00469.eps>
File: ../../../barcodes/inventory/r00470.eps Graphic file (type eps)

<../../../barcodes/inventory/r00470.eps>
File: ../../../barcodes/inventory/r00471.eps Graphic file (type eps)

<../../../barcodes/inventory/r00471.eps>
File: ../../../barcodes/inventory/r00472.eps Graphic file (type eps)

<../../../barcodes/inventory/r00472.eps>
File: ../../../barcodes/inventory/r00473.eps Graphic file (type eps)

<../../../barcodes/inventory/r00473.eps>
File: ../../../barcodes/inventory/r00474.eps Graphic file (type eps)

<../../../barcodes/inventory/r00474.eps>
File: ../../../barcodes/inventory/r00475.eps Graphic file (type eps)

<../../../barcodes/inventory/r00475.eps>
File: ../../../barcodes/inventory/r00476.eps Graphic file (type eps)

<../../../barcodes/inventory/r00476.eps>
File: ../../../barcodes/inventory/r00477.eps Graphic file (type eps)

<../../../barcodes/inventory/r00477.eps>
Overfull \hbox (17.62177pt too wide) in paragraph at lines 274--275
[][] 
 []

[4]
File: ../../../barcodes/inventory/r00478.eps Graphic file (type eps)
 <../../../barcodes/inventory/r00478.eps>
File: ../../../barcodes/inventory/r00479.eps Graphic file (type eps)

<../../../barcodes/inventory/r00479.eps>
File: ../../../barcodes/inventory/r00480.eps Graphic file (type eps)

<../../../barcodes/inventory/r00480.eps>
File: ../../../barcodes/inventory/r00481.eps Graphic file (type eps)

<../../../barcodes/inventory/r00481.eps>
File: ../../../barcodes/inventory/r00482.eps Graphic file (type eps)

<../../../barcodes/inventory/r00482.eps>
File: ../../../barcodes/inventory/r00483.eps Graphic file (type eps)

<../../../barcodes/inventory/r00483.eps>
File: ../../../barcodes/inventory/r00484.eps Graphic file (type eps)

<../../../barcodes/inventory/r00484.eps>
File: ../../../barcodes/inventory/r00485.eps Graphic file (type eps)

<../../../barcodes/inventory/r00485.eps>
File: ../../../barcodes/inventory/r00486.eps Graphic file (type eps)

<../../../barcodes/inventory/r00486.eps>
File: ../../../barcodes/inventory/r00487.eps Graphic file (type eps)

<../../../barcodes/inventory/r00487.eps>
File: ../../../barcodes/inventory/r00488.eps Graphic file (type eps)

<../../../barcodes/inventory/r00488.eps>
File: ../../../barcodes/inventory/r00489.eps Graphic file (type eps)

<../../../barcodes/inventory/r00489.eps>
File: ../../../barcodes/inventory/r00490.eps Graphic file (type eps)

<../../../barcodes/inventory/r00490.eps>
File: ../../../barcodes/inventory/r00491.eps Graphic file (type eps)

<../../../barcodes/inventory/r00491.eps>
File: ../../../barcodes/inventory/r00492.eps Graphic file (type eps)

<../../../barcodes/inventory/r00492.eps>
File: ../../../barcodes/inventory/r00493.eps Graphic file (type eps)

<../../../barcodes/inventory/r00493.eps>
File: ../../../barcodes/inventory/r00494.eps Graphic file (type eps)

<../../../barcodes/inventory/r00494.eps>
File: ../../../barcodes/inventory/r00495.eps Graphic file (type eps)

<../../../barcodes/inventory/r00495.eps>
File: ../../../barcodes/inventory/r00496.eps Graphic file (type eps)

<../../../barcodes/inventory/r00496.eps>
File: ../../../barcodes/inventory/r00497.eps Graphic file (type eps)

<../../../barcodes/inventory/r00497.eps>
Overfull \hbox (17.62177pt too wide) in paragraph at lines 341--342
[][] 
 []

[5]
File: ../../../barcodes/inventory/r00498.eps Graphic file (type eps)
 <../../../barcodes/inventory/r00498.eps>
File: ../../../barcodes/inventory/r00499.eps Graphic file (type eps)

<../../../barcodes/inventory/r00499.eps>
Overfull \hbox (17.62177pt too wide) in paragraph at lines 353--354
[][] 
 []

! You can't use `\raise' in vertical mode.
\put (#1,#2)#3->\@killglue \raise 
                                  #2\unitlength \hb@xt@ \z@ {\kern #1\unitle...
l.355 ...90}{\scalebox{1.2}{\Huge{\textbf{500}}}}}
                                                  
? r
OK, entering \nonstopmode...
! Missing number, treated as zero.
<to be read again> 
                   \hbox 
l.355 ...90}{\scalebox{1.2}{\Huge{\textbf{500}}}}}
                                                  
A number should have been here; I inserted `0'.
(If you can't figure out why I needed to see a number,
look up `weird error' in the index to The TeXbook.)

! Illegal unit of measure (pt inserted).
<to be read again> 
                   \hbox 
l.355 ...90}{\scalebox{1.2}{\Huge{\textbf{500}}}}}
                                                  
Dimensions can be in units of em, ex, in, pt, pc,
cm, mm, dd, cc, nd, nc, bp, or sp; but yours is a new one!
I'll assume that you meant to say pt, for printer's points.
To recover gracefully from this error, it's best to
delete the erroneous units; e.g., type `2' to delete
two letters. (See Chapter 27 of The TeXbook.)

File: ../../../barcodes/inventory/r00500.eps Graphic file (type eps)
<../../../barcodes/inventory/r00500.eps> [6] (./row_stake_labels.aux) ) 
Here is how much of TeX's memory you used:
 1369 strings out of 493657
 19099 string characters out of 6152364
 77296 words of memory out of 5000000
 4796 multiletter control sequences out of 15000+600000
 4544 words of font info for 17 fonts, out of 8000000 for 9000
 783 hyphenation exceptions out of 8191
 27i,5n,22p,238b,214s stack positions out of 5000i,500n,10000p,200000b,80000s

Output written on row_stake_labels.dvi (6 pages, 80520 bytes).
