This is pdfTeX, Version 3.14159265-2.6-1.40.16 (TeX Live 2015) (preloaded format=latex 2016.2.29)  27 APR 2018 08:23
entering extended mode
 restricted \write18 enabled.
 %&-line parsing enabled.
**sleeve_labels
(./sleeve_labels.tex
LaTeX2e <2016/02/01>
Babel <3.9q> and hyphenation patterns for 52 language(s) loaded.
(/usr/local/texlive/2015/texmf-dist/tex/latex/base/article.cls
Document Class: article 2014/09/29 v1.4h Standard LaTeX document class
(/usr/local/texlive/2015/texmf-dist/tex/latex/base/size12.clo
File: size12.clo 2014/09/29 v1.4h Standard LaTeX file (size option)
)
\c@part=\count79
\c@section=\count80
\c@subsection=\count81
\c@subsubsection=\count82
\c@paragraph=\count83
\c@subparagraph=\count84
\c@figure=\count85
\c@table=\count86
\abovecaptionskip=\skip41
\belowcaptionskip=\skip42
\bibindent=\dimen102
)
(/usr/local/texlive/2015/texmf-dist/tex/latex/graphics/graphics.sty
Package: graphics 2016/01/03 v1.0q Standard LaTeX Graphics (DPC,SPQR)

(/usr/local/texlive/2015/texmf-dist/tex/latex/graphics/trig.sty
Package: trig 2016/01/03 v1.10 sin cos tan (DPC)
)
(/usr/local/texlive/2015/texmf-dist/tex/latex/latexconfig/graphics.cfg
File: graphics.cfg 2010/04/23 v1.9 graphics configuration of TeX Live
)
Package graphics Info: Driver file: dvips.def on input line 95.

(/usr/local/texlive/2015/texmf-dist/tex/latex/graphics/dvips.def
File: dvips.def 2015/12/30 v3.0k Driver-dependent file (DPC,SPQR)
))
(/usr/local/texlive/2015/texmf-dist/tex/latex/graphics/graphicx.sty
Package: graphicx 2014/10/28 v1.0g Enhanced LaTeX Graphics (DPC,SPQR)

(/usr/local/texlive/2015/texmf-dist/tex/latex/graphics/keyval.sty
Package: keyval 2014/10/28 v1.15 key=value parser (DPC)
\KV@toks@=\toks14
)
\Gin@req@height=\dimen103
\Gin@req@width=\dimen104
)
(/usr/local/texlive/2015/texmf-dist/tex/latex/base/graphpap.sty
Package: graphpap 1994/08/09 v1.0c Standard LaTeX graphpap package (LL)
)
(/usr/local/texlive/2015/texmf-dist/tex/latex/amsmath/amsmath.sty
Package: amsmath 2013/01/14 v2.14 AMS math features
\@mathmargin=\skip43

For additional information on amsmath, use the `?' option.
(/usr/local/texlive/2015/texmf-dist/tex/latex/amsmath/amstext.sty
Package: amstext 2000/06/29 v2.01

(/usr/local/texlive/2015/texmf-dist/tex/latex/amsmath/amsgen.sty
File: amsgen.sty 1999/11/30 v2.0
\@emptytoks=\toks15
\ex@=\dimen105
))
(/usr/local/texlive/2015/texmf-dist/tex/latex/amsmath/amsbsy.sty
Package: amsbsy 1999/11/29 v1.2d
\pmbraise@=\dimen106
)
(/usr/local/texlive/2015/texmf-dist/tex/latex/amsmath/amsopn.sty
Package: amsopn 1999/12/14 v2.01 operator names
)
\inf@bad=\count87
LaTeX Info: Redefining \frac on input line 210.
\uproot@=\count88
\leftroot@=\count89
LaTeX Info: Redefining \overline on input line 306.
\classnum@=\count90
\DOTSCASE@=\count91
LaTeX Info: Redefining \ldots on input line 378.
LaTeX Info: Redefining \dots on input line 381.
LaTeX Info: Redefining \cdots on input line 466.
\Mathstrutbox@=\box26
\strutbox@=\box27
\big@size=\dimen107
LaTeX Font Info:    Redeclaring font encoding OML on input line 566.
LaTeX Font Info:    Redeclaring font encoding OMS on input line 567.
\macc@depth=\count92
\c@MaxMatrixCols=\count93
\dotsspace@=\muskip10
\c@parentequation=\count94
\dspbrk@lvl=\count95
\tag@help=\toks16
\row@=\count96
\column@=\count97
\maxfields@=\count98
\andhelp@=\toks17
\eqnshift@=\dimen108
\alignsep@=\dimen109
\tagshift@=\dimen110
\tagwidth@=\dimen111
\totwidth@=\dimen112
\lineht@=\dimen113
\@envbody=\toks18
\multlinegap=\skip44
\multlinetaggap=\skip45
\mathdisplay@stack=\toks19
LaTeX Info: Redefining \[ on input line 2665.
LaTeX Info: Redefining \] on input line 2666.
)
(/usr/local/texlive/2015/texmf-dist/tex/latex/multirow/multirow.sty
\bigstrutjot=\dimen114
)
(/usr/local/texlive/texmf-local/tex/latex/local/tonis/small_label_margins.sty)
(./sleeve_labels.aux)
\openout1 = `sleeve_labels.aux'.

LaTeX Font Info:    Checking defaults for OML/cmm/m/it on input line 7.
LaTeX Font Info:    ... okay on input line 7.
LaTeX Font Info:    Checking defaults for T1/cmr/m/n on input line 7.
LaTeX Font Info:    ... okay on input line 7.
LaTeX Font Info:    Checking defaults for OT1/cmr/m/n on input line 7.
LaTeX Font Info:    ... okay on input line 7.
LaTeX Font Info:    Checking defaults for OMS/cmsy/m/n on input line 7.
LaTeX Font Info:    ... okay on input line 7.
LaTeX Font Info:    Checking defaults for OMX/cmex/m/n on input line 7.
LaTeX Font Info:    ... okay on input line 7.
LaTeX Font Info:    Checking defaults for U/cmr/m/n on input line 7.
LaTeX Font Info:    ... okay on input line 7.
File: ../../../barcodes/inventory/v00001.eps Graphic file (type eps)
 <../../../barcodes/inventory/v00001.eps>
File: ../../../barcodes/inventory/v00002.eps Graphic file (type eps)

<../../../barcodes/inventory/v00002.eps>
File: ../../../barcodes/inventory/v00003.eps Graphic file (type eps)

<../../../barcodes/inventory/v00003.eps>
File: ../../../barcodes/inventory/v00004.eps Graphic file (type eps)

<../../../barcodes/inventory/v00004.eps>
File: ../../../barcodes/inventory/v00005.eps Graphic file (type eps)

<../../../barcodes/inventory/v00005.eps>
File: ../../../barcodes/inventory/v00006.eps Graphic file (type eps)

<../../../barcodes/inventory/v00006.eps>
File: ../../../barcodes/inventory/v00007.eps Graphic file (type eps)

<../../../barcodes/inventory/v00007.eps>
File: ../../../barcodes/inventory/v00008.eps Graphic file (type eps)

<../../../barcodes/inventory/v00008.eps>
File: ../../../barcodes/inventory/v00009.eps Graphic file (type eps)

<../../../barcodes/inventory/v00009.eps>
File: ../../../barcodes/inventory/v00010.eps Graphic file (type eps)

<../../../barcodes/inventory/v00010.eps>
File: ../../../barcodes/inventory/v00011.eps Graphic file (type eps)

<../../../barcodes/inventory/v00011.eps>
File: ../../../barcodes/inventory/v00012.eps Graphic file (type eps)

<../../../barcodes/inventory/v00012.eps>
File: ../../../barcodes/inventory/v00013.eps Graphic file (type eps)

<../../../barcodes/inventory/v00013.eps>
File: ../../../barcodes/inventory/v00014.eps Graphic file (type eps)

<../../../barcodes/inventory/v00014.eps>
File: ../../../barcodes/inventory/v00015.eps Graphic file (type eps)

<../../../barcodes/inventory/v00015.eps>
File: ../../../barcodes/inventory/v00016.eps Graphic file (type eps)

<../../../barcodes/inventory/v00016.eps>
File: ../../../barcodes/inventory/v00017.eps Graphic file (type eps)

<../../../barcodes/inventory/v00017.eps>
File: ../../../barcodes/inventory/v00018.eps Graphic file (type eps)

<../../../barcodes/inventory/v00018.eps>
File: ../../../barcodes/inventory/v00019.eps Graphic file (type eps)

<../../../barcodes/inventory/v00019.eps>
File: ../../../barcodes/inventory/v00020.eps Graphic file (type eps)

<../../../barcodes/inventory/v00020.eps>
File: ../../../barcodes/inventory/v00021.eps Graphic file (type eps)

<../../../barcodes/inventory/v00021.eps>
File: ../../../barcodes/inventory/v00022.eps Graphic file (type eps)

<../../../barcodes/inventory/v00022.eps>
File: ../../../barcodes/inventory/v00023.eps Graphic file (type eps)

<../../../barcodes/inventory/v00023.eps>
File: ../../../barcodes/inventory/v00024.eps Graphic file (type eps)

<../../../barcodes/inventory/v00024.eps>
File: ../../../barcodes/inventory/v00025.eps Graphic file (type eps)

<../../../barcodes/inventory/v00025.eps>
File: ../../../barcodes/inventory/v00026.eps Graphic file (type eps)

<../../../barcodes/inventory/v00026.eps>
File: ../../../barcodes/inventory/v00027.eps Graphic file (type eps)

<../../../barcodes/inventory/v00027.eps>
File: ../../../barcodes/inventory/v00028.eps Graphic file (type eps)

<../../../barcodes/inventory/v00028.eps>
File: ../../../barcodes/inventory/v00029.eps Graphic file (type eps)

<../../../barcodes/inventory/v00029.eps>
File: ../../../barcodes/inventory/v00030.eps Graphic file (type eps)

<../../../barcodes/inventory/v00030.eps>
Overfull \hbox (17.62177pt too wide) in paragraph at lines 44--45
[][] 
 []

[1

]
File: ../../../barcodes/inventory/v00031.eps Graphic file (type eps)
 <../../../barcodes/inventory/v00031.eps>
File: ../../../barcodes/inventory/v00032.eps Graphic file (type eps)

<../../../barcodes/inventory/v00032.eps>
File: ../../../barcodes/inventory/v00033.eps Graphic file (type eps)

<../../../barcodes/inventory/v00033.eps>
File: ../../../barcodes/inventory/v00034.eps Graphic file (type eps)

<../../../barcodes/inventory/v00034.eps>
File: ../../../barcodes/inventory/v00035.eps Graphic file (type eps)

<../../../barcodes/inventory/v00035.eps>
File: ../../../barcodes/inventory/v00036.eps Graphic file (type eps)

<../../../barcodes/inventory/v00036.eps>
File: ../../../barcodes/inventory/v00037.eps Graphic file (type eps)

<../../../barcodes/inventory/v00037.eps>
File: ../../../barcodes/inventory/v00038.eps Graphic file (type eps)

<../../../barcodes/inventory/v00038.eps>
File: ../../../barcodes/inventory/v00039.eps Graphic file (type eps)

<../../../barcodes/inventory/v00039.eps>
File: ../../../barcodes/inventory/v00040.eps Graphic file (type eps)

<../../../barcodes/inventory/v00040.eps>
File: ../../../barcodes/inventory/v00041.eps Graphic file (type eps)

<../../../barcodes/inventory/v00041.eps>
File: ../../../barcodes/inventory/v00042.eps Graphic file (type eps)

<../../../barcodes/inventory/v00042.eps>
File: ../../../barcodes/inventory/v00043.eps Graphic file (type eps)

<../../../barcodes/inventory/v00043.eps>
File: ../../../barcodes/inventory/v00044.eps Graphic file (type eps)

<../../../barcodes/inventory/v00044.eps>
File: ../../../barcodes/inventory/v00045.eps Graphic file (type eps)

<../../../barcodes/inventory/v00045.eps>
File: ../../../barcodes/inventory/v00046.eps Graphic file (type eps)

<../../../barcodes/inventory/v00046.eps>
File: ../../../barcodes/inventory/v00047.eps Graphic file (type eps)

<../../../barcodes/inventory/v00047.eps>
File: ../../../barcodes/inventory/v00048.eps Graphic file (type eps)

<../../../barcodes/inventory/v00048.eps>
File: ../../../barcodes/inventory/v00049.eps Graphic file (type eps)

<../../../barcodes/inventory/v00049.eps>
File: ../../../barcodes/inventory/v00050.eps Graphic file (type eps)

<../../../barcodes/inventory/v00050.eps>
File: ../../../barcodes/inventory/v00051.eps Graphic file (type eps)

<../../../barcodes/inventory/v00051.eps>
File: ../../../barcodes/inventory/v00052.eps Graphic file (type eps)

<../../../barcodes/inventory/v00052.eps>
File: ../../../barcodes/inventory/v00053.eps Graphic file (type eps)

<../../../barcodes/inventory/v00053.eps>
File: ../../../barcodes/inventory/v00054.eps Graphic file (type eps)

<../../../barcodes/inventory/v00054.eps>
File: ../../../barcodes/inventory/v00055.eps Graphic file (type eps)

<../../../barcodes/inventory/v00055.eps>
File: ../../../barcodes/inventory/v00056.eps Graphic file (type eps)

<../../../barcodes/inventory/v00056.eps>
File: ../../../barcodes/inventory/v00057.eps Graphic file (type eps)

<../../../barcodes/inventory/v00057.eps>
File: ../../../barcodes/inventory/v00058.eps Graphic file (type eps)

<../../../barcodes/inventory/v00058.eps>
File: ../../../barcodes/inventory/v00059.eps Graphic file (type eps)

<../../../barcodes/inventory/v00059.eps>
File: ../../../barcodes/inventory/v00060.eps Graphic file (type eps)

<../../../barcodes/inventory/v00060.eps>
Overfull \hbox (17.62177pt too wide) in paragraph at lines 82--83
[][] 
 []

[2]
File: ../../../barcodes/inventory/v00061.eps Graphic file (type eps)
 <../../../barcodes/inventory/v00061.eps>
File: ../../../barcodes/inventory/v00062.eps Graphic file (type eps)

<../../../barcodes/inventory/v00062.eps>
File: ../../../barcodes/inventory/v00063.eps Graphic file (type eps)

<../../../barcodes/inventory/v00063.eps>
File: ../../../barcodes/inventory/v00064.eps Graphic file (type eps)

<../../../barcodes/inventory/v00064.eps>
File: ../../../barcodes/inventory/v00065.eps Graphic file (type eps)

<../../../barcodes/inventory/v00065.eps>
File: ../../../barcodes/inventory/v00066.eps Graphic file (type eps)

<../../../barcodes/inventory/v00066.eps>
File: ../../../barcodes/inventory/v00067.eps Graphic file (type eps)

<../../../barcodes/inventory/v00067.eps>
File: ../../../barcodes/inventory/v00068.eps Graphic file (type eps)

<../../../barcodes/inventory/v00068.eps>
File: ../../../barcodes/inventory/v00069.eps Graphic file (type eps)

<../../../barcodes/inventory/v00069.eps>
File: ../../../barcodes/inventory/v00070.eps Graphic file (type eps)

<../../../barcodes/inventory/v00070.eps>
File: ../../../barcodes/inventory/v00071.eps Graphic file (type eps)

<../../../barcodes/inventory/v00071.eps>
File: ../../../barcodes/inventory/v00072.eps Graphic file (type eps)

<../../../barcodes/inventory/v00072.eps>
File: ../../../barcodes/inventory/v00073.eps Graphic file (type eps)

<../../../barcodes/inventory/v00073.eps>
File: ../../../barcodes/inventory/v00074.eps Graphic file (type eps)

<../../../barcodes/inventory/v00074.eps>
File: ../../../barcodes/inventory/v00075.eps Graphic file (type eps)

<../../../barcodes/inventory/v00075.eps>
File: ../../../barcodes/inventory/v00076.eps Graphic file (type eps)

<../../../barcodes/inventory/v00076.eps>
File: ../../../barcodes/inventory/v00077.eps Graphic file (type eps)

<../../../barcodes/inventory/v00077.eps>
File: ../../../barcodes/inventory/v00078.eps Graphic file (type eps)

<../../../barcodes/inventory/v00078.eps>
File: ../../../barcodes/inventory/v00079.eps Graphic file (type eps)

<../../../barcodes/inventory/v00079.eps>
File: ../../../barcodes/inventory/v00080.eps Graphic file (type eps)

<../../../barcodes/inventory/v00080.eps>
File: ../../../barcodes/inventory/v00081.eps Graphic file (type eps)

<../../../barcodes/inventory/v00081.eps>
File: ../../../barcodes/inventory/v00082.eps Graphic file (type eps)

<../../../barcodes/inventory/v00082.eps>
File: ../../../barcodes/inventory/v00083.eps Graphic file (type eps)

<../../../barcodes/inventory/v00083.eps>
File: ../../../barcodes/inventory/v00084.eps Graphic file (type eps)

<../../../barcodes/inventory/v00084.eps>
File: ../../../barcodes/inventory/v00085.eps Graphic file (type eps)

<../../../barcodes/inventory/v00085.eps>
File: ../../../barcodes/inventory/v00086.eps Graphic file (type eps)

<../../../barcodes/inventory/v00086.eps>
File: ../../../barcodes/inventory/v00087.eps Graphic file (type eps)

<../../../barcodes/inventory/v00087.eps>
File: ../../../barcodes/inventory/v00088.eps Graphic file (type eps)

<../../../barcodes/inventory/v00088.eps>
File: ../../../barcodes/inventory/v00089.eps Graphic file (type eps)

<../../../barcodes/inventory/v00089.eps>
File: ../../../barcodes/inventory/v00090.eps Graphic file (type eps)

<../../../barcodes/inventory/v00090.eps>
Overfull \hbox (17.62177pt too wide) in paragraph at lines 120--121
[][] 
 []

[3]
File: ../../../barcodes/inventory/v00091.eps Graphic file (type eps)
 <../../../barcodes/inventory/v00091.eps>
File: ../../../barcodes/inventory/v00092.eps Graphic file (type eps)

<../../../barcodes/inventory/v00092.eps>
File: ../../../barcodes/inventory/v00093.eps Graphic file (type eps)

<../../../barcodes/inventory/v00093.eps>
File: ../../../barcodes/inventory/v00094.eps Graphic file (type eps)

<../../../barcodes/inventory/v00094.eps>
File: ../../../barcodes/inventory/v00095.eps Graphic file (type eps)

<../../../barcodes/inventory/v00095.eps>
File: ../../../barcodes/inventory/v00096.eps Graphic file (type eps)

<../../../barcodes/inventory/v00096.eps>
File: ../../../barcodes/inventory/v00097.eps Graphic file (type eps)

<../../../barcodes/inventory/v00097.eps>
File: ../../../barcodes/inventory/v00098.eps Graphic file (type eps)

<../../../barcodes/inventory/v00098.eps>
File: ../../../barcodes/inventory/v00099.eps Graphic file (type eps)

<../../../barcodes/inventory/v00099.eps>
File: ../../../barcodes/inventory/v00100.eps Graphic file (type eps)

<../../../barcodes/inventory/v00100.eps>
File: ../../../barcodes/inventory/v00101.eps Graphic file (type eps)

<../../../barcodes/inventory/v00101.eps>
File: ../../../barcodes/inventory/v00102.eps Graphic file (type eps)

<../../../barcodes/inventory/v00102.eps>
File: ../../../barcodes/inventory/v00103.eps Graphic file (type eps)

<../../../barcodes/inventory/v00103.eps>
File: ../../../barcodes/inventory/v00104.eps Graphic file (type eps)

<../../../barcodes/inventory/v00104.eps>
File: ../../../barcodes/inventory/v00105.eps Graphic file (type eps)

<../../../barcodes/inventory/v00105.eps>
File: ../../../barcodes/inventory/v00106.eps Graphic file (type eps)

<../../../barcodes/inventory/v00106.eps>
File: ../../../barcodes/inventory/v00107.eps Graphic file (type eps)

<../../../barcodes/inventory/v00107.eps>
File: ../../../barcodes/inventory/v00108.eps Graphic file (type eps)

<../../../barcodes/inventory/v00108.eps>
File: ../../../barcodes/inventory/v00109.eps Graphic file (type eps)

<../../../barcodes/inventory/v00109.eps>
File: ../../../barcodes/inventory/v00110.eps Graphic file (type eps)

<../../../barcodes/inventory/v00110.eps>
File: ../../../barcodes/inventory/v00111.eps Graphic file (type eps)

<../../../barcodes/inventory/v00111.eps>
File: ../../../barcodes/inventory/v00112.eps Graphic file (type eps)

<../../../barcodes/inventory/v00112.eps>
File: ../../../barcodes/inventory/v00113.eps Graphic file (type eps)

<../../../barcodes/inventory/v00113.eps>
File: ../../../barcodes/inventory/v00114.eps Graphic file (type eps)

<../../../barcodes/inventory/v00114.eps>
File: ../../../barcodes/inventory/v00115.eps Graphic file (type eps)

<../../../barcodes/inventory/v00115.eps>
File: ../../../barcodes/inventory/v00116.eps Graphic file (type eps)

<../../../barcodes/inventory/v00116.eps>
File: ../../../barcodes/inventory/v00117.eps Graphic file (type eps)

<../../../barcodes/inventory/v00117.eps>
File: ../../../barcodes/inventory/v00118.eps Graphic file (type eps)

<../../../barcodes/inventory/v00118.eps>
File: ../../../barcodes/inventory/v00119.eps Graphic file (type eps)

<../../../barcodes/inventory/v00119.eps>
File: ../../../barcodes/inventory/v00120.eps Graphic file (type eps)

<../../../barcodes/inventory/v00120.eps>
Overfull \hbox (17.62177pt too wide) in paragraph at lines 158--159
[][] 
 []

[4]
File: ../../../barcodes/inventory/v00121.eps Graphic file (type eps)
 <../../../barcodes/inventory/v00121.eps>
File: ../../../barcodes/inventory/v00122.eps Graphic file (type eps)

<../../../barcodes/inventory/v00122.eps>
File: ../../../barcodes/inventory/v00123.eps Graphic file (type eps)

<../../../barcodes/inventory/v00123.eps>
File: ../../../barcodes/inventory/v00124.eps Graphic file (type eps)

<../../../barcodes/inventory/v00124.eps>
File: ../../../barcodes/inventory/v00125.eps Graphic file (type eps)

<../../../barcodes/inventory/v00125.eps>
File: ../../../barcodes/inventory/v00126.eps Graphic file (type eps)

<../../../barcodes/inventory/v00126.eps>
File: ../../../barcodes/inventory/v00127.eps Graphic file (type eps)

<../../../barcodes/inventory/v00127.eps>
File: ../../../barcodes/inventory/v00128.eps Graphic file (type eps)

<../../../barcodes/inventory/v00128.eps>
File: ../../../barcodes/inventory/v00129.eps Graphic file (type eps)

<../../../barcodes/inventory/v00129.eps>
File: ../../../barcodes/inventory/v00130.eps Graphic file (type eps)

<../../../barcodes/inventory/v00130.eps>
File: ../../../barcodes/inventory/v00131.eps Graphic file (type eps)

<../../../barcodes/inventory/v00131.eps>
File: ../../../barcodes/inventory/v00132.eps Graphic file (type eps)

<../../../barcodes/inventory/v00132.eps>
File: ../../../barcodes/inventory/v00133.eps Graphic file (type eps)

<../../../barcodes/inventory/v00133.eps>
File: ../../../barcodes/inventory/v00134.eps Graphic file (type eps)

<../../../barcodes/inventory/v00134.eps>
File: ../../../barcodes/inventory/v00135.eps Graphic file (type eps)

<../../../barcodes/inventory/v00135.eps>
File: ../../../barcodes/inventory/v00136.eps Graphic file (type eps)

<../../../barcodes/inventory/v00136.eps>
File: ../../../barcodes/inventory/v00137.eps Graphic file (type eps)

<../../../barcodes/inventory/v00137.eps>
File: ../../../barcodes/inventory/v00138.eps Graphic file (type eps)

<../../../barcodes/inventory/v00138.eps>
File: ../../../barcodes/inventory/v00139.eps Graphic file (type eps)

<../../../barcodes/inventory/v00139.eps>
File: ../../../barcodes/inventory/v00140.eps Graphic file (type eps)

<../../../barcodes/inventory/v00140.eps>
File: ../../../barcodes/inventory/v00141.eps Graphic file (type eps)

<../../../barcodes/inventory/v00141.eps>
File: ../../../barcodes/inventory/v00142.eps Graphic file (type eps)

<../../../barcodes/inventory/v00142.eps>
File: ../../../barcodes/inventory/v00143.eps Graphic file (type eps)

<../../../barcodes/inventory/v00143.eps>
File: ../../../barcodes/inventory/v00144.eps Graphic file (type eps)

<../../../barcodes/inventory/v00144.eps>
File: ../../../barcodes/inventory/v00145.eps Graphic file (type eps)

<../../../barcodes/inventory/v00145.eps>
File: ../../../barcodes/inventory/v00146.eps Graphic file (type eps)

<../../../barcodes/inventory/v00146.eps>
File: ../../../barcodes/inventory/v00147.eps Graphic file (type eps)

<../../../barcodes/inventory/v00147.eps>
File: ../../../barcodes/inventory/v00148.eps Graphic file (type eps)

<../../../barcodes/inventory/v00148.eps>
File: ../../../barcodes/inventory/v00149.eps Graphic file (type eps)

<../../../barcodes/inventory/v00149.eps>
File: ../../../barcodes/inventory/v00150.eps Graphic file (type eps)

<../../../barcodes/inventory/v00150.eps>
Overfull \hbox (17.62177pt too wide) in paragraph at lines 196--197
[][] 
 []

[5]
File: ../../../barcodes/inventory/v00151.eps Graphic file (type eps)
 <../../../barcodes/inventory/v00151.eps>
File: ../../../barcodes/inventory/v00152.eps Graphic file (type eps)

<../../../barcodes/inventory/v00152.eps>
File: ../../../barcodes/inventory/v00153.eps Graphic file (type eps)

<../../../barcodes/inventory/v00153.eps>
File: ../../../barcodes/inventory/v00154.eps Graphic file (type eps)

<../../../barcodes/inventory/v00154.eps>
File: ../../../barcodes/inventory/v00155.eps Graphic file (type eps)

<../../../barcodes/inventory/v00155.eps>
File: ../../../barcodes/inventory/v00156.eps Graphic file (type eps)

<../../../barcodes/inventory/v00156.eps>
File: ../../../barcodes/inventory/v00157.eps Graphic file (type eps)

<../../../barcodes/inventory/v00157.eps>
File: ../../../barcodes/inventory/v00158.eps Graphic file (type eps)

<../../../barcodes/inventory/v00158.eps>
File: ../../../barcodes/inventory/v00159.eps Graphic file (type eps)

<../../../barcodes/inventory/v00159.eps>
File: ../../../barcodes/inventory/v00160.eps Graphic file (type eps)

<../../../barcodes/inventory/v00160.eps>
File: ../../../barcodes/inventory/v00161.eps Graphic file (type eps)

<../../../barcodes/inventory/v00161.eps>
File: ../../../barcodes/inventory/v00162.eps Graphic file (type eps)

<../../../barcodes/inventory/v00162.eps>
File: ../../../barcodes/inventory/v00163.eps Graphic file (type eps)

<../../../barcodes/inventory/v00163.eps>
File: ../../../barcodes/inventory/v00164.eps Graphic file (type eps)

<../../../barcodes/inventory/v00164.eps>
File: ../../../barcodes/inventory/v00165.eps Graphic file (type eps)

<../../../barcodes/inventory/v00165.eps>
File: ../../../barcodes/inventory/v00166.eps Graphic file (type eps)

<../../../barcodes/inventory/v00166.eps>
File: ../../../barcodes/inventory/v00167.eps Graphic file (type eps)

<../../../barcodes/inventory/v00167.eps>
File: ../../../barcodes/inventory/v00168.eps Graphic file (type eps)

<../../../barcodes/inventory/v00168.eps>
File: ../../../barcodes/inventory/v00169.eps Graphic file (type eps)

<../../../barcodes/inventory/v00169.eps>
File: ../../../barcodes/inventory/v00170.eps Graphic file (type eps)

<../../../barcodes/inventory/v00170.eps>
File: ../../../barcodes/inventory/v00171.eps Graphic file (type eps)

<../../../barcodes/inventory/v00171.eps>
File: ../../../barcodes/inventory/v00172.eps Graphic file (type eps)

<../../../barcodes/inventory/v00172.eps>
File: ../../../barcodes/inventory/v00173.eps Graphic file (type eps)

<../../../barcodes/inventory/v00173.eps>
File: ../../../barcodes/inventory/v00174.eps Graphic file (type eps)

<../../../barcodes/inventory/v00174.eps>
File: ../../../barcodes/inventory/v00175.eps Graphic file (type eps)

<../../../barcodes/inventory/v00175.eps>
File: ../../../barcodes/inventory/v00176.eps Graphic file (type eps)

<../../../barcodes/inventory/v00176.eps>
File: ../../../barcodes/inventory/v00177.eps Graphic file (type eps)

<../../../barcodes/inventory/v00177.eps>
File: ../../../barcodes/inventory/v00178.eps Graphic file (type eps)

<../../../barcodes/inventory/v00178.eps>
File: ../../../barcodes/inventory/v00179.eps Graphic file (type eps)

<../../../barcodes/inventory/v00179.eps>
File: ../../../barcodes/inventory/v00180.eps Graphic file (type eps)

<../../../barcodes/inventory/v00180.eps>
Overfull \hbox (17.62177pt too wide) in paragraph at lines 234--235
[][] 
 []

[6]
File: ../../../barcodes/inventory/v00181.eps Graphic file (type eps)
 <../../../barcodes/inventory/v00181.eps>
File: ../../../barcodes/inventory/v00182.eps Graphic file (type eps)

<../../../barcodes/inventory/v00182.eps>
File: ../../../barcodes/inventory/v00183.eps Graphic file (type eps)

<../../../barcodes/inventory/v00183.eps>
File: ../../../barcodes/inventory/v00184.eps Graphic file (type eps)

<../../../barcodes/inventory/v00184.eps>
File: ../../../barcodes/inventory/v00185.eps Graphic file (type eps)

<../../../barcodes/inventory/v00185.eps>
File: ../../../barcodes/inventory/v00186.eps Graphic file (type eps)

<../../../barcodes/inventory/v00186.eps>
File: ../../../barcodes/inventory/v00187.eps Graphic file (type eps)

<../../../barcodes/inventory/v00187.eps>
File: ../../../barcodes/inventory/v00188.eps Graphic file (type eps)

<../../../barcodes/inventory/v00188.eps>
File: ../../../barcodes/inventory/v00189.eps Graphic file (type eps)

<../../../barcodes/inventory/v00189.eps>
File: ../../../barcodes/inventory/v00190.eps Graphic file (type eps)

<../../../barcodes/inventory/v00190.eps>
File: ../../../barcodes/inventory/v00191.eps Graphic file (type eps)

<../../../barcodes/inventory/v00191.eps>
File: ../../../barcodes/inventory/v00192.eps Graphic file (type eps)

<../../../barcodes/inventory/v00192.eps>
File: ../../../barcodes/inventory/v00193.eps Graphic file (type eps)

<../../../barcodes/inventory/v00193.eps>
File: ../../../barcodes/inventory/v00194.eps Graphic file (type eps)

<../../../barcodes/inventory/v00194.eps>
File: ../../../barcodes/inventory/v00195.eps Graphic file (type eps)

<../../../barcodes/inventory/v00195.eps>
File: ../../../barcodes/inventory/v00196.eps Graphic file (type eps)

<../../../barcodes/inventory/v00196.eps>
File: ../../../barcodes/inventory/v00197.eps Graphic file (type eps)

<../../../barcodes/inventory/v00197.eps>
File: ../../../barcodes/inventory/v00198.eps Graphic file (type eps)

<../../../barcodes/inventory/v00198.eps>
File: ../../../barcodes/inventory/v00199.eps Graphic file (type eps)

<../../../barcodes/inventory/v00199.eps>
File: ../../../barcodes/inventory/v00200.eps Graphic file (type eps)

<../../../barcodes/inventory/v00200.eps>
File: ../../../barcodes/inventory/v00201.eps Graphic file (type eps)

<../../../barcodes/inventory/v00201.eps>
File: ../../../barcodes/inventory/v00202.eps Graphic file (type eps)

<../../../barcodes/inventory/v00202.eps>
File: ../../../barcodes/inventory/v00203.eps Graphic file (type eps)

<../../../barcodes/inventory/v00203.eps>
File: ../../../barcodes/inventory/v00204.eps Graphic file (type eps)

<../../../barcodes/inventory/v00204.eps>
File: ../../../barcodes/inventory/v00205.eps Graphic file (type eps)

<../../../barcodes/inventory/v00205.eps>
File: ../../../barcodes/inventory/v00206.eps Graphic file (type eps)

<../../../barcodes/inventory/v00206.eps>
File: ../../../barcodes/inventory/v00207.eps Graphic file (type eps)

<../../../barcodes/inventory/v00207.eps>
File: ../../../barcodes/inventory/v00208.eps Graphic file (type eps)

<../../../barcodes/inventory/v00208.eps>
File: ../../../barcodes/inventory/v00209.eps Graphic file (type eps)

<../../../barcodes/inventory/v00209.eps>
File: ../../../barcodes/inventory/v00210.eps Graphic file (type eps)

<../../../barcodes/inventory/v00210.eps>
Overfull \hbox (17.62177pt too wide) in paragraph at lines 272--273
[][] 
 []

[7]
File: ../../../barcodes/inventory/v00211.eps Graphic file (type eps)
 <../../../barcodes/inventory/v00211.eps>
File: ../../../barcodes/inventory/v00212.eps Graphic file (type eps)

<../../../barcodes/inventory/v00212.eps>
File: ../../../barcodes/inventory/v00213.eps Graphic file (type eps)

<../../../barcodes/inventory/v00213.eps>
File: ../../../barcodes/inventory/v00214.eps Graphic file (type eps)

<../../../barcodes/inventory/v00214.eps>
File: ../../../barcodes/inventory/v00215.eps Graphic file (type eps)

<../../../barcodes/inventory/v00215.eps>
File: ../../../barcodes/inventory/v00216.eps Graphic file (type eps)

<../../../barcodes/inventory/v00216.eps>
File: ../../../barcodes/inventory/v00217.eps Graphic file (type eps)

<../../../barcodes/inventory/v00217.eps>
File: ../../../barcodes/inventory/v00218.eps Graphic file (type eps)

<../../../barcodes/inventory/v00218.eps>
File: ../../../barcodes/inventory/v00219.eps Graphic file (type eps)

<../../../barcodes/inventory/v00219.eps>
File: ../../../barcodes/inventory/v00220.eps Graphic file (type eps)

<../../../barcodes/inventory/v00220.eps>
File: ../../../barcodes/inventory/v00221.eps Graphic file (type eps)

<../../../barcodes/inventory/v00221.eps>
File: ../../../barcodes/inventory/v00222.eps Graphic file (type eps)

<../../../barcodes/inventory/v00222.eps>
File: ../../../barcodes/inventory/v00223.eps Graphic file (type eps)

<../../../barcodes/inventory/v00223.eps>
File: ../../../barcodes/inventory/v00224.eps Graphic file (type eps)

<../../../barcodes/inventory/v00224.eps>
File: ../../../barcodes/inventory/v00225.eps Graphic file (type eps)

<../../../barcodes/inventory/v00225.eps>
File: ../../../barcodes/inventory/v00226.eps Graphic file (type eps)

<../../../barcodes/inventory/v00226.eps>
File: ../../../barcodes/inventory/v00227.eps Graphic file (type eps)

<../../../barcodes/inventory/v00227.eps>
File: ../../../barcodes/inventory/v00228.eps Graphic file (type eps)

<../../../barcodes/inventory/v00228.eps>
File: ../../../barcodes/inventory/v00229.eps Graphic file (type eps)

<../../../barcodes/inventory/v00229.eps>
File: ../../../barcodes/inventory/v00230.eps Graphic file (type eps)

<../../../barcodes/inventory/v00230.eps>
File: ../../../barcodes/inventory/v00231.eps Graphic file (type eps)

<../../../barcodes/inventory/v00231.eps>
File: ../../../barcodes/inventory/v00232.eps Graphic file (type eps)

<../../../barcodes/inventory/v00232.eps>
File: ../../../barcodes/inventory/v00233.eps Graphic file (type eps)

<../../../barcodes/inventory/v00233.eps>
File: ../../../barcodes/inventory/v00234.eps Graphic file (type eps)

<../../../barcodes/inventory/v00234.eps>
File: ../../../barcodes/inventory/v00235.eps Graphic file (type eps)

<../../../barcodes/inventory/v00235.eps>
File: ../../../barcodes/inventory/v00236.eps Graphic file (type eps)

<../../../barcodes/inventory/v00236.eps>
File: ../../../barcodes/inventory/v00237.eps Graphic file (type eps)

<../../../barcodes/inventory/v00237.eps>
File: ../../../barcodes/inventory/v00238.eps Graphic file (type eps)

<../../../barcodes/inventory/v00238.eps>
File: ../../../barcodes/inventory/v00239.eps Graphic file (type eps)

<../../../barcodes/inventory/v00239.eps>
File: ../../../barcodes/inventory/v00240.eps Graphic file (type eps)

<../../../barcodes/inventory/v00240.eps>
Overfull \hbox (17.62177pt too wide) in paragraph at lines 310--311
[][] 
 []

[8]
File: ../../../barcodes/inventory/v00241.eps Graphic file (type eps)
 <../../../barcodes/inventory/v00241.eps>
File: ../../../barcodes/inventory/v00242.eps Graphic file (type eps)

<../../../barcodes/inventory/v00242.eps>
File: ../../../barcodes/inventory/v00243.eps Graphic file (type eps)

<../../../barcodes/inventory/v00243.eps>
File: ../../../barcodes/inventory/v00244.eps Graphic file (type eps)

<../../../barcodes/inventory/v00244.eps>
File: ../../../barcodes/inventory/v00245.eps Graphic file (type eps)

<../../../barcodes/inventory/v00245.eps>
File: ../../../barcodes/inventory/v00246.eps Graphic file (type eps)

<../../../barcodes/inventory/v00246.eps>
File: ../../../barcodes/inventory/v00247.eps Graphic file (type eps)

<../../../barcodes/inventory/v00247.eps>
File: ../../../barcodes/inventory/v00248.eps Graphic file (type eps)

<../../../barcodes/inventory/v00248.eps>
File: ../../../barcodes/inventory/v00249.eps Graphic file (type eps)

<../../../barcodes/inventory/v00249.eps>
File: ../../../barcodes/inventory/v00250.eps Graphic file (type eps)

<../../../barcodes/inventory/v00250.eps>
File: ../../../barcodes/inventory/v00251.eps Graphic file (type eps)

<../../../barcodes/inventory/v00251.eps>
File: ../../../barcodes/inventory/v00252.eps Graphic file (type eps)

<../../../barcodes/inventory/v00252.eps>
File: ../../../barcodes/inventory/v00253.eps Graphic file (type eps)

<../../../barcodes/inventory/v00253.eps>
File: ../../../barcodes/inventory/v00254.eps Graphic file (type eps)

<../../../barcodes/inventory/v00254.eps>
File: ../../../barcodes/inventory/v00255.eps Graphic file (type eps)

<../../../barcodes/inventory/v00255.eps>
File: ../../../barcodes/inventory/v00256.eps Graphic file (type eps)

<../../../barcodes/inventory/v00256.eps>
File: ../../../barcodes/inventory/v00257.eps Graphic file (type eps)

<../../../barcodes/inventory/v00257.eps>
File: ../../../barcodes/inventory/v00258.eps Graphic file (type eps)

<../../../barcodes/inventory/v00258.eps>
File: ../../../barcodes/inventory/v00259.eps Graphic file (type eps)

<../../../barcodes/inventory/v00259.eps>
File: ../../../barcodes/inventory/v00260.eps Graphic file (type eps)

<../../../barcodes/inventory/v00260.eps>
File: ../../../barcodes/inventory/v00261.eps Graphic file (type eps)

<../../../barcodes/inventory/v00261.eps>
File: ../../../barcodes/inventory/v00262.eps Graphic file (type eps)

<../../../barcodes/inventory/v00262.eps>
File: ../../../barcodes/inventory/v00263.eps Graphic file (type eps)

<../../../barcodes/inventory/v00263.eps>
File: ../../../barcodes/inventory/v00264.eps Graphic file (type eps)

<../../../barcodes/inventory/v00264.eps>
File: ../../../barcodes/inventory/v00265.eps Graphic file (type eps)

<../../../barcodes/inventory/v00265.eps>
File: ../../../barcodes/inventory/v00266.eps Graphic file (type eps)

<../../../barcodes/inventory/v00266.eps>
File: ../../../barcodes/inventory/v00267.eps Graphic file (type eps)

<../../../barcodes/inventory/v00267.eps>
File: ../../../barcodes/inventory/v00268.eps Graphic file (type eps)

<../../../barcodes/inventory/v00268.eps>
File: ../../../barcodes/inventory/v00269.eps Graphic file (type eps)

<../../../barcodes/inventory/v00269.eps>
File: ../../../barcodes/inventory/v00270.eps Graphic file (type eps)

<../../../barcodes/inventory/v00270.eps>
Overfull \hbox (17.62177pt too wide) in paragraph at lines 348--349
[][] 
 []

[9]
File: ../../../barcodes/inventory/v00271.eps Graphic file (type eps)
 <../../../barcodes/inventory/v00271.eps>
File: ../../../barcodes/inventory/v00272.eps Graphic file (type eps)

<../../../barcodes/inventory/v00272.eps>
File: ../../../barcodes/inventory/v00273.eps Graphic file (type eps)

<../../../barcodes/inventory/v00273.eps>
File: ../../../barcodes/inventory/v00274.eps Graphic file (type eps)

<../../../barcodes/inventory/v00274.eps>
File: ../../../barcodes/inventory/v00275.eps Graphic file (type eps)

<../../../barcodes/inventory/v00275.eps>
File: ../../../barcodes/inventory/v00276.eps Graphic file (type eps)

<../../../barcodes/inventory/v00276.eps>
File: ../../../barcodes/inventory/v00277.eps Graphic file (type eps)

<../../../barcodes/inventory/v00277.eps>
File: ../../../barcodes/inventory/v00278.eps Graphic file (type eps)

<../../../barcodes/inventory/v00278.eps>
File: ../../../barcodes/inventory/v00279.eps Graphic file (type eps)

<../../../barcodes/inventory/v00279.eps>
File: ../../../barcodes/inventory/v00280.eps Graphic file (type eps)

<../../../barcodes/inventory/v00280.eps>
File: ../../../barcodes/inventory/v00281.eps Graphic file (type eps)

<../../../barcodes/inventory/v00281.eps>
File: ../../../barcodes/inventory/v00282.eps Graphic file (type eps)

<../../../barcodes/inventory/v00282.eps>
File: ../../../barcodes/inventory/v00283.eps Graphic file (type eps)

<../../../barcodes/inventory/v00283.eps>
File: ../../../barcodes/inventory/v00284.eps Graphic file (type eps)

<../../../barcodes/inventory/v00284.eps>
File: ../../../barcodes/inventory/v00285.eps Graphic file (type eps)

<../../../barcodes/inventory/v00285.eps>
File: ../../../barcodes/inventory/v00286.eps Graphic file (type eps)

<../../../barcodes/inventory/v00286.eps>
File: ../../../barcodes/inventory/v00287.eps Graphic file (type eps)

<../../../barcodes/inventory/v00287.eps>
File: ../../../barcodes/inventory/v00288.eps Graphic file (type eps)

<../../../barcodes/inventory/v00288.eps>
File: ../../../barcodes/inventory/v00289.eps Graphic file (type eps)

<../../../barcodes/inventory/v00289.eps>
File: ../../../barcodes/inventory/v00290.eps Graphic file (type eps)

<../../../barcodes/inventory/v00290.eps>
File: ../../../barcodes/inventory/v00291.eps Graphic file (type eps)

<../../../barcodes/inventory/v00291.eps>
File: ../../../barcodes/inventory/v00292.eps Graphic file (type eps)

<../../../barcodes/inventory/v00292.eps>
File: ../../../barcodes/inventory/v00293.eps Graphic file (type eps)

<../../../barcodes/inventory/v00293.eps>
File: ../../../barcodes/inventory/v00294.eps Graphic file (type eps)

<../../../barcodes/inventory/v00294.eps>
File: ../../../barcodes/inventory/v00295.eps Graphic file (type eps)

<../../../barcodes/inventory/v00295.eps>
File: ../../../barcodes/inventory/v00296.eps Graphic file (type eps)

<../../../barcodes/inventory/v00296.eps>
File: ../../../barcodes/inventory/v00297.eps Graphic file (type eps)

<../../../barcodes/inventory/v00297.eps>
File: ../../../barcodes/inventory/v00298.eps Graphic file (type eps)

<../../../barcodes/inventory/v00298.eps>
File: ../../../barcodes/inventory/v00299.eps Graphic file (type eps)

<../../../barcodes/inventory/v00299.eps>
File: ../../../barcodes/inventory/v00300.eps Graphic file (type eps)

<../../../barcodes/inventory/v00300.eps>
Overfull \hbox (17.62177pt too wide) in paragraph at lines 386--387
[][] 
 []

[10]
File: ../../../barcodes/inventory/v00301.eps Graphic file (type eps)
 <../../../barcodes/inventory/v00301.eps>
File: ../../../barcodes/inventory/v00302.eps Graphic file (type eps)

<../../../barcodes/inventory/v00302.eps>
File: ../../../barcodes/inventory/v00303.eps Graphic file (type eps)

<../../../barcodes/inventory/v00303.eps>
File: ../../../barcodes/inventory/v00304.eps Graphic file (type eps)

<../../../barcodes/inventory/v00304.eps>
File: ../../../barcodes/inventory/v00305.eps Graphic file (type eps)

<../../../barcodes/inventory/v00305.eps>
File: ../../../barcodes/inventory/v00306.eps Graphic file (type eps)

<../../../barcodes/inventory/v00306.eps>
File: ../../../barcodes/inventory/v00307.eps Graphic file (type eps)

<../../../barcodes/inventory/v00307.eps>
File: ../../../barcodes/inventory/v00308.eps Graphic file (type eps)

<../../../barcodes/inventory/v00308.eps>
File: ../../../barcodes/inventory/v00309.eps Graphic file (type eps)

<../../../barcodes/inventory/v00309.eps>
File: ../../../barcodes/inventory/v00310.eps Graphic file (type eps)

<../../../barcodes/inventory/v00310.eps>
File: ../../../barcodes/inventory/v00311.eps Graphic file (type eps)

<../../../barcodes/inventory/v00311.eps>
File: ../../../barcodes/inventory/v00312.eps Graphic file (type eps)

<../../../barcodes/inventory/v00312.eps>
File: ../../../barcodes/inventory/v00313.eps Graphic file (type eps)

<../../../barcodes/inventory/v00313.eps>
File: ../../../barcodes/inventory/v00314.eps Graphic file (type eps)

<../../../barcodes/inventory/v00314.eps>
File: ../../../barcodes/inventory/v00315.eps Graphic file (type eps)

<../../../barcodes/inventory/v00315.eps>
File: ../../../barcodes/inventory/v00316.eps Graphic file (type eps)

<../../../barcodes/inventory/v00316.eps>
File: ../../../barcodes/inventory/v00317.eps Graphic file (type eps)

<../../../barcodes/inventory/v00317.eps>
File: ../../../barcodes/inventory/v00318.eps Graphic file (type eps)

<../../../barcodes/inventory/v00318.eps>
File: ../../../barcodes/inventory/v00319.eps Graphic file (type eps)

<../../../barcodes/inventory/v00319.eps>
File: ../../../barcodes/inventory/v00320.eps Graphic file (type eps)

<../../../barcodes/inventory/v00320.eps>
File: ../../../barcodes/inventory/v00321.eps Graphic file (type eps)

<../../../barcodes/inventory/v00321.eps>
File: ../../../barcodes/inventory/v00322.eps Graphic file (type eps)

<../../../barcodes/inventory/v00322.eps>
File: ../../../barcodes/inventory/v00323.eps Graphic file (type eps)

<../../../barcodes/inventory/v00323.eps>
File: ../../../barcodes/inventory/v00324.eps Graphic file (type eps)

<../../../barcodes/inventory/v00324.eps>
File: ../../../barcodes/inventory/v00325.eps Graphic file (type eps)

<../../../barcodes/inventory/v00325.eps>
File: ../../../barcodes/inventory/v00326.eps Graphic file (type eps)

<../../../barcodes/inventory/v00326.eps>
File: ../../../barcodes/inventory/v00327.eps Graphic file (type eps)

<../../../barcodes/inventory/v00327.eps>
File: ../../../barcodes/inventory/v00328.eps Graphic file (type eps)

<../../../barcodes/inventory/v00328.eps>
File: ../../../barcodes/inventory/v00329.eps Graphic file (type eps)

<../../../barcodes/inventory/v00329.eps>
File: ../../../barcodes/inventory/v00330.eps Graphic file (type eps)

<../../../barcodes/inventory/v00330.eps>
Overfull \hbox (17.62177pt too wide) in paragraph at lines 424--425
[][] 
 []

[11]
File: ../../../barcodes/inventory/v00331.eps Graphic file (type eps)
 <../../../barcodes/inventory/v00331.eps>
File: ../../../barcodes/inventory/v00332.eps Graphic file (type eps)

<../../../barcodes/inventory/v00332.eps>
File: ../../../barcodes/inventory/v00333.eps Graphic file (type eps)

<../../../barcodes/inventory/v00333.eps>
File: ../../../barcodes/inventory/v00334.eps Graphic file (type eps)

<../../../barcodes/inventory/v00334.eps>
File: ../../../barcodes/inventory/v00335.eps Graphic file (type eps)

<../../../barcodes/inventory/v00335.eps>
File: ../../../barcodes/inventory/v00336.eps Graphic file (type eps)

<../../../barcodes/inventory/v00336.eps>
File: ../../../barcodes/inventory/v00337.eps Graphic file (type eps)

<../../../barcodes/inventory/v00337.eps>
File: ../../../barcodes/inventory/v00338.eps Graphic file (type eps)

<../../../barcodes/inventory/v00338.eps>
File: ../../../barcodes/inventory/v00339.eps Graphic file (type eps)

<../../../barcodes/inventory/v00339.eps>
File: ../../../barcodes/inventory/v00340.eps Graphic file (type eps)

<../../../barcodes/inventory/v00340.eps>
File: ../../../barcodes/inventory/v00341.eps Graphic file (type eps)

<../../../barcodes/inventory/v00341.eps>
File: ../../../barcodes/inventory/v00342.eps Graphic file (type eps)

<../../../barcodes/inventory/v00342.eps>
File: ../../../barcodes/inventory/v00343.eps Graphic file (type eps)

<../../../barcodes/inventory/v00343.eps>
File: ../../../barcodes/inventory/v00344.eps Graphic file (type eps)

<../../../barcodes/inventory/v00344.eps>
File: ../../../barcodes/inventory/v00345.eps Graphic file (type eps)

<../../../barcodes/inventory/v00345.eps>
File: ../../../barcodes/inventory/v00346.eps Graphic file (type eps)

<../../../barcodes/inventory/v00346.eps>
File: ../../../barcodes/inventory/v00347.eps Graphic file (type eps)

<../../../barcodes/inventory/v00347.eps>
File: ../../../barcodes/inventory/v00348.eps Graphic file (type eps)

<../../../barcodes/inventory/v00348.eps>
File: ../../../barcodes/inventory/v00349.eps Graphic file (type eps)

<../../../barcodes/inventory/v00349.eps>
File: ../../../barcodes/inventory/v00350.eps Graphic file (type eps)

<../../../barcodes/inventory/v00350.eps>
File: ../../../barcodes/inventory/v00351.eps Graphic file (type eps)

<../../../barcodes/inventory/v00351.eps>
File: ../../../barcodes/inventory/v00352.eps Graphic file (type eps)

<../../../barcodes/inventory/v00352.eps>
File: ../../../barcodes/inventory/v00353.eps Graphic file (type eps)

<../../../barcodes/inventory/v00353.eps>
File: ../../../barcodes/inventory/v00354.eps Graphic file (type eps)

<../../../barcodes/inventory/v00354.eps>
File: ../../../barcodes/inventory/v00355.eps Graphic file (type eps)

<../../../barcodes/inventory/v00355.eps>
File: ../../../barcodes/inventory/v00356.eps Graphic file (type eps)

<../../../barcodes/inventory/v00356.eps>
File: ../../../barcodes/inventory/v00357.eps Graphic file (type eps)

<../../../barcodes/inventory/v00357.eps>
File: ../../../barcodes/inventory/v00358.eps Graphic file (type eps)

<../../../barcodes/inventory/v00358.eps>
File: ../../../barcodes/inventory/v00359.eps Graphic file (type eps)

<../../../barcodes/inventory/v00359.eps>
File: ../../../barcodes/inventory/v00360.eps Graphic file (type eps)

<../../../barcodes/inventory/v00360.eps>
Overfull \hbox (17.62177pt too wide) in paragraph at lines 462--463
[][] 
 []

[12]
File: ../../../barcodes/inventory/v00361.eps Graphic file (type eps)
 <../../../barcodes/inventory/v00361.eps>
File: ../../../barcodes/inventory/v00362.eps Graphic file (type eps)

<../../../barcodes/inventory/v00362.eps>
File: ../../../barcodes/inventory/v00363.eps Graphic file (type eps)

<../../../barcodes/inventory/v00363.eps>
File: ../../../barcodes/inventory/v00364.eps Graphic file (type eps)

<../../../barcodes/inventory/v00364.eps>
File: ../../../barcodes/inventory/v00365.eps Graphic file (type eps)

<../../../barcodes/inventory/v00365.eps>
File: ../../../barcodes/inventory/v00366.eps Graphic file (type eps)

<../../../barcodes/inventory/v00366.eps>
File: ../../../barcodes/inventory/v00367.eps Graphic file (type eps)

<../../../barcodes/inventory/v00367.eps>
File: ../../../barcodes/inventory/v00368.eps Graphic file (type eps)

<../../../barcodes/inventory/v00368.eps>
File: ../../../barcodes/inventory/v00369.eps Graphic file (type eps)

<../../../barcodes/inventory/v00369.eps>
File: ../../../barcodes/inventory/v00370.eps Graphic file (type eps)

<../../../barcodes/inventory/v00370.eps>
File: ../../../barcodes/inventory/v00371.eps Graphic file (type eps)

<../../../barcodes/inventory/v00371.eps>
File: ../../../barcodes/inventory/v00372.eps Graphic file (type eps)

<../../../barcodes/inventory/v00372.eps>
File: ../../../barcodes/inventory/v00373.eps Graphic file (type eps)

<../../../barcodes/inventory/v00373.eps>
File: ../../../barcodes/inventory/v00374.eps Graphic file (type eps)

<../../../barcodes/inventory/v00374.eps>
File: ../../../barcodes/inventory/v00375.eps Graphic file (type eps)

<../../../barcodes/inventory/v00375.eps>
File: ../../../barcodes/inventory/v00376.eps Graphic file (type eps)

<../../../barcodes/inventory/v00376.eps>
File: ../../../barcodes/inventory/v00377.eps Graphic file (type eps)

<../../../barcodes/inventory/v00377.eps>
File: ../../../barcodes/inventory/v00378.eps Graphic file (type eps)

<../../../barcodes/inventory/v00378.eps>
File: ../../../barcodes/inventory/v00379.eps Graphic file (type eps)

<../../../barcodes/inventory/v00379.eps>
File: ../../../barcodes/inventory/v00380.eps Graphic file (type eps)

<../../../barcodes/inventory/v00380.eps>
File: ../../../barcodes/inventory/v00381.eps Graphic file (type eps)

<../../../barcodes/inventory/v00381.eps>
File: ../../../barcodes/inventory/v00382.eps Graphic file (type eps)

<../../../barcodes/inventory/v00382.eps>
File: ../../../barcodes/inventory/v00383.eps Graphic file (type eps)

<../../../barcodes/inventory/v00383.eps>
File: ../../../barcodes/inventory/v00384.eps Graphic file (type eps)

<../../../barcodes/inventory/v00384.eps>
File: ../../../barcodes/inventory/v00385.eps Graphic file (type eps)

<../../../barcodes/inventory/v00385.eps>
File: ../../../barcodes/inventory/v00386.eps Graphic file (type eps)

<../../../barcodes/inventory/v00386.eps>
File: ../../../barcodes/inventory/v00387.eps Graphic file (type eps)

<../../../barcodes/inventory/v00387.eps>
File: ../../../barcodes/inventory/v00388.eps Graphic file (type eps)

<../../../barcodes/inventory/v00388.eps>
File: ../../../barcodes/inventory/v00389.eps Graphic file (type eps)

<../../../barcodes/inventory/v00389.eps>
File: ../../../barcodes/inventory/v00390.eps Graphic file (type eps)

<../../../barcodes/inventory/v00390.eps>
Overfull \hbox (17.62177pt too wide) in paragraph at lines 500--501
[][] 
 []

[13]
File: ../../../barcodes/inventory/v00391.eps Graphic file (type eps)
 <../../../barcodes/inventory/v00391.eps>
File: ../../../barcodes/inventory/v00392.eps Graphic file (type eps)

<../../../barcodes/inventory/v00392.eps>
File: ../../../barcodes/inventory/v00393.eps Graphic file (type eps)

<../../../barcodes/inventory/v00393.eps>
File: ../../../barcodes/inventory/v00394.eps Graphic file (type eps)

<../../../barcodes/inventory/v00394.eps>
File: ../../../barcodes/inventory/v00395.eps Graphic file (type eps)

<../../../barcodes/inventory/v00395.eps>
File: ../../../barcodes/inventory/v00396.eps Graphic file (type eps)

<../../../barcodes/inventory/v00396.eps>
File: ../../../barcodes/inventory/v00397.eps Graphic file (type eps)

<../../../barcodes/inventory/v00397.eps>
File: ../../../barcodes/inventory/v00398.eps Graphic file (type eps)

<../../../barcodes/inventory/v00398.eps>
File: ../../../barcodes/inventory/v00399.eps Graphic file (type eps)

<../../../barcodes/inventory/v00399.eps>
File: ../../../barcodes/inventory/v00400.eps Graphic file (type eps)

<../../../barcodes/inventory/v00400.eps>
File: ../../../barcodes/inventory/v00401.eps Graphic file (type eps)

<../../../barcodes/inventory/v00401.eps>
File: ../../../barcodes/inventory/v00402.eps Graphic file (type eps)

<../../../barcodes/inventory/v00402.eps>
File: ../../../barcodes/inventory/v00403.eps Graphic file (type eps)

<../../../barcodes/inventory/v00403.eps>
File: ../../../barcodes/inventory/v00404.eps Graphic file (type eps)

<../../../barcodes/inventory/v00404.eps>
File: ../../../barcodes/inventory/v00405.eps Graphic file (type eps)

<../../../barcodes/inventory/v00405.eps>
File: ../../../barcodes/inventory/v00406.eps Graphic file (type eps)

<../../../barcodes/inventory/v00406.eps>
File: ../../../barcodes/inventory/v00407.eps Graphic file (type eps)

<../../../barcodes/inventory/v00407.eps>
File: ../../../barcodes/inventory/v00408.eps Graphic file (type eps)

<../../../barcodes/inventory/v00408.eps>
File: ../../../barcodes/inventory/v00409.eps Graphic file (type eps)

<../../../barcodes/inventory/v00409.eps>
File: ../../../barcodes/inventory/v00410.eps Graphic file (type eps)

<../../../barcodes/inventory/v00410.eps>
File: ../../../barcodes/inventory/v00411.eps Graphic file (type eps)

<../../../barcodes/inventory/v00411.eps>
File: ../../../barcodes/inventory/v00412.eps Graphic file (type eps)

<../../../barcodes/inventory/v00412.eps>
File: ../../../barcodes/inventory/v00413.eps Graphic file (type eps)

<../../../barcodes/inventory/v00413.eps>
File: ../../../barcodes/inventory/v00414.eps Graphic file (type eps)

<../../../barcodes/inventory/v00414.eps>
File: ../../../barcodes/inventory/v00415.eps Graphic file (type eps)

<../../../barcodes/inventory/v00415.eps>
File: ../../../barcodes/inventory/v00416.eps Graphic file (type eps)

<../../../barcodes/inventory/v00416.eps>
File: ../../../barcodes/inventory/v00417.eps Graphic file (type eps)

<../../../barcodes/inventory/v00417.eps>
File: ../../../barcodes/inventory/v00418.eps Graphic file (type eps)

<../../../barcodes/inventory/v00418.eps>
File: ../../../barcodes/inventory/v00419.eps Graphic file (type eps)

<../../../barcodes/inventory/v00419.eps>
File: ../../../barcodes/inventory/v00420.eps Graphic file (type eps)

<../../../barcodes/inventory/v00420.eps>
Overfull \hbox (17.62177pt too wide) in paragraph at lines 538--539
[][] 
 []

[14]
File: ../../../barcodes/inventory/v00421.eps Graphic file (type eps)
 <../../../barcodes/inventory/v00421.eps>
File: ../../../barcodes/inventory/v00422.eps Graphic file (type eps)

<../../../barcodes/inventory/v00422.eps>
File: ../../../barcodes/inventory/v00423.eps Graphic file (type eps)

<../../../barcodes/inventory/v00423.eps>
File: ../../../barcodes/inventory/v00424.eps Graphic file (type eps)

<../../../barcodes/inventory/v00424.eps>
File: ../../../barcodes/inventory/v00425.eps Graphic file (type eps)

<../../../barcodes/inventory/v00425.eps>
File: ../../../barcodes/inventory/v00426.eps Graphic file (type eps)

<../../../barcodes/inventory/v00426.eps>
File: ../../../barcodes/inventory/v00427.eps Graphic file (type eps)

<../../../barcodes/inventory/v00427.eps>
File: ../../../barcodes/inventory/v00428.eps Graphic file (type eps)

<../../../barcodes/inventory/v00428.eps>
File: ../../../barcodes/inventory/v00429.eps Graphic file (type eps)

<../../../barcodes/inventory/v00429.eps>
File: ../../../barcodes/inventory/v00430.eps Graphic file (type eps)

<../../../barcodes/inventory/v00430.eps>
File: ../../../barcodes/inventory/v00431.eps Graphic file (type eps)

<../../../barcodes/inventory/v00431.eps>
File: ../../../barcodes/inventory/v00432.eps Graphic file (type eps)

<../../../barcodes/inventory/v00432.eps>
File: ../../../barcodes/inventory/v00433.eps Graphic file (type eps)

<../../../barcodes/inventory/v00433.eps>
File: ../../../barcodes/inventory/v00434.eps Graphic file (type eps)

<../../../barcodes/inventory/v00434.eps>
File: ../../../barcodes/inventory/v00435.eps Graphic file (type eps)

<../../../barcodes/inventory/v00435.eps>
File: ../../../barcodes/inventory/v00436.eps Graphic file (type eps)

<../../../barcodes/inventory/v00436.eps>
File: ../../../barcodes/inventory/v00437.eps Graphic file (type eps)

<../../../barcodes/inventory/v00437.eps>
File: ../../../barcodes/inventory/v00438.eps Graphic file (type eps)

<../../../barcodes/inventory/v00438.eps>
File: ../../../barcodes/inventory/v00439.eps Graphic file (type eps)

<../../../barcodes/inventory/v00439.eps>
File: ../../../barcodes/inventory/v00440.eps Graphic file (type eps)

<../../../barcodes/inventory/v00440.eps>
File: ../../../barcodes/inventory/v00441.eps Graphic file (type eps)

<../../../barcodes/inventory/v00441.eps>
File: ../../../barcodes/inventory/v00442.eps Graphic file (type eps)

<../../../barcodes/inventory/v00442.eps>
File: ../../../barcodes/inventory/v00443.eps Graphic file (type eps)

<../../../barcodes/inventory/v00443.eps>
File: ../../../barcodes/inventory/v00444.eps Graphic file (type eps)

<../../../barcodes/inventory/v00444.eps>
File: ../../../barcodes/inventory/v00445.eps Graphic file (type eps)

<../../../barcodes/inventory/v00445.eps>
File: ../../../barcodes/inventory/v00446.eps Graphic file (type eps)

<../../../barcodes/inventory/v00446.eps>
File: ../../../barcodes/inventory/v00447.eps Graphic file (type eps)

<../../../barcodes/inventory/v00447.eps>
File: ../../../barcodes/inventory/v00448.eps Graphic file (type eps)

<../../../barcodes/inventory/v00448.eps>
File: ../../../barcodes/inventory/v00449.eps Graphic file (type eps)

<../../../barcodes/inventory/v00449.eps>
File: ../../../barcodes/inventory/v00450.eps Graphic file (type eps)

<../../../barcodes/inventory/v00450.eps>
Overfull \hbox (17.62177pt too wide) in paragraph at lines 576--577
[][] 
 []

[15]
File: ../../../barcodes/inventory/v00451.eps Graphic file (type eps)
 <../../../barcodes/inventory/v00451.eps>
File: ../../../barcodes/inventory/v00452.eps Graphic file (type eps)

<../../../barcodes/inventory/v00452.eps>
File: ../../../barcodes/inventory/v00453.eps Graphic file (type eps)

<../../../barcodes/inventory/v00453.eps>
File: ../../../barcodes/inventory/v00454.eps Graphic file (type eps)

<../../../barcodes/inventory/v00454.eps>
File: ../../../barcodes/inventory/v00455.eps Graphic file (type eps)

<../../../barcodes/inventory/v00455.eps>
File: ../../../barcodes/inventory/v00456.eps Graphic file (type eps)

<../../../barcodes/inventory/v00456.eps>
File: ../../../barcodes/inventory/v00457.eps Graphic file (type eps)

<../../../barcodes/inventory/v00457.eps>
File: ../../../barcodes/inventory/v00458.eps Graphic file (type eps)

<../../../barcodes/inventory/v00458.eps>
File: ../../../barcodes/inventory/v00459.eps Graphic file (type eps)

<../../../barcodes/inventory/v00459.eps>
File: ../../../barcodes/inventory/v00460.eps Graphic file (type eps)

<../../../barcodes/inventory/v00460.eps>
File: ../../../barcodes/inventory/v00461.eps Graphic file (type eps)

<../../../barcodes/inventory/v00461.eps>
File: ../../../barcodes/inventory/v00462.eps Graphic file (type eps)

<../../../barcodes/inventory/v00462.eps>
File: ../../../barcodes/inventory/v00463.eps Graphic file (type eps)

<../../../barcodes/inventory/v00463.eps>
File: ../../../barcodes/inventory/v00464.eps Graphic file (type eps)

<../../../barcodes/inventory/v00464.eps>
File: ../../../barcodes/inventory/v00465.eps Graphic file (type eps)

<../../../barcodes/inventory/v00465.eps>
File: ../../../barcodes/inventory/v00466.eps Graphic file (type eps)

<../../../barcodes/inventory/v00466.eps>
File: ../../../barcodes/inventory/v00467.eps Graphic file (type eps)

<../../../barcodes/inventory/v00467.eps>
File: ../../../barcodes/inventory/v00468.eps Graphic file (type eps)

<../../../barcodes/inventory/v00468.eps>
File: ../../../barcodes/inventory/v00469.eps Graphic file (type eps)

<../../../barcodes/inventory/v00469.eps>
File: ../../../barcodes/inventory/v00470.eps Graphic file (type eps)

<../../../barcodes/inventory/v00470.eps>
File: ../../../barcodes/inventory/v00471.eps Graphic file (type eps)

<../../../barcodes/inventory/v00471.eps>
File: ../../../barcodes/inventory/v00472.eps Graphic file (type eps)

<../../../barcodes/inventory/v00472.eps>
File: ../../../barcodes/inventory/v00473.eps Graphic file (type eps)

<../../../barcodes/inventory/v00473.eps>
File: ../../../barcodes/inventory/v00474.eps Graphic file (type eps)

<../../../barcodes/inventory/v00474.eps>
File: ../../../barcodes/inventory/v00475.eps Graphic file (type eps)

<../../../barcodes/inventory/v00475.eps>
File: ../../../barcodes/inventory/v00476.eps Graphic file (type eps)

<../../../barcodes/inventory/v00476.eps>
File: ../../../barcodes/inventory/v00477.eps Graphic file (type eps)

<../../../barcodes/inventory/v00477.eps>
File: ../../../barcodes/inventory/v00478.eps Graphic file (type eps)

<../../../barcodes/inventory/v00478.eps>
File: ../../../barcodes/inventory/v00479.eps Graphic file (type eps)

<../../../barcodes/inventory/v00479.eps>
File: ../../../barcodes/inventory/v00480.eps Graphic file (type eps)

<../../../barcodes/inventory/v00480.eps>
Overfull \hbox (17.62177pt too wide) in paragraph at lines 614--615
[][] 
 []

[16]
File: ../../../barcodes/inventory/v00481.eps Graphic file (type eps)
 <../../../barcodes/inventory/v00481.eps>
File: ../../../barcodes/inventory/v00482.eps Graphic file (type eps)

<../../../barcodes/inventory/v00482.eps>
File: ../../../barcodes/inventory/v00483.eps Graphic file (type eps)

<../../../barcodes/inventory/v00483.eps>
File: ../../../barcodes/inventory/v00484.eps Graphic file (type eps)

<../../../barcodes/inventory/v00484.eps>
File: ../../../barcodes/inventory/v00485.eps Graphic file (type eps)

<../../../barcodes/inventory/v00485.eps>
File: ../../../barcodes/inventory/v00486.eps Graphic file (type eps)

<../../../barcodes/inventory/v00486.eps>
File: ../../../barcodes/inventory/v00487.eps Graphic file (type eps)

<../../../barcodes/inventory/v00487.eps>
File: ../../../barcodes/inventory/v00488.eps Graphic file (type eps)

<../../../barcodes/inventory/v00488.eps>
File: ../../../barcodes/inventory/v00489.eps Graphic file (type eps)

<../../../barcodes/inventory/v00489.eps>
File: ../../../barcodes/inventory/v00490.eps Graphic file (type eps)

<../../../barcodes/inventory/v00490.eps>
File: ../../../barcodes/inventory/v00491.eps Graphic file (type eps)

<../../../barcodes/inventory/v00491.eps>
File: ../../../barcodes/inventory/v00492.eps Graphic file (type eps)

<../../../barcodes/inventory/v00492.eps>
File: ../../../barcodes/inventory/v00493.eps Graphic file (type eps)

<../../../barcodes/inventory/v00493.eps>
File: ../../../barcodes/inventory/v00494.eps Graphic file (type eps)

<../../../barcodes/inventory/v00494.eps>
File: ../../../barcodes/inventory/v00495.eps Graphic file (type eps)

<../../../barcodes/inventory/v00495.eps>
File: ../../../barcodes/inventory/v00496.eps Graphic file (type eps)

<../../../barcodes/inventory/v00496.eps>
File: ../../../barcodes/inventory/v00497.eps Graphic file (type eps)

<../../../barcodes/inventory/v00497.eps>
File: ../../../barcodes/inventory/v00498.eps Graphic file (type eps)

<../../../barcodes/inventory/v00498.eps>
File: ../../../barcodes/inventory/v00499.eps Graphic file (type eps)

<../../../barcodes/inventory/v00499.eps>
File: ../../../barcodes/inventory/v00500.eps Graphic file (type eps)

<../../../barcodes/inventory/v00500.eps>
File: ../../../barcodes/inventory/v00501.eps Graphic file (type eps)

<../../../barcodes/inventory/v00501.eps>
File: ../../../barcodes/inventory/v00502.eps Graphic file (type eps)

<../../../barcodes/inventory/v00502.eps>
File: ../../../barcodes/inventory/v00503.eps Graphic file (type eps)

<../../../barcodes/inventory/v00503.eps>
File: ../../../barcodes/inventory/v00504.eps Graphic file (type eps)

<../../../barcodes/inventory/v00504.eps>
File: ../../../barcodes/inventory/v00505.eps Graphic file (type eps)

<../../../barcodes/inventory/v00505.eps>
File: ../../../barcodes/inventory/v00506.eps Graphic file (type eps)

<../../../barcodes/inventory/v00506.eps>
File: ../../../barcodes/inventory/v00507.eps Graphic file (type eps)

<../../../barcodes/inventory/v00507.eps>
File: ../../../barcodes/inventory/v00508.eps Graphic file (type eps)

<../../../barcodes/inventory/v00508.eps>
File: ../../../barcodes/inventory/v00509.eps Graphic file (type eps)

<../../../barcodes/inventory/v00509.eps>
File: ../../../barcodes/inventory/v00510.eps Graphic file (type eps)

<../../../barcodes/inventory/v00510.eps>
Overfull \hbox (17.62177pt too wide) in paragraph at lines 652--653
[][] 
 []

[17] (./sleeve_labels.aux) ) 
Here is how much of TeX's memory you used:
 2179 strings out of 493657
 38574 string characters out of 6152364
 78733 words of memory out of 5000000
 5201 multiletter control sequences out of 15000+600000
 3938 words of font info for 15 fonts, out of 8000000 for 9000
 783 hyphenation exceptions out of 8191
 27i,4n,20p,237b,200s stack positions out of 5000i,500n,10000p,200000b,80000s

Output written on sleeve_labels.dvi (17 pages, 146704 bytes).
