This is pdfTeX, Version 3.14159265-2.6-1.40.16 (TeX Live 2015) (preloaded format=pdflatex 2015.10.11)  13 OCT 2017 14:46
entering extended mode
 restricted \write18 enabled.
 %&-line parsing enabled.
**packing_plan
(./packing_plan.tex
LaTeX2e <2015/10/01> patch level 1
Babel <3.9m> and hyphenation patterns for 79 languages loaded.
(/usr/local/texlive/2015/texmf-dist/tex/latex/base/article.cls
Document Class: article 2014/09/29 v1.4h Standard LaTeX document class
(/usr/local/texlive/2015/texmf-dist/tex/latex/base/size11.clo
File: size11.clo 2014/09/29 v1.4h Standard LaTeX file (size option)
)
\c@part=\count79
\c@section=\count80
\c@subsection=\count81
\c@subsubsection=\count82
\c@paragraph=\count83
\c@subparagraph=\count84
\c@figure=\count85
\c@table=\count86
\abovecaptionskip=\skip41
\belowcaptionskip=\skip42
\bibindent=\dimen102
)
! Undefined control sequence.
l.6 \hypersetup
               {
? r
OK, entering \nonstopmode...

! LaTeX Error: Missing \begin{document}.

See the LaTeX manual or LaTeX Companion for explanation.
Type  H <return>  for immediate help.
 ...                                              
                                                  
l.7   p
       dfkeywords={},
You're in trouble here.  Try typing  <return>  to proceed.
If that doesn't work, type  X <return>  to quit.

No file packing_plan.aux.
\openout1 = `packing_plan.aux'.

LaTeX Font Info:    Checking defaults for OML/cmm/m/it on input line 10.
LaTeX Font Info:    ... okay on input line 10.
LaTeX Font Info:    Checking defaults for T1/cmr/m/n on input line 10.
LaTeX Font Info:    ... okay on input line 10.
LaTeX Font Info:    Checking defaults for OT1/cmr/m/n on input line 10.
LaTeX Font Info:    ... okay on input line 10.
LaTeX Font Info:    Checking defaults for OMS/cmsy/m/n on input line 10.
LaTeX Font Info:    ... okay on input line 10.
LaTeX Font Info:    Checking defaults for OMX/cmex/m/n on input line 10.
LaTeX Font Info:    ... okay on input line 10.
LaTeX Font Info:    Checking defaults for U/cmr/m/n on input line 10.
LaTeX Font Info:    ... okay on input line 10.

Overfull \hbox (2.86842pt too wide) in paragraph at lines 7--11
[]\OT1/cmr/m/n/10.95 pdfkeywords=, pdf-sub-ject=, pdfcre-ator=Emacs 25.2.1 (Org
 mode 8.2.10) 
 []

[1

{/usr/local/texlive/2015/texmf-var/fonts/map/pdftex/updmap/pdftex.map}]
LaTeX Font Info:    External font `cmex10' loaded for size
(Font)              <12> on input line 12.
LaTeX Font Info:    External font `cmex10' loaded for size
(Font)              <8> on input line 12.
LaTeX Font Info:    External font `cmex10' loaded for size
(Font)              <6> on input line 12.

No file packing_plan.toc.
\tf@toc=\write3
\openout3 = `packing_plan.toc'.

LaTeX Font Info:    External font `cmex10' loaded for size
(Font)              <10.95> on input line 15.
! Undefined control sequence.
l.15 \% this is 17r/planning/packing$_{\text
                                            {plan}}$.org
The control sequence at the end of the top line
of your error message was never \def'ed. If you have
misspelled it (e.g., `\hobx'), type `I' and the correct
spelling (e.g., `I\hbox'). Otherwise just continue,
and I'll forget about whatever was undefined.

! Undefined control sequence.
l.16 \% generated by ../maize/crops/merge$_{\text
                                                 {plan}}$$_{\text{data}}$.perl
The control sequence at the end of the top line
of your error message was never \def'ed. If you have
misspelled it (e.g., `\hobx'), type `I' and the correct
spelling (e.g., `I\hbox'). Otherwise just continue,
and I'll forget about whatever was undefined.

! Undefined control sequence.
l.16 .../maize/crops/merge$_{\text{plan}}$$_{\text
                                                  {data}}$.perl
The control sequence at the end of the top line
of your error message was never \def'ed. If you have
misspelled it (e.g., `\hobx'), type `I' and the correct
spelling (e.g., `I\hbox'). Otherwise just continue,
and I'll forget about whatever was undefined.

! Undefined control sequence.
l.20 \% are substituted into the packing$_{\text
                                                {plan}}$.pl data for 16r to ...
The control sequence at the end of the top line
of your error message was never \def'ed. If you have
misspelled it (e.g., `\hobx'), type `I' and the correct
spelling (e.g., `I\hbox'). Otherwise just continue,
and I'll forget about whatever was undefined.

! Undefined control sequence.
l.21 \% packing$_{\text
                       {plan}}$/10 facts that are in the previous sequence, ...
The control sequence at the end of the top line
of your error message was never \def'ed. If you have
misspelled it (e.g., `\hobx'), type `I' and the correct
spelling (e.g., `I\hbox'). Otherwise just continue,
and I'll forget about whatever was undefined.

! Undefined control sequence.
l.23 \% Wait until all packing$_{\text
                                      {plan}}$/10 facts are written, and in ...
The control sequence at the end of the top line
of your error message was never \def'ed. If you have
misspelled it (e.g., `\hobx'), type `I' and the correct
spelling (e.g., `I\hbox'). Otherwise just continue,
and I'll forget about whatever was undefined.


Overfull \hbox (73.80867pt too wide) in paragraph at lines 15--25
[]\OT1/cmr/m/n/10.95 % this is 17r/planning/packing$[]$.org % gen-er-ated by ..
/maize/crops/merge$[]$$[]$.perl
 []


LaTeX Font Warning: Font shape `OT1/cmr/bx/sc' undefined
(Font)              using `OT1/cmr/bx/n' instead on input line 31.

LaTeX Font Info:    Try loading font information for OMS+cmr on input line 48.
(/usr/local/texlive/2015/texmf-dist/tex/latex/base/omscmr.fd
File: omscmr.fd 2014/09/29 v2.5h Standard LaTeX font definitions
)
LaTeX Font Info:    Font shape `OMS/cmr/m/n' in size <10.95> not available
(Font)              Font shape `OMS/cmsy/m/n' tried instead on input line 48.
 [2]
! Undefined control sequence.
l.88 ...465:0004111','16R4465:0004111',num$_{\text
                                                  {kernels}}$(whole),avi,dat...
The control sequence at the end of the top line
of your error message was never \def'ed. If you have
misspelled it (e.g., `\hobx'), type `I' and the correct
spelling (e.g., `I\hbox'). Otherwise just continue,
and I'll forget about whatever was undefined.


Overfull \hbox (332.38791pt too wide) in paragraph at lines 87--89
\OT1/cmr/m/n/10.95 % Mo20W/les23 K1802 3rd selfed inventory('16R4465:0004111','
16R4465:0004111',num$[]$(whole),avi,date(20,05,2017),time(21,56,46),v00260). 
 []

! Undefined control sequence.
l.91 ...339:0006503','15R4339:0006503',num$_{\text
                                                  {kernels}}$(whole),linh,da...
The control sequence at the end of the top line
of your error message was never \def'ed. If you have
misspelled it (e.g., `\hobx'), type `I' and the correct
spelling (e.g., `I\hbox'). Otherwise just continue,
and I'll forget about whatever was undefined.


Overfull \hbox (327.1533pt too wide) in paragraph at lines 90--92
[]\OT1/cmr/m/n/10.95 % W23/les23 K1802 5th selfed inventory('15R4339:0006503','
15R4339:0006503',num$[]$(whole),linh,date(6,5,2016),time(11,34,29),v00250). 
 []

! Undefined control sequence.
l.94 ...340:0006601','15R4340:0006601',num$_{\text
                                                  {kernels}}$(whole),linh,da...
The control sequence at the end of the top line
of your error message was never \def'ed. If you have
misspelled it (e.g., `\hobx'), type `I' and the correct
spelling (e.g., `I\hbox'). Otherwise just continue,
and I'll forget about whatever was undefined.


Overfull \hbox (325.93665pt too wide) in paragraph at lines 93--95
[]\OT1/cmr/m/n/10.95 % M14/les23 K1802 4th selfed inventory('15R4340:0006601','
15R4340:0006601',num$[]$(whole),linh,date(6,5,2016),time(11,34,29),v00250). 
 []

! Undefined control sequence.
l.101 ...70:0006703','15R4370:0006703',num$_{\text
                                                  {kernels}}$(whole),linh,da...
The control sequence at the end of the top line
of your error message was never \def'ed. If you have
misspelled it (e.g., `\hobx'), type `I' and the correct
spelling (e.g., `I\hbox'). Otherwise just continue,
and I'll forget about whatever was undefined.


Overfull \hbox (342.69624pt too wide) in paragraph at lines 100--102
[]\OT1/cmr/m/n/10.95 % Mo20W/les23 K1804 3rd selfed inventory('15R4370:0006703'
,'15R4370:0006703',num$[]$(whole),linh,date(6,5,2016),time(11,34,29),v00250). 
 []

! Undefined control sequence.
l.104 ...41:0006805','15R4341:0006805',num$_{\text
                                                  {kernels}}$(whole),linh,da...
The control sequence at the end of the top line
of your error message was never \def'ed. If you have
misspelled it (e.g., `\hobx'), type `I' and the correct
spelling (e.g., `I\hbox'). Otherwise just continue,
and I'll forget about whatever was undefined.


Overfull \hbox (327.1533pt too wide) in paragraph at lines 103--105
[]\OT1/cmr/m/n/10.95 % W23/les23 K1804 4th selfed inventory('15R4341:0006805','
15R4341:0006805',num$[]$(whole),linh,date(6,5,2016),time(11,34,29),v00250). 
 []

! Undefined control sequence.
l.107 ...71:0006904','15R4371:0006904',num$_{\text
                                                  {kernels}}$(whole),linh,da...
The control sequence at the end of the top line
of your error message was never \def'ed. If you have
misspelled it (e.g., `\hobx'), type `I' and the correct
spelling (e.g., `I\hbox'). Otherwise just continue,
and I'll forget about whatever was undefined.


Overfull \hbox (325.96706pt too wide) in paragraph at lines 106--108
[]\OT1/cmr/m/n/10.95 % M14/les23 K1804 3rd selfed inventory('15R4371:0006904','
15R4371:0006904',num$[]$(whole),linh,date(6,5,2016),time(11,34,29),v00250). 
 []

! Undefined control sequence.
l.114 ...42:0007002','15R4342:0007002',num$_{\text
                                                  {kernels}}$(whole),linh,da...
The control sequence at the end of the top line
of your error message was never \def'ed. If you have
misspelled it (e.g., `\hobx'), type `I' and the correct
spelling (e.g., `I\hbox'). Otherwise just continue,
and I'll forget about whatever was undefined.


Overfull \hbox (342.69624pt too wide) in paragraph at lines 113--115
[]\OT1/cmr/m/n/10.95 % Mo20W/les23 K3514 3rd selfed inventory('15R4342:0007002'
,'15R4342:0007002',num$[]$(whole),linh,date(6,5,2016),time(11,34,29),v00250). 
 []

! Undefined control sequence.
l.117 ...43:0007101','15R4343:0007101',num$_{\text
                                                  {kernels}}$(whole),linh,da...
The control sequence at the end of the top line
of your error message was never \def'ed. If you have
misspelled it (e.g., `\hobx'), type `I' and the correct
spelling (e.g., `I\hbox'). Otherwise just continue,
and I'll forget about whatever was undefined.


Overfull \hbox (327.1533pt too wide) in paragraph at lines 116--118
[]\OT1/cmr/m/n/10.95 % W23/les23 K3514 4th selfed inventory('15R4343:0007101','
15R4343:0007101',num$[]$(whole),linh,date(6,5,2016),time(11,34,29),v00251). 
 []

! Undefined control sequence.
l.120 ...72:0007201','15R4372:0007201',num$_{\text
                                                  {kernels}}$(whole),linh,da...
The control sequence at the end of the top line
of your error message was never \def'ed. If you have
misspelled it (e.g., `\hobx'), type `I' and the correct
spelling (e.g., `I\hbox'). Otherwise just continue,
and I'll forget about whatever was undefined.


Overfull \hbox (325.96706pt too wide) in paragraph at lines 119--121
[]\OT1/cmr/m/n/10.95 % M14/les23 K3514 3rd selfed inventory('15R4372:0007201','
15R4372:0007201',num$[]$(whole),linh,date(6,5,2016),time(11,34,29),v00251). 
 []

! Undefined control sequence.
l.127 ...66:0004206','16R4466:0004206',num$_{\text
                                                  {kernels}}$(whole),avi,dat...
The control sequence at the end of the top line
of your error message was never \def'ed. If you have
misspelled it (e.g., `\hobx'), type `I' and the correct
spelling (e.g., `I\hbox'). Otherwise just continue,
and I'll forget about whatever was undefined.


Overfull \hbox (354.86292pt too wide) in paragraph at lines 126--128
[]\OT1/cmr/m/n/10.95 % Mo20W/les23 K16306 3rd selfed inventory('16R4466:0004206
','16R4466:0004206',num$[]$(whole),avi,date(20,05,2017),time(21,56,46),v00260).
 
 []

! Undefined control sequence.
l.130 ...44:0007301','15R4344:0007301',num$_{\text
                                                  {kernels}}$(whole),linh,da...
The control sequence at the end of the top line
of your error message was never \def'ed. If you have
misspelled it (e.g., `\hobx'), type `I' and the correct
spelling (e.g., `I\hbox'). Otherwise just continue,
and I'll forget about whatever was undefined.


Overfull \hbox (332.65872pt too wide) in paragraph at lines 129--131
[]\OT1/cmr/m/n/10.95 % W23/les23 K16306 3rd selfed inventory('15R4344:0007301',
'15R4344:0007301',num$[]$(whole),linh,date(6,5,2016),time(11,34,29),v00251). 
 []

! Undefined control sequence.
l.133 ...73:0007403','15R4373:0007403',num$_{\text
                                                  {kernels}}$(whole),linh,da...
The control sequence at the end of the top line
of your error message was never \def'ed. If you have
misspelled it (e.g., `\hobx'), type `I' and the correct
spelling (e.g., `I\hbox'). Otherwise just continue,
and I'll forget about whatever was undefined.


Overfull \hbox (331.44206pt too wide) in paragraph at lines 132--134
[]\OT1/cmr/m/n/10.95 % M14/les23 K16306 3rd selfed inventory('15R4373:0007403',
'15R4373:0007403',num$[]$(whole),linh,date(6,5,2016),time(11,34,29),v00251). 
 []

! Undefined control sequence.
l.144 packing$_{\text
                     {plan}}$(,1,['16R405:M0003112','16R4222:0009405'],1,[in...
The control sequence at the end of the top line
of your error message was never \def'ed. If you have
misspelled it (e.g., `\hobx'), type `I' and the correct
spelling (e.g., `I\hbox'). Otherwise just continue,
and I'll forget about whatever was undefined.

! Undefined control sequence.
l.145 ...5:M0003112','16R4222:0009405',num$_{\text
                                                  {kernels}}$(quarter),avi,d...
The control sequence at the end of the top line
of your error message was never \def'ed. If you have
misspelled it (e.g., `\hobx'), type `I' and the correct
spelling (e.g., `I\hbox'). Otherwise just continue,
and I'll forget about whatever was undefined.


Overfull \hbox (12.4719pt too wide) in paragraph at lines 144--146
\OT1/cmr/m/n/10.95 packing$[]$(,1,['16R405:M0003112','16R4222:0009405'],1,[inc,
self,'B',fly],'Les2;
 []


Overfull \hbox (295.14775pt too wide) in paragraph at lines 144--146
\OT1/cmr/m/n/10.95 is 6th!','K0202',20,20). inventory('16R405:M0003112','16R422
2:0009405',num$[]$(quarter),avi,date(20,05,2017),time(21,56,46),v00267). 
 []

[3]
! Undefined control sequence.
l.147 packing$_{\text
                     {plan}}$(,1,['16R405:M0001811','16R4356:0010005'],1,[in...
The control sequence at the end of the top line
of your error message was never \def'ed. If you have
misspelled it (e.g., `\hobx'), type `I' and the correct
spelling (e.g., `I\hbox'). Otherwise just continue,
and I'll forget about whatever was undefined.

! Undefined control sequence.
l.148 ...5:M0001811','16R4356:0010005',num$_{\text
                                                  {kernels}}$(quarter),avi,d...
The control sequence at the end of the top line
of your error message was never \def'ed. If you have
misspelled it (e.g., `\hobx'), type `I' and the correct
spelling (e.g., `I\hbox'). Otherwise just continue,
and I'll forget about whatever was undefined.


Overfull \hbox (32.51357pt too wide) in paragraph at lines 147--149
[]\OT1/cmr/m/n/10.95 packing$[]$(,1,['16R405:M0001811','16R4356:0010005'],1,[in
c,self,'B',fly]],'Les6;
 []


Overfull \hbox (329.16377pt too wide) in paragraph at lines 147--149
\OT1/cmr/m/n/10.95 is 6th!; ','K2212','16R',15,10). inventory('16R405:M0001811'
,'16R4356:0010005',num$[]$(quarter),avi,date(20,05,2017),time(21,56,46),v00266)
. 
 []

! Undefined control sequence.
l.152 ...5:W0008918','12R3727:0040606',num$_{\text
                                                  {kernels}}$(whole),avi,dat...
The control sequence at the end of the top line
of your error message was never \def'ed. If you have
misspelled it (e.g., `\hobx'), type `I' and the correct
spelling (e.g., `I\hbox'). Otherwise just continue,
and I'll forget about whatever was undefined.


Overfull \hbox (245.66693pt too wide) in paragraph at lines 151--153
[]\OT1/cmr/m/n/10.95 need D10: inventory('12R305:W0008918','12R3727:0040606',nu
m$[]$(whole),avi,date(26,05,2014),time(06,13,58),v00145). 
 []


Overfull \hbox (113.92627pt too wide) in paragraph at lines 197--221
 [] 
 []

[4]

! LaTeX Error: Environment rmk undefined.

See the LaTeX manual or LaTeX Companion for explanation.
Type  H <return>  for immediate help.
 ...                                              
                                                  
l.253 \begin{rmk}
                 
Your command was ignored.
Type  I <command> <return>  to replace it with another command,
or  <return>  to continue without it.


! LaTeX Error: \begin{document} ended by \end{rmk}.

See the LaTeX manual or LaTeX Companion for explanation.
Type  H <return>  for immediate help.
 ...                                              
                                                  
l.259 \end{rmk}
               
Your command was ignored.
Type  I <command> <return>  to replace it with another command,
or  <return>  to continue without it.


! LaTeX Error: Environment rmk undefined.

See the LaTeX manual or LaTeX Companion for explanation.
Type  H <return>  for immediate help.
 ...                                              
                                                  
l.262 \begin{rmk}
                 
Your command was ignored.
Type  I <command> <return>  to replace it with another command,
or  <return>  to continue without it.


! LaTeX Error: \begin{document} ended by \end{rmk}.

See the LaTeX manual or LaTeX Companion for explanation.
Type  H <return>  for immediate help.
 ...                                              
                                                  
l.269 \end{rmk}
               
Your command was ignored.
Type  I <command> <return>  to replace it with another command,
or  <return>  to continue without it.

[5]

! LaTeX Error: Environment rmk undefined.

See the LaTeX manual or LaTeX Companion for explanation.
Type  H <return>  for immediate help.
 ...                                              
                                                  
l.274 \begin{rmk}
                 
Your command was ignored.
Type  I <command> <return>  to replace it with another command,
or  <return>  to continue without it.


! LaTeX Error: \begin{document} ended by \end{rmk}.

See the LaTeX manual or LaTeX Companion for explanation.
Type  H <return>  for immediate help.
 ...                                              
                                                  
l.280 \end{rmk}
               
Your command was ignored.
Type  I <command> <return>  to replace it with another command,
or  <return>  to continue without it.


! LaTeX Error: Environment rmk undefined.

See the LaTeX manual or LaTeX Companion for explanation.
Type  H <return>  for immediate help.
 ...                                              
                                                  
l.284 \begin{rmk}
                 
Your command was ignored.
Type  I <command> <return>  to replace it with another command,
or  <return>  to continue without it.


! LaTeX Error: \begin{document} ended by \end{rmk}.

See the LaTeX manual or LaTeX Companion for explanation.
Type  H <return>  for immediate help.
 ...                                              
                                                  
l.288 \end{rmk}
               
Your command was ignored.
Type  I <command> <return>  to replace it with another command,
or  <return>  to continue without it.


Overfull \hbox (129.95789pt too wide) in paragraph at lines 291--291
[]\OT1/cmss/bx/n/14.4 DONE \OT1/cmr/bx/n/14.4 %%%%%%%%%%%%%%%%%%%%%%%%%%%%%%%
 []


Overfull \hbox (179.09106pt too wide) in paragraph at lines 291--291
\OT1/cmr/bx/n/14.4 elite line, 10 rows %%%%%%%%%%%%%%%%%%%%%%%%%%%%% 
 []


Overfull \hbox (129.95789pt too wide) in paragraph at lines 311--311
[]\OT1/cmss/bx/n/14.4 DONE \OT1/cmr/bx/n/14.4 %%%%%%%%%%%%%%%%%%%%%%%%%%%%%%%
 []


Overfull \hbox (117.4645pt too wide) in paragraph at lines 311--311
\OT1/cmr/bx/n/14.4 in-breds, 47 rows %%%%%%%%%%%%%%%%%%%%%%%%% 
 []


Overfull \hbox (76.90027pt too wide) in paragraph at lines 347--347
[]\OT1/cmtt/m/n/10.95 packing_plan(,1,['09R201:S0xxxxxx,09R201:S0xxxxxx'],1,[in
bred],'','',20,20).[] 
 []


Overfull \hbox (76.90027pt too wide) in paragraph at lines 347--347
[]\OT1/cmtt/m/n/10.95 packing_plan(,1,['09R201:S0xxxxxx,09R201:S0xxxxxx'],1,[in
bred],'','',20,20).[] 
 []


Overfull \hbox (76.90027pt too wide) in paragraph at lines 347--347
[]\OT1/cmtt/m/n/10.95 packing_plan(,1,['09R201:S0xxxxxx,09R201:S0xxxxxx'],1,[in
bred],'','',20,20).[] 
 []


Overfull \hbox (76.90027pt too wide) in paragraph at lines 347--347
[]\OT1/cmtt/m/n/10.95 packing_plan(,1,['09R201:S0xxxxxx,09R201:S0xxxxxx'],1,[in
bred],'','',20,20).[] 
 []


Overfull \hbox (76.90027pt too wide) in paragraph at lines 347--347
[]\OT1/cmtt/m/n/10.95 packing_plan(,1,['09R201:S0xxxxxx,09R201:S0xxxxxx'],1,[in
bred],'','',20,20).[] 
 []


Overfull \hbox (76.90027pt too wide) in paragraph at lines 347--347
[]\OT1/cmtt/m/n/10.95 packing_plan(,1,['09R301:W0xxxxxx,09R301:W0xxxxxx'],1,[in
bred],'','',20,20).[] 
 []

[6]
Overfull \hbox (76.90027pt too wide) in paragraph at lines 347--347
[]\OT1/cmtt/m/n/10.95 packing_plan(,1,['09R301:W0xxxxxx,09R301:W0xxxxxx'],1,[in
bred],'','',20,20).[] 
 []


Overfull \hbox (76.90027pt too wide) in paragraph at lines 347--347
[]\OT1/cmtt/m/n/10.95 packing_plan(,1,['09R301:W0xxxxxx,09R301:W0xxxxxx'],1,[in
bred],'','',20,20).[] 
 []


Overfull \hbox (76.90027pt too wide) in paragraph at lines 347--347
[]\OT1/cmtt/m/n/10.95 packing_plan(,1,['09R301:W0xxxxxx,09R301:W0xxxxxx'],1,[in
bred],'','',20,20).[] 
 []


Overfull \hbox (76.90027pt too wide) in paragraph at lines 347--347
[]\OT1/cmtt/m/n/10.95 packing_plan(,1,['09R301:W0xxxxxx,09R301:W0xxxxxx'],1,[in
bred],'','',20,20).[] 
 []


Overfull \hbox (76.90027pt too wide) in paragraph at lines 347--347
[]\OT1/cmtt/m/n/10.95 packing_plan(,1,['09R401:M0xxxxxx,09R401:M0xxxxxx'],1,[in
bred],'','',20,20).[] 
 []


Overfull \hbox (76.90027pt too wide) in paragraph at lines 347--347
[]\OT1/cmtt/m/n/10.95 packing_plan(,1,['09R401:M0xxxxxx,09R401:M0xxxxxx'],1,[in
bred],'','',20,20).[] 
 []


Overfull \hbox (76.90027pt too wide) in paragraph at lines 347--347
[]\OT1/cmtt/m/n/10.95 packing_plan(,1,['09R401:M0xxxxxx,09R401:M0xxxxxx'],1,[in
bred],'','',20,20).[] 
 []


Overfull \hbox (76.90027pt too wide) in paragraph at lines 347--347
[]\OT1/cmtt/m/n/10.95 packing_plan(,1,['09R401:M0xxxxxx,09R401:M0xxxxxx'],1,[in
bred],'','',20,20).[] 
 []


Overfull \hbox (76.90027pt too wide) in paragraph at lines 347--347
[]\OT1/cmtt/m/n/10.95 packing_plan(,1,['09R401:M0xxxxxx,09R401:M0xxxxxx'],1,[in
bred],'','',20,20).[] 
 []


Overfull \hbox (76.90027pt too wide) in paragraph at lines 347--347
[]\OT1/cmtt/m/n/10.95 packing_plan(,1,['09R401:M0xxxxxx,09R401:M0xxxxxx'],1,[in
bred],'','',20,20).[] 
 []


Overfull \hbox (76.90027pt too wide) in paragraph at lines 347--347
[]\OT1/cmtt/m/n/10.95 packing_plan(,1,['09R401:M0xxxxxx,09R401:M0xxxxxx'],1,[in
bred],'','',20,20).[] 
 []


Overfull \hbox (76.90027pt too wide) in paragraph at lines 347--347
[]\OT1/cmtt/m/n/10.95 packing_plan(,1,['13R504:B0xxxxxx,13R504:B0xxxxxx'],1,[in
bred],'','',20,20).[] 
 []


Overfull \hbox (76.90027pt too wide) in paragraph at lines 347--347
[]\OT1/cmtt/m/n/10.95 packing_plan(,1,['13R504:B0xxxxxx,13R504:B0xxxxxx'],1,[in
bred],'','',20,20).[] 
 []


Overfull \hbox (76.90027pt too wide) in paragraph at lines 347--347
[]\OT1/cmtt/m/n/10.95 packing_plan(,1,['13R504:B0xxxxxx,13R504:B0xxxxxx'],1,[in
bred],'','',20,20).[] 
 []


Overfull \hbox (76.90027pt too wide) in paragraph at lines 347--347
[]\OT1/cmtt/m/n/10.95 packing_plan(,1,['13R504:B0xxxxxx,13R504:B0xxxxxx'],1,[in
bred],'','',20,20).[] 
 []


Overfull \hbox (76.90027pt too wide) in paragraph at lines 347--347
[]\OT1/cmtt/m/n/10.95 packing_plan(,1,['13R504:B0xxxxxx,13R504:B0xxxxxx'],1,[in
bred],'','',20,20).[] 
 []


Overfull \hbox (76.90027pt too wide) in paragraph at lines 381--381
[]\OT1/cmtt/m/n/10.95 packing_plan(,1,['09R201:S0xxxxxx,09R201:S0xxxxxx'],2,[in
bred],'','',20,20).[] 
 []


Overfull \hbox (76.90027pt too wide) in paragraph at lines 381--381
[]\OT1/cmtt/m/n/10.95 packing_plan(,1,['09R201:S0xxxxxx,09R201:S0xxxxxx'],2,[in
bred],'','',20,20).[] 
 []


Overfull \hbox (76.90027pt too wide) in paragraph at lines 381--381
[]\OT1/cmtt/m/n/10.95 packing_plan(,1,['09R201:S0xxxxxx,09R201:S0xxxxxx'],2,[in
bred],'','',20,20).[] 
 []


Overfull \hbox (76.90027pt too wide) in paragraph at lines 381--381
[]\OT1/cmtt/m/n/10.95 packing_plan(,1,['09R201:S0xxxxxx,09R201:S0xxxxxx'],2,[in
bred],'','',20,20).[] 
 []


Overfull \hbox (76.90027pt too wide) in paragraph at lines 381--381
[]\OT1/cmtt/m/n/10.95 packing_plan(,1,['09R201:S0xxxxxx,09R201:S0xxxxxx'],2,[in
bred],'','',20,20).[] 
 []


Overfull \hbox (76.90027pt too wide) in paragraph at lines 381--381
[]\OT1/cmtt/m/n/10.95 packing_plan(,1,['09R301:W0xxxxxx,09R301:W0xxxxxx'],2,[in
bred],'','',20,20).[] 
 []


Overfull \hbox (76.90027pt too wide) in paragraph at lines 381--381
[]\OT1/cmtt/m/n/10.95 packing_plan(,1,['09R301:W0xxxxxx,09R301:W0xxxxxx'],2,[in
bred],'','',20,20).[] 
 []


Overfull \hbox (76.90027pt too wide) in paragraph at lines 381--381
[]\OT1/cmtt/m/n/10.95 packing_plan(,1,['09R301:W0xxxxxx,09R301:W0xxxxxx'],2,[in
bred],'','',20,20).[] 
 []


Overfull \hbox (76.90027pt too wide) in paragraph at lines 381--381
[]\OT1/cmtt/m/n/10.95 packing_plan(,1,['09R301:W0xxxxxx,09R301:W0xxxxxx'],2,[in
bred],'','',20,20).[] 
 []


Overfull \hbox (76.90027pt too wide) in paragraph at lines 381--381
[]\OT1/cmtt/m/n/10.95 packing_plan(,1,['09R401:M0xxxxxx,09R401:M0xxxxxx'],2,[in
bred],'','',20,20).[] 
 []


Overfull \hbox (76.90027pt too wide) in paragraph at lines 381--381
[]\OT1/cmtt/m/n/10.95 packing_plan(,1,['09R401:M0xxxxxx,09R401:M0xxxxxx'],2,[in
bred],'','',20,20).[] 
 []


Overfull \hbox (76.90027pt too wide) in paragraph at lines 381--381
[]\OT1/cmtt/m/n/10.95 packing_plan(,1,['09R401:M0xxxxxx,09R401:M0xxxxxx'],2,[in
bred],'','',20,20).[] 
 []

[7]
Overfull \hbox (76.90027pt too wide) in paragraph at lines 381--381
[]\OT1/cmtt/m/n/10.95 packing_plan(,1,['09R401:M0xxxxxx,09R401:M0xxxxxx'],2,[in
bred],'','',20,20).[] 
 []


Overfull \hbox (76.90027pt too wide) in paragraph at lines 381--381
[]\OT1/cmtt/m/n/10.95 packing_plan(,1,['09R401:M0xxxxxx,09R401:M0xxxxxx'],2,[in
bred],'','',20,20).[] 
 []


Overfull \hbox (76.90027pt too wide) in paragraph at lines 381--381
[]\OT1/cmtt/m/n/10.95 packing_plan(,1,['09R401:M0xxxxxx,09R401:M0xxxxxx'],2,[in
bred],'','',20,20).[] 
 []


Overfull \hbox (76.90027pt too wide) in paragraph at lines 381--381
[]\OT1/cmtt/m/n/10.95 packing_plan(,1,['09R401:M0xxxxxx,09R401:M0xxxxxx'],2,[in
bred],'','',20,20).[] 
 []


Overfull \hbox (76.90027pt too wide) in paragraph at lines 381--381
[]\OT1/cmtt/m/n/10.95 packing_plan(,1,['09R401:M0xxxxxx,09R401:M0xxxxxx'],2,[in
bred],'','',20,20).[] 
 []


Overfull \hbox (76.90027pt too wide) in paragraph at lines 381--381
[]\OT1/cmtt/m/n/10.95 packing_plan(,1,['13R504:B0xxxxxx,13R504:B0xxxxxx'],2,[in
bred],'','',20,20).[] 
 []


Overfull \hbox (76.90027pt too wide) in paragraph at lines 381--381
[]\OT1/cmtt/m/n/10.95 packing_plan(,1,['13R504:B0xxxxxx,13R504:B0xxxxxx'],2,[in
bred],'','',20,20).[] 
 []


Overfull \hbox (76.90027pt too wide) in paragraph at lines 401--401
[]\OT1/cmtt/m/n/10.95 packing_plan(,1,['09R201:S0xxxxxx,09R201:S0xxxxxx'],3,[in
bred],'','',20,20).[] 
 []


Overfull \hbox (76.90027pt too wide) in paragraph at lines 401--401
[]\OT1/cmtt/m/n/10.95 packing_plan(,1,['09R201:S0xxxxxx,09R201:S0xxxxxx'],3,[in
bred],'','',20,20).[] 
 []


Overfull \hbox (76.90027pt too wide) in paragraph at lines 401--401
[]\OT1/cmtt/m/n/10.95 packing_plan(,1,['09R301:W0xxxxxx,09R301:W0xxxxxx'],3,[in
bred],'','',20,20).[] 
 []


Overfull \hbox (76.90027pt too wide) in paragraph at lines 401--401
[]\OT1/cmtt/m/n/10.95 packing_plan(,1,['09R301:W0xxxxxx,09R301:W0xxxxxx'],3,[in
bred],'','',20,20).[] 
 []


Overfull \hbox (76.90027pt too wide) in paragraph at lines 401--401
[]\OT1/cmtt/m/n/10.95 packing_plan(,1,['09R401:M0xxxxxx,09R401:M0xxxxxx'],3,[in
bred],'','',20,20).[] 
 []


Overfull \hbox (76.90027pt too wide) in paragraph at lines 401--401
[]\OT1/cmtt/m/n/10.95 packing_plan(,1,['09R401:M0xxxxxx,09R401:M0xxxxxx'],3,[in
bred],'','',20,20).[] 
 []


Overfull \hbox (129.95789pt too wide) in paragraph at lines 405--405
[]\OT1/cmss/bx/n/14.4 DONE \OT1/cmr/bx/n/14.4 %%%%%%%%%%%%%%%%%%%%%%%%%%%%%%%
 []


Overfull \hbox (212.58102pt too wide) in paragraph at lines 405--405
\OT1/cmr/bx/n/14.4 mu-tants, 105 rows %%%%%%%%%%%%%%%%%%%%%%%%%%%%%%% 
 []


Overfull \hbox (214.86877pt too wide) in paragraph at lines 420--420
[]\OT1/cmtt/m/n/10.95 packing_plan(,1,['16R405:M0003112','16R4222:0009405'],1,[
inc,self,'B',fly],'is 6th!','K0202',20,20).[] 
 []


Overfull \hbox (214.86877pt too wide) in paragraph at lines 420--420
[]\OT1/cmtt/m/n/10.95 packing_plan(,1,['16R405:M0003112','16R4222:0009405'],2,[
inc,self,'B',fly],'is 6th!','K0202',20,20).[] 
 []


Overfull \hbox (312.59647pt too wide) in paragraph at lines 420--420
[]\OT1/cmtt/m/n/10.95 packing_plan(,1,['16R405:M0001811','16R4356:0010005'],1,[
inc,self,'B',fly],'is 6th!; phe 17.7 in 16r','K2212',20,20).[] 
 []


Overfull \hbox (312.59647pt too wide) in paragraph at lines 420--420
[]\OT1/cmtt/m/n/10.95 packing_plan(,1,['16R405:M0001811','16R4356:0010005'],2,[
inc,self,'B',fly],'is 6th!; phe 17.7 in 16r','K2212',20,20).[] 
 []

[8]
Overfull \hbox (335.59122pt too wide) in paragraph at lines 461--461
[]\OT1/cmtt/m/n/10.95 packing_plan(,1,['13R205:S0002205','13R4082:0005502'],1,[
inc,self,fly],'is 6th!; additional bulking good','K0302',20,20).[] 
 []


Overfull \hbox (335.59122pt too wide) in paragraph at lines 461--461
[]\OT1/cmtt/m/n/10.95 packing_plan(,1,['13R205:S0002205','13R4082:0005502'],2,[
inc,self,fly],'is 6th!; additional bulking good','K0302',20,20).[] 
 []


Overfull \hbox (1209.39175pt too wide) in paragraph at lines 461--461
[]\OT1/cmtt/m/n/10.95 packing_plan(,1,['13R305:W0000702','13R4083:0005603'],1,[
inc,self,fly],'is 6th!; no phe 17.7 16r, but appeared later; check osc; forbear
 male had great phenotype, smaller lesions on lower leaves than Mo20W on 9.1 in
 12n; sheath lesions were more diagnostic','K0302',20,20).[] 
 []


Overfull \hbox (1209.39175pt too wide) in paragraph at lines 461--461
[]\OT1/cmtt/m/n/10.95 packing_plan(,1,['13R305:W0000702','13R4083:0005603'],2,[
inc,self,fly],'is 6th!; no phe 17.7 16r, but appeared later; check osc; forbear
 male had great phenotype, smaller lesions on lower leaves than Mo20W on 9.1 in
 12n; sheath lesions were more diagnostic','K0302',20,20).[] 
 []


Overfull \hbox (214.86877pt too wide) in paragraph at lines 461--461
[]\OT1/cmtt/m/n/10.95 packing_plan(,1,['14R205:S0000215','14R4229:0009701'],1,[
inc,self,'B',fly],'is 6th!','K0303',20,20).[] 
 []


Overfull \hbox (214.86877pt too wide) in paragraph at lines 461--461
[]\OT1/cmtt/m/n/10.95 packing_plan(,1,['14R205:S0000215','14R4229:0009701'],2,[
inc,self,'B',fly],'is 6th!','K0303',20,20).[] 
 []


Overfull \hbox (416.07285pt too wide) in paragraph at lines 461--461
[]\OT1/cmtt/m/n/10.95 packing_plan(,1,['12R405:M0000310','12R3587:0023110'],1,[
inc,self,fly],'is 6th!; phenotype 9.1 in 12n; phe 17.7 in 16r','K0303',20,20).[
] 
 []


Overfull \hbox (416.07285pt too wide) in paragraph at lines 461--461
[]\OT1/cmtt/m/n/10.95 packing_plan(,1,['12R405:M0000310','12R3587:0023110'],2,[
inc,self,fly],'is 6th!; phenotype 9.1 in 12n; phe 17.7 in 16r','K0303',20,20).[
] 
 []


Overfull \hbox (582.78479pt too wide) in paragraph at lines 461--461
[]\OT1/cmtt/m/n/10.95 packing_plan(,1,['12N205:S0036705','12N3948:0017506'],1,[
inc,self,'B',fly],'is 6th!; check osc; male had good phenotype 9.1 in 12n; phe 
17.7 in 16r','K2101',20,20).[] 
 []


Overfull \hbox (582.78479pt too wide) in paragraph at lines 461--461
[]\OT1/cmtt/m/n/10.95 packing_plan(,1,['12N205:S0036705','12N3948:0017506'],2,[
inc,self,'B',fly],'is 6th!; check osc; male had good phenotype 9.1 in 12n; phe 
17.7 in 16r','K2101',20,20).[] 
 []


Overfull \hbox (772.49149pt too wide) in paragraph at lines 461--461
[]\OT1/cmtt/m/n/10.95 packing_plan(,1,['12N305:W0038310','12N3949:0017706'],1,[
inc,self,fly],'is 6th!; in 12n, male had weak phenotype 9.1, better by 13.1, bu
t good phenotype by 15.1; no phe 17.7 in 16r','K2101',20,20).[] 
 []


Overfull \hbox (772.49149pt too wide) in paragraph at lines 461--461
[]\OT1/cmtt/m/n/10.95 packing_plan(,1,['12N305:W0038310','12N3949:0017706'],2,[
inc,self,fly],'is 6th!; in 12n, male had weak phenotype 9.1, better by 13.1, bu
t good phenotype by 15.1; no phe 17.7 in 16r','K2101',20,20).[] 
 []


Overfull \hbox (680.51248pt too wide) in paragraph at lines 461--461
[]\OT1/cmtt/m/n/10.95 packing_plan(,1,['11N405:M0032808','11N3419:0010704'],1,[
self,inc,fly],'is 6th!; addtnl bulking good; check osc; male had good phenotype
 9.1 in 12n; phe 17.7 in 16r','K2101',20,20).[] 
 []


Overfull \hbox (680.51248pt too wide) in paragraph at lines 461--461
[]\OT1/cmtt/m/n/10.95 packing_plan(,1,['11N405:M0032808','11N3419:0010704'],2,[
self,inc,fly],'is 6th!; addtnl bulking good; check osc; male had good phenotype
 9.1 in 12n; phe 17.7 in 16r','K2101',20,20).[] 
 []


Overfull \hbox (410.32416pt too wide) in paragraph at lines 461--461
[]\OT1/cmtt/m/n/10.95 packing_plan(,1,['15R305:W0000711','15R4352:0010904'],1,[
inc,self,'B',fly],'is 6th; no phe 17.7 in 16r; repeat of 16r','K2106',20,20).[]
 
 []


Overfull \hbox (410.32416pt too wide) in paragraph at lines 461--461
[]\OT1/cmtt/m/n/10.95 packing_plan(,1,['14R305:W0000803','14R3958:0010412'],2,[
inc,self,'B',fly],'is 6th; no phe 17.7 in 16r; repeat of 16r','K2106',20,20).[]
 
 []


Overfull \hbox (306.84778pt too wide) in paragraph at lines 461--461
[]\OT1/cmtt/m/n/10.95 packing_plan(,1,['15R405:M0001101','15R4353:0011002'],1,[
inc,self,'B',fly],'is 6th; phe 17.7 in 16r','K2106',20,20).[] 
 []


Overfull \hbox (306.84778pt too wide) in paragraph at lines 461--461
[]\OT1/cmtt/m/n/10.95 packing_plan(,1,['15R405:M0001101','15R4353:0011002'],2,[
inc,self,'B',fly],'is 6th; phe 17.7 in 16r','K2106',20,20).[] 
 []


Overfull \hbox (559.79004pt too wide) in paragraph at lines 474--474
[]\OT1/cmtt/m/n/10.95 packing_plan(,1,['16R305:W0001610','16R4279:0010511'],1,[
inc,self,'B',fly],'is 6th!; fungus; no phe 15r; phe 17.7 in 16r; crummy tassels
 in 14r','K2312',20,20).[] 
 []


Overfull \hbox (559.79004pt too wide) in paragraph at lines 474--474
[]\OT1/cmtt/m/n/10.95 packing_plan(,1,['16R305:W0001610','16R4279:0010511'],2,[
inc,self,'B',fly],'is 6th!; fungus; no phe 15r; phe 17.7 in 16r; crummy tassels
 in 14r','K2312',20,20).[] 
 []


Overfull \hbox (381.58072pt too wide) in paragraph at lines 474--474
[]\OT1/cmtt/m/n/10.95 packing_plan(,1,['16R205:S0001202','16R4390:0010609'],1,[
inc,self,'B',fly],'is 6th!; no phe 15r; phe 17.7 in 16r','K2312',20,20).[] 
 []


Overfull \hbox (381.58072pt too wide) in paragraph at lines 474--474
[]\OT1/cmtt/m/n/10.95 packing_plan(,1,['16R205:S0001202','16R4390:0010609'],2,[
inc,self,'B',fly],'is 6th!; no phe 15r; phe 17.7 in 16r','K2312',20,20).[] 
 []

[9]
Overfull \hbox (387.3294pt too wide) in paragraph at lines 501--501
[]\OT1/cmtt/m/n/10.95 packing_plan(,1,['14R405:M0001105','14R4283:0021405'],1,[
inc,self,'B',fly],'is 6th!; may be fast; phe 17.7 in 16r','K0604',20,20).[] 
 []


Overfull \hbox (387.3294pt too wide) in paragraph at lines 501--501
[]\OT1/cmtt/m/n/10.95 packing_plan(,1,['14R405:M0001105','14R4283:0021405'],2,[
inc,self,'B',fly],'is 6th!; may be fast; phe 17.7 in 16r','K0604',20,20).[] 
 []


Overfull \hbox (214.86877pt too wide) in paragraph at lines 501--501
[]\OT1/cmtt/m/n/10.95 packing_plan(,1,['14R205:S0000105','14R4284:0021512'],1,[
inc,self,'B',fly],'is 6th!','K2405',20,20).[] 
 []


Overfull \hbox (214.86877pt too wide) in paragraph at lines 501--501
[]\OT1/cmtt/m/n/10.95 packing_plan(,1,['14R205:S0000105','14R4284:0021512'],2,[
inc,self,'B',fly],'is 6th!','K2405',20,20).[] 
 []


Overfull \hbox (341.3399pt too wide) in paragraph at lines 501--501
[]\OT1/cmtt/m/n/10.95 packing_plan(,1,['12N305:W0039207','12N3614:0024110'],1,[
inc,self,fly],'is 6th!; poor yield on 13r selves','K2405',20,20).[] 
 []


Overfull \hbox (341.3399pt too wide) in paragraph at lines 501--501
[]\OT1/cmtt/m/n/10.95 packing_plan(,1,['12N305:W0039207','12N3614:0024110'],2,[
inc,self,fly],'is 6th!; poor yield on 13r selves','K2405',20,20).[] 
 []


Overfull \hbox (214.86877pt too wide) in paragraph at lines 501--501
[]\OT1/cmtt/m/n/10.95 packing_plan(,1,['14R405:M0001103','14R4285:0021603'],1,[
inc,self,'B',fly],'is 6th!','K2405',20,20).[] 
 []


Overfull \hbox (214.86877pt too wide) in paragraph at lines 501--501
[]\OT1/cmtt/m/n/10.95 packing_plan(,1,['14R405:M0001103','14R4285:0021603'],2,[
inc,self,'B',fly],'is 6th!','K2405',20,20).[] 
 []


Overfull \hbox (312.59647pt too wide) in paragraph at lines 511--511
[]\OT1/cmtt/m/n/10.95 packing_plan(,1,['16R205:S0001210','16R4391:0010710'],1,[
inc,self,'B',fly],'is 6th!; phe 17.7 in 16r','K2506',20,20).[] 
 []


Overfull \hbox (312.59647pt too wide) in paragraph at lines 511--511
[]\OT1/cmtt/m/n/10.95 packing_plan(,1,['16R205:S0001210','16R4391:0010710'],2,[
inc,self,'B',fly],'is 6th!; phe 17.7 in 16r','K2506',20,20).[] 
 []


Overfull \hbox (473.55972pt too wide) in paragraph at lines 523--523
[]\OT1/cmtt/m/n/10.95 packing_plan(,1,['16R405:M0003214','16R4510:0011204'],1,[
inc,self,'B',fly],'is 6th!; male had phe 17.7 in 16r; pick one of three','K0901
',20,20).[] 
 []


Overfull \hbox (473.55972pt too wide) in paragraph at lines 523--523
[]\OT1/cmtt/m/n/10.95 packing_plan(,1,['16R405:M0003214','16R4510:0011204'],2,[
inc,self,'B',fly],'is 6th!; male had phe 17.7 in 16r; pick one of three','K0901
',20,20).[] 
 []


Overfull \hbox (651.76904pt too wide) in paragraph at lines 523--523
[]\OT1/cmtt/m/n/10.95 packing_plan(,1,['16R405:M0003206','16R4511:0011304'],1,[
inc,self,'B',fly],'is 6th!; male had phe 17.7 in 16r; alternate for 16R405:M000
3214; pick one of three','K0901',20,20).[] 
 []


Overfull \hbox (651.76904pt too wide) in paragraph at lines 523--523
[]\OT1/cmtt/m/n/10.95 packing_plan(,1,['16R405:M0003206','16R4511:0011304'],2,[
inc,self,'B',fly],'is 6th!; male had phe 17.7 in 16r; alternate for 16R405:M000
3214; pick one of three','K0901',20,20).[] 
 []


Overfull \hbox (674.7638pt too wide) in paragraph at lines 542--542
[]\OT1/cmtt/m/n/10.95 packing_plan(,1,['16R405:M0003312','16R4027:0012203'],1,[
inc,self,'B',fly],'is 6th!; alternate for 12R405:M0011105; 3/5 mutants, also se
gregating for semi-dwarfism','K3007',20,20).[] 
 []


Overfull \hbox (674.7638pt too wide) in paragraph at lines 542--542
[]\OT1/cmtt/m/n/10.95 packing_plan(,1,['16R405:M0003312','16R4027:0012203'],2,[
inc,self,'B',fly],'is 6th!; alternate for 12R405:M0011105; 3/5 mutants, also se
gregating for semi-dwarfism','K3007',20,20).[] 
 []


Overfull \hbox (594.28217pt too wide) in paragraph at lines 542--542
[]\OT1/cmtt/m/n/10.95 packing_plan(,1,['16R405:M0000808','16R4298:0012403'],1,[
inc,self,'B',fly],'is 6th!; phe 17.7 in 16r; preferred in 16r; alternate for 12
R405:M0011105','K3007',20,20).[] 
 []


Overfull \hbox (594.28217pt too wide) in paragraph at lines 542--542
[]\OT1/cmtt/m/n/10.95 packing_plan(,1,['16R405:M0000808','16R4298:0012403'],2,[
inc,self,'B',fly],'is 6th!; phe 17.7 in 16r; preferred in 16r; alternate for 12
R405:M0011105','K3007',20,20).[] 
 []

[10]
Overfull \hbox (519.54922pt too wide) in paragraph at lines 555--555
[]\OT1/cmtt/m/n/10.95 packing_plan(,1,['16R405:M0002208','16R4300:0012606'],1,[
inc,self,'B',fly],'is 6th!; male had phe 17.7 in 16r; tendency to crummy tassel
','K1411',20,20).[] 
 []


Overfull \hbox (519.54922pt too wide) in paragraph at lines 555--555
[]\OT1/cmtt/m/n/10.95 packing_plan(,1,['16R405:M0002208','16R4300:0012606'],2,[
inc,self,'B',fly],'is 6th!; male had phe 17.7 in 16r; tendency to crummy tassel
','K1411',20,20).[] 
 []


Overfull \hbox (508.05185pt too wide) in paragraph at lines 567--567
[]\OT1/cmtt/m/n/10.95 packing_plan(,1,['15R205:S0000101,15R4183:0017105'],1,[in
c,self,'B',fly],'is 6th!; no phe 17.7 in 16r but appeared later in 2/8 plants',
'K7205',20,20).[] 
 []


Overfull \hbox (508.05185pt too wide) in paragraph at lines 567--567
[]\OT1/cmtt/m/n/10.95 packing_plan(,1,['15R205:S0000101,15R4183:0017105'],2,[in
c,self,'B',fly],'is 6th!; no phe 17.7 in 16r but appeared later in 2/8 plants',
'K7205',20,20).[] 
 []


Overfull \hbox (364.33466pt too wide) in paragraph at lines 567--567
[]\OT1/cmtt/m/n/10.95 packing_plan(,1,['15R305:W0000701,15R4363:0017408'],1,[in
c,self,'B',fly],'is 6th!; phe 17.7 in 16r; preferred','K7205',20,20).[] 
 []


Overfull \hbox (364.33466pt too wide) in paragraph at lines 567--567
[]\OT1/cmtt/m/n/10.95 packing_plan(,1,['15R305:W0000701,15R4363:0017408'],2,[in
c,self,'B',fly],'is 6th!; phe 17.7 in 16r; preferred','K7205',20,20).[] 
 []


Overfull \hbox (370.08334pt too wide) in paragraph at lines 576--576
[]\OT1/cmtt/m/n/10.95 packing_plan(,1,['16R205:S0001303','16R4537:0014611'],1,[
inc,self,'B',fly],'is 6th!; male had phe 17.7 in 16r','K12205',20,20).[] 
 []


Overfull \hbox (370.08334pt too wide) in paragraph at lines 576--576
[]\OT1/cmtt/m/n/10.95 packing_plan(,1,['16R205:S0001303','16R4537:0014611'],2,[
inc,self,'B',fly],'is 6th!; male had phe 17.7 in 16r','K12205',20,20).[] 
 []


Overfull \hbox (191.87402pt too wide) in paragraph at lines 635--635
[]\OT1/cmtt/m/n/10.95 packing_plan(,1,['09R201:S0056209','09R1416:0025907'],1,[
'S'],'is 1st; forebear','K6711',40,20).[] 
 []


Overfull \hbox (272.35565pt too wide) in paragraph at lines 635--635
[]\OT1/cmtt/m/n/10.95 packing_plan(,1,['09R201:S0040305','09R1416:0025907'],1,[
'S'],'is 1st; sib of 09R201:S0056209','K6711',40,20).[] 
 []


Overfull \hbox (410.32416pt too wide) in paragraph at lines 635--635
[]\OT1/cmtt/m/n/10.95 packing_plan(,1,['10R205:S0002302','10R2252:0031702'],1,[
'S'],'is 2nd; forbear of 12R205:S0008815 and 12R205:S0009109','K6711',40,20).[]
 
 []


Overfull \hbox (134.38715pt too wide) in paragraph at lines 635--635
[]\OT1/cmtt/m/n/10.95 packing_plan(,1,['12R205:S0008815','12R3270:0014314'],1,[
'S'],'is 3rd','K6711',40,20).[] 
 []


Overfull \hbox (134.38715pt too wide) in paragraph at lines 635--635
[]\OT1/cmtt/m/n/10.95 packing_plan(,1,['12R205:S0009109','12R3270:0014314'],1,[
'S'],'is 3rd','K6711',40,20).[] 
 []


Overfull \hbox (134.38715pt too wide) in paragraph at lines 635--635
[]\OT1/cmtt/m/n/10.95 packing_plan(,1,['14R305:W0000703','14R4137:0004215'],1,[
'W'],'is 5th','K6711',40,20).[] 
 []


Overfull \hbox (134.38715pt too wide) in paragraph at lines 635--635
[]\OT1/cmtt/m/n/10.95 packing_plan(,1,['14R305:W0000716','14R4137:0004215'],1,[
'W'],'is 5th','K6711',40,20).[] 
 []


Overfull \hbox (134.38715pt too wide) in paragraph at lines 635--635
[]\OT1/cmtt/m/n/10.95 packing_plan(,1,['14R305:W0000705','14R4137:0004215'],1,[
'W'],'is 5th','K6711',40,20).[] 
 []


Overfull \hbox (191.87402pt too wide) in paragraph at lines 635--635
[]\OT1/cmtt/m/n/10.95 packing_plan(,1,['09R401:M0040909','09R1416:0025906'],1,[
'M'],'is 1st; forebear','K6711',40,20).[] 
 []


Overfull \hbox (416.07285pt too wide) in paragraph at lines 635--635
[]\OT1/cmtt/m/n/10.95 packing_plan(,1,['10R405:M0000715','10R2254:0032002'],1,[
'M'],'is 2nd; forebear of 12R405:M0009302 and 12R405:M0011707','K6711',40,20).[
] 
 []


Overfull \hbox (272.35565pt too wide) in paragraph at lines 635--635
[]\OT1/cmtt/m/n/10.95 packing_plan(,1,['10R405:M0001010','10R2254:0032002'],1,[
'M'],'is 2nd; sib of 10R405:M0000715','K6711',40,20).[] 
 []


Overfull \hbox (272.35565pt too wide) in paragraph at lines 635--635
[]\OT1/cmtt/m/n/10.95 packing_plan(,1,['10R405:M0006607','10R2254:0032003'],1,[
'M'],'is 2nd; sib of 10R405:M0000715','K6711',40,20).[] 
 []


Overfull \hbox (272.35565pt too wide) in paragraph at lines 635--635
[]\OT1/cmtt/m/n/10.95 packing_plan(,1,['10R405:M0006610','10R2254:0032010'],1,[
'M'],'is 2nd; sib of 10R405:M0000715','K6711',40,20).[] 
 []


Overfull \hbox (266.60696pt too wide) in paragraph at lines 635--635
[]\OT1/cmtt/m/n/10.95 packing_plan(,1,['12R405:M0009302','12R3486:0014708'],1,[
'M'],'is 3rd; has repeatedly failed','K6711',40,20).[] 
 []


Overfull \hbox (272.35565pt too wide) in paragraph at lines 635--635
[]\OT1/cmtt/m/n/10.95 packing_plan(,1,['12R405:M0011707','12R3486:0014708'],1,[
'M'],'is 3rd; sib of 12R405:M0009302','K6711',40,20).[] 
 []

[11]
Overfull \hbox (278.10434pt too wide) in paragraph at lines 669--669
[]\OT1/cmtt/m/n/10.95 packing_plan(,1,['16R305:W0001401','16R4467:0004309'],1,[
self],'is 6th!; male had phe 17.7 16r','K1802',15,10).[] 
 []


Overfull \hbox (272.35565pt too wide) in paragraph at lines 669--669
[]\OT1/cmtt/m/n/10.95 packing_plan(,1,['16R405:M0001705','16R4468:0004411'],1,[
self],'is 5th; male had phe 17.7 16r','K1802',15,10).[] 
 []


Overfull \hbox (272.35565pt too wide) in paragraph at lines 669--669
[]\OT1/cmtt/m/n/10.95 packing_plan(,1,['16R305:W0001408','16R4470:0004603'],1,[
self],'is 5th; male had phe 17.7 16r','K1804',15,10).[] 
 []


Overfull \hbox (272.35565pt too wide) in paragraph at lines 669--669
[]\OT1/cmtt/m/n/10.95 packing_plan(,1,['16R405:M0001707','16R4471:0004707'],1,[
self],'is 4th; male had phe 17.7 16r','K1804',15,10).[] 
 []


Overfull \hbox (272.35565pt too wide) in paragraph at lines 669--669
[]\OT1/cmtt/m/n/10.95 packing_plan(,1,['16R205:S0001309','16R4472:0004811'],1,[
self],'is 4th; male had phe 17.7 16r','K3514',15,10).[] 
 []


Overfull \hbox (272.35565pt too wide) in paragraph at lines 669--669
[]\OT1/cmtt/m/n/10.95 packing_plan(,1,['16R305:W0001511','16R4473:0004903'],1,[
self],'is 5th; male had phe 17.7 16r','K3514',15,10).[] 
 []


Overfull \hbox (272.35565pt too wide) in paragraph at lines 669--669
[]\OT1/cmtt/m/n/10.95 packing_plan(,1,['16R405:M0003103','16R4474:0005001'],1,[
self],'is 4th; male had phe 17.7 16r','K3514',20,10).[] 
 []


Overfull \hbox (278.10434pt too wide) in paragraph at lines 669--669
[]\OT1/cmtt/m/n/10.95 packing_plan(,1,['16R305:W0000714','16R4475:0005105'],1,[
self],'is 4th; male had phe 17.7 16r','K16306',15,10).[] 
 []


Overfull \hbox (278.10434pt too wide) in paragraph at lines 669--669
[]\OT1/cmtt/m/n/10.95 packing_plan(,1,['16R405:M0003107','16R4476:0005202'],1,[
self],'is 4th; male had phe 17.7 16r','K16306',15,10).[] 
 []


Overfull \hbox (473.55972pt too wide) in paragraph at lines 669--669
[]\OT1/cmtt/m/n/10.95 packing_plan(,1,['16R305:W0001612','16R4477:0005303'],1,[
self],'is 1st in W; dominant mutant in row? contaminant?; phe 17.7 16r','K16306
',15,10).[] 
 []


Overfull \hbox (473.55972pt too wide) in paragraph at lines 669--669
[]\OT1/cmtt/m/n/10.95 packing_plan(,1,['16R305:W0001618','16R4477:0005311'],1,[
self],'is 1st in W; dominant mutant in row? contaminant?; phe 17.7 16r','K16306
',15,10).[] 
 []


Overfull \hbox (473.55972pt too wide) in paragraph at lines 669--669
[]\OT1/cmtt/m/n/10.95 packing_plan(,1,['16R405:M0001704','16R4477:0005305'],1,[
self],'is 1st in M; dominant mutant in row? contaminant?; phe 17.7 16r','K16306
',15,10).[] 
 []


Overfull \hbox (473.55972pt too wide) in paragraph at lines 669--669
[]\OT1/cmtt/m/n/10.95 packing_plan(,1,['16R405:M0001708','16R4477:0005303'],1,[
self],'is 1st in M; dominant mutant in row? contaminant?; phe 17.7 16r','K16306
',15,10).[] 
 []


Overfull \hbox (2255.65292pt too wide) in paragraph at lines 689--689
[]\OT1/cmtt/m/n/10.95 packing_plan(,1,['16R205:S0001112','16R4478:0005404'],1,[
self],'is 3rd; male had phe 17.7 16r; sometimes late developping phenotype; yel
low-green splotchies, earlier in the process of lesion formation; very differen
t from K11903; favored lower leaves in 12r; cross all plants blindly; may be fu
nctionally recessive; excellent light-brown necrotic lesion phenotype 8.1 in 12
n, well before flowering; evidence of small, slight oscillations','K11906',15,1
0).[] 
 []


Overfull \hbox (2364.87799pt too wide) in paragraph at lines 689--689
[]\OT1/cmtt/m/n/10.95 packing_plan(,1,['16R305:W0000702','16R4481:0005706'],1,[
self],'is 3rd; male had phe 17.7 16r and preferred then; sometimes late develop
ping phenotype; yellow-green splotchies, earlier in the process of lesion forma
tion; very different from K11903; favored lower leaves in 12r; cross all plants
 blindly; may be functionally recessive; excellent light-brown necrotic lesion 
phenotype 8.1 in 12n, well before flowering; evidence of small, slight oscillat
ions','K11906',15,10).[] 
 []

[12]
Overfull \hbox (2364.87799pt too wide) in paragraph at lines 689--689
[]\OT1/cmtt/m/n/10.95 packing_plan(,1,['16R405:M0002211','16R4482:0005809'],1,[
self],'is 3rd; male had phe 17.7 16r and preferred then; sometimes late develop
ping phenotype; yellow-green splotchies, earlier in the process of lesion forma
tion; very different from K11903; favored lower leaves in 12r; cross all plants
 blindly; may be functionally recessive; excellent light-brown necrotic lesion 
phenotype 8.1 in 12n, well before flowering; evidence of small, slight oscillat
ions','K11906',15,10).[] 
 []


Overfull \hbox (8.99321pt too wide) in paragraph at lines 693--693
[]\OT1/cmss/bx/n/12 DONE \OT1/cmr/bx/sc/12 %%%%%%%%%%%%%% re-ces-sives to back-
cross,
 []


Overfull \hbox (209.12009pt too wide) in paragraph at lines 707--707
[]\OT1/cmtt/m/n/10.95 packing_plan(,1,['16R4460:0003602','16R4460:0003602'],1,[
check,'S'],'is 3rd selfed','K1702',15,10).[] 
 []


Overfull \hbox (209.12009pt too wide) in paragraph at lines 707--707
[]\OT1/cmtt/m/n/10.95 packing_plan(,1,['16R4460:0003602','16R4460:0003602'],1,[
check,'S'],'is 3rd selfed','K1702',15,10).[] 
 []


Overfull \hbox (209.12009pt too wide) in paragraph at lines 719--719
[]\OT1/cmtt/m/n/10.95 packing_plan(,1,['16R4461:0003713','16R4461:0003713'],1,[
check,'W'],'is 3rd selfed','K3402',15,10).[] 
 []


Overfull \hbox (209.12009pt too wide) in paragraph at lines 719--719
[]\OT1/cmtt/m/n/10.95 packing_plan(,1,['16R4461:0003713','16R4461:0003713'],1,[
check,'W'],'is 3rd selfed','K3402',15,10).[] 
 []


Overfull \hbox (209.12009pt too wide) in paragraph at lines 719--719
[]\OT1/cmtt/m/n/10.95 packing_plan(,1,['16R4462:0003808','16R4462:0003808'],2,[
check,'M'],'is 2nd selfed','K3402',15,10).[] 
 []


Overfull \hbox (209.12009pt too wide) in paragraph at lines 719--719
[]\OT1/cmtt/m/n/10.95 packing_plan(,1,['16R4462:0003808','16R4462:0003808'],2,[
check,'M'],'is 2nd selfed','K3402',15,10).[] 
 []


Overfull \hbox (209.12009pt too wide) in paragraph at lines 731--731
[]\OT1/cmtt/m/n/10.95 packing_plan(,1,['16R4463:0003902','16R4463:0003902'],1,[
check,'W'],'is 3rd selfed','K5302',15,10).[] 
 []


Overfull \hbox (209.12009pt too wide) in paragraph at lines 731--731
[]\OT1/cmtt/m/n/10.95 packing_plan(,1,['16R4463:0003902','16R4463:0003902'],1,[
check,'W'],'is 3rd selfed','K5302',15,10).[] 
 []


Overfull \hbox (209.12009pt too wide) in paragraph at lines 731--731
[]\OT1/cmtt/m/n/10.95 packing_plan(,1,['16R4464:0004010','16R4464:0004010'],1,[
check,'M'],'is 3rd selfed','K5302',15,10).[] 
 []


Overfull \hbox (209.12009pt too wide) in paragraph at lines 731--731
[]\OT1/cmtt/m/n/10.95 packing_plan(,1,['16R4464:0004010','16R4464:0004010'],1,[
check,'M'],'is 3rd selfed','K5302',15,10).[] 
 []


Overfull \hbox (306.84778pt too wide) in paragraph at lines 752--752
[]\OT1/cmtt/m/n/10.95 packing_plan(,1,['16R4484:0006001','16R4484:0006001'],2,[
check,'S'],'is 1st selfed in S; recessive','K68503',15,10).[] 
 []


Overfull \hbox (306.84778pt too wide) in paragraph at lines 752--752
[]\OT1/cmtt/m/n/10.95 packing_plan(,1,['16R4485:0006103','16R4485:0006103'],2,[
check,'W'],'is 1st selfed in W; recessive','K68503',15,10).[] 
 []


Overfull \hbox (306.84778pt too wide) in paragraph at lines 752--752
[]\OT1/cmtt/m/n/10.95 packing_plan(,1,['16R4486:0006204','16R4486:0006204'],2,[
check,'M'],'is 1st selfed in M; recessive','K68503',15,10).[] 
 []


Overfull \hbox (306.84778pt too wide) in paragraph at lines 752--752
[]\OT1/cmtt/m/n/10.95 packing_plan(,1,['16R4487:0006309','16R4487:0006309'],2,[
check,'S'],'is 1st selfed in S; recessive','K68507',15,10).[] 
 []


Overfull \hbox (306.84778pt too wide) in paragraph at lines 752--752
[]\OT1/cmtt/m/n/10.95 packing_plan(,1,['16R4488:0006409','16R4488:0006409'],2,[
check,'W'],'is 1st selfed in W; recessive','K68507',15,10).[] 
 []


Overfull \hbox (306.84778pt too wide) in paragraph at lines 752--752
[]\OT1/cmtt/m/n/10.95 packing_plan(,1,['16R4489:0006503','16R4489:0006503'],2,[
check,'M'],'is 1st selfed in M; recessive','K68507',15,10).[] 
 []


Overfull \hbox (209.12009pt too wide) in paragraph at lines 771--771
[]\OT1/cmtt/m/n/10.95 packing_plan(,1,['16R4465:0004111','16R4465:0004111'],1,[
check,'S'],'is 3rd selfed','K1802',15,10).[] 
 []

[13]
Overfull \hbox (531.0466pt too wide) in paragraph at lines 771--771
[]\OT1/cmtt/m/n/10.95 packing_plan(,1,['16R4466:0004206','16R4466:0004206'],1,[
check,'S'],'is 3rd selfed; check sex organs; 15r had excellent tassel and no ea
r','K16306',15,10).[] 
 []


Overfull \hbox (393.0781pt too wide) in paragraph at lines 771--771
[]\OT1/cmtt/m/n/10.95 packing_plan(,1,['15R4370:0006703','15R4370:0006703'],1,[
check,'S'],'is 3rd selfed; no phe 17.7 16r; repeat of 16r','K1804',15,10).[] 
 []


Overfull \hbox (393.0781pt too wide) in paragraph at lines 771--771
[]\OT1/cmtt/m/n/10.95 packing_plan(,1,['14R205:S0002812','14R4236:0017206'],1,[
check,'S'],'is 3rd selfed; no phe 17.7 16r; repeat of 16r','K1804',15,10).[] 
 []


Overfull \hbox (456.31366pt too wide) in paragraph at lines 771--771
[]\OT1/cmtt/m/n/10.95 packing_plan(,1,['15R4372:0007201','15R4372:0007201'],1,[
check,'M'],'is 3rd selfed; phe 17.7 16r; repeat of 16r for insurance','K3514',1
5,10).[] 
 []


Overfull \hbox (559.79004pt too wide) in paragraph at lines 771--771
[]\OT1/cmtt/m/n/10.95 packing_plan(,1,['15R305:W0000908','15R4373:0007409'],2,[
check,'S','W','M'],'dominant mutant in row? contaminant?; phe 17.7 16r; repeat 
of 16r','K16306',15,10).[] 
 []


Overfull \hbox (70.0487pt too wide) in paragraph at lines 783--783
[]\OT1/cmss/bx/n/12 DONE \OT1/cmr/bx/sc/12 %%%%%%%%%%%%%%%%%%%%%%%%%%%%%%%%
 []


Overfull \hbox (224.94037pt too wide) in paragraph at lines 783--783
\OT1/cmr/bx/sc/12 pri-mary and sec-ondary dom-i-nants bcs, 18 rows %%%%%%%%%%%%
%%%%%%%%%%%%% 
 []


Overfull \hbox (324.09384pt too wide) in paragraph at lines 798--798
[]\OT1/cmtt/m/n/10.95 packing_plan(,1,['16R405:M0002212','16R4496:0009201'],1,[
'M'],'is 3rd; branch rebuild; phe 17.7 in 16r','K0106',15,10).[] 
 []


Overfull \hbox (364.33466pt too wide) in paragraph at lines 813--813
[]\OT1/cmtt/m/n/10.95 packing_plan(,1,['14R305:W0000704','14R4220:0006819'],1,[
'W'],'is 4th; repeat of 15r and 16r; phe 17.7 in 16r','K0202',15,10).[] 
 []


Overfull \hbox (375.83203pt too wide) in paragraph at lines 813--813
[]\OT1/cmtt/m/n/10.95 packing_plan(,1,['16R305:W0001406','16R4498:0009505'],1,[
'W'],'is 3rd; branch rebuild; male had phe 17.7 in 16r','K0207',15,10).[] 
 []


Overfull \hbox (479.30841pt too wide) in paragraph at lines 813--813
[]\OT1/cmtt/m/n/10.95 packing_plan(,1,['16R305:W0002911','16R4499:0009614'],1,[
'W'],'is 3rd; branch rebuild; later phe in 15r; male had phe 17.7 in 16r','K020
7',15,10).[] 
 []


Overfull \hbox (582.78479pt too wide) in paragraph at lines 825--825
[]\OT1/cmtt/m/n/10.95 packing_plan(,1,['13R405:M0002605','13R4148:0019101'],1,[
'M'],'is 5th; repeat 15r and 16r; 13R405:M0002601 had only 3 plants in 16r and 
no phe 17.7','K5515',30,10).[] 
 []


Overfull \hbox (283.85303pt too wide) in paragraph at lines 825--825
[]\OT1/cmtt/m/n/10.95 packing_plan(,1,['16R205:S0002616','16R4445:0009807'],1,[
'S'],'is 5th; male had phe 17.7 in 16r','K5525',15,10).[] 
 []


Overfull \hbox (444.81628pt too wide) in paragraph at lines 825--825
[]\OT1/cmtt/m/n/10.95 packing_plan(,1,['16R305:W0001411','16R4393:0009910'],1,[
'W'],'is 3rd; may be chlorotic; one mutant in 15r; phe 17.7 in 16r','K5525',15,
10).[] 
 []

[14]
Overfull \hbox (950.7008pt too wide) in paragraph at lines 845--845
[]\OT1/cmtt/m/n/10.95 packing_plan(,1,['10R305:W0001502','10R1035:0021906'],1,[
'W'],'is 3rd; no phe 15r; repeat 16r; no phe 17.7 in 16r but several mutants ap
peared later; ancestor of 13R305:W0000803; stalled branch?; pick one of two','K
0509',15,10).[] 
 []


Overfull \hbox (870.21918pt too wide) in paragraph at lines 845--845
[]\OT1/cmtt/m/n/10.95 packing_plan(,1,['10R305:W0001511','10R1035:0021903'],1,[
'W'],'is 3rd; no phe 15r; repeat 16r; no phe 17.7 in 16r but appeared later; al
ternate for 11N305:W0039501; stalled branch?; pick one of two','K0509',15,10).[
] 
 []


Overfull \hbox (858.7218pt too wide) in paragraph at lines 845--845
[]\OT1/cmtt/m/n/10.95 packing_plan(,1,['11N305:W0039501','11N3192:0013810'],1,[
'W'],'is 4th; no phe 15r;  repeat 16r; no phe 17.7 in 16r but appeared later; f
orebear of 13R305:W000080; stalled branch?; pick one of two','K0509',15,10).[] 

 []


Overfull \hbox (801.23492pt too wide) in paragraph at lines 845--845
[]\OT1/cmtt/m/n/10.95 packing_plan(,1,['16R305:W0001607','16R3607:0010403'],1,[
'W'],'is 5th; no phe 15r; no phe 17.7 in 16r but appeared later; alternate for 
11N305:W0039501; stalled branch?; pick one of two','K0509',15,10).[] 
 []


Overfull \hbox (565.53873pt too wide) in paragraph at lines 873--873
[]\OT1/cmtt/m/n/10.95 packing_plan(,1,['16R405:M0002210','16R4392:0010801'],1,[
'M'],'is 5th; phe 17.7 in 16r; forebears had poor germination in 15r and 16r; o
verplant','K2506',30,10).[] 
 []


Overfull \hbox (634.52298pt too wide) in paragraph at lines 892--892
[]\OT1/cmtt/m/n/10.95 packing_plan(,1,['16R205:S0002711','16R4507:0010903'],1,[
'S'],'is 5th; phe 17.7 in 16r; fast; forebear had no ears in 12r; male parent h
ad bad tassel in 14r','K2606',15,10).[] 
 []


Overfull \hbox (525.29791pt too wide) in paragraph at lines 892--892
[]\OT1/cmtt/m/n/10.95 packing_plan(,1,['16R405:M0003314','16R4508:0011011'],1,[
'M'],'is 3rd; phe 17.7 in 16r; may be fast; alternate branch for 15R405:M000390
9','K2606',15,10).[] 
 []


Overfull \hbox (692.00986pt too wide) in paragraph at lines 892--892
[]\OT1/cmtt/m/n/10.95 packing_plan(,1,['15R405:M0003909','15R4398:0013904'],1,[
'M'],'is 3rd; phe 17.7 in 16r; repeat 16r; may be fast; tassel looked sterile i
n 15r, but this is the progeny','K2606',15,10).[] 
 []


Overfull \hbox (824.22968pt too wide) in paragraph at lines 909--909
[]\OT1/cmtt/m/n/10.95 packing_plan(,1,['16R205:S0000613','16R4513:0011501'],1,[
'S'],'is 4th; clear phe 15r; phe 17.7 in 16r; alternate branch for 12R205:S0002
216; given metabolic effects, cut out most wild-types','K1001',20,10).[] 
 []


Overfull \hbox (1117.41275pt too wide) in paragraph at lines 909--909
[]\OT1/cmtt/m/n/10.95 packing_plan(,1,['16R205:S0000602','16R4007:0011605'],1,[
'S'],'is 5th; finally got this far; clear phe 15r; phe 17.7 in 16r; a few ok ta
ssels in 14r; check osc; missed in 12n; phenotype poor; given metabolic effects
, cut out most wild-types','K1001',20,10).[] 
 []


Overfull \hbox (1048.4285pt too wide) in paragraph at lines 909--909
[]\OT1/cmtt/m/n/10.95 packing_plan(,1,['12R205:S0002217','12R3454:0028708'],1,[
'S'],'is 3rd; repeat of 13r, 14r, 15r; phe 17.7 in 16r; good ears and tassels o
n some plants in 14r; modifier jump in 12n; given metabolic effects, cut out mo
st wild-types','K2711',20,10).[] 
 []


Overfull \hbox (1197.89438pt too wide) in paragraph at lines 909--909
[]\OT1/cmtt/m/n/10.95 packing_plan(,1,['16R205:S0000604','16R4011:0011703'],1,[
'S'],'is 4th; check phenotype against 12R205:S0002217 carefully; phe 17.7 in 16
r; good ears and tassels on some plants in 14r; modifier jump in 12n; given met
abolic effects, cut out most wild-types','K2711',20,10).[] 
 []


Overfull \hbox (157.3819pt too wide) in paragraph at lines 922--922
[]\OT1/cmtt/m/n/10.95 packing_plan(,1,['16R305:W0001502','16R4514:0011806'],1,[
'W','M'],'is 4th','K1109',15,10).[] 
 []


Overfull \hbox (283.85303pt too wide) in paragraph at lines 922--922
[]\OT1/cmtt/m/n/10.95 packing_plan(,1,['16R405:M0002103','16R4516:0012007'],1,[
'M'],'is 3rd; male had phe 17.7 in 16r','K2805',15,10).[] 
 []

[15]
Overfull \hbox (364.33466pt too wide) in paragraph at lines 938--938
[]\OT1/cmtt/m/n/10.95 packing_plan(,1,['15R405:M0001310','15R4401:0014902'],1,[
'M'],'is 5th; repeat 16r; phe 17.7 in 16r; overplant','K3206',30,10).[] 
 []


Overfull \hbox (467.81104pt too wide) in paragraph at lines 981--981
[]\OT1/cmtt/m/n/10.95 packing_plan(,1,['15R205:S0002306','15R4403:0015507'],1,[
'S'],'is 3rd; repeat 16r; overplant; no phe 17.7 in 16r; only 2 plants','K7110'
,30,10).[] 
 []


Overfull \hbox (283.85303pt too wide) in paragraph at lines 981--981
[]\OT1/cmtt/m/n/10.95 packing_plan(,1,['16R305:W0003012','16R4526:0013504'],1,[
'W'],'is 3rd; male had phe 17.7 in 16r','K7110',30,10).[] 
 []


Overfull \hbox (387.3294pt too wide) in paragraph at lines 981--981
[]\OT1/cmtt/m/n/10.95 packing_plan(,1,['16R305:W0003016','16R4528:0013704'],1,[
'W'],'is 4th; male had phe 17.7 in 16r; preferred in 16r','K7110',30,10).[] 
 []


Overfull \hbox (456.31366pt too wide) in paragraph at lines 981--981
[]\OT1/cmtt/m/n/10.95 packing_plan(,1,['15R305:W0002904','15R3654:0016401'],1,[
'W'],'is 5th; repeat 16r; overplant; no phe 17.7 in 16r, 0/12 plants','K7110',3
0,10).[] 
 []


Overfull \hbox (439.0676pt too wide) in paragraph at lines 981--981
[]\OT1/cmtt/m/n/10.95 packing_plan(,1,['16R405:M0003204','16R4531:0014008'],1,[
'M'],'is 4th; no phe 17.7 in 16r but appeared later in 4/8 plants','K7110',30,1
0).[] 
 []


Overfull \hbox (439.0676pt too wide) in paragraph at lines 981--981
[]\OT1/cmtt/m/n/10.95 packing_plan(,1,['16R405:M0002004','16R4532:0014101'],1,[
'M'],'is 5th; no phe 17.7 in 16r but appeared later in 5/6 plants','K7110',30,1
0).[] 
 []


Overfull \hbox (456.31366pt too wide) in paragraph at lines 981--981
[]\OT1/cmtt/m/n/10.95 packing_plan(,1,['16R205:S0002715','16R4519:0012802'],2,[
'S','M'],'is 2nd; recreated from martys; alternate; phe 17.7 in 16r','K68602',3
0,10).[] 
 []


Overfull \hbox (456.31366pt too wide) in paragraph at lines 981--981
[]\OT1/cmtt/m/n/10.95 packing_plan(,1,['16R305:W0003006','16R4520:0012908'],2,[
'W','M'],'is 2nd; recreated from martys; alternate; phe 17.7 in 16r','K68602',3
0,10).[] 
 []


Overfull \hbox (462.06235pt too wide) in paragraph at lines 981--981
[]\OT1/cmtt/m/n/10.95 packing_plan(,1,['15R0686:0000000','15R0686:0000000'],2,[
'M'],'is 1st; forebear of 15R405:M0003411, which had no phe 17.7 16r','K68602',
30,10).[] 
 []


Overfull \hbox (439.0676pt too wide) in paragraph at lines 981--981
[]\OT1/cmtt/m/n/10.95 packing_plan(,1,['15R205:S0002411','15R0686:0015307'],2,[
'S'],'is 1st; repeat 16r; recreated from martys; phe 17.7 in 16r','K68607',30,1
0).[] 
 []


Overfull \hbox (370.08334pt too wide) in paragraph at lines 981--981
[]\OT1/cmtt/m/n/10.95 packing_plan(,1,['16R305:W0001416','16R4523:0013207'],2,[
'W'],'is 2nd; recreated from martys; phe 17.7 in 16r','K68607',30,10).[] 
 []


Overfull \hbox (439.0676pt too wide) in paragraph at lines 981--981
[]\OT1/cmtt/m/n/10.95 packing_plan(,1,['15R405:M0001601','15R0686:0015307'],2,[
'M'],'is 1st; repeat 16r; recreated from martys; phe 17.7 in 16r','K68607',30,1
0).[] 
 []


Overfull \hbox (600.03085pt too wide) in paragraph at lines 991--991
[]\OT1/cmtt/m/n/10.95 packing_plan(,1,['14R405:M0001610','14R4048:0026106'],1,[
'M'],'is 4th; repeat 15r and 16r; phe 17.7 in 16r; overplant; check osc; stems 
may be brittle','K3311',30,10).[] 
 []


Overfull \hbox (116.4579pt too wide) in paragraph at lines 996--996
[]\OT1/cmss/bx/n/14.4 DONE \OT1/cmr/bx/n/14.4 %%%%%%%%%%%%%%%%%%%%%%%%%%%%%%
 []


Overfull \hbox (125.01443pt too wide) in paragraph at lines 996--996
\OT1/cmr/bx/n/14.4 Balint-Kurti new mu-tants, 16 rows %%%%%%%%%%%%%%%% 
 []


Overfull \hbox (163.13058pt too wide) in paragraph at lines 1051--1051
[]\OT1/cmtt/m/n/10.95 packing_plan(,1,['15R205:S0002104','15R0667:0021107'],2,[
'S','W'],'is 1st','K66707',15,10).[] 
 []

[16]
Overfull \hbox (163.13058pt too wide) in paragraph at lines 1051--1051
[]\OT1/cmtt/m/n/10.95 packing_plan(,1,['15R405:M0003601','15R0667:0021107'],2,[
'W','M'],'is 1st','K66707',15,10).[] 
 []


Overfull \hbox (163.13058pt too wide) in paragraph at lines 1051--1051
[]\OT1/cmtt/m/n/10.95 packing_plan(,1,['15R205:S0002310','15R0668:0021201'],2,[
'S','W'],'is 1st','K66801',15,10).[] 
 []


Overfull \hbox (163.13058pt too wide) in paragraph at lines 1051--1051
[]\OT1/cmtt/m/n/10.95 packing_plan(,1,['15R405:M0003501','15R0668:0021201'],2,[
'W','M'],'is 1st','K66801',15,10).[] 
 []


Overfull \hbox (140.13583pt too wide) in paragraph at lines 1051--1051
[]\OT1/cmtt/m/n/10.95 packing_plan(,1,['15R205:S0002601','15R0669:0021307'],2,[
'S'],'is 1st','K66907',15,10).[] 
 []


Overfull \hbox (140.13583pt too wide) in paragraph at lines 1051--1051
[]\OT1/cmtt/m/n/10.95 packing_plan(,1,['15R305:W0002804','15R0669:0021307'],2,[
'W'],'is 1st','K66907',15,10).[] 
 []


Overfull \hbox (140.13583pt too wide) in paragraph at lines 1051--1051
[]\OT1/cmtt/m/n/10.95 packing_plan(,1,['15R405:M0003407','15R0669:0021307'],2,[
'M'],'is 1st','K66907',15,10).[] 
 []


Overfull \hbox (186.12534pt too wide) in paragraph at lines 1051--1051
[]\OT1/cmtt/m/n/10.95 packing_plan(,1,['15R205:S0002511','15R0669:0021311'],2,[
'S','W','M'],'is 1st','K66911',15,10).[] 
 []


Overfull \hbox (140.13583pt too wide) in paragraph at lines 1051--1051
[]\OT1/cmtt/m/n/10.95 packing_plan(,1,['15R205:S0002403','15R0670:0021405'],2,[
'S'],'is 1st','K67005',15,10).[] 
 []


Overfull \hbox (140.13583pt too wide) in paragraph at lines 1051--1051
[]\OT1/cmtt/m/n/10.95 packing_plan(,1,['15R305:W0002905','15R0670:0021405'],2,[
'W'],'is 1st','K67005',15,10).[] 
 []


Overfull \hbox (140.13583pt too wide) in paragraph at lines 1051--1051
[]\OT1/cmtt/m/n/10.95 packing_plan(,1,['15R405:M0003408','15R0670:0021405'],2,[
'M'],'is 1st','K67005',15,10).[] 
 []


Overfull \hbox (163.13058pt too wide) in paragraph at lines 1051--1051
[]\OT1/cmtt/m/n/10.95 packing_plan(,1,['15R205:S0002404','15R0671:0021502'],2,[
'S','W'],'is 1st','K67102',15,10).[] 
 []


Overfull \hbox (163.13058pt too wide) in paragraph at lines 1051--1051
[]\OT1/cmtt/m/n/10.95 packing_plan(,1,['15R405:M0003403','15R0671:0021502'],2,[
'W','M'],'is 1st','K67102',15,10).[] 
 []


Overfull \hbox (163.13058pt too wide) in paragraph at lines 1051--1051
[]\OT1/cmtt/m/n/10.95 packing_plan(,1,['15R205:S0002408','15R0672:0021608'],2,[
'S','W'],'is 1st','K67208',15,10).[] 
 []


Overfull \hbox (163.13058pt too wide) in paragraph at lines 1051--1051
[]\OT1/cmtt/m/n/10.95 packing_plan(,1,['15R405:M0003504','15R0672:0021608'],2,[
'W','M'],'is 1st','K67208',15,10).[] 
 []


Overfull \hbox (163.13058pt too wide) in paragraph at lines 1051--1051
[]\OT1/cmtt/m/n/10.95 packing_plan(,1,['15R205:S0002206','15R0673:0021705'],2,[
'S','W'],'is 1st','K67305',15,10).[] 
 []


Overfull \hbox (163.13058pt too wide) in paragraph at lines 1051--1051
[]\OT1/cmtt/m/n/10.95 packing_plan(,1,['15R405:M0003618','15R0673:0021705'],2,[
'W','M'],'is 1st','K67305',15,10).[] 
 []


Overfull \hbox (186.12534pt too wide) in paragraph at lines 1051--1051
[]\OT1/cmtt/m/n/10.95 packing_plan(,1,['15R405:M0003717','15R0674:0021810'],2,[
'S','W','M'],'is 1st','K67410',15,10).[] 
 []


Overfull \hbox (186.12534pt too wide) in paragraph at lines 1051--1051
[]\OT1/cmtt/m/n/10.95 packing_plan(,1,['15R405:M0003502','15R0675:0021910'],2,[
'S','W','M'],'is 1st','K67510',15,10).[] 
 []


Overfull \hbox (163.13058pt too wide) in paragraph at lines 1051--1051
[]\OT1/cmtt/m/n/10.95 packing_plan(,1,['15R205:S0002309','15R0676:0022002'],2,[
'S','W'],'is 1st','K67602',15,10).[] 
 []


Overfull \hbox (163.13058pt too wide) in paragraph at lines 1051--1051
[]\OT1/cmtt/m/n/10.95 packing_plan(,1,['15R405:M0003303','15R0676:0022002'],2,[
'W','M'],'is 1st','K67602',15,10).[] 
 []


Overfull \hbox (163.13058pt too wide) in paragraph at lines 1051--1051
[]\OT1/cmtt/m/n/10.95 packing_plan(,1,['15R205:S0002401','15R0677:0022110'],2,[
'S','W'],'is 1st','K67710',15,10).[] 
 []


Overfull \hbox (163.13058pt too wide) in paragraph at lines 1051--1051
[]\OT1/cmtt/m/n/10.95 packing_plan(,1,['15R405:M0003611','15R0677:0022110'],2,[
'W','M'],'is 1st','K67710',15,10).[] 
 []


Overfull \hbox (186.12534pt too wide) in paragraph at lines 1051--1051
[]\OT1/cmtt/m/n/10.95 packing_plan(,1,['15R405:M0003711','15R0678:0022212'],2,[
'S','W','M'],'is 1st','K67812',15,10).[] 
 []

[17]
Overfull \hbox (163.13058pt too wide) in paragraph at lines 1051--1051
[]\OT1/cmtt/m/n/10.95 packing_plan(,1,['15R205:S0002208','15R0679:0022304'],2,[
'S','W'],'is 1st','K67904',15,10).[] 
 []


Overfull \hbox (163.13058pt too wide) in paragraph at lines 1051--1051
[]\OT1/cmtt/m/n/10.95 packing_plan(,1,['15R405:M0003807','15R0679:0022304'],2,[
'W','M'],'is 1st','K67904',15,10).[] 
 []


Overfull \hbox (163.13058pt too wide) in paragraph at lines 1051--1051
[]\OT1/cmtt/m/n/10.95 packing_plan(,1,['15R205:S0002410','15R0680:0022411'],2,[
'S','W'],'is 1st','K68011',15,10).[] 
 []


Overfull \hbox (163.13058pt too wide) in paragraph at lines 1051--1051
[]\OT1/cmtt/m/n/10.95 packing_plan(,1,['15R405:M0003613','15R0680:0022411'],2,[
'W','M'],'is 1st','K68011',15,10).[] 
 []


Overfull \hbox (186.12534pt too wide) in paragraph at lines 1051--1051
[]\OT1/cmtt/m/n/10.95 packing_plan(,1,['15R405:M0001213','15R0681:0022505'],2,[
'S','W','M'],'is 1st','K68105',15,10).[] 
 []


Overfull \hbox (186.12534pt too wide) in paragraph at lines 1051--1051
[]\OT1/cmtt/m/n/10.95 packing_plan(,1,['15R405:M0001305','15R0682:0022603'],2,[
'S','W','M'],'is 1st','K68203',15,10).[] 
 []


Overfull \hbox (186.12534pt too wide) in paragraph at lines 1051--1051
[]\OT1/cmtt/m/n/10.95 packing_plan(,1,['15R405:M0001618','15R0683:0022701'],2,[
'S','W','M'],'is 1st','K68301',15,10).[] 
 []


Overfull \hbox (186.12534pt too wide) in paragraph at lines 1051--1051
[]\OT1/cmtt/m/n/10.95 packing_plan(,1,['15R405:M0001904','15R0684:0022802'],2,[
'S','W','M'],'is 1st','K68402',15,10).[] 
 []


Overfull \hbox (116.4579pt too wide) in paragraph at lines 1056--1056
[]\OT1/cmss/bx/n/14.4 DONE \OT1/cmr/bx/n/14.4 %%%%%%%%%%%%%%%%%%%%%%%%%%%%%%
 []


Overfull \hbox (129.80612pt too wide) in paragraph at lines 1056--1056
\OT1/cmr/bx/n/14.4 Gard-ner dou-bled hap-loids, 6.5 rows %%%%%%%%%%%%%%%% 
 []


Overfull \hbox (571.28741pt too wide) in paragraph at lines 1071--1071
[]\OT1/cmtt/m/n/10.95 packing_plan(,1,['16R205:S0002604','16R0687:0014708'],2,[
check,'S','W','M'],'is 1st; may need to self; Gardner landrace doubled haploid;
 lesions','K68708',15,10).[] 
 []


Overfull \hbox (387.3294pt too wide) in paragraph at lines 1071--1071
[]\OT1/cmtt/m/n/10.95 packing_plan(,1,['16R0688:0014805','16R0688:0014805'],2,[
'S','W','M'],'Gardner landrace doubled haploid; lesions','K68805',15,10).[] 
 []


Overfull \hbox (387.3294pt too wide) in paragraph at lines 1071--1071
[]\OT1/cmtt/m/n/10.95 packing_plan(,1,['16R0689:0014903','16R0689:0014903'],2,[
'S','W','M'],'Gardner landrace doubled haploid; lesions','K68903',15,10).[] 
 []


Overfull \hbox (456.31366pt too wide) in paragraph at lines 1071--1071
[]\OT1/cmtt/m/n/10.95 packing_plan(,1,['16R0690:0000000','16R0690:0000000'],2,[
'S','W','M'],'repeat 16r; Gardner landrace doubled haploid; lesions','K69000',1
5,10).[] 
 []


Overfull \hbox (548.29266pt too wide) in paragraph at lines 1071--1071
[]\OT1/cmtt/m/n/10.95 packing_plan(,1,['16R205:S0000603','16R0691:0015106'],2,[
check,'S','M'],'is 1st; may need to self; Gardner landrace doubled haploid; les
ions','K69106',15,10).[] 
 []


Overfull \hbox (548.29266pt too wide) in paragraph at lines 1071--1071
[]\OT1/cmtt/m/n/10.95 packing_plan(,1,['16R305:W0000711','16R0691:0015106'],2,[
check,'W','M'],'is 1st; may need to self; Gardner landrace doubled haploid; les
ions','K69106',15,10).[] 
 []


Overfull \hbox (571.28741pt too wide) in paragraph at lines 1071--1071
[]\OT1/cmtt/m/n/10.95 packing_plan(,1,['16R205:S0002607','16R0693:0015303'],2,[
check,'S','W','M'],'is 1st may need to self;; Gardner landrace doubled haploid;
 lesions','K69300',15,10).[] 
 []


Overfull \hbox (456.31366pt too wide) in paragraph at lines 1071--1071
[]\OT1/cmtt/m/n/10.95 packing_plan(,1,['16R0694:0000000','16R0694:0000000'],2,[
'S','W','M'],'repeat 16r; Gardner landrace doubled haploid; lesions','K69400',1
5,10).[] 
 []


Overfull \hbox (571.28741pt too wide) in paragraph at lines 1071--1071
[]\OT1/cmtt/m/n/10.95 packing_plan(,1,['16R205:S0001111','16R0698:0015802'],2,[
check,'S','W','M'],'is 1st; may need to self; Gardner landrace doubled haploid;
 lesions','K69800',15,10).[] 
 []


Overfull \hbox (456.31366pt too wide) in paragraph at lines 1071--1071
[]\OT1/cmtt/m/n/10.95 packing_plan(,1,['16R0700:0000000','16R0700:0000000'],2,[
'S','W','M'],'repeat 16r; Gardner landrace doubled haploid; lesions','K70000',1
5,10).[] 
 []


Overfull \hbox (605.77954pt too wide) in paragraph at lines 1071--1071
[]\OT1/cmtt/m/n/10.95 packing_plan(,1,['16R0701:0000000','16R0701:0000000'],2,[
'S','W','M'],'repeat 16r; Gardner landrace doubled haploid; lesions; poor germi
nation; repeat','K70100',15,10).[] 
 []


Overfull \hbox (116.4579pt too wide) in paragraph at lines 1074--1074
[]\OT1/cmss/bx/n/14.4 DONE \OT1/cmr/bx/n/14.4 %%%%%%%%%%%%%%%%%%%%%%%%%%%%%%
 []


Overfull \hbox (157.3661pt too wide) in paragraph at lines 1074--1074
\OT1/cmr/bx/n/14.4 fun corn %%%%%%%%%%%%%%%%%%%%%%%%%%%%%%%% 
 []

[18] (./packing_plan.aux)

LaTeX Font Warning: Some font shapes were not available, defaults substituted.


LaTeX Warning: Label(s) may have changed. Rerun to get cross-references right.

 ) 
Here is how much of TeX's memory you used:
 316 strings out of 493054
 3579 string characters out of 6134759
 61372 words of memory out of 5000000
 3909 multiletter control sequences out of 15000+600000
 10220 words of font info for 36 fonts, out of 8000000 for 9000
 1141 hyphenation exceptions out of 8191
 21i,6n,19p,489b,243s stack positions out of 5000i,500n,10000p,200000b,80000s
</usr/local/texlive/2015/texmf-dist/fonts/type1/public/amsfonts/cm/cmbx10.pfb
></usr/local/texlive/2015/texmf-dist/fonts/type1/public/amsfonts/cm/cmbx12.pfb>
</usr/local/texlive/2015/texmf-dist/fonts/type1/public/amsfonts/cm/cmbxti10.pfb
></usr/local/texlive/2015/texmf-dist/fonts/type1/public/amsfonts/cm/cmmi8.pfb><
/usr/local/texlive/2015/texmf-dist/fonts/type1/public/amsfonts/cm/cmr10.pfb></u
sr/local/texlive/2015/texmf-dist/fonts/type1/public/amsfonts/cm/cmr12.pfb></usr
/local/texlive/2015/texmf-dist/fonts/type1/public/amsfonts/cm/cmr17.pfb></usr/l
ocal/texlive/2015/texmf-dist/fonts/type1/public/amsfonts/cm/cmssbx10.pfb></usr/
local/texlive/2015/texmf-dist/fonts/type1/public/amsfonts/cm/cmsy10.pfb></usr/l
ocal/texlive/2015/texmf-dist/fonts/type1/public/amsfonts/cm/cmtt10.pfb>
Output written on packing_plan.pdf (18 pages, 148025 bytes).
PDF statistics:
 102 PDF objects out of 1000 (max. 8388607)
 71 compressed objects within 1 object stream
 0 named destinations out of 1000 (max. 500000)
 1 words of extra memory for PDF output out of 10000 (max. 10000000)

